#-----------------------------------------------------------
# Vivado v2018.3 (64-bit)
# SW Build 2405991 on Thu Dec  6 23:38:27 MST 2018
# IP Build 2404404 on Fri Dec  7 01:43:56 MST 2018
# Start of session at: Sun Jan 19 14:38:00 2020
# Process ID: 8212
# Current directory: E:/25_ov7725_hdmi_sobel
# Command line: vivado.exe -gui_launcher_event rodinguilauncherevent8280 E:\25_ov7725_hdmi_sobel\ov7725_hdmi_sobel.xpr
# Log file: E:/25_ov7725_hdmi_sobel/vivado.log
# Journal file: E:/25_ov7725_hdmi_sobel\vivado.jou
#-----------------------------------------------------------
start_gui
open_project E:/25_ov7725_hdmi_sobel/ov7725_hdmi_sobel.xpr
Scanning sources...
Finished scanning sources
INFO: [IP_Flow 19-234] Refreshing IP repositories
INFO: [IP_Flow 19-1700] Loaded user IP repository 'e:/25_ov7725_hdmi_sobel/ip_repo'.
INFO: [IP_Flow 19-2313] Loaded Vivado IP repository 'C:/Xilinx/Vivado/2018.3/data/ip'.
open_project: Time (s): cpu = 00:00:15 ; elapsed = 00:00:08 . Memory (MB): peak = 769.465 ; gain = 146.398
update_compile_order -fileset sources_1
generate_target all [get_files  E:/25_ov7725_hdmi_sobel/ov7725_hdmi_sobel.srcs/sources_1/bd/design_1/design_1.bd]
WARNING: [BD 41-1731] Type mismatch between connected pins: /axi_dynclk_0/LOCKED_O(undef) and /DVI_Transmitter_0/reset_n(rst)
WARNING: [BD 41-1731] Type mismatch between connected pins: /axi_dynclk_0/LOCKED_O(undef) and /ov7725_capture_data_1/rst_n(rst)
WARNING: [BD 41-1731] Type mismatch between connected pins: /axi_dynclk_0/LOCKED_O(undef) and /obel_edge_detector_0/rst_n(rst)
WARNING: [BD 41-1731] Type mismatch between connected pins: /obel_edge_detector_0/post_frame_clken(undef) and /v_vid_in_axi4s_0/vid_io_in_ce(ce)
INFO: [BD 41-1662] The design 'design_1.bd' is already validated. Therefore parameter propagation will not be re-run.
VHDL Output written to : E:/25_ov7725_hdmi_sobel/ov7725_hdmi_sobel.srcs/sources_1/bd/design_1/synth/design_1.v
VHDL Output written to : E:/25_ov7725_hdmi_sobel/ov7725_hdmi_sobel.srcs/sources_1/bd/design_1/sim/design_1.v
VHDL Output written to : E:/25_ov7725_hdmi_sobel/ov7725_hdmi_sobel.srcs/sources_1/bd/design_1/hdl/design_1_wrapper.v
INFO: [BD 41-1029] Generation completed for the IP Integrator block processing_system7_0 .
INFO: [BD 41-1029] Generation completed for the IP Integrator block axi_vdma_0 .
INFO: [BD 41-1029] Generation completed for the IP Integrator block v_vid_in_axi4s_0 .
INFO: [BD 41-1029] Generation completed for the IP Integrator block v_axi4s_vid_out_0 .
INFO: [BD 41-1029] Generation completed for the IP Integrator block v_tc_0 .
INFO: [BD 41-1029] Generation completed for the IP Integrator block axi_dynclk_0 .
Exporting to file e:/25_ov7725_hdmi_sobel/ov7725_hdmi_sobel.srcs/sources_1/bd/design_1/ip/design_1_axi_smc_0/bd_0/hw_handoff/design_1_axi_smc_0.hwh
Generated Block Design Tcl file e:/25_ov7725_hdmi_sobel/ov7725_hdmi_sobel.srcs/sources_1/bd/design_1/ip/design_1_axi_smc_0/bd_0/hw_handoff/design_1_axi_smc_0_bd.tcl
Generated Hardware Definition File e:/25_ov7725_hdmi_sobel/ov7725_hdmi_sobel.srcs/sources_1/bd/design_1/ip/design_1_axi_smc_0/bd_0/synth/design_1_axi_smc_0.hwdef
INFO: [BD 41-1029] Generation completed for the IP Integrator block axi_smc .
INFO: [BD 41-1029] Generation completed for the IP Integrator block rst_ps7_0_100M .
INFO: [BD 41-1029] Generation completed for the IP Integrator block DVI_Transmitter_0 .
INFO: [BD 41-1029] Generation completed for the IP Integrator block ov7725_capture_data_1 .
INFO: [BD 41-1029] Generation completed for the IP Integrator block ps7_0_axi_periph/xbar .
WARNING: [IP_Flow 19-4994] Overwriting existing constraint file 'e:/25_ov7725_hdmi_sobel/ov7725_hdmi_sobel.srcs/sources_1/bd/design_1/ip/design_1_auto_pc_0/design_1_auto_pc_0_ooc.xdc'
INFO: [BD 41-1029] Generation completed for the IP Integrator block ps7_0_axi_periph/s00_couplers/auto_pc .
INFO: [Device 21-403] Loading part xc7z020clg400-2
INFO: [BD 41-1029] Generation completed for the IP Integrator block obel_edge_detector_0 .
Exporting to file E:/25_ov7725_hdmi_sobel/ov7725_hdmi_sobel.srcs/sources_1/bd/design_1/hw_handoff/design_1.hwh
Generated Block Design Tcl file E:/25_ov7725_hdmi_sobel/ov7725_hdmi_sobel.srcs/sources_1/bd/design_1/hw_handoff/design_1_bd.tcl
Generated Hardware Definition File E:/25_ov7725_hdmi_sobel/ov7725_hdmi_sobel.srcs/sources_1/bd/design_1/synth/design_1.hwdef
generate_target: Time (s): cpu = 00:00:18 ; elapsed = 00:00:17 . Memory (MB): peak = 2405.094 ; gain = 177.887
catch { config_ip_cache -export [get_ips -all design_1_auto_pc_0] }
INFO: [IP_Flow 19-4993] Using cached IP synthesis design for IP design_1_auto_pc_0, cache-ID = aa7367fc6e3ee86d; cache size = 3.999 MB.
catch { config_ip_cache -export [get_ips -all design_1_obel_edge_detector_0_1] }
INFO: [IP_Flow 19-4993] Using cached IP synthesis design for IP design_1_obel_edge_detector_0_1, cache-ID = fe20602019902aa1; cache size = 3.999 MB.
export_ip_user_files -of_objects [get_files E:/25_ov7725_hdmi_sobel/ov7725_hdmi_sobel.srcs/sources_1/bd/design_1/design_1.bd] -no_script -sync -force -quiet
create_ip_run [get_files -of_objects [get_fileset sources_1] E:/25_ov7725_hdmi_sobel/ov7725_hdmi_sobel.srcs/sources_1/bd/design_1/design_1.bd]
export_simulation -of_objects [get_files E:/25_ov7725_hdmi_sobel/ov7725_hdmi_sobel.srcs/sources_1/bd/design_1/design_1.bd] -directory E:/25_ov7725_hdmi_sobel/ov7725_hdmi_sobel.ip_user_files/sim_scripts -ip_user_files_dir E:/25_ov7725_hdmi_sobel/ov7725_hdmi_sobel.ip_user_files -ipstatic_source_dir E:/25_ov7725_hdmi_sobel/ov7725_hdmi_sobel.ip_user_files/ipstatic -lib_map_path [list {modelsim=E:/25_ov7725_hdmi_sobel/ov7725_hdmi_sobel.cache/compile_simlib/modelsim} {questa=E:/25_ov7725_hdmi_sobel/ov7725_hdmi_sobel.cache/compile_simlib/questa} {riviera=E:/25_ov7725_hdmi_sobel/ov7725_hdmi_sobel.cache/compile_simlib/riviera} {activehdl=E:/25_ov7725_hdmi_sobel/ov7725_hdmi_sobel.cache/compile_simlib/activehdl}] -use_ip_compiled_libs -force -quiet
make_wrapper -files [get_files E:/25_ov7725_hdmi_sobel/ov7725_hdmi_sobel.srcs/sources_1/bd/design_1/design_1.bd] -top
reset_run synth_1
launch_runs impl_1 -to_step write_bitstream -jobs 4
[Sun Jan 19 14:39:42 2020] Launched synth_1...
Run output will be captured here: E:/25_ov7725_hdmi_sobel/ov7725_hdmi_sobel.runs/synth_1/runme.log
[Sun Jan 19 14:39:42 2020] Launched impl_1...
Run output will be captured here: E:/25_ov7725_hdmi_sobel/ov7725_hdmi_sobel.runs/impl_1/runme.log
file mkdir E:/25_ov7725_hdmi_sobel/ov7725_hdmi_sobel.sdk
file copy -force E:/25_ov7725_hdmi_sobel/ov7725_hdmi_sobel.runs/impl_1/design_1_wrapper.sysdef E:/25_ov7725_hdmi_sobel/ov7725_hdmi_sobel.sdk/design_1_wrapper.hdf

launch_sdk -workspace E:/25_ov7725_hdmi_sobel/ov7725_hdmi_sobel.sdk -hwspec E:/25_ov7725_hdmi_sobel/ov7725_hdmi_sobel.sdk/design_1_wrapper.hdf
INFO: [Vivado 12-393] Launching SDK...
INFO: [Vivado 12-417] Running xsdk -workspace E:/25_ov7725_hdmi_sobel/ov7725_hdmi_sobel.sdk -hwspec E:/25_ov7725_hdmi_sobel/ov7725_hdmi_sobel.sdk/design_1_wrapper.hdf
INFO: [Vivado 12-3157] SDK launch initiated. Please check console for any further messages.
exit
INFO: [Common 17-206] Exiting Vivado at Sun Jan 19 14:49:05 2020...
