
*** Running vivado
    with args -log demo_sg_c_counter_binary_v12_0_i0.vds -m64 -product Vivado -mode batch -messageDb vivado.pb -notrace -source demo_sg_c_counter_binary_v12_0_i0.tcl


****** Vivado v2017.4 (64-bit)
  **** SW Build 2086221 on Fri Dec 15 20:55:39 MST 2017
  **** IP Build 2085800 on Fri Dec 15 22:25:07 MST 2017
    ** Copyright 1986-2017 Xilinx, Inc. All Rights Reserved.

source demo_sg_c_counter_binary_v12_0_i0.tcl -notrace
Command: synth_design -top demo_sg_c_counter_binary_v12_0_i0 -part xc7z020clg400-2 -mode out_of_context
Starting synth_design
Attempting to get a license for feature 'Synthesis' and/or device 'xc7z020'
INFO: [Common 17-349] Got license for feature 'Synthesis' and/or device 'xc7z020'
INFO: Launching helper process for spawning children vivado processes
INFO: Helper process launched with PID 16200 
---------------------------------------------------------------------------------
Starting RTL Elaboration : Time (s): cpu = 00:00:08 ; elapsed = 00:00:08 . Memory (MB): peak = 404.938 ; gain = 100.777
---------------------------------------------------------------------------------
INFO: [Synth 8-638] synthesizing module 'demo_sg_c_counter_binary_v12_0_i0' [e:/Bilibili_FPGA/N2_Project/VIVADO/demo_v1/hdl_netlist/demo_sg.srcs/sources_1/ip/demo_sg_c_counter_binary_v12_0_i0/synth/demo_sg_c_counter_binary_v12_0_i0.vhd:68]
	Parameter C_IMPLEMENTATION bound to: 0 - type: integer 
	Parameter C_VERBOSITY bound to: 0 - type: integer 
	Parameter C_XDEVICEFAMILY bound to: zynq - type: string 
	Parameter C_WIDTH bound to: 10 - type: integer 
	Parameter C_HAS_CE bound to: 1 - type: integer 
	Parameter C_HAS_SCLR bound to: 0 - type: integer 
	Parameter C_RESTRICT_COUNT bound to: 0 - type: integer 
	Parameter C_COUNT_TO bound to: 1 - type: string 
	Parameter C_COUNT_BY bound to: 1 - type: string 
	Parameter C_COUNT_MODE bound to: 0 - type: integer 
	Parameter C_THRESH0_VALUE bound to: 1 - type: string 
	Parameter C_CE_OVERRIDES_SYNC bound to: 0 - type: integer 
	Parameter C_HAS_THRESH0 bound to: 0 - type: integer 
	Parameter C_HAS_LOAD bound to: 0 - type: integer 
	Parameter C_LOAD_LOW bound to: 0 - type: integer 
	Parameter C_LATENCY bound to: 1 - type: integer 
	Parameter C_FB_LATENCY bound to: 0 - type: integer 
	Parameter C_AINIT_VAL bound to: 0 - type: string 
	Parameter C_SINIT_VAL bound to: 0 - type: string 
	Parameter C_SCLR_OVERRIDES_SSET bound to: 1 - type: integer 
	Parameter C_HAS_SSET bound to: 0 - type: integer 
	Parameter C_HAS_SINIT bound to: 1 - type: integer 
INFO: [Synth 8-3491] module 'c_counter_binary_v12_0_11' declared at 'e:/Bilibili_FPGA/N2_Project/VIVADO/demo_v1/hdl_netlist/demo_sg.srcs/sources_1/ip/demo_sg_c_counter_binary_v12_0_i0/hdl/c_counter_binary_v12_0_vh_rfs.vhd:2130' bound to instance 'U0' of component 'c_counter_binary_v12_0_11' [e:/Bilibili_FPGA/N2_Project/VIVADO/demo_v1/hdl_netlist/demo_sg.srcs/sources_1/ip/demo_sg_c_counter_binary_v12_0_i0/synth/demo_sg_c_counter_binary_v12_0_i0.vhd:127]
INFO: [Synth 8-256] done synthesizing module 'demo_sg_c_counter_binary_v12_0_i0' (8#1) [e:/Bilibili_FPGA/N2_Project/VIVADO/demo_v1/hdl_netlist/demo_sg.srcs/sources_1/ip/demo_sg_c_counter_binary_v12_0_i0/synth/demo_sg_c_counter_binary_v12_0_i0.vhd:68]
WARNING: [Synth 8-3331] design c_reg_fd_v12_0_4_viv has unconnected port AINIT
WARNING: [Synth 8-3331] design c_reg_fd_v12_0_4_viv has unconnected port ACLR
WARNING: [Synth 8-3331] design c_reg_fd_v12_0_4_viv has unconnected port ASET
WARNING: [Synth 8-3331] design c_reg_fd_v12_0_4_viv has unconnected port SCLR
WARNING: [Synth 8-3331] design c_reg_fd_v12_0_4_viv has unconnected port SSET
WARNING: [Synth 8-3331] design c_addsub_v12_0_11_lut6_legacy has unconnected port b[9]
WARNING: [Synth 8-3331] design c_addsub_v12_0_11_lut6_legacy has unconnected port b[8]
WARNING: [Synth 8-3331] design c_addsub_v12_0_11_lut6_legacy has unconnected port b[7]
WARNING: [Synth 8-3331] design c_addsub_v12_0_11_lut6_legacy has unconnected port b[6]
WARNING: [Synth 8-3331] design c_addsub_v12_0_11_lut6_legacy has unconnected port b[5]
WARNING: [Synth 8-3331] design c_addsub_v12_0_11_lut6_legacy has unconnected port b[4]
WARNING: [Synth 8-3331] design c_addsub_v12_0_11_lut6_legacy has unconnected port b[3]
WARNING: [Synth 8-3331] design c_addsub_v12_0_11_lut6_legacy has unconnected port b[2]
WARNING: [Synth 8-3331] design c_addsub_v12_0_11_lut6_legacy has unconnected port b[1]
WARNING: [Synth 8-3331] design c_addsub_v12_0_11_lut6_legacy has unconnected port b[0]
WARNING: [Synth 8-3331] design c_addsub_v12_0_11_lut6_legacy has unconnected port add
WARNING: [Synth 8-3331] design c_addsub_v12_0_11_lut6_legacy has unconnected port c_in
WARNING: [Synth 8-3331] design c_addsub_v12_0_11_lut6_legacy has unconnected port bypass
WARNING: [Synth 8-3331] design c_addsub_v12_0_11_lut6_legacy has unconnected port sclr
WARNING: [Synth 8-3331] design c_addsub_v12_0_11_lut6_legacy has unconnected port sset
WARNING: [Synth 8-3331] design c_addsub_v12_0_11_legacy has unconnected port c_in
WARNING: [Synth 8-3331] design c_addsub_v12_0_11_legacy has unconnected port b_in
WARNING: [Synth 8-3331] design c_addsub_v12_0_11_legacy has unconnected port a_signed
WARNING: [Synth 8-3331] design c_addsub_v12_0_11_legacy has unconnected port b_signed
WARNING: [Synth 8-3331] design c_counter_binary_v12_0_11_legacy has unconnected port up
WARNING: [Synth 8-3331] design c_counter_binary_v12_0_11_legacy has unconnected port load
WARNING: [Synth 8-3331] design c_counter_binary_v12_0_11_legacy has unconnected port l[9]
WARNING: [Synth 8-3331] design c_counter_binary_v12_0_11_legacy has unconnected port l[8]
WARNING: [Synth 8-3331] design c_counter_binary_v12_0_11_legacy has unconnected port l[7]
WARNING: [Synth 8-3331] design c_counter_binary_v12_0_11_legacy has unconnected port l[6]
WARNING: [Synth 8-3331] design c_counter_binary_v12_0_11_legacy has unconnected port l[5]
WARNING: [Synth 8-3331] design c_counter_binary_v12_0_11_legacy has unconnected port l[4]
WARNING: [Synth 8-3331] design c_counter_binary_v12_0_11_legacy has unconnected port l[3]
WARNING: [Synth 8-3331] design c_counter_binary_v12_0_11_legacy has unconnected port l[2]
WARNING: [Synth 8-3331] design c_counter_binary_v12_0_11_legacy has unconnected port l[1]
WARNING: [Synth 8-3331] design c_counter_binary_v12_0_11_legacy has unconnected port l[0]
WARNING: [Synth 8-3331] design c_counter_binary_v12_0_11_legacy has unconnected port iv[9]
WARNING: [Synth 8-3331] design c_counter_binary_v12_0_11_legacy has unconnected port iv[8]
WARNING: [Synth 8-3331] design c_counter_binary_v12_0_11_legacy has unconnected port iv[7]
WARNING: [Synth 8-3331] design c_counter_binary_v12_0_11_legacy has unconnected port iv[6]
WARNING: [Synth 8-3331] design c_counter_binary_v12_0_11_legacy has unconnected port iv[5]
WARNING: [Synth 8-3331] design c_counter_binary_v12_0_11_legacy has unconnected port iv[4]
WARNING: [Synth 8-3331] design c_counter_binary_v12_0_11_legacy has unconnected port iv[3]
WARNING: [Synth 8-3331] design c_counter_binary_v12_0_11_legacy has unconnected port iv[2]
WARNING: [Synth 8-3331] design c_counter_binary_v12_0_11_legacy has unconnected port iv[1]
WARNING: [Synth 8-3331] design c_counter_binary_v12_0_11_legacy has unconnected port iv[0]
WARNING: [Synth 8-3331] design c_counter_binary_v12_0_11_legacy has unconnected port sclr
WARNING: [Synth 8-3331] design c_counter_binary_v12_0_11_legacy has unconnected port sset
---------------------------------------------------------------------------------
Finished RTL Elaboration : Time (s): cpu = 00:00:11 ; elapsed = 00:00:12 . Memory (MB): peak = 464.656 ; gain = 160.496
---------------------------------------------------------------------------------

Report Check Netlist: 
+------+------------------+-------+---------+-------+------------------+
|      |Item              |Errors |Warnings |Status |Description       |
+------+------------------+-------+---------+-------+------------------+
|1     |multi_driven_nets |      0|        0|Passed |Multi driven nets |
+------+------------------+-------+---------+-------+------------------+
---------------------------------------------------------------------------------
Finished RTL Optimization Phase 1 : Time (s): cpu = 00:00:11 ; elapsed = 00:00:12 . Memory (MB): peak = 464.656 ; gain = 160.496
---------------------------------------------------------------------------------
INFO: [Netlist 29-17] Analyzing 19 Unisim elements for replacement
INFO: [Netlist 29-28] Unisim Transformation completed in 0 CPU seconds
INFO: [Device 21-403] Loading part xc7z020clg400-2
INFO: [Project 1-570] Preparing netlist for logic optimization

Processing XDC Constraints
Initializing timing engine
Parsing XDC File [e:/Bilibili_FPGA/N2_Project/VIVADO/demo_v1/hdl_netlist/demo_sg.srcs/sources_1/ip/demo_sg_c_counter_binary_v12_0_i0/demo_sg_c_counter_binary_v12_0_i0_ooc.xdc] for cell 'U0'
Finished Parsing XDC File [e:/Bilibili_FPGA/N2_Project/VIVADO/demo_v1/hdl_netlist/demo_sg.srcs/sources_1/ip/demo_sg_c_counter_binary_v12_0_i0/demo_sg_c_counter_binary_v12_0_i0_ooc.xdc] for cell 'U0'
Parsing XDC File [E:/Bilibili_FPGA/N2_Project/VIVADO/demo_v1/hdl_netlist/demo_sg.runs/demo_sg_c_counter_binary_v12_0_i0_synth_1/dont_touch.xdc]
Finished Parsing XDC File [E:/Bilibili_FPGA/N2_Project/VIVADO/demo_v1/hdl_netlist/demo_sg.runs/demo_sg_c_counter_binary_v12_0_i0_synth_1/dont_touch.xdc]
Completed Processing XDC Constraints

INFO: [Project 1-111] Unisim Transformation Summary:
No Unisim elements were transformed.

Constraint Validation Runtime : Time (s): cpu = 00:00:00 ; elapsed = 00:00:00.006 . Memory (MB): peak = 792.508 ; gain = 0.004
---------------------------------------------------------------------------------
Finished Constraint Validation : Time (s): cpu = 00:00:26 ; elapsed = 00:00:28 . Memory (MB): peak = 792.508 ; gain = 488.348
---------------------------------------------------------------------------------
---------------------------------------------------------------------------------
Start Loading Part and Timing Information
---------------------------------------------------------------------------------
Loading part: xc7z020clg400-2
---------------------------------------------------------------------------------
Finished Loading Part and Timing Information : Time (s): cpu = 00:00:26 ; elapsed = 00:00:28 . Memory (MB): peak = 792.508 ; gain = 488.348
---------------------------------------------------------------------------------
---------------------------------------------------------------------------------
Start Applying 'set_property' XDC Constraints
---------------------------------------------------------------------------------
Applied set_property DONT_TOUCH = true for U0. (constraint file  E:/Bilibili_FPGA/N2_Project/VIVADO/demo_v1/hdl_netlist/demo_sg.runs/demo_sg_c_counter_binary_v12_0_i0_synth_1/dont_touch.xdc, line 9).
---------------------------------------------------------------------------------
Finished applying 'set_property' XDC Constraints : Time (s): cpu = 00:00:26 ; elapsed = 00:00:28 . Memory (MB): peak = 792.508 ; gain = 488.348
---------------------------------------------------------------------------------
---------------------------------------------------------------------------------
Finished RTL Optimization Phase 2 : Time (s): cpu = 00:00:26 ; elapsed = 00:00:28 . Memory (MB): peak = 792.508 ; gain = 488.348
---------------------------------------------------------------------------------

Report RTL Partitions: 
+-+--------------+------------+----------+
| |RTL Partition |Replication |Instances |
+-+--------------+------------+----------+
+-+--------------+------------+----------+
---------------------------------------------------------------------------------
Start RTL Component Statistics 
---------------------------------------------------------------------------------
---------------------------------------------------------------------------------
Finished RTL Component Statistics 
---------------------------------------------------------------------------------
---------------------------------------------------------------------------------
Start RTL Hierarchical Component Statistics 
---------------------------------------------------------------------------------
---------------------------------------------------------------------------------
Finished RTL Hierarchical Component Statistics
---------------------------------------------------------------------------------
---------------------------------------------------------------------------------
Start Part Resource Summary
---------------------------------------------------------------------------------
Part Resources:
DSPs: 220 (col length:60)
BRAMs: 280 (col length: RAMB18 60 RAMB36 30)
---------------------------------------------------------------------------------
Finished Part Resource Summary
---------------------------------------------------------------------------------
---------------------------------------------------------------------------------
Start Cross Boundary and Area Optimization
---------------------------------------------------------------------------------
WARNING: [Synth 8-3331] design c_counter_binary_v12_0_11_viv has unconnected port SCLR
WARNING: [Synth 8-3331] design c_counter_binary_v12_0_11_viv has unconnected port SSET
WARNING: [Synth 8-3331] design c_counter_binary_v12_0_11_viv has unconnected port UP
WARNING: [Synth 8-3331] design c_counter_binary_v12_0_11_viv has unconnected port LOAD
WARNING: [Synth 8-3331] design c_counter_binary_v12_0_11_viv has unconnected port L[9]
WARNING: [Synth 8-3331] design c_counter_binary_v12_0_11_viv has unconnected port L[8]
WARNING: [Synth 8-3331] design c_counter_binary_v12_0_11_viv has unconnected port L[7]
WARNING: [Synth 8-3331] design c_counter_binary_v12_0_11_viv has unconnected port L[6]
WARNING: [Synth 8-3331] design c_counter_binary_v12_0_11_viv has unconnected port L[5]
WARNING: [Synth 8-3331] design c_counter_binary_v12_0_11_viv has unconnected port L[4]
WARNING: [Synth 8-3331] design c_counter_binary_v12_0_11_viv has unconnected port L[3]
WARNING: [Synth 8-3331] design c_counter_binary_v12_0_11_viv has unconnected port L[2]
WARNING: [Synth 8-3331] design c_counter_binary_v12_0_11_viv has unconnected port L[1]
WARNING: [Synth 8-3331] design c_counter_binary_v12_0_11_viv has unconnected port L[0]
---------------------------------------------------------------------------------
Finished Cross Boundary and Area Optimization : Time (s): cpu = 00:00:27 ; elapsed = 00:00:28 . Memory (MB): peak = 792.508 ; gain = 488.348
---------------------------------------------------------------------------------

Report RTL Partitions: 
+-+--------------+------------+----------+
| |RTL Partition |Replication |Instances |
+-+--------------+------------+----------+
+-+--------------+------------+----------+
---------------------------------------------------------------------------------
Start Applying XDC Timing Constraints
---------------------------------------------------------------------------------
---------------------------------------------------------------------------------
Finished Applying XDC Timing Constraints : Time (s): cpu = 00:00:37 ; elapsed = 00:00:39 . Memory (MB): peak = 809.758 ; gain = 505.598
---------------------------------------------------------------------------------
---------------------------------------------------------------------------------
Start Timing Optimization
---------------------------------------------------------------------------------
---------------------------------------------------------------------------------
Finished Timing Optimization : Time (s): cpu = 00:00:37 ; elapsed = 00:00:39 . Memory (MB): peak = 809.832 ; gain = 505.672
---------------------------------------------------------------------------------

Report RTL Partitions: 
+-+--------------+------------+----------+
| |RTL Partition |Replication |Instances |
+-+--------------+------------+----------+
+-+--------------+------------+----------+
---------------------------------------------------------------------------------
Start Technology Mapping
---------------------------------------------------------------------------------
---------------------------------------------------------------------------------
Finished Technology Mapping : Time (s): cpu = 00:00:37 ; elapsed = 00:00:39 . Memory (MB): peak = 819.363 ; gain = 515.203
---------------------------------------------------------------------------------

Report RTL Partitions: 
+-+--------------+------------+----------+
| |RTL Partition |Replication |Instances |
+-+--------------+------------+----------+
+-+--------------+------------+----------+
---------------------------------------------------------------------------------
Start IO Insertion
---------------------------------------------------------------------------------
---------------------------------------------------------------------------------
Start Flattening Before IO Insertion
---------------------------------------------------------------------------------
---------------------------------------------------------------------------------
Finished Flattening Before IO Insertion
---------------------------------------------------------------------------------
---------------------------------------------------------------------------------
Start Final Netlist Cleanup
---------------------------------------------------------------------------------
---------------------------------------------------------------------------------
Finished Final Netlist Cleanup
---------------------------------------------------------------------------------
---------------------------------------------------------------------------------
Finished IO Insertion : Time (s): cpu = 00:00:38 ; elapsed = 00:00:40 . Memory (MB): peak = 819.363 ; gain = 515.203
---------------------------------------------------------------------------------

Report Check Netlist: 
+------+------------------+-------+---------+-------+------------------+
|      |Item              |Errors |Warnings |Status |Description       |
+------+------------------+-------+---------+-------+------------------+
|1     |multi_driven_nets |      0|        0|Passed |Multi driven nets |
+------+------------------+-------+---------+-------+------------------+
---------------------------------------------------------------------------------
Start Renaming Generated Instances
---------------------------------------------------------------------------------
---------------------------------------------------------------------------------
Finished Renaming Generated Instances : Time (s): cpu = 00:00:38 ; elapsed = 00:00:40 . Memory (MB): peak = 819.363 ; gain = 515.203
---------------------------------------------------------------------------------

Report RTL Partitions: 
+-+--------------+------------+----------+
| |RTL Partition |Replication |Instances |
+-+--------------+------------+----------+
+-+--------------+------------+----------+
---------------------------------------------------------------------------------
Start Rebuilding User Hierarchy
---------------------------------------------------------------------------------
---------------------------------------------------------------------------------
Finished Rebuilding User Hierarchy : Time (s): cpu = 00:00:38 ; elapsed = 00:00:40 . Memory (MB): peak = 819.363 ; gain = 515.203
---------------------------------------------------------------------------------
---------------------------------------------------------------------------------
Start Renaming Generated Ports
---------------------------------------------------------------------------------
---------------------------------------------------------------------------------
Finished Renaming Generated Ports : Time (s): cpu = 00:00:38 ; elapsed = 00:00:40 . Memory (MB): peak = 819.363 ; gain = 515.203
---------------------------------------------------------------------------------
---------------------------------------------------------------------------------
Start Handling Custom Attributes
---------------------------------------------------------------------------------
---------------------------------------------------------------------------------
Finished Handling Custom Attributes : Time (s): cpu = 00:00:38 ; elapsed = 00:00:40 . Memory (MB): peak = 819.363 ; gain = 515.203
---------------------------------------------------------------------------------
---------------------------------------------------------------------------------
Start Renaming Generated Nets
---------------------------------------------------------------------------------
---------------------------------------------------------------------------------
Finished Renaming Generated Nets : Time (s): cpu = 00:00:38 ; elapsed = 00:00:40 . Memory (MB): peak = 819.363 ; gain = 515.203
---------------------------------------------------------------------------------
---------------------------------------------------------------------------------
Start Writing Synthesis Report
---------------------------------------------------------------------------------

Report BlackBoxes: 
+-+--------------+----------+
| |BlackBox name |Instances |
+-+--------------+----------+
+-+--------------+----------+

Report Cell Usage: 
+------+------+------+
|      |Cell  |Count |
+------+------+------+
|1     |LUT1  |     1|
|2     |MUXCY |     9|
|3     |XORCY |    10|
|4     |FDRE  |    10|
+------+------+------+
---------------------------------------------------------------------------------
Finished Writing Synthesis Report : Time (s): cpu = 00:00:38 ; elapsed = 00:00:40 . Memory (MB): peak = 819.363 ; gain = 515.203
---------------------------------------------------------------------------------
Synthesis finished with 0 errors, 0 critical warnings and 14 warnings.
Synthesis Optimization Runtime : Time (s): cpu = 00:00:20 ; elapsed = 00:00:32 . Memory (MB): peak = 819.363 ; gain = 187.352
Synthesis Optimization Complete : Time (s): cpu = 00:00:39 ; elapsed = 00:00:41 . Memory (MB): peak = 819.363 ; gain = 515.203
INFO: [Project 1-571] Translating synthesized netlist
INFO: [Netlist 29-17] Analyzing 19 Unisim elements for replacement
INFO: [Netlist 29-28] Unisim Transformation completed in 0 CPU seconds
INFO: [Project 1-570] Preparing netlist for logic optimization
INFO: [Opt 31-138] Pushed 0 inverter(s) to 0 load pin(s).
INFO: [Project 1-111] Unisim Transformation Summary:
  A total of 3 instances were transformed.
  (MUXCY,XORCY) => CARRY4: 3 instances

INFO: [Common 17-83] Releasing license: Synthesis
16 Infos, 62 Warnings, 0 Critical Warnings and 0 Errors encountered.
synth_design completed successfully
synth_design: Time (s): cpu = 00:00:41 ; elapsed = 00:00:43 . Memory (MB): peak = 830.031 ; gain = 537.340
INFO: [Common 17-1381] The checkpoint 'E:/Bilibili_FPGA/N2_Project/VIVADO/demo_v1/hdl_netlist/demo_sg.runs/demo_sg_c_counter_binary_v12_0_i0_synth_1/demo_sg_c_counter_binary_v12_0_i0.dcp' has been generated.
INFO: [Coretcl 2-1482] Added synthesis output to IP cache for IP e:/Bilibili_FPGA/N2_Project/VIVADO/demo_v1/hdl_netlist/demo_sg.srcs/sources_1/ip/demo_sg_c_counter_binary_v12_0_i0/demo_sg_c_counter_binary_v12_0_i0.xci
INFO: [Coretcl 2-1174] Renamed 7 cell refs.
INFO: [Common 17-1381] The checkpoint 'E:/Bilibili_FPGA/N2_Project/VIVADO/demo_v1/hdl_netlist/demo_sg.runs/demo_sg_c_counter_binary_v12_0_i0_synth_1/demo_sg_c_counter_binary_v12_0_i0.dcp' has been generated.
INFO: [runtcl-4] Executing : report_utilization -file demo_sg_c_counter_binary_v12_0_i0_utilization_synth.rpt -pb demo_sg_c_counter_binary_v12_0_i0_utilization_synth.pb
report_utilization: Time (s): cpu = 00:00:00 ; elapsed = 00:00:00.036 . Memory (MB): peak = 830.031 ; gain = 0.000
INFO: [Common 17-206] Exiting Vivado at Mon Jul 13 19:07:36 2020...
