10:51:01 INFO  : Registering command handlers for SDK TCF services
10:51:03 INFO  : Launching XSCT server: xsct.bat -interactive F:\ZYNQ\Embedded_System\ov7725_lcd\ov7725_lcd.sdk\temp_xsdb_launch_script.tcl
10:51:06 INFO  : XSCT server has started successfully.
10:51:08 INFO  : Successfully done setting XSCT server connection channel  
10:51:08 INFO  : Successfully done setting SDK workspace  
10:51:08 INFO  : Processing command line option -hwspec F:/ZYNQ/Embedded_System/ov7725_lcd/ov7725_lcd.sdk/system_wrapper.hdf.
10:52:41 INFO  : Connected to target on host '127.0.0.1' and port '3121'.
10:52:42 INFO  : Jtag cable 'Digilent JTAG-HS1 210512180081' is selected.
10:52:42 INFO  : 'jtag frequency' command is executed.
10:52:42 INFO  : Sourcing of 'F:/ZYNQ/Embedded_System/ov7725_lcd/ov7725_lcd.sdk/system_wrapper_hw_platform_0/ps7_init.tcl' is done.
10:52:42 INFO  : Context for 'APU' is selected.
10:52:43 INFO  : System reset is completed.
10:52:46 INFO  : 'after 3000' command is executed.
10:52:46 INFO  : 'targets -set -filter {jtag_cable_name =~ "Digilent JTAG-HS1 210512180081" && level==0} -index 1' command is executed.
10:52:48 INFO  : FPGA configured successfully with bitstream "F:/ZYNQ/Embedded_System/ov7725_lcd/ov7725_lcd.sdk/system_wrapper_hw_platform_0/system_wrapper.bit"
10:52:48 INFO  : Context for 'APU' is selected.
10:52:48 INFO  : Hardware design information is loaded from 'F:/ZYNQ/Embedded_System/ov7725_lcd/ov7725_lcd.sdk/system_wrapper_hw_platform_0/system.hdf'.
10:52:48 INFO  : 'configparams force-mem-access 1' command is executed.
10:52:48 INFO  : Context for 'APU' is selected.
10:52:48 INFO  : 'ps7_init' command is executed.
10:52:48 INFO  : 'ps7_post_config' command is executed.
10:52:48 INFO  : Context for processor 'ps7_cortexa9_0' is selected.
10:52:48 INFO  : The application 'F:/ZYNQ/Embedded_System/ov7725_lcd/ov7725_lcd.sdk/ov7725_lcd/Debug/ov7725_lcd.elf' is downloaded to processor 'ps7_cortexa9_0'.
10:52:48 INFO  : 'configparams force-mem-access 0' command is executed.
10:52:48 INFO  : ----------------XSDB Script----------------
connect -url tcp:127.0.0.1:3121
source F:/ZYNQ/Embedded_System/ov7725_lcd/ov7725_lcd.sdk/system_wrapper_hw_platform_0/ps7_init.tcl
targets -set -nocase -filter {name =~"APU*" && jtag_cable_name =~ "Digilent JTAG-HS1 210512180081"} -index 0
rst -system
after 3000
targets -set -filter {jtag_cable_name =~ "Digilent JTAG-HS1 210512180081" && level==0} -index 1
fpga -file F:/ZYNQ/Embedded_System/ov7725_lcd/ov7725_lcd.sdk/system_wrapper_hw_platform_0/system_wrapper.bit
targets -set -nocase -filter {name =~"APU*" && jtag_cable_name =~ "Digilent JTAG-HS1 210512180081"} -index 0
loadhw -hw F:/ZYNQ/Embedded_System/ov7725_lcd/ov7725_lcd.sdk/system_wrapper_hw_platform_0/system.hdf -mem-ranges [list {0x40000000 0xbfffffff}]
configparams force-mem-access 1
targets -set -nocase -filter {name =~"APU*" && jtag_cable_name =~ "Digilent JTAG-HS1 210512180081"} -index 0
ps7_init
ps7_post_config
targets -set -nocase -filter {name =~ "ARM*#0" && jtag_cable_name =~ "Digilent JTAG-HS1 210512180081"} -index 0
dow F:/ZYNQ/Embedded_System/ov7725_lcd/ov7725_lcd.sdk/ov7725_lcd/Debug/ov7725_lcd.elf
configparams force-mem-access 0
----------------End of Script----------------

10:52:48 INFO  : Memory regions updated for context APU
10:52:48 INFO  : Context for processor 'ps7_cortexa9_0' is selected.
10:52:48 INFO  : 'con' command is executed.
10:52:48 INFO  : ----------------XSDB Script (After Launch)----------------
targets -set -nocase -filter {name =~ "ARM*#0" && jtag_cable_name =~ "Digilent JTAG-HS1 210512180081"} -index 0
con
----------------End of Script----------------

10:52:48 INFO  : Launch script is exported to file 'F:\ZYNQ\Embedded_System\ov7725_lcd\ov7725_lcd.sdk\.sdk\launch_scripts\xilinx_c-c++_application_(system_debugger)\system_debugger_using_debug_ov7725_lcd.elf_on_local.tcl'
10:54:04 INFO  : Disconnected from the channel tcfchan#1.
10:54:05 INFO  : Connected to target on host '127.0.0.1' and port '3121'.
10:54:05 INFO  : Jtag cable 'Digilent JTAG-HS1 210512180081' is selected.
10:54:05 INFO  : 'jtag frequency' command is executed.
10:54:05 INFO  : Sourcing of 'F:/ZYNQ/Embedded_System/ov7725_lcd/ov7725_lcd.sdk/system_wrapper_hw_platform_0/ps7_init.tcl' is done.
10:54:05 INFO  : Context for 'APU' is selected.
10:54:06 INFO  : System reset is completed.
10:54:09 INFO  : 'after 3000' command is executed.
10:54:09 INFO  : 'targets -set -filter {jtag_cable_name =~ "Digilent JTAG-HS1 210512180081" && level==0} -index 1' command is executed.
10:54:10 INFO  : FPGA configured successfully with bitstream "F:/ZYNQ/Embedded_System/ov7725_lcd/ov7725_lcd.sdk/system_wrapper_hw_platform_0/system_wrapper.bit"
10:54:11 INFO  : Context for 'APU' is selected.
10:54:12 INFO  : Hardware design information is loaded from 'F:/ZYNQ/Embedded_System/ov7725_lcd/ov7725_lcd.sdk/system_wrapper_hw_platform_0/system.hdf'.
10:54:12 INFO  : 'configparams force-mem-access 1' command is executed.
10:54:12 INFO  : Context for 'APU' is selected.
10:54:12 INFO  : 'ps7_init' command is executed.
10:54:12 INFO  : 'ps7_post_config' command is executed.
10:54:12 INFO  : Context for processor 'ps7_cortexa9_0' is selected.
10:54:12 INFO  : The application 'F:/ZYNQ/Embedded_System/ov7725_lcd/ov7725_lcd.sdk/ov7725_lcd/Debug/ov7725_lcd.elf' is downloaded to processor 'ps7_cortexa9_0'.
10:54:12 INFO  : 'configparams force-mem-access 0' command is executed.
10:54:12 INFO  : ----------------XSDB Script----------------
connect -url tcp:127.0.0.1:3121
source F:/ZYNQ/Embedded_System/ov7725_lcd/ov7725_lcd.sdk/system_wrapper_hw_platform_0/ps7_init.tcl
targets -set -nocase -filter {name =~"APU*" && jtag_cable_name =~ "Digilent JTAG-HS1 210512180081"} -index 0
rst -system
after 3000
targets -set -filter {jtag_cable_name =~ "Digilent JTAG-HS1 210512180081" && level==0} -index 1
fpga -file F:/ZYNQ/Embedded_System/ov7725_lcd/ov7725_lcd.sdk/system_wrapper_hw_platform_0/system_wrapper.bit
targets -set -nocase -filter {name =~"APU*" && jtag_cable_name =~ "Digilent JTAG-HS1 210512180081"} -index 0
loadhw -hw F:/ZYNQ/Embedded_System/ov7725_lcd/ov7725_lcd.sdk/system_wrapper_hw_platform_0/system.hdf -mem-ranges [list {0x40000000 0xbfffffff}]
configparams force-mem-access 1
targets -set -nocase -filter {name =~"APU*" && jtag_cable_name =~ "Digilent JTAG-HS1 210512180081"} -index 0
ps7_init
ps7_post_config
targets -set -nocase -filter {name =~ "ARM*#0" && jtag_cable_name =~ "Digilent JTAG-HS1 210512180081"} -index 0
dow F:/ZYNQ/Embedded_System/ov7725_lcd/ov7725_lcd.sdk/ov7725_lcd/Debug/ov7725_lcd.elf
configparams force-mem-access 0
----------------End of Script----------------

10:54:12 INFO  : Memory regions updated for context APU
10:54:12 INFO  : Context for processor 'ps7_cortexa9_0' is selected.
10:54:12 INFO  : 'con' command is executed.
10:54:12 INFO  : ----------------XSDB Script (After Launch)----------------
targets -set -nocase -filter {name =~ "ARM*#0" && jtag_cable_name =~ "Digilent JTAG-HS1 210512180081"} -index 0
con
----------------End of Script----------------

10:54:12 INFO  : Launch script is exported to file 'F:\ZYNQ\Embedded_System\ov7725_lcd\ov7725_lcd.sdk\.sdk\launch_scripts\xilinx_c-c++_application_(system_debugger)\system_debugger_using_debug_ov7725_lcd.elf_on_local.tcl'
10:54:58 INFO  : Disconnected from the channel tcfchan#2.
10:54:59 INFO  : Connected to target on host '127.0.0.1' and port '3121'.
10:54:59 INFO  : Jtag cable 'Digilent JTAG-HS1 210512180081' is selected.
10:54:59 INFO  : 'jtag frequency' command is executed.
10:54:59 INFO  : Sourcing of 'F:/ZYNQ/Embedded_System/ov7725_lcd/ov7725_lcd.sdk/system_wrapper_hw_platform_0/ps7_init.tcl' is done.
10:54:59 INFO  : Context for 'APU' is selected.
10:54:59 INFO  : System reset is completed.
10:55:02 INFO  : 'after 3000' command is executed.
10:55:02 INFO  : 'targets -set -filter {jtag_cable_name =~ "Digilent JTAG-HS1 210512180081" && level==0} -index 1' command is executed.
10:55:04 INFO  : FPGA configured successfully with bitstream "F:/ZYNQ/Embedded_System/ov7725_lcd/ov7725_lcd.sdk/system_wrapper_hw_platform_0/system_wrapper.bit"
10:55:04 INFO  : Context for 'APU' is selected.
10:55:05 INFO  : Hardware design information is loaded from 'F:/ZYNQ/Embedded_System/ov7725_lcd/ov7725_lcd.sdk/system_wrapper_hw_platform_0/system.hdf'.
10:55:05 INFO  : 'configparams force-mem-access 1' command is executed.
10:55:05 INFO  : Context for 'APU' is selected.
10:55:06 INFO  : 'ps7_init' command is executed.
10:55:06 INFO  : 'ps7_post_config' command is executed.
10:55:06 INFO  : Context for processor 'ps7_cortexa9_0' is selected.
10:55:06 INFO  : The application 'F:/ZYNQ/Embedded_System/ov7725_lcd/ov7725_lcd.sdk/ov7725_lcd/Debug/ov7725_lcd.elf' is downloaded to processor 'ps7_cortexa9_0'.
10:55:06 INFO  : 'configparams force-mem-access 0' command is executed.
10:55:06 INFO  : ----------------XSDB Script----------------
connect -url tcp:127.0.0.1:3121
source F:/ZYNQ/Embedded_System/ov7725_lcd/ov7725_lcd.sdk/system_wrapper_hw_platform_0/ps7_init.tcl
targets -set -nocase -filter {name =~"APU*" && jtag_cable_name =~ "Digilent JTAG-HS1 210512180081"} -index 0
rst -system
after 3000
targets -set -filter {jtag_cable_name =~ "Digilent JTAG-HS1 210512180081" && level==0} -index 1
fpga -file F:/ZYNQ/Embedded_System/ov7725_lcd/ov7725_lcd.sdk/system_wrapper_hw_platform_0/system_wrapper.bit
targets -set -nocase -filter {name =~"APU*" && jtag_cable_name =~ "Digilent JTAG-HS1 210512180081"} -index 0
loadhw -hw F:/ZYNQ/Embedded_System/ov7725_lcd/ov7725_lcd.sdk/system_wrapper_hw_platform_0/system.hdf -mem-ranges [list {0x40000000 0xbfffffff}]
configparams force-mem-access 1
targets -set -nocase -filter {name =~"APU*" && jtag_cable_name =~ "Digilent JTAG-HS1 210512180081"} -index 0
ps7_init
ps7_post_config
targets -set -nocase -filter {name =~ "ARM*#0" && jtag_cable_name =~ "Digilent JTAG-HS1 210512180081"} -index 0
dow F:/ZYNQ/Embedded_System/ov7725_lcd/ov7725_lcd.sdk/ov7725_lcd/Debug/ov7725_lcd.elf
configparams force-mem-access 0
----------------End of Script----------------

10:55:06 INFO  : Memory regions updated for context APU
10:55:06 INFO  : Context for processor 'ps7_cortexa9_0' is selected.
10:55:06 INFO  : 'con' command is executed.
10:55:06 INFO  : ----------------XSDB Script (After Launch)----------------
targets -set -nocase -filter {name =~ "ARM*#0" && jtag_cable_name =~ "Digilent JTAG-HS1 210512180081"} -index 0
con
----------------End of Script----------------

10:55:06 INFO  : Launch script is exported to file 'F:\ZYNQ\Embedded_System\ov7725_lcd\ov7725_lcd.sdk\.sdk\launch_scripts\xilinx_c-c++_application_(system_debugger)\system_debugger_using_debug_ov7725_lcd.elf_on_local.tcl'
10:55:38 INFO  : Disconnected from the channel tcfchan#3.
10:55:39 INFO  : Connected to target on host '127.0.0.1' and port '3121'.
10:55:39 INFO  : Jtag cable 'Digilent JTAG-HS1 210512180081' is selected.
10:55:39 INFO  : 'jtag frequency' command is executed.
10:55:39 INFO  : Sourcing of 'F:/ZYNQ/Embedded_System/ov7725_lcd/ov7725_lcd.sdk/system_wrapper_hw_platform_0/ps7_init.tcl' is done.
10:55:39 INFO  : Context for 'APU' is selected.
10:55:40 INFO  : System reset is completed.
10:55:43 INFO  : 'after 3000' command is executed.
10:55:43 INFO  : 'targets -set -filter {jtag_cable_name =~ "Digilent JTAG-HS1 210512180081" && level==0} -index 1' command is executed.
10:55:44 INFO  : FPGA configured successfully with bitstream "F:/ZYNQ/Embedded_System/ov7725_lcd/ov7725_lcd.sdk/system_wrapper_hw_platform_0/system_wrapper.bit"
10:55:45 INFO  : Context for 'APU' is selected.
10:55:46 INFO  : Hardware design information is loaded from 'F:/ZYNQ/Embedded_System/ov7725_lcd/ov7725_lcd.sdk/system_wrapper_hw_platform_0/system.hdf'.
10:55:46 INFO  : 'configparams force-mem-access 1' command is executed.
10:55:46 INFO  : Context for 'APU' is selected.
10:55:46 INFO  : 'ps7_init' command is executed.
10:55:46 INFO  : 'ps7_post_config' command is executed.
10:55:46 INFO  : Context for processor 'ps7_cortexa9_0' is selected.
10:55:46 INFO  : The application 'F:/ZYNQ/Embedded_System/ov7725_lcd/ov7725_lcd.sdk/ov7725_lcd/Debug/ov7725_lcd.elf' is downloaded to processor 'ps7_cortexa9_0'.
10:55:46 INFO  : 'configparams force-mem-access 0' command is executed.
10:55:46 INFO  : ----------------XSDB Script----------------
connect -url tcp:127.0.0.1:3121
source F:/ZYNQ/Embedded_System/ov7725_lcd/ov7725_lcd.sdk/system_wrapper_hw_platform_0/ps7_init.tcl
targets -set -nocase -filter {name =~"APU*" && jtag_cable_name =~ "Digilent JTAG-HS1 210512180081"} -index 0
rst -system
after 3000
targets -set -filter {jtag_cable_name =~ "Digilent JTAG-HS1 210512180081" && level==0} -index 1
fpga -file F:/ZYNQ/Embedded_System/ov7725_lcd/ov7725_lcd.sdk/system_wrapper_hw_platform_0/system_wrapper.bit
targets -set -nocase -filter {name =~"APU*" && jtag_cable_name =~ "Digilent JTAG-HS1 210512180081"} -index 0
loadhw -hw F:/ZYNQ/Embedded_System/ov7725_lcd/ov7725_lcd.sdk/system_wrapper_hw_platform_0/system.hdf -mem-ranges [list {0x40000000 0xbfffffff}]
configparams force-mem-access 1
targets -set -nocase -filter {name =~"APU*" && jtag_cable_name =~ "Digilent JTAG-HS1 210512180081"} -index 0
ps7_init
ps7_post_config
targets -set -nocase -filter {name =~ "ARM*#0" && jtag_cable_name =~ "Digilent JTAG-HS1 210512180081"} -index 0
dow F:/ZYNQ/Embedded_System/ov7725_lcd/ov7725_lcd.sdk/ov7725_lcd/Debug/ov7725_lcd.elf
configparams force-mem-access 0
----------------End of Script----------------

10:55:46 INFO  : Memory regions updated for context APU
10:55:47 INFO  : Context for processor 'ps7_cortexa9_0' is selected.
10:55:47 INFO  : 'con' command is executed.
10:55:47 INFO  : ----------------XSDB Script (After Launch)----------------
targets -set -nocase -filter {name =~ "ARM*#0" && jtag_cable_name =~ "Digilent JTAG-HS1 210512180081"} -index 0
con
----------------End of Script----------------

10:55:47 INFO  : Launch script is exported to file 'F:\ZYNQ\Embedded_System\ov7725_lcd\ov7725_lcd.sdk\.sdk\launch_scripts\xilinx_c-c++_application_(system_debugger)\system_debugger_using_debug_ov7725_lcd.elf_on_local.tcl'
10:56:20 INFO  : Disconnected from the channel tcfchan#4.
10:56:21 INFO  : Connected to target on host '127.0.0.1' and port '3121'.
10:56:21 INFO  : Jtag cable 'Digilent JTAG-HS1 210512180081' is selected.
10:56:21 INFO  : 'jtag frequency' command is executed.
10:56:21 INFO  : Sourcing of 'F:/ZYNQ/Embedded_System/ov7725_lcd/ov7725_lcd.sdk/system_wrapper_hw_platform_0/ps7_init.tcl' is done.
10:56:21 INFO  : Context for 'APU' is selected.
10:56:21 INFO  : System reset is completed.
10:56:24 INFO  : 'after 3000' command is executed.
10:56:24 INFO  : 'targets -set -filter {jtag_cable_name =~ "Digilent JTAG-HS1 210512180081" && level==0} -index 1' command is executed.
10:56:26 INFO  : FPGA configured successfully with bitstream "F:/ZYNQ/Embedded_System/ov7725_lcd/ov7725_lcd.sdk/system_wrapper_hw_platform_0/system_wrapper.bit"
10:56:26 INFO  : Context for 'APU' is selected.
10:56:27 INFO  : Hardware design information is loaded from 'F:/ZYNQ/Embedded_System/ov7725_lcd/ov7725_lcd.sdk/system_wrapper_hw_platform_0/system.hdf'.
10:56:27 INFO  : 'configparams force-mem-access 1' command is executed.
10:56:27 INFO  : Context for 'APU' is selected.
10:56:28 INFO  : 'ps7_init' command is executed.
10:56:28 INFO  : 'ps7_post_config' command is executed.
10:56:28 INFO  : Context for processor 'ps7_cortexa9_0' is selected.
10:56:28 INFO  : The application 'F:/ZYNQ/Embedded_System/ov7725_lcd/ov7725_lcd.sdk/ov7725_lcd/Debug/ov7725_lcd.elf' is downloaded to processor 'ps7_cortexa9_0'.
10:56:28 INFO  : 'configparams force-mem-access 0' command is executed.
10:56:28 INFO  : ----------------XSDB Script----------------
connect -url tcp:127.0.0.1:3121
source F:/ZYNQ/Embedded_System/ov7725_lcd/ov7725_lcd.sdk/system_wrapper_hw_platform_0/ps7_init.tcl
targets -set -nocase -filter {name =~"APU*" && jtag_cable_name =~ "Digilent JTAG-HS1 210512180081"} -index 0
rst -system
after 3000
targets -set -filter {jtag_cable_name =~ "Digilent JTAG-HS1 210512180081" && level==0} -index 1
fpga -file F:/ZYNQ/Embedded_System/ov7725_lcd/ov7725_lcd.sdk/system_wrapper_hw_platform_0/system_wrapper.bit
targets -set -nocase -filter {name =~"APU*" && jtag_cable_name =~ "Digilent JTAG-HS1 210512180081"} -index 0
loadhw -hw F:/ZYNQ/Embedded_System/ov7725_lcd/ov7725_lcd.sdk/system_wrapper_hw_platform_0/system.hdf -mem-ranges [list {0x40000000 0xbfffffff}]
configparams force-mem-access 1
targets -set -nocase -filter {name =~"APU*" && jtag_cable_name =~ "Digilent JTAG-HS1 210512180081"} -index 0
ps7_init
ps7_post_config
targets -set -nocase -filter {name =~ "ARM*#0" && jtag_cable_name =~ "Digilent JTAG-HS1 210512180081"} -index 0
dow F:/ZYNQ/Embedded_System/ov7725_lcd/ov7725_lcd.sdk/ov7725_lcd/Debug/ov7725_lcd.elf
configparams force-mem-access 0
----------------End of Script----------------

10:56:28 INFO  : Memory regions updated for context APU
10:56:28 INFO  : Context for processor 'ps7_cortexa9_0' is selected.
10:56:28 INFO  : 'con' command is executed.
10:56:28 INFO  : ----------------XSDB Script (After Launch)----------------
targets -set -nocase -filter {name =~ "ARM*#0" && jtag_cable_name =~ "Digilent JTAG-HS1 210512180081"} -index 0
con
----------------End of Script----------------

10:56:28 INFO  : Launch script is exported to file 'F:\ZYNQ\Embedded_System\ov7725_lcd\ov7725_lcd.sdk\.sdk\launch_scripts\xilinx_c-c++_application_(system_debugger)\system_debugger_using_debug_ov7725_lcd.elf_on_local.tcl'
10:58:13 INFO  : Disconnected from the channel tcfchan#5.
13:38:04 INFO  : Registering command handlers for SDK TCF services
13:38:06 INFO  : Launching XSCT server: xsct.bat -interactive C:\a_max\max\xlinx\opendv\21_ov7725_lcd\ov7725_lcd.sdk\temp_xsdb_launch_script.tcl
13:38:11 INFO  : XSCT server has started successfully.
13:38:12 INFO  : Successfully done setting XSCT server connection channel  
13:38:12 INFO  : Successfully done setting SDK workspace  
13:38:12 INFO  : Processing command line option -hwspec C:/a_max/max/xlinx/opendv/21_ov7725_lcd/ov7725_lcd.sdk/system_wrapper.hdf.
15:50:33 INFO  : Launching XSCT server: xsct.bat -interactive C:\a_max\max\xlinx\opendv\21_ov7725_lcd\ov7725_lcd.sdk\temp_xsdb_launch_script.tcl
15:50:35 INFO  : XSCT server has started successfully.
15:50:35 INFO  : Successfully done setting XSCT server connection channel  
15:50:40 INFO  : Successfully done setting SDK workspace  
15:50:43 INFO  : Registering command handlers for SDK TCF services
15:50:45 INFO  : Processing command line option -hwspec C:/a_max/max/xlinx/opendv/21_ov7725_lcd/ov7725_lcd.sdk/system_wrapper.hdf.
15:50:45 INFO  : Checking for hwspec changes in the project system_wrapper_hw_platform_1.
15:51:27 INFO  : Connected to target on host '127.0.0.1' and port '3121'.
15:51:28 INFO  : Jtag cable 'Digilent JTAG-HS1 210512180081' is selected.
15:51:28 INFO  : 'jtag frequency' command is executed.
15:51:28 INFO  : Sourcing of 'C:/a_max/max/xlinx/opendv/21_ov7725_lcd/ov7725_lcd.sdk/system_wrapper_hw_platform_0/ps7_init.tcl' is done.
15:51:28 INFO  : Context for 'APU' is selected.
15:51:28 INFO  : System reset is completed.
15:51:31 INFO  : 'after 3000' command is executed.
15:51:31 INFO  : 'targets -set -filter {jtag_cable_name =~ "Digilent JTAG-HS1 210512180081" && level==0} -index 1' command is executed.
15:51:33 INFO  : FPGA configured successfully with bitstream "C:/a_max/max/xlinx/opendv/21_ov7725_lcd/ov7725_lcd.sdk/system_wrapper_hw_platform_0/system_wrapper.bit"
15:51:33 INFO  : Context for 'APU' is selected.
15:51:33 INFO  : Hardware design information is loaded from 'C:/a_max/max/xlinx/opendv/21_ov7725_lcd/ov7725_lcd.sdk/system_wrapper_hw_platform_0/system.hdf'.
15:51:33 INFO  : 'configparams force-mem-access 1' command is executed.
15:51:33 INFO  : Context for 'APU' is selected.
15:51:34 INFO  : 'ps7_init' command is executed.
15:51:34 INFO  : 'ps7_post_config' command is executed.
15:51:34 INFO  : Context for processor 'ps7_cortexa9_0' is selected.
15:51:34 INFO  : The application 'C:/a_max/max/xlinx/opendv/21_ov7725_lcd/ov7725_lcd.sdk/ov7725_lcd/Debug/ov7725_lcd.elf' is downloaded to processor 'ps7_cortexa9_0'.
15:51:34 INFO  : 'configparams force-mem-access 0' command is executed.
15:51:34 INFO  : ----------------XSDB Script----------------
connect -url tcp:127.0.0.1:3121
source C:/a_max/max/xlinx/opendv/21_ov7725_lcd/ov7725_lcd.sdk/system_wrapper_hw_platform_0/ps7_init.tcl
targets -set -nocase -filter {name =~"APU*" && jtag_cable_name =~ "Digilent JTAG-HS1 210512180081"} -index 0
rst -system
after 3000
targets -set -filter {jtag_cable_name =~ "Digilent JTAG-HS1 210512180081" && level==0} -index 1
fpga -file C:/a_max/max/xlinx/opendv/21_ov7725_lcd/ov7725_lcd.sdk/system_wrapper_hw_platform_0/system_wrapper.bit
targets -set -nocase -filter {name =~"APU*" && jtag_cable_name =~ "Digilent JTAG-HS1 210512180081"} -index 0
loadhw -hw C:/a_max/max/xlinx/opendv/21_ov7725_lcd/ov7725_lcd.sdk/system_wrapper_hw_platform_0/system.hdf -mem-ranges [list {0x40000000 0xbfffffff}]
configparams force-mem-access 1
targets -set -nocase -filter {name =~"APU*" && jtag_cable_name =~ "Digilent JTAG-HS1 210512180081"} -index 0
ps7_init
ps7_post_config
targets -set -nocase -filter {name =~ "ARM*#0" && jtag_cable_name =~ "Digilent JTAG-HS1 210512180081"} -index 0
dow C:/a_max/max/xlinx/opendv/21_ov7725_lcd/ov7725_lcd.sdk/ov7725_lcd/Debug/ov7725_lcd.elf
configparams force-mem-access 0
----------------End of Script----------------

15:51:34 INFO  : Memory regions updated for context APU
15:51:34 INFO  : Context for processor 'ps7_cortexa9_0' is selected.
15:51:34 INFO  : 'con' command is executed.
15:51:34 INFO  : ----------------XSDB Script (After Launch)----------------
targets -set -nocase -filter {name =~ "ARM*#0" && jtag_cable_name =~ "Digilent JTAG-HS1 210512180081"} -index 0
con
----------------End of Script----------------

15:51:34 INFO  : Launch script is exported to file 'C:\a_max\max\xlinx\opendv\21_ov7725_lcd\ov7725_lcd.sdk\.sdk\launch_scripts\xilinx_c-c++_application_(system_debugger)\system_debugger_using_debug_ov7725_lcd.elf_on_local.tcl'
15:57:04 INFO  : Disconnected from the channel tcfchan#1.
