#-----------------------------------------------------------
# Vivado v2018.3 (64-bit)
# SW Build 2405991 on Thu Dec  6 23:38:27 MST 2018
# IP Build 2404404 on Fri Dec  7 01:43:56 MST 2018
# Start of session at: Thu Apr 23 15:49:32 2020
# Process ID: 19684
# Current directory: C:/a_max/max/xlinx/opendv/21_ov7725_lcd
# Command line: vivado.exe -gui_launcher_event rodinguilauncherevent18840 C:\a_max\max\xlinx\opendv\21_ov7725_lcd\ov7725_lcd.xpr
# Log file: C:/a_max/max/xlinx/opendv/21_ov7725_lcd/vivado.log
# Journal file: C:/a_max/max/xlinx/opendv/21_ov7725_lcd\vivado.jou
#-----------------------------------------------------------
start_gui
open_project C:/a_max/max/xlinx/opendv/21_ov7725_lcd/ov7725_lcd.xpr
Scanning sources...
Finished scanning sources
INFO: [IP_Flow 19-234] Refreshing IP repositories
INFO: [IP_Flow 19-1700] Loaded user IP repository 'c:/a_max/max/xlinx/opendv/21_ov7725_lcd/ip_repo'.
INFO: [IP_Flow 19-2313] Loaded Vivado IP repository 'C:/vivado/Vivado/2018.3/data/ip'.
open_project: Time (s): cpu = 00:00:35 ; elapsed = 00:00:20 . Memory (MB): peak = 867.746 ; gain = 247.316
launch_sdk -workspace C:/a_max/max/xlinx/opendv/21_ov7725_lcd/ov7725_lcd.sdk -hwspec C:/a_max/max/xlinx/opendv/21_ov7725_lcd/ov7725_lcd.sdk/system_wrapper.hdf
INFO: [Vivado 12-393] Launching SDK...
INFO: [Vivado 12-417] Running xsdk -workspace C:/a_max/max/xlinx/opendv/21_ov7725_lcd/ov7725_lcd.sdk -hwspec C:/a_max/max/xlinx/opendv/21_ov7725_lcd/ov7725_lcd.sdk/system_wrapper.hdf
INFO: [Vivado 12-3157] SDK launch initiated. Please check console for any further messages.
update_compile_order -fileset sources_1
exit
INFO: [Common 17-206] Exiting Vivado at Thu Apr 23 15:57:17 2020...
