12:45:24 INFO  : Registering command handlers for SDK TCF services
12:45:26 INFO  : Launching XSCT server: xsct.bat -interactive G:\a_max\max_xilinx\opendv\3_gpio_emio\3_gpio_emio.sdk\temp_xsdb_launch_script.tcl
12:45:32 INFO  : XSCT server has started successfully.
12:45:33 INFO  : Successfully done setting XSCT server connection channel  
12:45:33 INFO  : Processing command line option -hwspec G:/a_max/max_xilinx/opendv/3_gpio_emio/3_gpio_emio.sdk/system_wrapper.hdf.
12:45:33 INFO  : Successfully done setting SDK workspace  
18:43:42 INFO  : Registering command handlers for SDK TCF services
18:43:44 INFO  : Launching XSCT server: xsct.bat -interactive G:\a_max\max_xilinx\opendv\3_gpio_emio\3_gpio_emio.sdk\temp_xsdb_launch_script.tcl
18:43:54 INFO  : XSCT server has started successfully.
18:43:55 INFO  : Successfully done setting XSCT server connection channel  
18:43:55 INFO  : Successfully done setting SDK workspace  
18:43:55 INFO  : Processing command line option -hwspec G:/a_max/max_xilinx/opendv/3_gpio_emio/3_gpio_emio.sdk/system_wrapper.hdf.
18:43:55 INFO  : Checking for hwspec changes in the project system_wrapper_hw_platform_0.
18:45:34 INFO  : Connected to target on host '127.0.0.1' and port '3121'.
18:45:35 INFO  : Jtag cable 'Digilent JTAG-HS1 210512180081' is selected.
18:45:35 INFO  : 'jtag frequency' command is executed.
18:45:35 INFO  : Sourcing of 'G:/a_max/max_xilinx/opendv/3_gpio_emio/3_gpio_emio.sdk/system_wrapper_hw_platform_0/ps7_init.tcl' is done.
18:45:35 INFO  : Context for 'APU' is selected.
18:45:35 INFO  : Hardware design information is loaded from 'G:/a_max/max_xilinx/opendv/3_gpio_emio/3_gpio_emio.sdk/system_wrapper_hw_platform_0/system.hdf'.
18:45:35 INFO  : 'configparams force-mem-access 1' command is executed.
18:45:35 INFO  : Context for 'APU' is selected.
18:45:35 INFO  : 'stop' command is executed.
18:45:35 INFO  : 'ps7_init' command is executed.
18:45:35 INFO  : 'ps7_post_config' command is executed.
18:45:35 INFO  : Context for processor 'ps7_cortexa9_0' is selected.
18:45:35 INFO  : Processor reset is completed for 'ps7_cortexa9_0'.
18:45:36 INFO  : Context for processor 'ps7_cortexa9_0' is selected.
18:45:36 INFO  : The application 'G:/a_max/max_xilinx/opendv/3_gpio_emio/3_gpio_emio.sdk/3_gpio_emio/Debug/3_gpio_emio.elf' is downloaded to processor 'ps7_cortexa9_0'.
18:45:36 INFO  : 'configparams force-mem-access 0' command is executed.
18:45:36 INFO  : ----------------XSDB Script----------------
connect -url tcp:127.0.0.1:3121
source G:/a_max/max_xilinx/opendv/3_gpio_emio/3_gpio_emio.sdk/system_wrapper_hw_platform_0/ps7_init.tcl
targets -set -nocase -filter {name =~"APU*" && jtag_cable_name =~ "Digilent JTAG-HS1 210512180081"} -index 0
loadhw -hw G:/a_max/max_xilinx/opendv/3_gpio_emio/3_gpio_emio.sdk/system_wrapper_hw_platform_0/system.hdf -mem-ranges [list {0x40000000 0xbfffffff}]
configparams force-mem-access 1
targets -set -nocase -filter {name =~"APU*" && jtag_cable_name =~ "Digilent JTAG-HS1 210512180081"} -index 0
stop
ps7_init
ps7_post_config
targets -set -nocase -filter {name =~ "ARM*#0" && jtag_cable_name =~ "Digilent JTAG-HS1 210512180081"} -index 0
rst -processor
targets -set -nocase -filter {name =~ "ARM*#0" && jtag_cable_name =~ "Digilent JTAG-HS1 210512180081"} -index 0
dow G:/a_max/max_xilinx/opendv/3_gpio_emio/3_gpio_emio.sdk/3_gpio_emio/Debug/3_gpio_emio.elf
configparams force-mem-access 0
----------------End of Script----------------

18:45:36 INFO  : Context for processor 'ps7_cortexa9_0' is selected.
18:45:36 INFO  : 'con' command is executed.
18:45:36 INFO  : ----------------XSDB Script (After Launch)----------------
targets -set -nocase -filter {name =~ "ARM*#0" && jtag_cable_name =~ "Digilent JTAG-HS1 210512180081"} -index 0
con
----------------End of Script----------------

18:45:36 INFO  : Launch script is exported to file 'G:\a_max\max_xilinx\opendv\3_gpio_emio\3_gpio_emio.sdk\.sdk\launch_scripts\xilinx_c-c++_application_(system_debugger)\system_debugger_using_debug_3_gpio_emio.elf_on_local.tcl'
18:51:52 INFO  : Disconnected from the channel tcfchan#1.
18:51:53 INFO  : Connected to target on host '127.0.0.1' and port '3121'.
18:51:54 INFO  : Jtag cable 'Digilent JTAG-HS1 210512180081' is selected.
18:51:54 INFO  : 'jtag frequency' command is executed.
18:51:54 INFO  : Sourcing of 'G:/a_max/max_xilinx/opendv/3_gpio_emio/3_gpio_emio.sdk/system_wrapper_hw_platform_0/ps7_init.tcl' is done.
18:51:54 INFO  : Context for 'APU' is selected.
18:51:56 INFO  : Hardware design information is loaded from 'G:/a_max/max_xilinx/opendv/3_gpio_emio/3_gpio_emio.sdk/system_wrapper_hw_platform_0/system.hdf'.
18:51:56 INFO  : 'configparams force-mem-access 1' command is executed.
18:51:56 INFO  : Context for 'APU' is selected.
18:51:56 INFO  : 'stop' command is executed.
18:51:56 INFO  : 'ps7_init' command is executed.
18:51:56 INFO  : 'ps7_post_config' command is executed.
18:51:56 INFO  : Context for processor 'ps7_cortexa9_0' is selected.
18:51:56 INFO  : Processor reset is completed for 'ps7_cortexa9_0'.
18:51:56 INFO  : Context for processor 'ps7_cortexa9_0' is selected.
18:51:56 INFO  : The application 'G:/a_max/max_xilinx/opendv/3_gpio_emio/3_gpio_emio.sdk/3_gpio_emio/Debug/3_gpio_emio.elf' is downloaded to processor 'ps7_cortexa9_0'.
18:51:56 INFO  : 'configparams force-mem-access 0' command is executed.
18:51:56 INFO  : ----------------XSDB Script----------------
connect -url tcp:127.0.0.1:3121
source G:/a_max/max_xilinx/opendv/3_gpio_emio/3_gpio_emio.sdk/system_wrapper_hw_platform_0/ps7_init.tcl
targets -set -nocase -filter {name =~"APU*" && jtag_cable_name =~ "Digilent JTAG-HS1 210512180081"} -index 0
loadhw -hw G:/a_max/max_xilinx/opendv/3_gpio_emio/3_gpio_emio.sdk/system_wrapper_hw_platform_0/system.hdf -mem-ranges [list {0x40000000 0xbfffffff}]
configparams force-mem-access 1
targets -set -nocase -filter {name =~"APU*" && jtag_cable_name =~ "Digilent JTAG-HS1 210512180081"} -index 0
stop
ps7_init
ps7_post_config
targets -set -nocase -filter {name =~ "ARM*#0" && jtag_cable_name =~ "Digilent JTAG-HS1 210512180081"} -index 0
rst -processor
targets -set -nocase -filter {name =~ "ARM*#0" && jtag_cable_name =~ "Digilent JTAG-HS1 210512180081"} -index 0
dow G:/a_max/max_xilinx/opendv/3_gpio_emio/3_gpio_emio.sdk/3_gpio_emio/Debug/3_gpio_emio.elf
configparams force-mem-access 0
----------------End of Script----------------

18:51:57 INFO  : Context for processor 'ps7_cortexa9_0' is selected.
18:51:57 INFO  : 'con' command is executed.
18:51:57 INFO  : ----------------XSDB Script (After Launch)----------------
targets -set -nocase -filter {name =~ "ARM*#0" && jtag_cable_name =~ "Digilent JTAG-HS1 210512180081"} -index 0
con
----------------End of Script----------------

18:51:57 INFO  : Launch script is exported to file 'G:\a_max\max_xilinx\opendv\3_gpio_emio\3_gpio_emio.sdk\.sdk\launch_scripts\xilinx_c-c++_application_(system_debugger)\system_debugger_using_debug_3_gpio_emio.elf_on_local.tcl'
18:53:41 INFO  : Disconnected from the channel tcfchan#2.
18:53:42 INFO  : Connected to target on host '127.0.0.1' and port '3121'.
18:53:42 INFO  : Jtag cable 'Digilent JTAG-HS1 210512180081' is selected.
18:53:42 INFO  : 'jtag frequency' command is executed.
18:53:42 INFO  : Sourcing of 'G:/a_max/max_xilinx/opendv/3_gpio_emio/3_gpio_emio.sdk/system_wrapper_hw_platform_0/ps7_init.tcl' is done.
18:53:42 INFO  : Context for 'APU' is selected.
18:53:44 INFO  : Hardware design information is loaded from 'G:/a_max/max_xilinx/opendv/3_gpio_emio/3_gpio_emio.sdk/system_wrapper_hw_platform_0/system.hdf'.
18:53:44 INFO  : 'configparams force-mem-access 1' command is executed.
18:53:44 INFO  : Context for 'APU' is selected.
18:53:44 INFO  : 'stop' command is executed.
18:53:44 INFO  : 'ps7_init' command is executed.
18:53:44 INFO  : 'ps7_post_config' command is executed.
18:53:44 INFO  : Context for processor 'ps7_cortexa9_0' is selected.
18:53:44 INFO  : Processor reset is completed for 'ps7_cortexa9_0'.
18:53:44 INFO  : Context for processor 'ps7_cortexa9_0' is selected.
18:53:44 INFO  : The application 'G:/a_max/max_xilinx/opendv/3_gpio_emio/3_gpio_emio.sdk/3_gpio_emio/Debug/3_gpio_emio.elf' is downloaded to processor 'ps7_cortexa9_0'.
18:53:44 INFO  : 'configparams force-mem-access 0' command is executed.
18:53:44 INFO  : ----------------XSDB Script----------------
connect -url tcp:127.0.0.1:3121
source G:/a_max/max_xilinx/opendv/3_gpio_emio/3_gpio_emio.sdk/system_wrapper_hw_platform_0/ps7_init.tcl
targets -set -nocase -filter {name =~"APU*" && jtag_cable_name =~ "Digilent JTAG-HS1 210512180081"} -index 0
loadhw -hw G:/a_max/max_xilinx/opendv/3_gpio_emio/3_gpio_emio.sdk/system_wrapper_hw_platform_0/system.hdf -mem-ranges [list {0x40000000 0xbfffffff}]
configparams force-mem-access 1
targets -set -nocase -filter {name =~"APU*" && jtag_cable_name =~ "Digilent JTAG-HS1 210512180081"} -index 0
stop
ps7_init
ps7_post_config
targets -set -nocase -filter {name =~ "ARM*#0" && jtag_cable_name =~ "Digilent JTAG-HS1 210512180081"} -index 0
rst -processor
targets -set -nocase -filter {name =~ "ARM*#0" && jtag_cable_name =~ "Digilent JTAG-HS1 210512180081"} -index 0
dow G:/a_max/max_xilinx/opendv/3_gpio_emio/3_gpio_emio.sdk/3_gpio_emio/Debug/3_gpio_emio.elf
configparams force-mem-access 0
----------------End of Script----------------

18:53:45 INFO  : Context for processor 'ps7_cortexa9_0' is selected.
18:53:45 INFO  : 'con' command is executed.
18:53:45 INFO  : ----------------XSDB Script (After Launch)----------------
targets -set -nocase -filter {name =~ "ARM*#0" && jtag_cable_name =~ "Digilent JTAG-HS1 210512180081"} -index 0
con
----------------End of Script----------------

18:53:45 INFO  : Launch script is exported to file 'G:\a_max\max_xilinx\opendv\3_gpio_emio\3_gpio_emio.sdk\.sdk\launch_scripts\xilinx_c-c++_application_(system_debugger)\system_debugger_using_debug_3_gpio_emio.elf_on_local.tcl'
18:54:25 INFO  : Disconnected from the channel tcfchan#3.
18:54:26 INFO  : Connected to target on host '127.0.0.1' and port '3121'.
18:54:26 INFO  : Jtag cable 'Digilent JTAG-HS1 210512180081' is selected.
18:54:26 INFO  : 'jtag frequency' command is executed.
18:54:26 INFO  : Sourcing of 'G:/a_max/max_xilinx/opendv/3_gpio_emio/3_gpio_emio.sdk/system_wrapper_hw_platform_0/ps7_init.tcl' is done.
18:54:26 INFO  : Context for 'APU' is selected.
18:54:28 INFO  : Hardware design information is loaded from 'G:/a_max/max_xilinx/opendv/3_gpio_emio/3_gpio_emio.sdk/system_wrapper_hw_platform_0/system.hdf'.
18:54:28 INFO  : 'configparams force-mem-access 1' command is executed.
18:54:28 INFO  : Context for 'APU' is selected.
18:54:28 INFO  : 'stop' command is executed.
18:54:29 INFO  : 'ps7_init' command is executed.
18:54:29 INFO  : 'ps7_post_config' command is executed.
18:54:29 INFO  : Context for processor 'ps7_cortexa9_0' is selected.
18:54:29 INFO  : Processor reset is completed for 'ps7_cortexa9_0'.
18:54:29 INFO  : Context for processor 'ps7_cortexa9_0' is selected.
18:54:29 INFO  : The application 'G:/a_max/max_xilinx/opendv/3_gpio_emio/3_gpio_emio.sdk/3_gpio_emio/Debug/3_gpio_emio.elf' is downloaded to processor 'ps7_cortexa9_0'.
18:54:29 INFO  : 'configparams force-mem-access 0' command is executed.
18:54:29 INFO  : ----------------XSDB Script----------------
connect -url tcp:127.0.0.1:3121
source G:/a_max/max_xilinx/opendv/3_gpio_emio/3_gpio_emio.sdk/system_wrapper_hw_platform_0/ps7_init.tcl
targets -set -nocase -filter {name =~"APU*" && jtag_cable_name =~ "Digilent JTAG-HS1 210512180081"} -index 0
loadhw -hw G:/a_max/max_xilinx/opendv/3_gpio_emio/3_gpio_emio.sdk/system_wrapper_hw_platform_0/system.hdf -mem-ranges [list {0x40000000 0xbfffffff}]
configparams force-mem-access 1
targets -set -nocase -filter {name =~"APU*" && jtag_cable_name =~ "Digilent JTAG-HS1 210512180081"} -index 0
stop
ps7_init
ps7_post_config
targets -set -nocase -filter {name =~ "ARM*#0" && jtag_cable_name =~ "Digilent JTAG-HS1 210512180081"} -index 0
rst -processor
targets -set -nocase -filter {name =~ "ARM*#0" && jtag_cable_name =~ "Digilent JTAG-HS1 210512180081"} -index 0
dow G:/a_max/max_xilinx/opendv/3_gpio_emio/3_gpio_emio.sdk/3_gpio_emio/Debug/3_gpio_emio.elf
configparams force-mem-access 0
----------------End of Script----------------

18:54:29 INFO  : Context for processor 'ps7_cortexa9_0' is selected.
18:54:29 INFO  : 'con' command is executed.
18:54:29 INFO  : ----------------XSDB Script (After Launch)----------------
targets -set -nocase -filter {name =~ "ARM*#0" && jtag_cable_name =~ "Digilent JTAG-HS1 210512180081"} -index 0
con
----------------End of Script----------------

18:54:29 INFO  : Launch script is exported to file 'G:\a_max\max_xilinx\opendv\3_gpio_emio\3_gpio_emio.sdk\.sdk\launch_scripts\xilinx_c-c++_application_(system_debugger)\system_debugger_using_debug_3_gpio_emio.elf_on_local.tcl'
19:48:46 INFO  : SDK has detected change in the last modified timestamps for source hardware specification file Source:1595159283187,  Project:1595133896489
19:48:46 INFO  : Project system_wrapper_hw_platform_0's source hardware specification located at G:/a_max/max_xilinx/opendv/3_gpio_emio/3_gpio_emio.sdk/system_wrapper.hdf is now different from the local copy.
		 The local copy will be replaced with the source specification and your workspace will be updated.
19:48:58 INFO  : Copied contents of G:/a_max/max_xilinx/opendv/3_gpio_emio/3_gpio_emio.sdk/system_wrapper.hdf into \system_wrapper_hw_platform_0\system.hdf.
19:49:08 INFO  : Synchronizing projects in the workspace with the hardware platform specification changes.
19:49:20 INFO  : 
19:49:21 INFO  : Updating hardware inferred compiler options for 3_gpio_emio.
19:49:21 INFO  : Clearing existing target manager status.
19:49:21 INFO  : Closing and re-opening the MSS file of ther project 3_gpio_emio_bsp
19:49:23 INFO  : Workspace synchronized with the new hardware specification file. Cleaning dependent projects...
19:49:31 WARN  : Linker script will not be updated automatically. Users need to update it manually.
19:57:33 INFO  : Disconnected from the channel tcfchan#4.
19:57:38 INFO  : 'targets -set -filter {jtag_cable_name =~ "Digilent JTAG-HS1 210512180081" && level==0} -index 1' command is executed.
19:57:38 INFO  : 'fpga -state' command is executed.
19:57:38 INFO  : Connected to target on host '127.0.0.1' and port '3121'.
19:57:39 INFO  : Jtag cable 'Digilent JTAG-HS1 210512180081' is selected.
19:57:40 INFO  : 'jtag frequency' command is executed.
19:57:40 INFO  : Sourcing of 'G:/a_max/max_xilinx/opendv/3_gpio_emio/3_gpio_emio.sdk/system_wrapper_hw_platform_0/ps7_init.tcl' is done.
19:57:40 INFO  : Context for 'APU' is selected.
19:57:40 INFO  : Hardware design information is loaded from 'G:/a_max/max_xilinx/opendv/3_gpio_emio/3_gpio_emio.sdk/system_wrapper_hw_platform_0/system.hdf'.
19:57:40 INFO  : 'configparams force-mem-access 1' command is executed.
19:57:40 INFO  : Context for 'APU' is selected.
19:57:41 INFO  : 'stop' command is executed.
19:57:42 INFO  : 'ps7_init' command is executed.
19:57:42 INFO  : 'ps7_post_config' command is executed.
19:57:42 INFO  : Context for processor 'ps7_cortexa9_0' is selected.
19:57:42 INFO  : Processor reset is completed for 'ps7_cortexa9_0'.
19:57:42 INFO  : Context for processor 'ps7_cortexa9_0' is selected.
19:57:42 INFO  : The application 'G:/a_max/max_xilinx/opendv/3_gpio_emio/3_gpio_emio.sdk/3_gpio_emio/Debug/3_gpio_emio.elf' is downloaded to processor 'ps7_cortexa9_0'.
19:57:42 INFO  : 'configparams force-mem-access 0' command is executed.
19:57:42 INFO  : ----------------XSDB Script----------------
connect -url tcp:127.0.0.1:3121
source G:/a_max/max_xilinx/opendv/3_gpio_emio/3_gpio_emio.sdk/system_wrapper_hw_platform_0/ps7_init.tcl
targets -set -nocase -filter {name =~"APU*" && jtag_cable_name =~ "Digilent JTAG-HS1 210512180081"} -index 0
loadhw -hw G:/a_max/max_xilinx/opendv/3_gpio_emio/3_gpio_emio.sdk/system_wrapper_hw_platform_0/system.hdf -mem-ranges [list {0x40000000 0xbfffffff}]
configparams force-mem-access 1
targets -set -nocase -filter {name =~"APU*" && jtag_cable_name =~ "Digilent JTAG-HS1 210512180081"} -index 0
stop
ps7_init
ps7_post_config
targets -set -nocase -filter {name =~ "ARM*#0" && jtag_cable_name =~ "Digilent JTAG-HS1 210512180081"} -index 0
rst -processor
targets -set -nocase -filter {name =~ "ARM*#0" && jtag_cable_name =~ "Digilent JTAG-HS1 210512180081"} -index 0
dow G:/a_max/max_xilinx/opendv/3_gpio_emio/3_gpio_emio.sdk/3_gpio_emio/Debug/3_gpio_emio.elf
configparams force-mem-access 0
----------------End of Script----------------

19:57:43 INFO  : Memory regions updated for context APU
19:57:43 INFO  : Context for processor 'ps7_cortexa9_0' is selected.
19:57:43 INFO  : 'con' command is executed.
19:57:43 INFO  : ----------------XSDB Script (After Launch)----------------
targets -set -nocase -filter {name =~ "ARM*#0" && jtag_cable_name =~ "Digilent JTAG-HS1 210512180081"} -index 0
con
----------------End of Script----------------

19:57:43 INFO  : Launch script is exported to file 'G:\a_max\max_xilinx\opendv\3_gpio_emio\3_gpio_emio.sdk\.sdk\launch_scripts\xilinx_c-c++_application_(system_debugger)\system_debugger_using_debug_3_gpio_emio.elf_on_local.tcl'
19:59:08 INFO  : Connected to target on host '127.0.0.1' and port '3121'.
19:59:09 INFO  : 'targets -set -filter {jtag_cable_name =~ "Digilent JTAG-HS1 210512180081" && level==0} -index 1' command is executed.
19:59:13 INFO  : FPGA configured successfully with bitstream "G:/a_max/max_xilinx/opendv/3_gpio_emio/3_gpio_emio.sdk/system_wrapper_hw_platform_0/system_wrapper.bit"
19:59:55 INFO  : Connected to target on host '127.0.0.1' and port '3121'.
19:59:56 INFO  : 'targets -set -filter {jtag_cable_name =~ "Digilent JTAG-HS1 210512180081" && level==0} -index 1' command is executed.
20:00:01 INFO  : FPGA configured successfully with bitstream "G:/a_max/max_xilinx/opendv/3_gpio_emio/3_gpio_emio.sdk/system_wrapper_hw_platform_0/system_wrapper.bit"
20:00:33 INFO  : Disconnected from the channel tcfchan#5.
20:00:35 INFO  : 'targets -set -filter {jtag_cable_name =~ "Digilent JTAG-HS1 210512180081" && level==0} -index 1' command is executed.
20:00:35 INFO  : 'fpga -state' command is executed.
20:00:35 INFO  : Connected to target on host '127.0.0.1' and port '3121'.
20:00:36 INFO  : Jtag cable 'Digilent JTAG-HS1 210512180081' is selected.
20:00:36 INFO  : 'jtag frequency' command is executed.
20:00:36 INFO  : Sourcing of 'G:/a_max/max_xilinx/opendv/3_gpio_emio/3_gpio_emio.sdk/system_wrapper_hw_platform_0/ps7_init.tcl' is done.
20:00:36 INFO  : Context for 'APU' is selected.
20:00:42 INFO  : Hardware design information is loaded from 'G:/a_max/max_xilinx/opendv/3_gpio_emio/3_gpio_emio.sdk/system_wrapper_hw_platform_0/system.hdf'.
20:00:42 INFO  : 'configparams force-mem-access 1' command is executed.
20:00:44 INFO  : Context for 'APU' is selected.
20:00:44 INFO  : 'stop' command is executed.
20:00:45 INFO  : 'ps7_init' command is executed.
20:00:45 INFO  : 'ps7_post_config' command is executed.
20:00:45 INFO  : Context for processor 'ps7_cortexa9_0' is selected.
20:00:45 INFO  : Processor reset is completed for 'ps7_cortexa9_0'.
20:00:46 INFO  : Context for processor 'ps7_cortexa9_0' is selected.
20:00:46 INFO  : The application 'G:/a_max/max_xilinx/opendv/3_gpio_emio/3_gpio_emio.sdk/3_gpio_emio/Debug/3_gpio_emio.elf' is downloaded to processor 'ps7_cortexa9_0'.
20:00:46 INFO  : 'configparams force-mem-access 0' command is executed.
20:00:46 INFO  : ----------------XSDB Script----------------
connect -url tcp:127.0.0.1:3121
source G:/a_max/max_xilinx/opendv/3_gpio_emio/3_gpio_emio.sdk/system_wrapper_hw_platform_0/ps7_init.tcl
targets -set -nocase -filter {name =~"APU*" && jtag_cable_name =~ "Digilent JTAG-HS1 210512180081"} -index 0
loadhw -hw G:/a_max/max_xilinx/opendv/3_gpio_emio/3_gpio_emio.sdk/system_wrapper_hw_platform_0/system.hdf -mem-ranges [list {0x40000000 0xbfffffff}]
configparams force-mem-access 1
targets -set -nocase -filter {name =~"APU*" && jtag_cable_name =~ "Digilent JTAG-HS1 210512180081"} -index 0
stop
ps7_init
ps7_post_config
targets -set -nocase -filter {name =~ "ARM*#0" && jtag_cable_name =~ "Digilent JTAG-HS1 210512180081"} -index 0
rst -processor
targets -set -nocase -filter {name =~ "ARM*#0" && jtag_cable_name =~ "Digilent JTAG-HS1 210512180081"} -index 0
dow G:/a_max/max_xilinx/opendv/3_gpio_emio/3_gpio_emio.sdk/3_gpio_emio/Debug/3_gpio_emio.elf
configparams force-mem-access 0
----------------End of Script----------------

20:00:46 INFO  : Memory regions updated for context APU
20:00:46 INFO  : Context for processor 'ps7_cortexa9_0' is selected.
20:00:47 INFO  : 'con' command is executed.
20:00:47 INFO  : ----------------XSDB Script (After Launch)----------------
targets -set -nocase -filter {name =~ "ARM*#0" && jtag_cable_name =~ "Digilent JTAG-HS1 210512180081"} -index 0
con
----------------End of Script----------------

20:00:47 INFO  : Launch script is exported to file 'G:\a_max\max_xilinx\opendv\3_gpio_emio\3_gpio_emio.sdk\.sdk\launch_scripts\xilinx_c-c++_application_(system_debugger)\system_debugger_using_debug_3_gpio_emio.elf_on_local.tcl'
20:06:13 INFO  : Disconnected from the channel tcfchan#6.
21:07:49 INFO  : Registering command handlers for SDK TCF services
21:07:52 INFO  : Launching XSCT server: xsct.bat -interactive G:\a_max\max_xilinx\opendv\3_gpio_emio\3_gpio_emio.sdk\temp_xsdb_launch_script.tcl
21:08:06 INFO  : XSCT server has started successfully.
21:08:07 INFO  : Successfully done setting XSCT server connection channel  
21:08:07 INFO  : Successfully done setting SDK workspace  
21:08:07 INFO  : Processing command line option -hwspec G:/a_max/max_xilinx/opendv/3_gpio_emio/3_gpio_emio.sdk/system_wrapper.hdf.
21:08:07 INFO  : Checking for hwspec changes in the project system_wrapper_hw_platform_0.
22:19:44 INFO  : Registering command handlers for SDK TCF services
22:19:46 INFO  : Launching XSCT server: xsct.bat -interactive G:\a_max\max_xilinx\opendv\3_gpio_emio\3_gpio_emio.sdk\temp_xsdb_launch_script.tcl
22:19:54 INFO  : XSCT server has started successfully.
22:19:54 INFO  : Successfully done setting XSCT server connection channel  
22:19:54 INFO  : Successfully done setting SDK workspace  
22:19:54 INFO  : Processing command line option -hwspec G:/a_max/max_xilinx/opendv/3_gpio_emio/3_gpio_emio.sdk/system_wrapper.hdf.
22:19:54 INFO  : Checking for hwspec changes in the project system_wrapper_hw_platform_0.
22:49:36 INFO  : Registering command handlers for SDK TCF services
22:49:43 INFO  : Launching XSCT server: xsct.bat -interactive G:\a_max\max_xilinx\opendv\3_gpio_emio\3_gpio_emio.sdk\temp_xsdb_launch_script.tcl
22:49:56 INFO  : XSCT server has started successfully.
22:49:59 INFO  : Successfully done setting XSCT server connection channel  
22:49:59 INFO  : Successfully done setting SDK workspace  
22:49:59 INFO  : Processing command line option -hwspec G:/a_max/max_xilinx/opendv/3_gpio_emio/3_gpio_emio.sdk/system_wrapper.hdf.
22:49:59 INFO  : Checking for hwspec changes in the project system_wrapper_hw_platform_0.
22:50:52 INFO  : 'targets -set -filter {jtag_cable_name =~ "Digilent JTAG-HS1 210512180081" && level==0} -index 1' command is executed.
22:50:52 INFO  : 'fpga -state' command is executed.
22:50:52 INFO  : Connected to target on host '127.0.0.1' and port '3121'.
22:50:53 INFO  : Jtag cable 'Digilent JTAG-HS1 210512180081' is selected.
22:50:53 INFO  : 'jtag frequency' command is executed.
22:50:53 INFO  : Sourcing of 'G:/a_max/max_xilinx/opendv/3_gpio_emio/3_gpio_emio.sdk/system_wrapper_hw_platform_0/ps7_init.tcl' is done.
22:50:53 INFO  : Context for 'APU' is selected.
22:50:53 INFO  : Hardware design information is loaded from 'G:/a_max/max_xilinx/opendv/3_gpio_emio/3_gpio_emio.sdk/system_wrapper_hw_platform_0/system.hdf'.
22:50:53 INFO  : 'configparams force-mem-access 1' command is executed.
22:50:53 INFO  : Context for 'APU' is selected.
22:50:53 INFO  : 'stop' command is executed.
22:50:53 INFO  : 'ps7_init' command is executed.
22:50:53 INFO  : 'ps7_post_config' command is executed.
22:50:53 INFO  : Context for processor 'ps7_cortexa9_0' is selected.
22:50:53 INFO  : Processor reset is completed for 'ps7_cortexa9_0'.
22:50:53 INFO  : Context for processor 'ps7_cortexa9_0' is selected.
22:50:53 INFO  : The application 'G:/a_max/max_xilinx/opendv/3_gpio_emio/3_gpio_emio.sdk/3_gpio_emio/Debug/3_gpio_emio.elf' is downloaded to processor 'ps7_cortexa9_0'.
22:50:53 INFO  : 'configparams force-mem-access 0' command is executed.
22:50:53 INFO  : ----------------XSDB Script----------------
connect -url tcp:127.0.0.1:3121
source G:/a_max/max_xilinx/opendv/3_gpio_emio/3_gpio_emio.sdk/system_wrapper_hw_platform_0/ps7_init.tcl
targets -set -nocase -filter {name =~"APU*" && jtag_cable_name =~ "Digilent JTAG-HS1 210512180081"} -index 0
loadhw -hw G:/a_max/max_xilinx/opendv/3_gpio_emio/3_gpio_emio.sdk/system_wrapper_hw_platform_0/system.hdf -mem-ranges [list {0x40000000 0xbfffffff}]
configparams force-mem-access 1
targets -set -nocase -filter {name =~"APU*" && jtag_cable_name =~ "Digilent JTAG-HS1 210512180081"} -index 0
stop
ps7_init
ps7_post_config
targets -set -nocase -filter {name =~ "ARM*#0" && jtag_cable_name =~ "Digilent JTAG-HS1 210512180081"} -index 0
rst -processor
targets -set -nocase -filter {name =~ "ARM*#0" && jtag_cable_name =~ "Digilent JTAG-HS1 210512180081"} -index 0
dow G:/a_max/max_xilinx/opendv/3_gpio_emio/3_gpio_emio.sdk/3_gpio_emio/Debug/3_gpio_emio.elf
configparams force-mem-access 0
----------------End of Script----------------

22:50:54 INFO  : Memory regions updated for context APU
22:50:54 INFO  : Context for processor 'ps7_cortexa9_0' is selected.
22:50:54 INFO  : 'con' command is executed.
22:50:54 INFO  : ----------------XSDB Script (After Launch)----------------
targets -set -nocase -filter {name =~ "ARM*#0" && jtag_cable_name =~ "Digilent JTAG-HS1 210512180081"} -index 0
con
----------------End of Script----------------

22:50:54 INFO  : Launch script is exported to file 'G:\a_max\max_xilinx\opendv\3_gpio_emio\3_gpio_emio.sdk\.sdk\launch_scripts\xilinx_c-c++_application_(system_debugger)\system_debugger_using_debug_3_gpio_emio.elf_on_local.tcl'
23:23:40 INFO  : Disconnected from the channel tcfchan#1.
23:23:41 INFO  : 'targets -set -filter {jtag_cable_name =~ "Digilent JTAG-HS1 210512180081" && level==0} -index 1' command is executed.
23:23:42 INFO  : 'fpga -state' command is executed.
23:23:42 INFO  : Connected to target on host '127.0.0.1' and port '3121'.
23:23:42 INFO  : Jtag cable 'Digilent JTAG-HS1 210512180081' is selected.
23:23:42 INFO  : 'jtag frequency' command is executed.
23:23:42 INFO  : Sourcing of 'G:/a_max/max_xilinx/opendv/3_gpio_emio/3_gpio_emio.sdk/system_wrapper_hw_platform_0/ps7_init.tcl' is done.
23:23:42 INFO  : Context for 'APU' is selected.
23:23:44 INFO  : Hardware design information is loaded from 'G:/a_max/max_xilinx/opendv/3_gpio_emio/3_gpio_emio.sdk/system_wrapper_hw_platform_0/system.hdf'.
23:23:44 INFO  : 'configparams force-mem-access 1' command is executed.
23:23:44 INFO  : Context for 'APU' is selected.
23:23:44 INFO  : 'stop' command is executed.
23:23:45 INFO  : 'ps7_init' command is executed.
23:23:45 INFO  : 'ps7_post_config' command is executed.
23:23:45 INFO  : Context for processor 'ps7_cortexa9_0' is selected.
23:23:45 INFO  : Processor reset is completed for 'ps7_cortexa9_0'.
23:23:45 INFO  : Context for processor 'ps7_cortexa9_0' is selected.
23:23:45 INFO  : The application 'G:/a_max/max_xilinx/opendv/3_gpio_emio/3_gpio_emio.sdk/3_gpio_emio/Debug/3_gpio_emio.elf' is downloaded to processor 'ps7_cortexa9_0'.
23:23:45 INFO  : 'configparams force-mem-access 0' command is executed.
23:23:45 INFO  : ----------------XSDB Script----------------
connect -url tcp:127.0.0.1:3121
source G:/a_max/max_xilinx/opendv/3_gpio_emio/3_gpio_emio.sdk/system_wrapper_hw_platform_0/ps7_init.tcl
targets -set -nocase -filter {name =~"APU*" && jtag_cable_name =~ "Digilent JTAG-HS1 210512180081"} -index 0
loadhw -hw G:/a_max/max_xilinx/opendv/3_gpio_emio/3_gpio_emio.sdk/system_wrapper_hw_platform_0/system.hdf -mem-ranges [list {0x40000000 0xbfffffff}]
configparams force-mem-access 1
targets -set -nocase -filter {name =~"APU*" && jtag_cable_name =~ "Digilent JTAG-HS1 210512180081"} -index 0
stop
ps7_init
ps7_post_config
targets -set -nocase -filter {name =~ "ARM*#0" && jtag_cable_name =~ "Digilent JTAG-HS1 210512180081"} -index 0
rst -processor
targets -set -nocase -filter {name =~ "ARM*#0" && jtag_cable_name =~ "Digilent JTAG-HS1 210512180081"} -index 0
dow G:/a_max/max_xilinx/opendv/3_gpio_emio/3_gpio_emio.sdk/3_gpio_emio/Debug/3_gpio_emio.elf
configparams force-mem-access 0
----------------End of Script----------------

23:23:45 INFO  : Memory regions updated for context APU
23:23:45 INFO  : Context for processor 'ps7_cortexa9_0' is selected.
23:23:45 INFO  : 'con' command is executed.
23:23:45 INFO  : ----------------XSDB Script (After Launch)----------------
targets -set -nocase -filter {name =~ "ARM*#0" && jtag_cable_name =~ "Digilent JTAG-HS1 210512180081"} -index 0
con
----------------End of Script----------------

23:23:45 INFO  : Launch script is exported to file 'G:\a_max\max_xilinx\opendv\3_gpio_emio\3_gpio_emio.sdk\.sdk\launch_scripts\xilinx_c-c++_application_(system_debugger)\system_debugger_using_debug_3_gpio_emio.elf_on_local.tcl'
23:24:33 INFO  : Disconnected from the channel tcfchan#2.
23:24:35 INFO  : 'targets -set -filter {jtag_cable_name =~ "Digilent JTAG-HS1 210512180081" && level==0} -index 1' command is executed.
23:24:35 INFO  : 'fpga -state' command is executed.
23:24:35 INFO  : Connected to target on host '127.0.0.1' and port '3121'.
23:24:35 INFO  : Jtag cable 'Digilent JTAG-HS1 210512180081' is selected.
23:24:35 INFO  : 'jtag frequency' command is executed.
23:24:35 INFO  : Sourcing of 'G:/a_max/max_xilinx/opendv/3_gpio_emio/3_gpio_emio.sdk/system_wrapper_hw_platform_0/ps7_init.tcl' is done.
23:24:35 INFO  : Context for 'APU' is selected.
23:24:36 INFO  : Hardware design information is loaded from 'G:/a_max/max_xilinx/opendv/3_gpio_emio/3_gpio_emio.sdk/system_wrapper_hw_platform_0/system.hdf'.
23:24:36 INFO  : 'configparams force-mem-access 1' command is executed.
23:24:36 INFO  : Context for 'APU' is selected.
23:24:37 INFO  : 'stop' command is executed.
23:24:37 INFO  : 'ps7_init' command is executed.
23:24:37 INFO  : 'ps7_post_config' command is executed.
23:24:37 INFO  : Context for processor 'ps7_cortexa9_0' is selected.
23:24:37 INFO  : Processor reset is completed for 'ps7_cortexa9_0'.
23:24:37 INFO  : Context for processor 'ps7_cortexa9_0' is selected.
23:24:37 INFO  : The application 'G:/a_max/max_xilinx/opendv/3_gpio_emio/3_gpio_emio.sdk/3_gpio_emio/Debug/3_gpio_emio.elf' is downloaded to processor 'ps7_cortexa9_0'.
23:24:37 INFO  : 'configparams force-mem-access 0' command is executed.
23:24:37 INFO  : ----------------XSDB Script----------------
connect -url tcp:127.0.0.1:3121
source G:/a_max/max_xilinx/opendv/3_gpio_emio/3_gpio_emio.sdk/system_wrapper_hw_platform_0/ps7_init.tcl
targets -set -nocase -filter {name =~"APU*" && jtag_cable_name =~ "Digilent JTAG-HS1 210512180081"} -index 0
loadhw -hw G:/a_max/max_xilinx/opendv/3_gpio_emio/3_gpio_emio.sdk/system_wrapper_hw_platform_0/system.hdf -mem-ranges [list {0x40000000 0xbfffffff}]
configparams force-mem-access 1
targets -set -nocase -filter {name =~"APU*" && jtag_cable_name =~ "Digilent JTAG-HS1 210512180081"} -index 0
stop
ps7_init
ps7_post_config
targets -set -nocase -filter {name =~ "ARM*#0" && jtag_cable_name =~ "Digilent JTAG-HS1 210512180081"} -index 0
rst -processor
targets -set -nocase -filter {name =~ "ARM*#0" && jtag_cable_name =~ "Digilent JTAG-HS1 210512180081"} -index 0
dow G:/a_max/max_xilinx/opendv/3_gpio_emio/3_gpio_emio.sdk/3_gpio_emio/Debug/3_gpio_emio.elf
configparams force-mem-access 0
----------------End of Script----------------

23:24:37 INFO  : Memory regions updated for context APU
23:24:37 INFO  : Context for processor 'ps7_cortexa9_0' is selected.
23:24:37 INFO  : 'con' command is executed.
23:24:37 INFO  : ----------------XSDB Script (After Launch)----------------
targets -set -nocase -filter {name =~ "ARM*#0" && jtag_cable_name =~ "Digilent JTAG-HS1 210512180081"} -index 0
con
----------------End of Script----------------

23:24:37 INFO  : Launch script is exported to file 'G:\a_max\max_xilinx\opendv\3_gpio_emio\3_gpio_emio.sdk\.sdk\launch_scripts\xilinx_c-c++_application_(system_debugger)\system_debugger_using_debug_3_gpio_emio.elf_on_local.tcl'
23:25:46 INFO  : Disconnected from the channel tcfchan#3.
23:25:47 INFO  : 'targets -set -filter {jtag_cable_name =~ "Digilent JTAG-HS1 210512180081" && level==0} -index 1' command is executed.
23:25:48 INFO  : 'fpga -state' command is executed.
23:25:48 INFO  : Connected to target on host '127.0.0.1' and port '3121'.
23:25:48 INFO  : Jtag cable 'Digilent JTAG-HS1 210512180081' is selected.
23:25:48 INFO  : 'jtag frequency' command is executed.
23:25:48 INFO  : Sourcing of 'G:/a_max/max_xilinx/opendv/3_gpio_emio/3_gpio_emio.sdk/system_wrapper_hw_platform_0/ps7_init.tcl' is done.
23:25:48 INFO  : Context for 'APU' is selected.
23:25:50 INFO  : Hardware design information is loaded from 'G:/a_max/max_xilinx/opendv/3_gpio_emio/3_gpio_emio.sdk/system_wrapper_hw_platform_0/system.hdf'.
23:25:50 INFO  : 'configparams force-mem-access 1' command is executed.
23:25:50 INFO  : Context for 'APU' is selected.
23:25:50 INFO  : 'stop' command is executed.
23:25:50 INFO  : 'ps7_init' command is executed.
23:25:50 INFO  : 'ps7_post_config' command is executed.
23:25:50 INFO  : Context for processor 'ps7_cortexa9_0' is selected.
23:25:50 INFO  : Processor reset is completed for 'ps7_cortexa9_0'.
23:25:50 INFO  : Context for processor 'ps7_cortexa9_0' is selected.
23:25:50 INFO  : The application 'G:/a_max/max_xilinx/opendv/3_gpio_emio/3_gpio_emio.sdk/3_gpio_emio/Debug/3_gpio_emio.elf' is downloaded to processor 'ps7_cortexa9_0'.
23:25:50 INFO  : 'configparams force-mem-access 0' command is executed.
23:25:50 INFO  : ----------------XSDB Script----------------
connect -url tcp:127.0.0.1:3121
source G:/a_max/max_xilinx/opendv/3_gpio_emio/3_gpio_emio.sdk/system_wrapper_hw_platform_0/ps7_init.tcl
targets -set -nocase -filter {name =~"APU*" && jtag_cable_name =~ "Digilent JTAG-HS1 210512180081"} -index 0
loadhw -hw G:/a_max/max_xilinx/opendv/3_gpio_emio/3_gpio_emio.sdk/system_wrapper_hw_platform_0/system.hdf -mem-ranges [list {0x40000000 0xbfffffff}]
configparams force-mem-access 1
targets -set -nocase -filter {name =~"APU*" && jtag_cable_name =~ "Digilent JTAG-HS1 210512180081"} -index 0
stop
ps7_init
ps7_post_config
targets -set -nocase -filter {name =~ "ARM*#0" && jtag_cable_name =~ "Digilent JTAG-HS1 210512180081"} -index 0
rst -processor
targets -set -nocase -filter {name =~ "ARM*#0" && jtag_cable_name =~ "Digilent JTAG-HS1 210512180081"} -index 0
dow G:/a_max/max_xilinx/opendv/3_gpio_emio/3_gpio_emio.sdk/3_gpio_emio/Debug/3_gpio_emio.elf
configparams force-mem-access 0
----------------End of Script----------------

23:25:50 INFO  : Memory regions updated for context APU
23:25:50 INFO  : Context for processor 'ps7_cortexa9_0' is selected.
23:25:50 INFO  : 'con' command is executed.
23:25:50 INFO  : ----------------XSDB Script (After Launch)----------------
targets -set -nocase -filter {name =~ "ARM*#0" && jtag_cable_name =~ "Digilent JTAG-HS1 210512180081"} -index 0
con
----------------End of Script----------------

23:25:50 INFO  : Launch script is exported to file 'G:\a_max\max_xilinx\opendv\3_gpio_emio\3_gpio_emio.sdk\.sdk\launch_scripts\xilinx_c-c++_application_(system_debugger)\system_debugger_using_debug_3_gpio_emio.elf_on_local.tcl'
23:30:49 INFO  : Disconnected from the channel tcfchan#4.
23:30:50 INFO  : 'targets -set -filter {jtag_cable_name =~ "Digilent JTAG-HS1 210512180081" && level==0} -index 1' command is executed.
23:30:50 INFO  : 'fpga -state' command is executed.
23:30:50 INFO  : Connected to target on host '127.0.0.1' and port '3121'.
23:30:51 INFO  : Jtag cable 'Digilent JTAG-HS1 210512180081' is selected.
23:30:51 INFO  : 'jtag frequency' command is executed.
23:30:51 INFO  : Sourcing of 'G:/a_max/max_xilinx/opendv/3_gpio_emio/3_gpio_emio.sdk/system_wrapper_hw_platform_0/ps7_init.tcl' is done.
23:30:51 INFO  : Context for 'APU' is selected.
23:30:52 INFO  : Hardware design information is loaded from 'G:/a_max/max_xilinx/opendv/3_gpio_emio/3_gpio_emio.sdk/system_wrapper_hw_platform_0/system.hdf'.
23:30:52 INFO  : 'configparams force-mem-access 1' command is executed.
23:30:53 INFO  : Context for 'APU' is selected.
23:30:53 INFO  : 'stop' command is executed.
23:30:53 INFO  : 'ps7_init' command is executed.
23:30:53 INFO  : 'ps7_post_config' command is executed.
23:30:53 INFO  : Context for processor 'ps7_cortexa9_0' is selected.
23:30:53 INFO  : Processor reset is completed for 'ps7_cortexa9_0'.
23:30:53 INFO  : Context for processor 'ps7_cortexa9_0' is selected.
23:30:53 INFO  : The application 'G:/a_max/max_xilinx/opendv/3_gpio_emio/3_gpio_emio.sdk/3_gpio_emio/Debug/3_gpio_emio.elf' is downloaded to processor 'ps7_cortexa9_0'.
23:30:53 INFO  : 'configparams force-mem-access 0' command is executed.
23:30:53 INFO  : ----------------XSDB Script----------------
connect -url tcp:127.0.0.1:3121
source G:/a_max/max_xilinx/opendv/3_gpio_emio/3_gpio_emio.sdk/system_wrapper_hw_platform_0/ps7_init.tcl
targets -set -nocase -filter {name =~"APU*" && jtag_cable_name =~ "Digilent JTAG-HS1 210512180081"} -index 0
loadhw -hw G:/a_max/max_xilinx/opendv/3_gpio_emio/3_gpio_emio.sdk/system_wrapper_hw_platform_0/system.hdf -mem-ranges [list {0x40000000 0xbfffffff}]
configparams force-mem-access 1
targets -set -nocase -filter {name =~"APU*" && jtag_cable_name =~ "Digilent JTAG-HS1 210512180081"} -index 0
stop
ps7_init
ps7_post_config
targets -set -nocase -filter {name =~ "ARM*#0" && jtag_cable_name =~ "Digilent JTAG-HS1 210512180081"} -index 0
rst -processor
targets -set -nocase -filter {name =~ "ARM*#0" && jtag_cable_name =~ "Digilent JTAG-HS1 210512180081"} -index 0
dow G:/a_max/max_xilinx/opendv/3_gpio_emio/3_gpio_emio.sdk/3_gpio_emio/Debug/3_gpio_emio.elf
configparams force-mem-access 0
----------------End of Script----------------

23:30:53 INFO  : Memory regions updated for context APU
23:30:53 INFO  : Context for processor 'ps7_cortexa9_0' is selected.
23:30:53 INFO  : 'con' command is executed.
23:30:53 INFO  : ----------------XSDB Script (After Launch)----------------
targets -set -nocase -filter {name =~ "ARM*#0" && jtag_cable_name =~ "Digilent JTAG-HS1 210512180081"} -index 0
con
----------------End of Script----------------

23:30:53 INFO  : Launch script is exported to file 'G:\a_max\max_xilinx\opendv\3_gpio_emio\3_gpio_emio.sdk\.sdk\launch_scripts\xilinx_c-c++_application_(system_debugger)\system_debugger_using_debug_3_gpio_emio.elf_on_local.tcl'
23:31:22 INFO  : Disconnected from the channel tcfchan#5.
23:31:23 INFO  : 'targets -set -filter {jtag_cable_name =~ "Digilent JTAG-HS1 210512180081" && level==0} -index 1' command is executed.
23:31:23 INFO  : 'fpga -state' command is executed.
23:31:23 INFO  : Connected to target on host '127.0.0.1' and port '3121'.
23:31:23 INFO  : Jtag cable 'Digilent JTAG-HS1 210512180081' is selected.
23:31:23 INFO  : 'jtag frequency' command is executed.
23:31:23 INFO  : Sourcing of 'G:/a_max/max_xilinx/opendv/3_gpio_emio/3_gpio_emio.sdk/system_wrapper_hw_platform_0/ps7_init.tcl' is done.
23:31:23 INFO  : Context for 'APU' is selected.
23:31:25 INFO  : Hardware design information is loaded from 'G:/a_max/max_xilinx/opendv/3_gpio_emio/3_gpio_emio.sdk/system_wrapper_hw_platform_0/system.hdf'.
23:31:25 INFO  : 'configparams force-mem-access 1' command is executed.
23:31:25 INFO  : Context for 'APU' is selected.
23:31:25 INFO  : 'stop' command is executed.
23:31:26 INFO  : 'ps7_init' command is executed.
23:31:26 INFO  : 'ps7_post_config' command is executed.
23:31:26 INFO  : Context for processor 'ps7_cortexa9_0' is selected.
23:31:26 INFO  : Processor reset is completed for 'ps7_cortexa9_0'.
23:31:26 INFO  : Context for processor 'ps7_cortexa9_0' is selected.
23:31:26 INFO  : The application 'G:/a_max/max_xilinx/opendv/3_gpio_emio/3_gpio_emio.sdk/3_gpio_emio/Debug/3_gpio_emio.elf' is downloaded to processor 'ps7_cortexa9_0'.
23:31:26 INFO  : 'configparams force-mem-access 0' command is executed.
23:31:26 INFO  : ----------------XSDB Script----------------
connect -url tcp:127.0.0.1:3121
source G:/a_max/max_xilinx/opendv/3_gpio_emio/3_gpio_emio.sdk/system_wrapper_hw_platform_0/ps7_init.tcl
targets -set -nocase -filter {name =~"APU*" && jtag_cable_name =~ "Digilent JTAG-HS1 210512180081"} -index 0
loadhw -hw G:/a_max/max_xilinx/opendv/3_gpio_emio/3_gpio_emio.sdk/system_wrapper_hw_platform_0/system.hdf -mem-ranges [list {0x40000000 0xbfffffff}]
configparams force-mem-access 1
targets -set -nocase -filter {name =~"APU*" && jtag_cable_name =~ "Digilent JTAG-HS1 210512180081"} -index 0
stop
ps7_init
ps7_post_config
targets -set -nocase -filter {name =~ "ARM*#0" && jtag_cable_name =~ "Digilent JTAG-HS1 210512180081"} -index 0
rst -processor
targets -set -nocase -filter {name =~ "ARM*#0" && jtag_cable_name =~ "Digilent JTAG-HS1 210512180081"} -index 0
dow G:/a_max/max_xilinx/opendv/3_gpio_emio/3_gpio_emio.sdk/3_gpio_emio/Debug/3_gpio_emio.elf
configparams force-mem-access 0
----------------End of Script----------------

23:31:26 INFO  : Memory regions updated for context APU
23:31:26 INFO  : Context for processor 'ps7_cortexa9_0' is selected.
23:31:26 INFO  : 'con' command is executed.
23:31:26 INFO  : ----------------XSDB Script (After Launch)----------------
targets -set -nocase -filter {name =~ "ARM*#0" && jtag_cable_name =~ "Digilent JTAG-HS1 210512180081"} -index 0
con
----------------End of Script----------------

23:31:26 INFO  : Launch script is exported to file 'G:\a_max\max_xilinx\opendv\3_gpio_emio\3_gpio_emio.sdk\.sdk\launch_scripts\xilinx_c-c++_application_(system_debugger)\system_debugger_using_debug_3_gpio_emio.elf_on_local.tcl'
23:36:38 INFO  : Disconnected from the channel tcfchan#6.
23:36:39 INFO  : 'targets -set -filter {jtag_cable_name =~ "Digilent JTAG-HS1 210512180081" && level==0} -index 1' command is executed.
23:36:39 INFO  : 'fpga -state' command is executed.
23:36:39 INFO  : Connected to target on host '127.0.0.1' and port '3121'.
23:36:39 INFO  : Jtag cable 'Digilent JTAG-HS1 210512180081' is selected.
23:36:39 INFO  : 'jtag frequency' command is executed.
23:36:39 INFO  : Sourcing of 'G:/a_max/max_xilinx/opendv/3_gpio_emio/3_gpio_emio.sdk/system_wrapper_hw_platform_0/ps7_init.tcl' is done.
23:36:39 INFO  : Context for 'APU' is selected.
23:36:41 INFO  : Hardware design information is loaded from 'G:/a_max/max_xilinx/opendv/3_gpio_emio/3_gpio_emio.sdk/system_wrapper_hw_platform_0/system.hdf'.
23:36:41 INFO  : 'configparams force-mem-access 1' command is executed.
23:36:41 INFO  : Context for 'APU' is selected.
23:36:41 INFO  : 'stop' command is executed.
23:36:42 INFO  : 'ps7_init' command is executed.
23:36:42 INFO  : 'ps7_post_config' command is executed.
23:36:42 INFO  : Context for processor 'ps7_cortexa9_0' is selected.
23:36:42 INFO  : Processor reset is completed for 'ps7_cortexa9_0'.
23:36:42 INFO  : Context for processor 'ps7_cortexa9_0' is selected.
23:36:42 INFO  : The application 'G:/a_max/max_xilinx/opendv/3_gpio_emio/3_gpio_emio.sdk/3_gpio_emio/Debug/3_gpio_emio.elf' is downloaded to processor 'ps7_cortexa9_0'.
23:36:42 INFO  : 'configparams force-mem-access 0' command is executed.
23:36:42 INFO  : ----------------XSDB Script----------------
connect -url tcp:127.0.0.1:3121
source G:/a_max/max_xilinx/opendv/3_gpio_emio/3_gpio_emio.sdk/system_wrapper_hw_platform_0/ps7_init.tcl
targets -set -nocase -filter {name =~"APU*" && jtag_cable_name =~ "Digilent JTAG-HS1 210512180081"} -index 0
loadhw -hw G:/a_max/max_xilinx/opendv/3_gpio_emio/3_gpio_emio.sdk/system_wrapper_hw_platform_0/system.hdf -mem-ranges [list {0x40000000 0xbfffffff}]
configparams force-mem-access 1
targets -set -nocase -filter {name =~"APU*" && jtag_cable_name =~ "Digilent JTAG-HS1 210512180081"} -index 0
stop
ps7_init
ps7_post_config
targets -set -nocase -filter {name =~ "ARM*#0" && jtag_cable_name =~ "Digilent JTAG-HS1 210512180081"} -index 0
rst -processor
targets -set -nocase -filter {name =~ "ARM*#0" && jtag_cable_name =~ "Digilent JTAG-HS1 210512180081"} -index 0
dow G:/a_max/max_xilinx/opendv/3_gpio_emio/3_gpio_emio.sdk/3_gpio_emio/Debug/3_gpio_emio.elf
configparams force-mem-access 0
----------------End of Script----------------

23:36:42 INFO  : Memory regions updated for context APU
23:36:42 INFO  : Context for processor 'ps7_cortexa9_0' is selected.
23:36:42 INFO  : 'con' command is executed.
23:36:42 INFO  : ----------------XSDB Script (After Launch)----------------
targets -set -nocase -filter {name =~ "ARM*#0" && jtag_cable_name =~ "Digilent JTAG-HS1 210512180081"} -index 0
con
----------------End of Script----------------

23:36:42 INFO  : Launch script is exported to file 'G:\a_max\max_xilinx\opendv\3_gpio_emio\3_gpio_emio.sdk\.sdk\launch_scripts\xilinx_c-c++_application_(system_debugger)\system_debugger_using_debug_3_gpio_emio.elf_on_local.tcl'
23:37:32 INFO  : Disconnected from the channel tcfchan#7.
23:37:33 INFO  : 'targets -set -filter {jtag_cable_name =~ "Digilent JTAG-HS1 210512180081" && level==0} -index 1' command is executed.
23:37:33 INFO  : 'fpga -state' command is executed.
23:37:33 INFO  : Connected to target on host '127.0.0.1' and port '3121'.
23:37:34 INFO  : Jtag cable 'Digilent JTAG-HS1 210512180081' is selected.
23:37:34 INFO  : 'jtag frequency' command is executed.
23:37:34 INFO  : Sourcing of 'G:/a_max/max_xilinx/opendv/3_gpio_emio/3_gpio_emio.sdk/system_wrapper_hw_platform_0/ps7_init.tcl' is done.
23:37:34 INFO  : Context for 'APU' is selected.
23:37:36 INFO  : Hardware design information is loaded from 'G:/a_max/max_xilinx/opendv/3_gpio_emio/3_gpio_emio.sdk/system_wrapper_hw_platform_0/system.hdf'.
23:37:36 INFO  : 'configparams force-mem-access 1' command is executed.
23:37:36 INFO  : Context for 'APU' is selected.
23:37:36 INFO  : 'stop' command is executed.
23:37:36 INFO  : 'ps7_init' command is executed.
23:37:36 INFO  : 'ps7_post_config' command is executed.
23:37:36 INFO  : Context for processor 'ps7_cortexa9_0' is selected.
23:37:36 INFO  : Processor reset is completed for 'ps7_cortexa9_0'.
23:37:36 INFO  : Context for processor 'ps7_cortexa9_0' is selected.
23:37:36 INFO  : The application 'G:/a_max/max_xilinx/opendv/3_gpio_emio/3_gpio_emio.sdk/3_gpio_emio/Debug/3_gpio_emio.elf' is downloaded to processor 'ps7_cortexa9_0'.
23:37:36 INFO  : 'configparams force-mem-access 0' command is executed.
23:37:36 INFO  : ----------------XSDB Script----------------
connect -url tcp:127.0.0.1:3121
source G:/a_max/max_xilinx/opendv/3_gpio_emio/3_gpio_emio.sdk/system_wrapper_hw_platform_0/ps7_init.tcl
targets -set -nocase -filter {name =~"APU*" && jtag_cable_name =~ "Digilent JTAG-HS1 210512180081"} -index 0
loadhw -hw G:/a_max/max_xilinx/opendv/3_gpio_emio/3_gpio_emio.sdk/system_wrapper_hw_platform_0/system.hdf -mem-ranges [list {0x40000000 0xbfffffff}]
configparams force-mem-access 1
targets -set -nocase -filter {name =~"APU*" && jtag_cable_name =~ "Digilent JTAG-HS1 210512180081"} -index 0
stop
ps7_init
ps7_post_config
targets -set -nocase -filter {name =~ "ARM*#0" && jtag_cable_name =~ "Digilent JTAG-HS1 210512180081"} -index 0
rst -processor
targets -set -nocase -filter {name =~ "ARM*#0" && jtag_cable_name =~ "Digilent JTAG-HS1 210512180081"} -index 0
dow G:/a_max/max_xilinx/opendv/3_gpio_emio/3_gpio_emio.sdk/3_gpio_emio/Debug/3_gpio_emio.elf
configparams force-mem-access 0
----------------End of Script----------------

23:37:37 INFO  : Memory regions updated for context APU
23:37:37 INFO  : Context for processor 'ps7_cortexa9_0' is selected.
23:37:37 INFO  : 'con' command is executed.
23:37:37 INFO  : ----------------XSDB Script (After Launch)----------------
targets -set -nocase -filter {name =~ "ARM*#0" && jtag_cable_name =~ "Digilent JTAG-HS1 210512180081"} -index 0
con
----------------End of Script----------------

23:37:37 INFO  : Launch script is exported to file 'G:\a_max\max_xilinx\opendv\3_gpio_emio\3_gpio_emio.sdk\.sdk\launch_scripts\xilinx_c-c++_application_(system_debugger)\system_debugger_using_debug_3_gpio_emio.elf_on_local.tcl'
23:37:44 INFO  : Disconnected from the channel tcfchan#8.
23:37:45 INFO  : 'targets -set -filter {jtag_cable_name =~ "Digilent JTAG-HS1 210512180081" && level==0} -index 1' command is executed.
23:37:45 INFO  : 'fpga -state' command is executed.
23:37:45 INFO  : Connected to target on host '127.0.0.1' and port '3121'.
23:37:45 INFO  : Jtag cable 'Digilent JTAG-HS1 210512180081' is selected.
23:37:45 INFO  : 'jtag frequency' command is executed.
23:37:45 INFO  : Sourcing of 'G:/a_max/max_xilinx/opendv/3_gpio_emio/3_gpio_emio.sdk/system_wrapper_hw_platform_0/ps7_init.tcl' is done.
23:37:45 INFO  : Context for 'APU' is selected.
23:37:47 INFO  : Hardware design information is loaded from 'G:/a_max/max_xilinx/opendv/3_gpio_emio/3_gpio_emio.sdk/system_wrapper_hw_platform_0/system.hdf'.
23:37:47 INFO  : 'configparams force-mem-access 1' command is executed.
23:37:47 INFO  : Context for 'APU' is selected.
23:37:47 INFO  : 'stop' command is executed.
23:37:47 INFO  : 'ps7_init' command is executed.
23:37:48 INFO  : 'ps7_post_config' command is executed.
23:37:48 INFO  : Context for processor 'ps7_cortexa9_0' is selected.
23:37:48 INFO  : Processor reset is completed for 'ps7_cortexa9_0'.
23:37:48 INFO  : Context for processor 'ps7_cortexa9_0' is selected.
23:37:48 INFO  : The application 'G:/a_max/max_xilinx/opendv/3_gpio_emio/3_gpio_emio.sdk/3_gpio_emio/Debug/3_gpio_emio.elf' is downloaded to processor 'ps7_cortexa9_0'.
23:37:48 INFO  : 'configparams force-mem-access 0' command is executed.
23:37:48 INFO  : ----------------XSDB Script----------------
connect -url tcp:127.0.0.1:3121
source G:/a_max/max_xilinx/opendv/3_gpio_emio/3_gpio_emio.sdk/system_wrapper_hw_platform_0/ps7_init.tcl
targets -set -nocase -filter {name =~"APU*" && jtag_cable_name =~ "Digilent JTAG-HS1 210512180081"} -index 0
loadhw -hw G:/a_max/max_xilinx/opendv/3_gpio_emio/3_gpio_emio.sdk/system_wrapper_hw_platform_0/system.hdf -mem-ranges [list {0x40000000 0xbfffffff}]
configparams force-mem-access 1
targets -set -nocase -filter {name =~"APU*" && jtag_cable_name =~ "Digilent JTAG-HS1 210512180081"} -index 0
stop
ps7_init
ps7_post_config
targets -set -nocase -filter {name =~ "ARM*#0" && jtag_cable_name =~ "Digilent JTAG-HS1 210512180081"} -index 0
rst -processor
targets -set -nocase -filter {name =~ "ARM*#0" && jtag_cable_name =~ "Digilent JTAG-HS1 210512180081"} -index 0
dow G:/a_max/max_xilinx/opendv/3_gpio_emio/3_gpio_emio.sdk/3_gpio_emio/Debug/3_gpio_emio.elf
configparams force-mem-access 0
----------------End of Script----------------

23:37:48 INFO  : Memory regions updated for context APU
23:37:48 INFO  : Context for processor 'ps7_cortexa9_0' is selected.
23:37:48 INFO  : 'con' command is executed.
23:37:48 INFO  : ----------------XSDB Script (After Launch)----------------
targets -set -nocase -filter {name =~ "ARM*#0" && jtag_cable_name =~ "Digilent JTAG-HS1 210512180081"} -index 0
con
----------------End of Script----------------

23:37:48 INFO  : Launch script is exported to file 'G:\a_max\max_xilinx\opendv\3_gpio_emio\3_gpio_emio.sdk\.sdk\launch_scripts\xilinx_c-c++_application_(system_debugger)\system_debugger_using_debug_3_gpio_emio.elf_on_local.tcl'
23:38:02 INFO  : Disconnected from the channel tcfchan#9.
23:38:03 INFO  : 'targets -set -filter {jtag_cable_name =~ "Digilent JTAG-HS1 210512180081" && level==0} -index 1' command is executed.
23:38:03 INFO  : 'fpga -state' command is executed.
23:38:03 INFO  : Connected to target on host '127.0.0.1' and port '3121'.
23:38:03 INFO  : Jtag cable 'Digilent JTAG-HS1 210512180081' is selected.
23:38:03 INFO  : 'jtag frequency' command is executed.
23:38:03 INFO  : Sourcing of 'G:/a_max/max_xilinx/opendv/3_gpio_emio/3_gpio_emio.sdk/system_wrapper_hw_platform_0/ps7_init.tcl' is done.
23:38:03 INFO  : Context for 'APU' is selected.
23:38:05 INFO  : Hardware design information is loaded from 'G:/a_max/max_xilinx/opendv/3_gpio_emio/3_gpio_emio.sdk/system_wrapper_hw_platform_0/system.hdf'.
23:38:05 INFO  : 'configparams force-mem-access 1' command is executed.
23:38:05 INFO  : Context for 'APU' is selected.
23:38:05 INFO  : 'stop' command is executed.
23:38:06 INFO  : 'ps7_init' command is executed.
23:38:06 INFO  : 'ps7_post_config' command is executed.
23:38:06 INFO  : Context for processor 'ps7_cortexa9_0' is selected.
23:38:06 INFO  : Processor reset is completed for 'ps7_cortexa9_0'.
23:38:06 INFO  : Context for processor 'ps7_cortexa9_0' is selected.
23:38:06 INFO  : The application 'G:/a_max/max_xilinx/opendv/3_gpio_emio/3_gpio_emio.sdk/3_gpio_emio/Debug/3_gpio_emio.elf' is downloaded to processor 'ps7_cortexa9_0'.
23:38:06 INFO  : 'configparams force-mem-access 0' command is executed.
23:38:06 INFO  : ----------------XSDB Script----------------
connect -url tcp:127.0.0.1:3121
source G:/a_max/max_xilinx/opendv/3_gpio_emio/3_gpio_emio.sdk/system_wrapper_hw_platform_0/ps7_init.tcl
targets -set -nocase -filter {name =~"APU*" && jtag_cable_name =~ "Digilent JTAG-HS1 210512180081"} -index 0
loadhw -hw G:/a_max/max_xilinx/opendv/3_gpio_emio/3_gpio_emio.sdk/system_wrapper_hw_platform_0/system.hdf -mem-ranges [list {0x40000000 0xbfffffff}]
configparams force-mem-access 1
targets -set -nocase -filter {name =~"APU*" && jtag_cable_name =~ "Digilent JTAG-HS1 210512180081"} -index 0
stop
ps7_init
ps7_post_config
targets -set -nocase -filter {name =~ "ARM*#0" && jtag_cable_name =~ "Digilent JTAG-HS1 210512180081"} -index 0
rst -processor
targets -set -nocase -filter {name =~ "ARM*#0" && jtag_cable_name =~ "Digilent JTAG-HS1 210512180081"} -index 0
dow G:/a_max/max_xilinx/opendv/3_gpio_emio/3_gpio_emio.sdk/3_gpio_emio/Debug/3_gpio_emio.elf
configparams force-mem-access 0
----------------End of Script----------------

23:38:06 INFO  : Memory regions updated for context APU
23:38:06 INFO  : Context for processor 'ps7_cortexa9_0' is selected.
23:38:06 INFO  : 'con' command is executed.
23:38:06 INFO  : ----------------XSDB Script (After Launch)----------------
targets -set -nocase -filter {name =~ "ARM*#0" && jtag_cable_name =~ "Digilent JTAG-HS1 210512180081"} -index 0
con
----------------End of Script----------------

23:38:06 INFO  : Launch script is exported to file 'G:\a_max\max_xilinx\opendv\3_gpio_emio\3_gpio_emio.sdk\.sdk\launch_scripts\xilinx_c-c++_application_(system_debugger)\system_debugger_using_debug_3_gpio_emio.elf_on_local.tcl'
23:38:13 INFO  : Disconnected from the channel tcfchan#10.
23:38:14 INFO  : 'targets -set -filter {jtag_cable_name =~ "Digilent JTAG-HS1 210512180081" && level==0} -index 1' command is executed.
23:38:15 INFO  : 'fpga -state' command is executed.
23:38:15 INFO  : Connected to target on host '127.0.0.1' and port '3121'.
23:38:15 INFO  : Jtag cable 'Digilent JTAG-HS1 210512180081' is selected.
23:38:15 INFO  : 'jtag frequency' command is executed.
23:38:15 INFO  : Sourcing of 'G:/a_max/max_xilinx/opendv/3_gpio_emio/3_gpio_emio.sdk/system_wrapper_hw_platform_0/ps7_init.tcl' is done.
23:38:15 INFO  : Context for 'APU' is selected.
23:38:17 INFO  : Hardware design information is loaded from 'G:/a_max/max_xilinx/opendv/3_gpio_emio/3_gpio_emio.sdk/system_wrapper_hw_platform_0/system.hdf'.
23:38:17 INFO  : 'configparams force-mem-access 1' command is executed.
23:38:17 INFO  : Context for 'APU' is selected.
23:38:17 INFO  : 'stop' command is executed.
23:38:17 INFO  : 'ps7_init' command is executed.
23:38:18 INFO  : 'ps7_post_config' command is executed.
23:38:18 INFO  : Context for processor 'ps7_cortexa9_0' is selected.
23:38:18 INFO  : Processor reset is completed for 'ps7_cortexa9_0'.
23:38:18 INFO  : Context for processor 'ps7_cortexa9_0' is selected.
23:38:18 INFO  : The application 'G:/a_max/max_xilinx/opendv/3_gpio_emio/3_gpio_emio.sdk/3_gpio_emio/Debug/3_gpio_emio.elf' is downloaded to processor 'ps7_cortexa9_0'.
23:38:18 INFO  : 'configparams force-mem-access 0' command is executed.
23:38:18 INFO  : ----------------XSDB Script----------------
connect -url tcp:127.0.0.1:3121
source G:/a_max/max_xilinx/opendv/3_gpio_emio/3_gpio_emio.sdk/system_wrapper_hw_platform_0/ps7_init.tcl
targets -set -nocase -filter {name =~"APU*" && jtag_cable_name =~ "Digilent JTAG-HS1 210512180081"} -index 0
loadhw -hw G:/a_max/max_xilinx/opendv/3_gpio_emio/3_gpio_emio.sdk/system_wrapper_hw_platform_0/system.hdf -mem-ranges [list {0x40000000 0xbfffffff}]
configparams force-mem-access 1
targets -set -nocase -filter {name =~"APU*" && jtag_cable_name =~ "Digilent JTAG-HS1 210512180081"} -index 0
stop
ps7_init
ps7_post_config
targets -set -nocase -filter {name =~ "ARM*#0" && jtag_cable_name =~ "Digilent JTAG-HS1 210512180081"} -index 0
rst -processor
targets -set -nocase -filter {name =~ "ARM*#0" && jtag_cable_name =~ "Digilent JTAG-HS1 210512180081"} -index 0
dow G:/a_max/max_xilinx/opendv/3_gpio_emio/3_gpio_emio.sdk/3_gpio_emio/Debug/3_gpio_emio.elf
configparams force-mem-access 0
----------------End of Script----------------

23:38:18 INFO  : Memory regions updated for context APU
23:38:18 INFO  : Context for processor 'ps7_cortexa9_0' is selected.
23:38:18 INFO  : 'con' command is executed.
23:38:18 INFO  : ----------------XSDB Script (After Launch)----------------
targets -set -nocase -filter {name =~ "ARM*#0" && jtag_cable_name =~ "Digilent JTAG-HS1 210512180081"} -index 0
con
----------------End of Script----------------

23:38:18 INFO  : Launch script is exported to file 'G:\a_max\max_xilinx\opendv\3_gpio_emio\3_gpio_emio.sdk\.sdk\launch_scripts\xilinx_c-c++_application_(system_debugger)\system_debugger_using_debug_3_gpio_emio.elf_on_local.tcl'
23:39:06 INFO  : Disconnected from the channel tcfchan#11.
23:39:07 INFO  : 'targets -set -filter {jtag_cable_name =~ "Digilent JTAG-HS1 210512180081" && level==0} -index 1' command is executed.
23:39:07 INFO  : 'fpga -state' command is executed.
23:39:07 INFO  : Connected to target on host '127.0.0.1' and port '3121'.
23:39:08 INFO  : Jtag cable 'Digilent JTAG-HS1 210512180081' is selected.
23:39:08 INFO  : 'jtag frequency' command is executed.
23:39:08 INFO  : Sourcing of 'G:/a_max/max_xilinx/opendv/3_gpio_emio/3_gpio_emio.sdk/system_wrapper_hw_platform_0/ps7_init.tcl' is done.
23:39:08 INFO  : Context for 'APU' is selected.
23:39:10 INFO  : Hardware design information is loaded from 'G:/a_max/max_xilinx/opendv/3_gpio_emio/3_gpio_emio.sdk/system_wrapper_hw_platform_0/system.hdf'.
23:39:10 INFO  : 'configparams force-mem-access 1' command is executed.
23:39:10 INFO  : Context for 'APU' is selected.
23:39:10 INFO  : 'stop' command is executed.
23:39:10 INFO  : 'ps7_init' command is executed.
23:39:10 INFO  : 'ps7_post_config' command is executed.
23:39:10 INFO  : Context for processor 'ps7_cortexa9_0' is selected.
23:39:10 INFO  : Processor reset is completed for 'ps7_cortexa9_0'.
23:39:10 INFO  : Context for processor 'ps7_cortexa9_0' is selected.
23:39:10 INFO  : The application 'G:/a_max/max_xilinx/opendv/3_gpio_emio/3_gpio_emio.sdk/3_gpio_emio/Debug/3_gpio_emio.elf' is downloaded to processor 'ps7_cortexa9_0'.
23:39:10 INFO  : 'configparams force-mem-access 0' command is executed.
23:39:10 INFO  : ----------------XSDB Script----------------
connect -url tcp:127.0.0.1:3121
source G:/a_max/max_xilinx/opendv/3_gpio_emio/3_gpio_emio.sdk/system_wrapper_hw_platform_0/ps7_init.tcl
targets -set -nocase -filter {name =~"APU*" && jtag_cable_name =~ "Digilent JTAG-HS1 210512180081"} -index 0
loadhw -hw G:/a_max/max_xilinx/opendv/3_gpio_emio/3_gpio_emio.sdk/system_wrapper_hw_platform_0/system.hdf -mem-ranges [list {0x40000000 0xbfffffff}]
configparams force-mem-access 1
targets -set -nocase -filter {name =~"APU*" && jtag_cable_name =~ "Digilent JTAG-HS1 210512180081"} -index 0
stop
ps7_init
ps7_post_config
targets -set -nocase -filter {name =~ "ARM*#0" && jtag_cable_name =~ "Digilent JTAG-HS1 210512180081"} -index 0
rst -processor
targets -set -nocase -filter {name =~ "ARM*#0" && jtag_cable_name =~ "Digilent JTAG-HS1 210512180081"} -index 0
dow G:/a_max/max_xilinx/opendv/3_gpio_emio/3_gpio_emio.sdk/3_gpio_emio/Debug/3_gpio_emio.elf
configparams force-mem-access 0
----------------End of Script----------------

23:39:10 INFO  : Memory regions updated for context APU
23:39:10 INFO  : Context for processor 'ps7_cortexa9_0' is selected.
23:39:10 INFO  : 'con' command is executed.
23:39:10 INFO  : ----------------XSDB Script (After Launch)----------------
targets -set -nocase -filter {name =~ "ARM*#0" && jtag_cable_name =~ "Digilent JTAG-HS1 210512180081"} -index 0
con
----------------End of Script----------------

23:39:10 INFO  : Launch script is exported to file 'G:\a_max\max_xilinx\opendv\3_gpio_emio\3_gpio_emio.sdk\.sdk\launch_scripts\xilinx_c-c++_application_(system_debugger)\system_debugger_using_debug_3_gpio_emio.elf_on_local.tcl'
23:39:48 INFO  : Disconnected from the channel tcfchan#12.
23:39:49 INFO  : 'targets -set -filter {jtag_cable_name =~ "Digilent JTAG-HS1 210512180081" && level==0} -index 1' command is executed.
23:39:49 INFO  : 'fpga -state' command is executed.
23:39:49 INFO  : Connected to target on host '127.0.0.1' and port '3121'.
23:39:49 INFO  : Jtag cable 'Digilent JTAG-HS1 210512180081' is selected.
23:39:49 INFO  : 'jtag frequency' command is executed.
23:39:49 INFO  : Sourcing of 'G:/a_max/max_xilinx/opendv/3_gpio_emio/3_gpio_emio.sdk/system_wrapper_hw_platform_0/ps7_init.tcl' is done.
23:39:49 INFO  : Context for 'APU' is selected.
23:39:51 INFO  : Hardware design information is loaded from 'G:/a_max/max_xilinx/opendv/3_gpio_emio/3_gpio_emio.sdk/system_wrapper_hw_platform_0/system.hdf'.
23:39:51 INFO  : 'configparams force-mem-access 1' command is executed.
23:39:51 INFO  : Context for 'APU' is selected.
23:39:51 INFO  : 'stop' command is executed.
23:39:52 INFO  : 'ps7_init' command is executed.
23:39:52 INFO  : 'ps7_post_config' command is executed.
23:39:52 INFO  : Context for processor 'ps7_cortexa9_0' is selected.
23:39:52 INFO  : Processor reset is completed for 'ps7_cortexa9_0'.
23:39:52 INFO  : Context for processor 'ps7_cortexa9_0' is selected.
23:39:52 INFO  : The application 'G:/a_max/max_xilinx/opendv/3_gpio_emio/3_gpio_emio.sdk/3_gpio_emio/Debug/3_gpio_emio.elf' is downloaded to processor 'ps7_cortexa9_0'.
23:39:52 INFO  : 'configparams force-mem-access 0' command is executed.
23:39:52 INFO  : ----------------XSDB Script----------------
connect -url tcp:127.0.0.1:3121
source G:/a_max/max_xilinx/opendv/3_gpio_emio/3_gpio_emio.sdk/system_wrapper_hw_platform_0/ps7_init.tcl
targets -set -nocase -filter {name =~"APU*" && jtag_cable_name =~ "Digilent JTAG-HS1 210512180081"} -index 0
loadhw -hw G:/a_max/max_xilinx/opendv/3_gpio_emio/3_gpio_emio.sdk/system_wrapper_hw_platform_0/system.hdf -mem-ranges [list {0x40000000 0xbfffffff}]
configparams force-mem-access 1
targets -set -nocase -filter {name =~"APU*" && jtag_cable_name =~ "Digilent JTAG-HS1 210512180081"} -index 0
stop
ps7_init
ps7_post_config
targets -set -nocase -filter {name =~ "ARM*#0" && jtag_cable_name =~ "Digilent JTAG-HS1 210512180081"} -index 0
rst -processor
targets -set -nocase -filter {name =~ "ARM*#0" && jtag_cable_name =~ "Digilent JTAG-HS1 210512180081"} -index 0
dow G:/a_max/max_xilinx/opendv/3_gpio_emio/3_gpio_emio.sdk/3_gpio_emio/Debug/3_gpio_emio.elf
configparams force-mem-access 0
----------------End of Script----------------

23:39:52 INFO  : Memory regions updated for context APU
23:39:52 INFO  : Context for processor 'ps7_cortexa9_0' is selected.
23:39:52 INFO  : 'con' command is executed.
23:39:52 INFO  : ----------------XSDB Script (After Launch)----------------
targets -set -nocase -filter {name =~ "ARM*#0" && jtag_cable_name =~ "Digilent JTAG-HS1 210512180081"} -index 0
con
----------------End of Script----------------

23:39:52 INFO  : Launch script is exported to file 'G:\a_max\max_xilinx\opendv\3_gpio_emio\3_gpio_emio.sdk\.sdk\launch_scripts\xilinx_c-c++_application_(system_debugger)\system_debugger_using_debug_3_gpio_emio.elf_on_local.tcl'
23:41:31 INFO  : Disconnected from the channel tcfchan#13.
