#-----------------------------------------------------------
# Vivado v2018.3 (64-bit)
# SW Build 2405991 on Thu Dec  6 23:38:27 MST 2018
# IP Build 2404404 on Fri Dec  7 01:43:56 MST 2018
# Start of session at: Sun Jul 19 12:36:39 2020
# Process ID: 10736
# Current directory: G:/a_max/max_xilinx/opendv/2_gpio_mio
# Command line: vivado.exe -gui_launcher_event rodinguilauncherevent10556 G:\a_max\max_xilinx\opendv\2_gpio_mio\gpio_mio.xpr
# Log file: G:/a_max/max_xilinx/opendv/2_gpio_mio/vivado.log
# Journal file: G:/a_max/max_xilinx/opendv/2_gpio_mio\vivado.jou
#-----------------------------------------------------------
start_gui
open_project G:/a_max/max_xilinx/opendv/2_gpio_mio/gpio_mio.xpr
INFO: [Project 1-313] Project file moved from 'F:/a_Max/max_xilinx/opendv/2_gpio_mio' since last save.
Scanning sources...
Finished scanning sources
INFO: [IP_Flow 19-234] Refreshing IP repositories
INFO: [IP_Flow 19-1704] No user IP repositories specified
INFO: [IP_Flow 19-2313] Loaded Vivado IP repository 'G:/vivado/Vivado/2018.3/data/ip'.
open_project: Time (s): cpu = 00:00:24 ; elapsed = 00:00:29 . Memory (MB): peak = 758.473 ; gain = 187.723
update_compile_order -fileset sources_1
save_project_as 3_gpio_emio G:/a_max/max_xilinx/opendv/3_gpio_emio -force
save_project_as: Time (s): cpu = 00:00:05 ; elapsed = 00:00:14 . Memory (MB): peak = 769.262 ; gain = 0.000
ERROR: [Vivado 12-4452] The hardware handoff file (.sysdef) does not exist. It may not have been generated due to: 
 1. A bitstream might not have been generated. Generate Bitstream and export again, or do not request a bitstream to be included in export.
 2. There are no block design hardware handoff files. Check the vivado log messages for more details. 
ERROR: [Vivado 12-4452] The hardware handoff file (.sysdef) does not exist. It may not have been generated due to: 
 1. A bitstream might not have been generated. Generate Bitstream and export again, or do not request a bitstream to be included in export.
 2. There are no block design hardware handoff files. Check the vivado log messages for more details. 
write_hwdef -force  -file G:/a_max/max_xilinx/opendv/3_gpio_emio/3_gpio_emio.sdk/system_wrapper.hdf
write_hwdef -force  -file G:/a_max/max_xilinx/opendv/3_gpio_emio/3_gpio_emio.sdk/system_wrapper.hdf
write_hwdef -force  -file G:/a_max/max_xilinx/opendv/3_gpio_emio/3_gpio_emio.sdk/system_wrapper.hdf
launch_sdk -workspace G:/a_max/max_xilinx/opendv/3_gpio_emio/3_gpio_emio.sdk -hwspec G:/a_max/max_xilinx/opendv/3_gpio_emio/3_gpio_emio.sdk/system_wrapper.hdf
INFO: [Vivado 12-393] Launching SDK...
INFO: [Vivado 12-417] Running xsdk -workspace G:/a_max/max_xilinx/opendv/3_gpio_emio/3_gpio_emio.sdk -hwspec G:/a_max/max_xilinx/opendv/3_gpio_emio/3_gpio_emio.sdk/system_wrapper.hdf
INFO: [Vivado 12-3157] SDK launch initiated. Please check console for any further messages.
write_hwdef -force  -file G:/a_max/max_xilinx/opendv/3_gpio_emio/3_gpio_emio.sdk/system_wrapper.hdf
launch_sdk -workspace G:/a_max/max_xilinx/opendv/3_gpio_emio/3_gpio_emio.sdk -hwspec G:/a_max/max_xilinx/opendv/3_gpio_emio/3_gpio_emio.sdk/system_wrapper.hdf
INFO: [Vivado 12-393] Launching SDK...
INFO: [Vivado 12-417] Running xsdk -workspace G:/a_max/max_xilinx/opendv/3_gpio_emio/3_gpio_emio.sdk -hwspec G:/a_max/max_xilinx/opendv/3_gpio_emio/3_gpio_emio.sdk/system_wrapper.hdf
INFO: [Vivado 12-3157] SDK launch initiated. Please check console for any further messages.
exit
INFO: [Common 17-206] Exiting Vivado at Sun Jul 19 15:14:59 2020...
