#-----------------------------------------------------------
# Vivado v2018.3 (64-bit)
# SW Build 2405991 on Thu Dec  6 23:38:27 MST 2018
# IP Build 2404404 on Fri Dec  7 01:43:56 MST 2018
# Start of session at: Tue Jul 14 20:04:14 2020
# Process ID: 6336
# Current directory: G:/a_max/max_xilinx/max/2_gpio_mio
# Command line: vivado.exe -gui_launcher_event rodinguilauncherevent10248 G:\a_max\max_xilinx\max\2_gpio_mio\gpio_mio.xpr
# Log file: G:/a_max/max_xilinx/max/2_gpio_mio/vivado.log
# Journal file: G:/a_max/max_xilinx/max/2_gpio_mio\vivado.jou
#-----------------------------------------------------------
start_gui
open_project G:/a_max/max_xilinx/max/2_gpio_mio/gpio_mio.xpr
INFO: [Project 1-313] Project file moved from 'F:/a_Max/max_xilinx/opendv/2_gpio_mio' since last save.
Scanning sources...
Finished scanning sources
INFO: [IP_Flow 19-234] Refreshing IP repositories
INFO: [IP_Flow 19-1704] No user IP repositories specified
INFO: [IP_Flow 19-2313] Loaded Vivado IP repository 'G:/vivado/Vivado/2018.3/data/ip'.
open_project: Time (s): cpu = 00:00:18 ; elapsed = 00:00:13 . Memory (MB): peak = 745.012 ; gain = 165.410
INFO: [Vivado 12-4158] Exported Hardware file is out of date. Exported hardware information may be inconsistent with respect to the current state of the design. It is recommended that you re-export the design and launch SDK otherwise SDK is launched with out of date hardware system file.
launch_sdk -workspace G:/a_max/max_xilinx/max/2_gpio_mio/gpio_mio.sdk -hwspec G:/a_max/max_xilinx/max/2_gpio_mio/gpio_mio.sdk/system_wrapper.hdf
INFO: [Vivado 12-393] Launching SDK...
INFO: [Vivado 12-417] Running xsdk -workspace G:/a_max/max_xilinx/max/2_gpio_mio/gpio_mio.sdk -hwspec G:/a_max/max_xilinx/max/2_gpio_mio/gpio_mio.sdk/system_wrapper.hdf
INFO: [Vivado 12-3157] SDK launch initiated. Please check console for any further messages.
update_compile_order -fileset sources_1
exit
INFO: [Common 17-206] Exiting Vivado at Tue Jul 14 20:46:38 2020...
