20:52:26 INFO  : Registering command handlers for SDK TCF services
20:52:26 INFO  : Launching XSCT server: xsct.bat -interactive F:\ZYNQ\Embedded_System\hello_world\hello_world.sdk\temp_xsdb_launch_script.tcl
20:52:27 INFO  : XSCT server has started successfully.
20:52:27 INFO  : Successfully done setting XSCT server connection channel  
20:52:27 INFO  : Successfully done setting SDK workspace  
20:52:27 INFO  : Processing command line option -hwspec F:/ZYNQ/Embedded_System/hello_world/hello_world.sdk/system_wrapper.hdf.
20:59:21 INFO  : Connected to target on host '127.0.0.1' and port '3121'.
20:59:22 INFO  : Jtag cable 'Digilent JTAG-HS1 210259982158' is selected.
20:59:22 INFO  : 'jtag frequency' command is executed.
20:59:22 INFO  : Sourcing of 'F:/ZYNQ/Embedded_System/hello_world/hello_world.sdk/system_wrapper_hw_platform_0/ps7_init.tcl' is done.
20:59:22 INFO  : Context for 'APU' is selected.
20:59:22 INFO  : Hardware design information is loaded from 'F:/ZYNQ/Embedded_System/hello_world/hello_world.sdk/system_wrapper_hw_platform_0/system.hdf'.
20:59:22 INFO  : 'configparams force-mem-access 1' command is executed.
20:59:22 INFO  : Context for 'APU' is selected.
20:59:22 INFO  : 'stop' command is executed.
20:59:22 INFO  : 'ps7_init' command is executed.
20:59:22 INFO  : 'ps7_post_config' command is executed.
20:59:22 INFO  : Context for processor 'ps7_cortexa9_0' is selected.
20:59:22 INFO  : Processor reset is completed for 'ps7_cortexa9_0'.
20:59:22 INFO  : Context for processor 'ps7_cortexa9_0' is selected.
20:59:22 INFO  : The application 'F:/ZYNQ/Embedded_System/hello_world/hello_world.sdk/hello_world/Debug/hello_world.elf' is downloaded to processor 'ps7_cortexa9_0'.
20:59:22 INFO  : 'configparams force-mem-access 0' command is executed.
20:59:22 INFO  : ----------------XSDB Script----------------
connect -url tcp:127.0.0.1:3121
source F:/ZYNQ/Embedded_System/hello_world/hello_world.sdk/system_wrapper_hw_platform_0/ps7_init.tcl
targets -set -nocase -filter {name =~"APU*" && jtag_cable_name =~ "Digilent JTAG-HS1 210259982158"} -index 0
loadhw -hw F:/ZYNQ/Embedded_System/hello_world/hello_world.sdk/system_wrapper_hw_platform_0/system.hdf -mem-ranges [list {0x40000000 0xbfffffff}]
configparams force-mem-access 1
targets -set -nocase -filter {name =~"APU*" && jtag_cable_name =~ "Digilent JTAG-HS1 210259982158"} -index 0
stop
ps7_init
ps7_post_config
targets -set -nocase -filter {name =~ "ARM*#0" && jtag_cable_name =~ "Digilent JTAG-HS1 210259982158"} -index 0
rst -processor
targets -set -nocase -filter {name =~ "ARM*#0" && jtag_cable_name =~ "Digilent JTAG-HS1 210259982158"} -index 0
dow F:/ZYNQ/Embedded_System/hello_world/hello_world.sdk/hello_world/Debug/hello_world.elf
configparams force-mem-access 0
----------------End of Script----------------

20:59:22 INFO  : Context for processor 'ps7_cortexa9_0' is selected.
20:59:22 INFO  : 'con' command is executed.
20:59:22 INFO  : ----------------XSDB Script (After Launch)----------------
targets -set -nocase -filter {name =~ "ARM*#0" && jtag_cable_name =~ "Digilent JTAG-HS1 210259982158"} -index 0
con
----------------End of Script----------------

20:59:22 INFO  : Launch script is exported to file 'F:\ZYNQ\Embedded_System\hello_world\hello_world.sdk\.sdk\launch_scripts\xilinx_c-c++_application_(system_debugger)\system_debugger_using_debug_hello_world.elf_on_local.tcl'
21:00:52 INFO  : Disconnected from the channel tcfchan#1.
21:00:53 INFO  : Connected to target on host '127.0.0.1' and port '3121'.
21:00:53 INFO  : Jtag cable 'Digilent JTAG-HS1 210259982158' is selected.
21:00:53 INFO  : 'jtag frequency' command is executed.
21:00:53 INFO  : Sourcing of 'F:/ZYNQ/Embedded_System/hello_world/hello_world.sdk/system_wrapper_hw_platform_0/ps7_init.tcl' is done.
21:00:53 INFO  : Context for 'APU' is selected.
21:00:54 INFO  : Hardware design information is loaded from 'F:/ZYNQ/Embedded_System/hello_world/hello_world.sdk/system_wrapper_hw_platform_0/system.hdf'.
21:00:54 INFO  : 'configparams force-mem-access 1' command is executed.
21:00:54 INFO  : Context for 'APU' is selected.
21:00:54 INFO  : 'stop' command is executed.
21:00:54 INFO  : 'ps7_init' command is executed.
21:00:54 INFO  : 'ps7_post_config' command is executed.
21:00:54 INFO  : Context for processor 'ps7_cortexa9_0' is selected.
21:00:54 INFO  : Processor reset is completed for 'ps7_cortexa9_0'.
21:00:54 INFO  : Context for processor 'ps7_cortexa9_0' is selected.
21:00:54 INFO  : The application 'F:/ZYNQ/Embedded_System/hello_world/hello_world.sdk/hello_world/Debug/hello_world.elf' is downloaded to processor 'ps7_cortexa9_0'.
21:00:54 INFO  : 'configparams force-mem-access 0' command is executed.
21:00:54 INFO  : ----------------XSDB Script----------------
connect -url tcp:127.0.0.1:3121
source F:/ZYNQ/Embedded_System/hello_world/hello_world.sdk/system_wrapper_hw_platform_0/ps7_init.tcl
targets -set -nocase -filter {name =~"APU*" && jtag_cable_name =~ "Digilent JTAG-HS1 210259982158"} -index 0
loadhw -hw F:/ZYNQ/Embedded_System/hello_world/hello_world.sdk/system_wrapper_hw_platform_0/system.hdf -mem-ranges [list {0x40000000 0xbfffffff}]
configparams force-mem-access 1
targets -set -nocase -filter {name =~"APU*" && jtag_cable_name =~ "Digilent JTAG-HS1 210259982158"} -index 0
stop
ps7_init
ps7_post_config
targets -set -nocase -filter {name =~ "ARM*#0" && jtag_cable_name =~ "Digilent JTAG-HS1 210259982158"} -index 0
rst -processor
targets -set -nocase -filter {name =~ "ARM*#0" && jtag_cable_name =~ "Digilent JTAG-HS1 210259982158"} -index 0
dow F:/ZYNQ/Embedded_System/hello_world/hello_world.sdk/hello_world/Debug/hello_world.elf
configparams force-mem-access 0
----------------End of Script----------------

21:00:54 INFO  : Context for processor 'ps7_cortexa9_0' is selected.
21:00:54 INFO  : 'con' command is executed.
21:00:54 INFO  : ----------------XSDB Script (After Launch)----------------
targets -set -nocase -filter {name =~ "ARM*#0" && jtag_cable_name =~ "Digilent JTAG-HS1 210259982158"} -index 0
con
----------------End of Script----------------

21:00:54 INFO  : Launch script is exported to file 'F:\ZYNQ\Embedded_System\hello_world\hello_world.sdk\.sdk\launch_scripts\xilinx_c-c++_application_(system_debugger)\system_debugger_using_debug_hello_world.elf_on_local.tcl'
21:01:04 INFO  : Disconnected from the channel tcfchan#2.
09:20:15 INFO  : Registering command handlers for SDK TCF services
09:20:15 INFO  : Launching XSCT server: xsct.bat -interactive F:\ZYNQ\Embedded_System\gpio_mio\gpio_mio.sdk\temp_xsdb_launch_script.tcl
09:20:16 INFO  : XSCT server has started successfully.
09:20:16 INFO  : Successfully done setting XSCT server connection channel  
09:20:16 INFO  : Successfully done setting SDK workspace  
09:20:16 INFO  : Processing command line option -hwspec F:/ZYNQ/Embedded_System/gpio_mio/gpio_mio.sdk/system_wrapper.hdf.
09:45:56 INFO  : Registering command handlers for SDK TCF services
09:45:57 INFO  : Launching XSCT server: xsct.bat -interactive F:\ZYNQ\Embedded_System\gpio_mio\gpio_mio.sdk\temp_xsdb_launch_script.tcl
09:45:58 INFO  : XSCT server has started successfully.
09:45:58 INFO  : Successfully done setting XSCT server connection channel  
09:45:58 INFO  : Successfully done setting SDK workspace  
09:49:07 INFO  : Registering command handlers for SDK TCF services
09:49:08 INFO  : Launching XSCT server: xsct.bat -interactive F:\ZYNQ\Embedded_System\gpio_mio\gpio_mio.sdk\temp_xsdb_launch_script.tcl
09:49:09 INFO  : XSCT server has started successfully.
09:49:09 INFO  : Successfully done setting XSCT server connection channel  
09:49:09 INFO  : Successfully done setting SDK workspace  
09:49:31 ERROR : The Hardware Project referenced by this BSP (gpio_mio_bsp) was not found in this workspace. As a result, this BSP will not build properly. To fix this error, please import the associated hardware project or recreate a new BSP targeting an existing hardware platform.
09:51:57 INFO  : Connected to target on host '127.0.0.1' and port '3121'.
09:51:58 INFO  : Jtag cable 'Digilent JTAG-HS1 210259982158' is selected.
09:51:58 INFO  : 'jtag frequency' command is executed.
09:51:58 INFO  : Sourcing of 'F:/ZYNQ/Embedded_System/gpio_mio/gpio_mio.sdk/system_wrapper_hw_platform_1/ps7_init.tcl' is done.
09:51:58 INFO  : Context for 'APU' is selected.
09:51:58 INFO  : Hardware design information is loaded from 'F:/ZYNQ/Embedded_System/gpio_mio/gpio_mio.sdk/system_wrapper_hw_platform_1/system.hdf'.
09:51:58 INFO  : 'configparams force-mem-access 1' command is executed.
09:51:58 INFO  : Context for 'APU' is selected.
09:51:58 INFO  : 'stop' command is executed.
09:51:58 INFO  : 'ps7_init' command is executed.
09:51:58 INFO  : 'ps7_post_config' command is executed.
09:51:58 INFO  : Context for processor 'ps7_cortexa9_0' is selected.
09:51:58 INFO  : Processor reset is completed for 'ps7_cortexa9_0'.
09:51:58 INFO  : Context for processor 'ps7_cortexa9_0' is selected.
09:51:58 INFO  : The application 'F:/ZYNQ/Embedded_System/gpio_mio/gpio_mio.sdk/gpio_mio/Debug/gpio_mio.elf' is downloaded to processor 'ps7_cortexa9_0'.
09:51:58 INFO  : 'configparams force-mem-access 0' command is executed.
09:51:58 INFO  : ----------------XSDB Script----------------
connect -url tcp:127.0.0.1:3121
source F:/ZYNQ/Embedded_System/gpio_mio/gpio_mio.sdk/system_wrapper_hw_platform_1/ps7_init.tcl
targets -set -nocase -filter {name =~"APU*" && jtag_cable_name =~ "Digilent JTAG-HS1 210259982158"} -index 0
loadhw -hw F:/ZYNQ/Embedded_System/gpio_mio/gpio_mio.sdk/system_wrapper_hw_platform_1/system.hdf -mem-ranges [list {0x40000000 0xbfffffff}]
configparams force-mem-access 1
targets -set -nocase -filter {name =~"APU*" && jtag_cable_name =~ "Digilent JTAG-HS1 210259982158"} -index 0
stop
ps7_init
ps7_post_config
targets -set -nocase -filter {name =~ "ARM*#0" && jtag_cable_name =~ "Digilent JTAG-HS1 210259982158"} -index 0
rst -processor
targets -set -nocase -filter {name =~ "ARM*#0" && jtag_cable_name =~ "Digilent JTAG-HS1 210259982158"} -index 0
dow F:/ZYNQ/Embedded_System/gpio_mio/gpio_mio.sdk/gpio_mio/Debug/gpio_mio.elf
configparams force-mem-access 0
----------------End of Script----------------

09:51:58 INFO  : Context for processor 'ps7_cortexa9_0' is selected.
09:51:58 INFO  : 'con' command is executed.
09:51:58 INFO  : ----------------XSDB Script (After Launch)----------------
targets -set -nocase -filter {name =~ "ARM*#0" && jtag_cable_name =~ "Digilent JTAG-HS1 210259982158"} -index 0
con
----------------End of Script----------------

09:51:58 INFO  : Launch script is exported to file 'F:\ZYNQ\Embedded_System\gpio_mio\gpio_mio.sdk\.sdk\launch_scripts\xilinx_c-c++_application_(system_debugger)\system_debugger_using_debug_gpio_mio.elf_on_local.tcl'
09:56:37 INFO  : Disconnected from the channel tcfchan#1.
17:19:17 INFO  : Registering command handlers for SDK TCF services
17:19:17 INFO  : Launching XSCT server: xsct.bat -interactive F:\ZYNQ\zynq7010\gpio_mio\gpio_mio.sdk\temp_xsdb_launch_script.tcl
17:19:18 INFO  : XSCT server has started successfully.
17:19:18 INFO  : Successfully done setting XSCT server connection channel  
17:19:18 INFO  : Successfully done setting SDK workspace  
17:19:18 INFO  : Processing command line option -hwspec F:/ZYNQ/zynq7010/gpio_mio/gpio_mio.sdk/system_wrapper.hdf.
17:20:28 INFO  : Launching XSCT server: xsct.bat -interactive F:\ZYNQ\zynq7010\gpio_mio\gpio_mio.sdk\temp_xsdb_launch_script.tcl
17:20:29 INFO  : XSCT server has started successfully.
17:20:29 INFO  : Successfully done setting XSCT server connection channel  
17:20:30 INFO  : Successfully done setting SDK workspace  
17:20:33 INFO  : Registering command handlers for SDK TCF services
17:21:05 INFO  : Connected to target on host '127.0.0.1' and port '3121'.
17:21:06 INFO  : Jtag cable 'Digilent JTAG-HS1 210259982158' is selected.
17:21:06 INFO  : 'jtag frequency' command is executed.
17:21:06 INFO  : Sourcing of 'F:/ZYNQ/zynq7010/gpio_mio/gpio_mio.sdk/system_wrapper_hw_platform_1/ps7_init.tcl' is done.
17:21:06 INFO  : Context for 'APU' is selected.
17:21:06 INFO  : Hardware design information is loaded from 'F:/ZYNQ/zynq7010/gpio_mio/gpio_mio.sdk/system_wrapper_hw_platform_1/system.hdf'.
17:21:06 INFO  : 'configparams force-mem-access 1' command is executed.
17:21:06 INFO  : Context for 'APU' is selected.
17:21:06 INFO  : 'stop' command is executed.
17:21:06 INFO  : 'ps7_init' command is executed.
17:21:06 INFO  : 'ps7_post_config' command is executed.
17:21:06 INFO  : Context for processor 'ps7_cortexa9_0' is selected.
17:21:06 INFO  : Processor reset is completed for 'ps7_cortexa9_0'.
17:21:06 INFO  : Context for processor 'ps7_cortexa9_0' is selected.
17:21:06 INFO  : The application 'F:/ZYNQ/zynq7010/gpio_mio/gpio_mio.sdk/gpio_mio/Debug/gpio_mio.elf' is downloaded to processor 'ps7_cortexa9_0'.
17:21:06 INFO  : 'configparams force-mem-access 0' command is executed.
17:21:06 INFO  : ----------------XSDB Script----------------
connect -url tcp:127.0.0.1:3121
source F:/ZYNQ/zynq7010/gpio_mio/gpio_mio.sdk/system_wrapper_hw_platform_1/ps7_init.tcl
targets -set -nocase -filter {name =~"APU*" && jtag_cable_name =~ "Digilent JTAG-HS1 210259982158"} -index 0
loadhw -hw F:/ZYNQ/zynq7010/gpio_mio/gpio_mio.sdk/system_wrapper_hw_platform_1/system.hdf -mem-ranges [list {0x40000000 0xbfffffff}]
configparams force-mem-access 1
targets -set -nocase -filter {name =~"APU*" && jtag_cable_name =~ "Digilent JTAG-HS1 210259982158"} -index 0
stop
ps7_init
ps7_post_config
targets -set -nocase -filter {name =~ "ARM*#0" && jtag_cable_name =~ "Digilent JTAG-HS1 210259982158"} -index 0
rst -processor
targets -set -nocase -filter {name =~ "ARM*#0" && jtag_cable_name =~ "Digilent JTAG-HS1 210259982158"} -index 0
dow F:/ZYNQ/zynq7010/gpio_mio/gpio_mio.sdk/gpio_mio/Debug/gpio_mio.elf
configparams force-mem-access 0
----------------End of Script----------------

17:21:06 INFO  : Context for processor 'ps7_cortexa9_0' is selected.
17:21:06 INFO  : 'con' command is executed.
17:21:06 INFO  : ----------------XSDB Script (After Launch)----------------
targets -set -nocase -filter {name =~ "ARM*#0" && jtag_cable_name =~ "Digilent JTAG-HS1 210259982158"} -index 0
con
----------------End of Script----------------

17:21:06 INFO  : Launch script is exported to file 'F:\ZYNQ\zynq7010\gpio_mio\gpio_mio.sdk\.sdk\launch_scripts\xilinx_c-c++_application_(system_debugger)\system_debugger_using_debug_gpio_mio.elf_on_local.tcl'
17:21:14 INFO  : Disconnected from the channel tcfchan#1.
18:23:22 INFO  : Registering command handlers for SDK TCF services
18:23:22 INFO  : Launching XSCT server: xsct.bat -interactive F:\a_Max\max_xilinx\opendv\2_gpio_mio\gpio_mio.sdk\temp_xsdb_launch_script.tcl
18:23:26 INFO  : XSCT server has started successfully.
18:23:27 INFO  : Successfully done setting XSCT server connection channel  
18:23:27 INFO  : Successfully done setting SDK workspace  
18:23:27 INFO  : Processing command line option -hwspec F:/a_Max/max_xilinx/opendv/2_gpio_mio/gpio_mio.sdk/system_wrapper.hdf.
