INFO: [VRFC 10-2263] Analyzing Verilog file "E:/Bilibili_FPGA/N2_Project/VIVADO/demo_v1/hdl_netlist/demo_sg.srcs/sources_1/ip/ila_0/sim/ila_0.v" into library xil_defaultlib
INFO: [VRFC 10-311] analyzing module ila_0
INFO: [VRFC 10-2263] Analyzing Verilog file "E:/Bilibili_FPGA/N2_Project/VIVADO/demo_v1/hdl_netlist/demo_sg.srcs/sources_1/ip/demo_sg_blk_mem_gen_i0/sim/demo_sg_blk_mem_gen_i0.v" into library xil_defaultlib
INFO: [VRFC 10-311] analyzing module demo_sg_blk_mem_gen_i0
INFO: [VRFC 10-2263] Analyzing Verilog file "E:/Bilibili_FPGA/N2_Project/VIVADO/demo_v1/hdl_netlist/demo_sg.srcs/sources_1/imports/sysgen/synth_reg.v" into library xil_defaultlib
INFO: [VRFC 10-311] analyzing module srlc33e
INFO: [VRFC 10-311] analyzing module synth_reg
INFO: [VRFC 10-311] analyzing module synth_reg_reg
INFO: [VRFC 10-2263] Analyzing Verilog file "E:/Bilibili_FPGA/N2_Project/VIVADO/demo_v1/hdl_netlist/demo_sg.srcs/sources_1/imports/sysgen/synth_reg_w_init.v" into library xil_defaultlib
INFO: [VRFC 10-311] analyzing module synth_reg_w_init
INFO: [VRFC 10-311] analyzing module single_reg_w_init
INFO: [VRFC 10-2263] Analyzing Verilog file "E:/Bilibili_FPGA/N2_Project/VIVADO/demo_v1/hdl_netlist/demo_sg.srcs/sources_1/imports/sysgen/convert_type.v" into library xil_defaultlib
INFO: [VRFC 10-311] analyzing module cast
INFO: [VRFC 10-311] analyzing module shift_division_result
INFO: [VRFC 10-311] analyzing module shift_op
INFO: [VRFC 10-311] analyzing module pad_lsb
INFO: [VRFC 10-311] analyzing module zero_ext
INFO: [VRFC 10-311] analyzing module sign_ext
INFO: [VRFC 10-311] analyzing module extend_msb
INFO: [VRFC 10-311] analyzing module align_input
INFO: [VRFC 10-311] analyzing module round_towards_inf
INFO: [VRFC 10-311] analyzing module round_towards_even
INFO: [VRFC 10-311] analyzing module trunc
INFO: [VRFC 10-311] analyzing module saturation_arith
INFO: [VRFC 10-311] analyzing module wrap_arith
INFO: [VRFC 10-311] analyzing module convert_type
INFO: [VRFC 10-2263] Analyzing Verilog file "E:/Bilibili_FPGA/N2_Project/VIVADO/demo_v1/hdl_netlist/demo_sg.srcs/sources_1/imports/sysgen/xlclockdriver_rd.v" into library xil_defaultlib
INFO: [VRFC 10-311] analyzing module xlclockdriver
INFO: [VRFC 10-2263] Analyzing Verilog file "E:/Bilibili_FPGA/N2_Project/VIVADO/demo_v1/hdl_netlist/demo_sg.srcs/sources_1/imports/sysgen/demo_sg_entity_declarations.v" into library xil_defaultlib
INFO: [VRFC 10-311] analyzing module demo_sg_xldelay
INFO: [VRFC 10-311] analyzing module demo_sg_xlconvert
INFO: [VRFC 10-311] analyzing module demo_sg_xladdsub
INFO: [VRFC 10-311] analyzing module demo_sg_xlcmult
INFO: [VRFC 10-311] analyzing module demo_sg_xlcounter_limit
INFO: [VRFC 10-311] analyzing module demo_sg_xlsprom
INFO: [VRFC 10-2263] Analyzing Verilog file "E:/Bilibili_FPGA/N2_Project/VIVADO/demo_v1/hdl_netlist/demo_sg.srcs/sources_1/imports/sysgen/demo_sg.v" into library xil_defaultlib
INFO: [VRFC 10-311] analyzing module demo_sg_struct
INFO: [VRFC 10-311] analyzing module demo_sg_default_clock_driver
INFO: [VRFC 10-311] analyzing module demo_sg
INFO: [VRFC 10-2263] Analyzing Verilog file "E:/Bilibili_FPGA/N2_Project/VIVADO/demo_v1/hdl_netlist/demo_sg.srcs/sim_1/imports/sysgen/demo_sg_tb.v" into library xil_defaultlib
INFO: [VRFC 10-311] analyzing module xlclk
INFO: [VRFC 10-311] analyzing module xltbsource
INFO: [VRFC 10-2458] undeclared symbol sys_clk, assumed default net type wire [E:/Bilibili_FPGA/N2_Project/VIVADO/demo_v1/hdl_netlist/demo_sg.srcs/sim_1/imports/sysgen/demo_sg_tb.v:135]
INFO: [VRFC 10-311] analyzing module xltbsink
INFO: [VRFC 10-2458] undeclared symbol sys_clk, assumed default net type wire [E:/Bilibili_FPGA/N2_Project/VIVADO/demo_v1/hdl_netlist/demo_sg.srcs/sim_1/imports/sysgen/demo_sg_tb.v:214]
INFO: [VRFC 10-311] analyzing module demo_sg_tb
INFO: [VRFC 10-2263] Analyzing Verilog file "E:/Bilibili_FPGA/N2_Project/VIVADO/demo_v1/hdl_netlist/demo_sg.sim/sim_1/behav/xsim/glbl.v" into library xil_defaultlib
INFO: [VRFC 10-311] analyzing module glbl
INFO: [VRFC 10-163] Analyzing VHDL file "E:/Bilibili_FPGA/N2_Project/VIVADO/demo_v1/hdl_netlist/demo_sg.srcs/sources_1/ip/demo_sg_c_addsub_v12_0_i0/sim/demo_sg_c_addsub_v12_0_i0.vhd" into library xil_defaultlib
INFO: [VRFC 10-307] analyzing entity demo_sg_c_addsub_v12_0_i0
INFO: [VRFC 10-163] Analyzing VHDL file "E:/Bilibili_FPGA/N2_Project/VIVADO/demo_v1/hdl_netlist/demo_sg.srcs/sources_1/ip/demo_sg_mult_gen_v12_0_i0/sim/demo_sg_mult_gen_v12_0_i0.vhd" into library xil_defaultlib
INFO: [VRFC 10-307] analyzing entity demo_sg_mult_gen_v12_0_i0
INFO: [VRFC 10-163] Analyzing VHDL file "E:/Bilibili_FPGA/N2_Project/VIVADO/demo_v1/hdl_netlist/demo_sg.srcs/sources_1/ip/demo_sg_c_counter_binary_v12_0_i0/sim/demo_sg_c_counter_binary_v12_0_i0.vhd" into library xil_defaultlib
INFO: [VRFC 10-307] analyzing entity demo_sg_c_counter_binary_v12_0_i0
