#-----------------------------------------------------------
# Vivado v2018.3 (64-bit)
# SW Build 2405991 on Thu Dec  6 23:38:27 MST 2018
# IP Build 2404404 on Fri Dec  7 01:43:56 MST 2018
# Start of session at: Wed Jul  8 22:17:13 2020
# Process ID: 3988
# Current directory: G:/a_max/max_xilinx/max/System_Generator/FIR/FIR3/par
# Command line: vivado.exe -mode batch -source ProjectGeneration.tcl -notrace
# Log file: G:/a_max/max_xilinx/max/System_Generator/FIR/FIR3/par/vivado.log
# Journal file: G:/a_max/max_xilinx/max/System_Generator/FIR/FIR3/par\vivado.jou
#-----------------------------------------------------------
source ProjectGeneration.tcl -notrace
create_project: Time (s): cpu = 00:00:02 ; elapsed = 00:00:07 . Memory (MB): peak = 328.320 ; gain = 82.879
WARNING: [Coretcl 2-176] No IPs found
INFO: [IP_Flow 19-234] Refreshing IP repositories
INFO: [IP_Flow 19-1704] No user IP repositories specified
INFO: [IP_Flow 19-2313] Loaded Vivado IP repository 'G:/vivado/Vivado/2018.3/data/ip'.
create_ip: Time (s): cpu = 00:00:03 ; elapsed = 00:00:07 . Memory (MB): peak = 371.422 ; gain = 41.438
WARNING: [Vivado 12-3523] Attempt to change 'Component_Name' from 'fir_c_addsub_v12_0_i0' to 'fir_c_addsub_v12_0_i0' is not allowed and is ignored.
WARNING: [IP_Flow 19-3374] An attempt to modify the value of disabled parameter 'B_Value' from '000000000000000000000000000000000' to '0' has been ignored for IP 'fir_c_addsub_v12_0_i0'
WARNING: [IP_Flow 19-3374] An attempt to modify the value of disabled parameter 'Bypass_Sense' from 'Active_High' to 'Active_Low' has been ignored for IP 'fir_c_addsub_v12_0_i0'
WARNING: [IP_Flow 19-3374] An attempt to modify the value of disabled parameter 'Bypass_CE_Priority' from 'CE_Overrides_Bypass' to 'Bypass_Overrides_CE' has been ignored for IP 'fir_c_addsub_v12_0_i0'
WARNING: [Vivado 12-3523] Attempt to change 'Component_Name' from 'fir_c_addsub_v12_0_i1' to 'fir_c_addsub_v12_0_i1' is not allowed and is ignored.
WARNING: [IP_Flow 19-3374] An attempt to modify the value of disabled parameter 'B_Value' from '0000000000000000000000000000000000' to '0' has been ignored for IP 'fir_c_addsub_v12_0_i1'
WARNING: [IP_Flow 19-3374] An attempt to modify the value of disabled parameter 'Bypass_Sense' from 'Active_High' to 'Active_Low' has been ignored for IP 'fir_c_addsub_v12_0_i1'
WARNING: [IP_Flow 19-3374] An attempt to modify the value of disabled parameter 'Bypass_CE_Priority' from 'CE_Overrides_Bypass' to 'Bypass_Overrides_CE' has been ignored for IP 'fir_c_addsub_v12_0_i1'
WARNING: [Vivado 12-3523] Attempt to change 'Component_Name' from 'fir_c_addsub_v12_0_i2' to 'fir_c_addsub_v12_0_i2' is not allowed and is ignored.
WARNING: [IP_Flow 19-3374] An attempt to modify the value of disabled parameter 'B_Value' from '0000000000000000000000000000000000000000000' to '0' has been ignored for IP 'fir_c_addsub_v12_0_i2'
WARNING: [IP_Flow 19-3374] An attempt to modify the value of disabled parameter 'Bypass_Sense' from 'Active_High' to 'Active_Low' has been ignored for IP 'fir_c_addsub_v12_0_i2'
WARNING: [IP_Flow 19-3374] An attempt to modify the value of disabled parameter 'Bypass_CE_Priority' from 'CE_Overrides_Bypass' to 'Bypass_Overrides_CE' has been ignored for IP 'fir_c_addsub_v12_0_i2'
WARNING: [Vivado 12-3523] Attempt to change 'Component_Name' from 'fir_c_addsub_v12_0_i3' to 'fir_c_addsub_v12_0_i3' is not allowed and is ignored.
WARNING: [IP_Flow 19-3374] An attempt to modify the value of disabled parameter 'B_Value' from '00000000000000000000000000000000000' to '0' has been ignored for IP 'fir_c_addsub_v12_0_i3'
WARNING: [IP_Flow 19-3374] An attempt to modify the value of disabled parameter 'Bypass_Sense' from 'Active_High' to 'Active_Low' has been ignored for IP 'fir_c_addsub_v12_0_i3'
WARNING: [IP_Flow 19-3374] An attempt to modify the value of disabled parameter 'Bypass_CE_Priority' from 'CE_Overrides_Bypass' to 'Bypass_Overrides_CE' has been ignored for IP 'fir_c_addsub_v12_0_i3'
WARNING: [Vivado 12-3523] Attempt to change 'Component_Name' from 'fir_c_addsub_v12_0_i4' to 'fir_c_addsub_v12_0_i4' is not allowed and is ignored.
WARNING: [IP_Flow 19-3374] An attempt to modify the value of disabled parameter 'B_Value' from '000000000000000000000000000000000000' to '0' has been ignored for IP 'fir_c_addsub_v12_0_i4'
WARNING: [IP_Flow 19-3374] An attempt to modify the value of disabled parameter 'Bypass_Sense' from 'Active_High' to 'Active_Low' has been ignored for IP 'fir_c_addsub_v12_0_i4'
WARNING: [IP_Flow 19-3374] An attempt to modify the value of disabled parameter 'Bypass_CE_Priority' from 'CE_Overrides_Bypass' to 'Bypass_Overrides_CE' has been ignored for IP 'fir_c_addsub_v12_0_i4'
WARNING: [Vivado 12-3523] Attempt to change 'Component_Name' from 'fir_c_addsub_v12_0_i5' to 'fir_c_addsub_v12_0_i5' is not allowed and is ignored.
WARNING: [IP_Flow 19-3374] An attempt to modify the value of disabled parameter 'B_Value' from '0000000000000000000000000000000000000' to '0' has been ignored for IP 'fir_c_addsub_v12_0_i5'
WARNING: [IP_Flow 19-3374] An attempt to modify the value of disabled parameter 'Bypass_Sense' from 'Active_High' to 'Active_Low' has been ignored for IP 'fir_c_addsub_v12_0_i5'
WARNING: [IP_Flow 19-3374] An attempt to modify the value of disabled parameter 'Bypass_CE_Priority' from 'CE_Overrides_Bypass' to 'Bypass_Overrides_CE' has been ignored for IP 'fir_c_addsub_v12_0_i5'
WARNING: [Vivado 12-3523] Attempt to change 'Component_Name' from 'fir_c_addsub_v12_0_i6' to 'fir_c_addsub_v12_0_i6' is not allowed and is ignored.
WARNING: [IP_Flow 19-3374] An attempt to modify the value of disabled parameter 'B_Value' from '00000000000000000000000000000000000000' to '0' has been ignored for IP 'fir_c_addsub_v12_0_i6'
WARNING: [IP_Flow 19-3374] An attempt to modify the value of disabled parameter 'Bypass_Sense' from 'Active_High' to 'Active_Low' has been ignored for IP 'fir_c_addsub_v12_0_i6'
WARNING: [IP_Flow 19-3374] An attempt to modify the value of disabled parameter 'Bypass_CE_Priority' from 'CE_Overrides_Bypass' to 'Bypass_Overrides_CE' has been ignored for IP 'fir_c_addsub_v12_0_i6'
WARNING: [Vivado 12-3523] Attempt to change 'Component_Name' from 'fir_c_addsub_v12_0_i7' to 'fir_c_addsub_v12_0_i7' is not allowed and is ignored.
WARNING: [IP_Flow 19-3374] An attempt to modify the value of disabled parameter 'B_Value' from '000000000000000000000000000000000000000' to '0' has been ignored for IP 'fir_c_addsub_v12_0_i7'
WARNING: [IP_Flow 19-3374] An attempt to modify the value of disabled parameter 'Bypass_Sense' from 'Active_High' to 'Active_Low' has been ignored for IP 'fir_c_addsub_v12_0_i7'
WARNING: [IP_Flow 19-3374] An attempt to modify the value of disabled parameter 'Bypass_CE_Priority' from 'CE_Overrides_Bypass' to 'Bypass_Overrides_CE' has been ignored for IP 'fir_c_addsub_v12_0_i7'
WARNING: [Vivado 12-3523] Attempt to change 'Component_Name' from 'fir_c_addsub_v12_0_i8' to 'fir_c_addsub_v12_0_i8' is not allowed and is ignored.
WARNING: [IP_Flow 19-3374] An attempt to modify the value of disabled parameter 'B_Value' from '0000000000000000000000000000000000000000' to '0' has been ignored for IP 'fir_c_addsub_v12_0_i8'
WARNING: [IP_Flow 19-3374] An attempt to modify the value of disabled parameter 'Bypass_Sense' from 'Active_High' to 'Active_Low' has been ignored for IP 'fir_c_addsub_v12_0_i8'
WARNING: [IP_Flow 19-3374] An attempt to modify the value of disabled parameter 'Bypass_CE_Priority' from 'CE_Overrides_Bypass' to 'Bypass_Overrides_CE' has been ignored for IP 'fir_c_addsub_v12_0_i8'
WARNING: [Vivado 12-3523] Attempt to change 'Component_Name' from 'fir_c_addsub_v12_0_i9' to 'fir_c_addsub_v12_0_i9' is not allowed and is ignored.
WARNING: [IP_Flow 19-3374] An attempt to modify the value of disabled parameter 'B_Value' from '00000000000000000000000000000000000000000' to '0' has been ignored for IP 'fir_c_addsub_v12_0_i9'
WARNING: [IP_Flow 19-3374] An attempt to modify the value of disabled parameter 'Bypass_Sense' from 'Active_High' to 'Active_Low' has been ignored for IP 'fir_c_addsub_v12_0_i9'
WARNING: [IP_Flow 19-3374] An attempt to modify the value of disabled parameter 'Bypass_CE_Priority' from 'CE_Overrides_Bypass' to 'Bypass_Overrides_CE' has been ignored for IP 'fir_c_addsub_v12_0_i9'
WARNING: [Vivado 12-3523] Attempt to change 'Component_Name' from 'fir_c_addsub_v12_0_i10' to 'fir_c_addsub_v12_0_i10' is not allowed and is ignored.
WARNING: [IP_Flow 19-3374] An attempt to modify the value of disabled parameter 'B_Value' from '000000000000000000000000000000000000000000' to '0' has been ignored for IP 'fir_c_addsub_v12_0_i10'
WARNING: [IP_Flow 19-3374] An attempt to modify the value of disabled parameter 'Bypass_Sense' from 'Active_High' to 'Active_Low' has been ignored for IP 'fir_c_addsub_v12_0_i10'
WARNING: [IP_Flow 19-3374] An attempt to modify the value of disabled parameter 'Bypass_CE_Priority' from 'CE_Overrides_Bypass' to 'Bypass_Overrides_CE' has been ignored for IP 'fir_c_addsub_v12_0_i10'
WARNING: [Vivado 12-3523] Attempt to change 'Component_Name' from 'fir_mult_gen_v12_0_i0' to 'fir_mult_gen_v12_0_i0' is not allowed and is ignored.
IP Repository Located at : G:/vivado/Vivado/2018.3/data/ip
Scanning sources...
Finished scanning sources
INFO: [IP_Flow 19-234] Refreshing IP repositories
INFO: [IP_Flow 19-1704] No user IP repositories specified
INFO: [IP_Flow 19-2313] Loaded Vivado IP repository 'G:/vivado/Vivado/2018.3/data/ip'.
Adding File g:/a_max/max_xilinx/max/System_Generator/FIR/FIR3/par/ip_catalog/fir.srcs/sources_1/ip/fir_c_addsub_v12_0_i0/fir_c_addsub_v12_0_i0.xci
Adding File g:/a_max/max_xilinx/max/System_Generator/FIR/FIR3/par/ip_catalog/fir.srcs/sources_1/ip/fir_c_addsub_v12_0_i1/fir_c_addsub_v12_0_i1.xci
Adding File g:/a_max/max_xilinx/max/System_Generator/FIR/FIR3/par/ip_catalog/fir.srcs/sources_1/ip/fir_c_addsub_v12_0_i10/fir_c_addsub_v12_0_i10.xci
Adding File g:/a_max/max_xilinx/max/System_Generator/FIR/FIR3/par/ip_catalog/fir.srcs/sources_1/ip/fir_c_addsub_v12_0_i2/fir_c_addsub_v12_0_i2.xci
Adding File g:/a_max/max_xilinx/max/System_Generator/FIR/FIR3/par/ip_catalog/fir.srcs/sources_1/ip/fir_c_addsub_v12_0_i3/fir_c_addsub_v12_0_i3.xci
Adding File g:/a_max/max_xilinx/max/System_Generator/FIR/FIR3/par/ip_catalog/fir.srcs/sources_1/ip/fir_c_addsub_v12_0_i4/fir_c_addsub_v12_0_i4.xci
Adding File g:/a_max/max_xilinx/max/System_Generator/FIR/FIR3/par/ip_catalog/fir.srcs/sources_1/ip/fir_c_addsub_v12_0_i5/fir_c_addsub_v12_0_i5.xci
Adding File g:/a_max/max_xilinx/max/System_Generator/FIR/FIR3/par/ip_catalog/fir.srcs/sources_1/ip/fir_c_addsub_v12_0_i6/fir_c_addsub_v12_0_i6.xci
Adding File g:/a_max/max_xilinx/max/System_Generator/FIR/FIR3/par/ip_catalog/fir.srcs/sources_1/ip/fir_c_addsub_v12_0_i7/fir_c_addsub_v12_0_i7.xci
Adding File g:/a_max/max_xilinx/max/System_Generator/FIR/FIR3/par/ip_catalog/fir.srcs/sources_1/ip/fir_c_addsub_v12_0_i8/fir_c_addsub_v12_0_i8.xci
Adding File g:/a_max/max_xilinx/max/System_Generator/FIR/FIR3/par/ip_catalog/fir.srcs/sources_1/ip/fir_c_addsub_v12_0_i9/fir_c_addsub_v12_0_i9.xci
Adding File g:/a_max/max_xilinx/max/System_Generator/FIR/FIR3/par/ip_catalog/fir.srcs/sources_1/ip/fir_mult_gen_v12_0_i0/fir_mult_gen_v12_0_i0.xci
Adding File G:/a_max/max_xilinx/max/System_Generator/FIR/FIR3/par/sysgen/fir.xdc
INFO: [IP_Flow 19-5107] Inferred bus interface 'clk' of definition 'xilinx.com:signal:clock:1.0' (from TCL Argument).
WARNING: [IP_Flow 19-3153] Bus Interface 'clk': ASSOCIATED_BUSIF bus parameter is missing.
INFO: [IP_Flow 19-2181] Payment Required is not set for this core.
INFO: [IP_Flow 19-2187] The Product Guide file is missing.
INFO: [Ipptcl 7-1486] check_integrity: Integrity check passed.
INFO: [IP_Flow 19-234] Refreshing IP repositories
INFO: [IP_Flow 19-1700] Loaded user IP repository 'g:/a_max/max_xilinx/max/System_Generator/FIR/FIR3/par/ip'.
WARNING: [IP_Flow 19-3656] If you move the project, the path for repository 'g:/a_max/max_xilinx/max/System_Generator/FIR/FIR3/par/ip' may become invalid. A better location for the repository would be in a path adjacent to the project. (Current project location is 'g:/a_max/max_xilinx/max/System_Generator/FIR/FIR3/par/ip_catalog'.)
0
Wrote  : <G:\a_max\max_xilinx\max\System_Generator\FIR\FIR3\par\ip_catalog\fir.srcs\sources_1\bd\fir_bd\fir_bd.bd> 
WARNING: [BD 5-232] No interface pins matched 'get_bd_intf_pins /fir_1/*'
WARNING: [BD 5-232] No interface pins matched 'get_bd_intf_pins /fir_1/*'
WARNING: [BD 41-927] Following properties on pin /fir_1/clk have been updated from connected ip. They may not be synchronized with cell properties. You can set property on pin directly to confirm the value and resolve the warning.
	CLK_DOMAIN=fir_bd_clk 
WARNING: [BD 5-232] No interface pins matched 'get_bd_intf_pins /fir_1/*'
Wrote  : <G:\a_max\max_xilinx\max\System_Generator\FIR\FIR3\par\ip_catalog\fir.srcs\sources_1\bd\fir_bd\fir_bd.bd> 
INFO: Setting More Options property of synthesis to -mode out_of_context.
INFO: To enable analysis of IP Catalog flow results the top module is set to fir_stub.
INFO: SG_Analyzer -- Running synth_1 ...
INFO: [BD 41-1662] The design 'fir_bd.bd' is already validated. Therefore parameter propagation will not be re-run.
VHDL Output written to : G:/a_max/max_xilinx/max/System_Generator/FIR/FIR3/par/ip_catalog/fir.srcs/sources_1/bd/fir_bd/synth/fir_bd.v
VHDL Output written to : G:/a_max/max_xilinx/max/System_Generator/FIR/FIR3/par/ip_catalog/fir.srcs/sources_1/bd/fir_bd/sim/fir_bd.v
VHDL Output written to : G:/a_max/max_xilinx/max/System_Generator/FIR/FIR3/par/ip_catalog/fir.srcs/sources_1/bd/fir_bd/hdl/fir_bd_wrapper.v
INFO: [BD 41-1029] Generation completed for the IP Integrator block fir_1 .
Exporting to file G:/a_max/max_xilinx/max/System_Generator/FIR/FIR3/par/ip_catalog/fir.srcs/sources_1/bd/fir_bd/hw_handoff/fir_bd.hwh
Generated Block Design Tcl file G:/a_max/max_xilinx/max/System_Generator/FIR/FIR3/par/ip_catalog/fir.srcs/sources_1/bd/fir_bd/hw_handoff/fir_bd_bd.tcl
Generated Hardware Definition File G:/a_max/max_xilinx/max/System_Generator/FIR/FIR3/par/ip_catalog/fir.srcs/sources_1/bd/fir_bd/synth/fir_bd.hwdef
INFO: [IP_Flow 19-1686] Generating 'Synthesis' target for IP 'fir_0'...
[Wed Jul  8 22:18:28 2020] Launched fir_0_synth_1, fir_bd_fir_1_0_synth_1...
Run output will be captured here:
fir_0_synth_1: G:/a_max/max_xilinx/max/System_Generator/FIR/FIR3/par/ip_catalog/fir.runs/fir_0_synth_1/runme.log
fir_bd_fir_1_0_synth_1: G:/a_max/max_xilinx/max/System_Generator/FIR/FIR3/par/ip_catalog/fir.runs/fir_bd_fir_1_0_synth_1/runme.log
[Wed Jul  8 22:18:28 2020] Launched synth_1...
Run output will be captured here: G:/a_max/max_xilinx/max/System_Generator/FIR/FIR3/par/ip_catalog/fir.runs/synth_1/runme.log
launch_runs: Time (s): cpu = 00:00:04 ; elapsed = 00:00:18 . Memory (MB): peak = 580.422 ; gain = 70.801
[Wed Jul  8 22:18:28 2020] Waiting for synth_1 to finish...

*** Running vivado
    with args -log fir_bd_wrapper.vds -m64 -product Vivado -mode batch -messageDb vivado.pb -notrace -source fir_bd_wrapper.tcl


****** Vivado v2018.3 (64-bit)
  **** SW Build 2405991 on Thu Dec  6 23:38:27 MST 2018
  **** IP Build 2404404 on Fri Dec  7 01:43:56 MST 2018
    ** Copyright 1986-2018 Xilinx, Inc. All Rights Reserved.

source fir_bd_wrapper.tcl -notrace
INFO: [IP_Flow 19-234] Refreshing IP repositories
INFO: [IP_Flow 19-1700] Loaded user IP repository 'g:/a_max/max_xilinx/max/System_Generator/FIR/FIR3/par/ip'.
WARNING: [IP_Flow 19-3656] If you move the project, the path for repository 'g:/a_max/max_xilinx/max/System_Generator/FIR/FIR3/par/ip' may become invalid. A better location for the repository would be in a path adjacent to the project. (Current project location is 'g:/a_max/max_xilinx/max/System_Generator/FIR/FIR3/par/ip_catalog/fir.runs/synth_1'.)
INFO: [IP_Flow 19-2313] Loaded Vivado IP repository 'G:/vivado/Vivado/2018.3/data/ip'.
update_ip_catalog: Time (s): cpu = 00:00:04 ; elapsed = 00:00:07 . Memory (MB): peak = 356.824 ; gain = 30.965
Command: synth_design -top fir_bd_wrapper -part xc7k325tfbg676-3 -mode out_of_context
Starting synth_design
Attempting to get a license for feature 'Synthesis' and/or device 'xc7k325t'
INFO: [Common 17-349] Got license for feature 'Synthesis' and/or device 'xc7k325t'
INFO: Launching helper process for spawning children vivado processes
INFO: Helper process launched with PID 4128 
---------------------------------------------------------------------------------
Starting RTL Elaboration : Time (s): cpu = 00:00:03 ; elapsed = 00:00:08 . Memory (MB): peak = 477.484 ; gain = 100.902
---------------------------------------------------------------------------------
INFO: [Synth 8-6157] synthesizing module 'fir_bd_wrapper' [G:/a_max/max_xilinx/max/System_Generator/FIR/FIR3/par/ip_catalog/fir.srcs/sources_1/imports/hdl/fir_bd_wrapper.v:12]
INFO: [Synth 8-6157] synthesizing module 'fir_bd' [G:/a_max/max_xilinx/max/System_Generator/FIR/FIR3/par/ip_catalog/fir.srcs/sources_1/bd/fir_bd/synth/fir_bd.v:13]
INFO: [Synth 8-6157] synthesizing module 'fir_bd_fir_1_0' [G:/a_max/max_xilinx/max/System_Generator/FIR/FIR3/par/ip_catalog/fir.runs/synth_1/.Xil/Vivado-12824-DESKTOP-3D03KII/realtime/fir_bd_fir_1_0_stub.v:6]
INFO: [Synth 8-6155] done synthesizing module 'fir_bd_fir_1_0' (1#1) [G:/a_max/max_xilinx/max/System_Generator/FIR/FIR3/par/ip_catalog/fir.runs/synth_1/.Xil/Vivado-12824-DESKTOP-3D03KII/realtime/fir_bd_fir_1_0_stub.v:6]
INFO: [Synth 8-6155] done synthesizing module 'fir_bd' (2#1) [G:/a_max/max_xilinx/max/System_Generator/FIR/FIR3/par/ip_catalog/fir.srcs/sources_1/bd/fir_bd/synth/fir_bd.v:13]
INFO: [Synth 8-6155] done synthesizing module 'fir_bd_wrapper' (3#1) [G:/a_max/max_xilinx/max/System_Generator/FIR/FIR3/par/ip_catalog/fir.srcs/sources_1/imports/hdl/fir_bd_wrapper.v:12]
---------------------------------------------------------------------------------
Finished RTL Elaboration : Time (s): cpu = 00:00:05 ; elapsed = 00:00:12 . Memory (MB): peak = 533.043 ; gain = 156.461
---------------------------------------------------------------------------------

Report Check Netlist: 
+------+------------------+-------+---------+-------+------------------+
|      |Item              |Errors |Warnings |Status |Description       |
+------+------------------+-------+---------+-------+------------------+
|1     |multi_driven_nets |      0|        0|Passed |Multi driven nets |
+------+------------------+-------+---------+-------+------------------+
---------------------------------------------------------------------------------
Start Handling Custom Attributes
---------------------------------------------------------------------------------
---------------------------------------------------------------------------------
Finished Handling Custom Attributes : Time (s): cpu = 00:00:05 ; elapsed = 00:00:13 . Memory (MB): peak = 533.043 ; gain = 156.461
---------------------------------------------------------------------------------
---------------------------------------------------------------------------------
Finished RTL Optimization Phase 1 : Time (s): cpu = 00:00:05 ; elapsed = 00:00:13 . Memory (MB): peak = 533.043 ; gain = 156.461
---------------------------------------------------------------------------------
INFO: [Device 21-403] Loading part xc7k325tfbg676-3
INFO: [Project 1-570] Preparing netlist for logic optimization

Processing XDC Constraints
Initializing timing engine
Parsing XDC File [g:/a_max/max_xilinx/max/System_Generator/FIR/FIR3/par/ip_catalog/fir.srcs/sources_1/bd/fir_bd/ip/fir_bd_fir_1_0/fir_bd_fir_1_0/fir_0_in_context.xdc] for cell 'fir_bd_i/fir_1'
Finished Parsing XDC File [g:/a_max/max_xilinx/max/System_Generator/FIR/FIR3/par/ip_catalog/fir.srcs/sources_1/bd/fir_bd/ip/fir_bd_fir_1_0/fir_bd_fir_1_0/fir_0_in_context.xdc] for cell 'fir_bd_i/fir_1'
Parsing XDC File [G:/a_max/max_xilinx/max/System_Generator/FIR/FIR3/par/ip_catalog/fir.srcs/constrs_1/imports/sysgen/fir_clock.xdc]
Finished Parsing XDC File [G:/a_max/max_xilinx/max/System_Generator/FIR/FIR3/par/ip_catalog/fir.srcs/constrs_1/imports/sysgen/fir_clock.xdc]
Parsing XDC File [G:/a_max/max_xilinx/max/System_Generator/FIR/FIR3/par/ip_catalog/fir.srcs/constrs_1/imports/sysgen/fir.xdc]
Finished Parsing XDC File [G:/a_max/max_xilinx/max/System_Generator/FIR/FIR3/par/ip_catalog/fir.srcs/constrs_1/imports/sysgen/fir.xdc]
Parsing XDC File [G:/a_max/max_xilinx/max/System_Generator/FIR/FIR3/par/ip_catalog/fir.runs/synth_1/dont_touch.xdc]
Finished Parsing XDC File [G:/a_max/max_xilinx/max/System_Generator/FIR/FIR3/par/ip_catalog/fir.runs/synth_1/dont_touch.xdc]
Completed Processing XDC Constraints

Netlist sorting complete. Time (s): cpu = 00:00:00 ; elapsed = 00:00:00 . Memory (MB): peak = 837.793 ; gain = 0.000
INFO: [Project 1-111] Unisim Transformation Summary:
No Unisim elements were transformed.

Netlist sorting complete. Time (s): cpu = 00:00:00 ; elapsed = 00:00:00 . Memory (MB): peak = 837.809 ; gain = 0.000
Constraint Validation Runtime : Time (s): cpu = 00:00:00 ; elapsed = 00:00:00.269 . Memory (MB): peak = 839.117 ; gain = 1.324
---------------------------------------------------------------------------------
Finished Constraint Validation : Time (s): cpu = 00:00:19 ; elapsed = 00:00:45 . Memory (MB): peak = 839.117 ; gain = 462.535
---------------------------------------------------------------------------------
---------------------------------------------------------------------------------
Start Loading Part and Timing Information
---------------------------------------------------------------------------------
Loading part: xc7k325tfbg676-3
---------------------------------------------------------------------------------
Finished Loading Part and Timing Information : Time (s): cpu = 00:00:19 ; elapsed = 00:00:45 . Memory (MB): peak = 839.117 ; gain = 462.535
---------------------------------------------------------------------------------
---------------------------------------------------------------------------------
Start Applying 'set_property' XDC Constraints
---------------------------------------------------------------------------------
Applied set_property DONT_TOUCH = true for fir_bd_i. (constraint file  auto generated constraint, line ).
Applied set_property DONT_TOUCH = true for fir_bd_i/fir_1. (constraint file  auto generated constraint, line ).
---------------------------------------------------------------------------------
Finished applying 'set_property' XDC Constraints : Time (s): cpu = 00:00:19 ; elapsed = 00:00:45 . Memory (MB): peak = 839.117 ; gain = 462.535
---------------------------------------------------------------------------------
---------------------------------------------------------------------------------
Finished RTL Optimization Phase 2 : Time (s): cpu = 00:00:19 ; elapsed = 00:00:45 . Memory (MB): peak = 839.117 ; gain = 462.535
---------------------------------------------------------------------------------

Report RTL Partitions: 
+-+--------------+------------+----------+
| |RTL Partition |Replication |Instances |
+-+--------------+------------+----------+
+-+--------------+------------+----------+
---------------------------------------------------------------------------------
Start RTL Component Statistics 
---------------------------------------------------------------------------------
Detailed RTL Component Info : 
---------------------------------------------------------------------------------
Finished RTL Component Statistics 
---------------------------------------------------------------------------------
---------------------------------------------------------------------------------
Start RTL Hierarchical Component Statistics 
---------------------------------------------------------------------------------
Hierarchical RTL Component report 
---------------------------------------------------------------------------------
Finished RTL Hierarchical Component Statistics
---------------------------------------------------------------------------------
---------------------------------------------------------------------------------
Start Part Resource Summary
---------------------------------------------------------------------------------
Part Resources:
DSPs: 840 (col length:140)
BRAMs: 890 (col length: RAMB18 140 RAMB36 70)
---------------------------------------------------------------------------------
Finished Part Resource Summary
---------------------------------------------------------------------------------
---------------------------------------------------------------------------------
Start Cross Boundary and Area Optimization
---------------------------------------------------------------------------------
Warning: Parallel synthesis criteria is not met 
---------------------------------------------------------------------------------
Finished Cross Boundary and Area Optimization : Time (s): cpu = 00:00:20 ; elapsed = 00:00:47 . Memory (MB): peak = 839.117 ; gain = 462.535
---------------------------------------------------------------------------------

Report RTL Partitions: 
+-+--------------+------------+----------+
| |RTL Partition |Replication |Instances |
+-+--------------+------------+----------+
+-+--------------+------------+----------+
---------------------------------------------------------------------------------
Start Applying XDC Timing Constraints
---------------------------------------------------------------------------------
---------------------------------------------------------------------------------
Finished Applying XDC Timing Constraints : Time (s): cpu = 00:00:33 ; elapsed = 00:01:16 . Memory (MB): peak = 895.055 ; gain = 518.473
---------------------------------------------------------------------------------
---------------------------------------------------------------------------------
Start Timing Optimization
---------------------------------------------------------------------------------
---------------------------------------------------------------------------------
Finished Timing Optimization : Time (s): cpu = 00:00:33 ; elapsed = 00:01:16 . Memory (MB): peak = 895.055 ; gain = 518.473
---------------------------------------------------------------------------------

Report RTL Partitions: 
+-+--------------+------------+----------+
| |RTL Partition |Replication |Instances |
+-+--------------+------------+----------+
+-+--------------+------------+----------+
---------------------------------------------------------------------------------
Start Technology Mapping
---------------------------------------------------------------------------------
---------------------------------------------------------------------------------
Finished Technology Mapping : Time (s): cpu = 00:00:33 ; elapsed = 00:01:16 . Memory (MB): peak = 904.582 ; gain = 528.000
---------------------------------------------------------------------------------

Report RTL Partitions: 
+-+--------------+------------+----------+
| |RTL Partition |Replication |Instances |
+-+--------------+------------+----------+
+-+--------------+------------+----------+
---------------------------------------------------------------------------------
Start IO Insertion
---------------------------------------------------------------------------------
---------------------------------------------------------------------------------
Start Flattening Before IO Insertion
---------------------------------------------------------------------------------
---------------------------------------------------------------------------------
Finished Flattening Before IO Insertion
---------------------------------------------------------------------------------
---------------------------------------------------------------------------------
Start Final Netlist Cleanup
---------------------------------------------------------------------------------
---------------------------------------------------------------------------------
Finished Final Netlist Cleanup
---------------------------------------------------------------------------------
---------------------------------------------------------------------------------
Finished IO Insertion : Time (s): cpu = 00:00:36 ; elapsed = 00:01:22 . Memory (MB): peak = 904.582 ; gain = 528.000
---------------------------------------------------------------------------------

Report Check Netlist: 
+------+------------------+-------+---------+-------+------------------+
|      |Item              |Errors |Warnings |Status |Description       |
+------+------------------+-------+---------+-------+------------------+
|1     |multi_driven_nets |      0|        0|Passed |Multi driven nets |
+------+------------------+-------+---------+-------+------------------+
---------------------------------------------------------------------------------
Start Renaming Generated Instances
---------------------------------------------------------------------------------
---------------------------------------------------------------------------------
Finished Renaming Generated Instances : Time (s): cpu = 00:00:36 ; elapsed = 00:01:22 . Memory (MB): peak = 904.582 ; gain = 528.000
---------------------------------------------------------------------------------

Report RTL Partitions: 
+-+--------------+------------+----------+
| |RTL Partition |Replication |Instances |
+-+--------------+------------+----------+
+-+--------------+------------+----------+
---------------------------------------------------------------------------------
Start Rebuilding User Hierarchy
---------------------------------------------------------------------------------
---------------------------------------------------------------------------------
Finished Rebuilding User Hierarchy : Time (s): cpu = 00:00:36 ; elapsed = 00:01:22 . Memory (MB): peak = 904.582 ; gain = 528.000
---------------------------------------------------------------------------------
---------------------------------------------------------------------------------
Start Renaming Generated Ports
---------------------------------------------------------------------------------
---------------------------------------------------------------------------------
Finished Renaming Generated Ports : Time (s): cpu = 00:00:36 ; elapsed = 00:01:22 . Memory (MB): peak = 904.582 ; gain = 528.000
---------------------------------------------------------------------------------
---------------------------------------------------------------------------------
Start Handling Custom Attributes
---------------------------------------------------------------------------------
---------------------------------------------------------------------------------
Finished Handling Custom Attributes : Time (s): cpu = 00:00:36 ; elapsed = 00:01:22 . Memory (MB): peak = 904.582 ; gain = 528.000
---------------------------------------------------------------------------------
---------------------------------------------------------------------------------
Start Renaming Generated Nets
---------------------------------------------------------------------------------
---------------------------------------------------------------------------------
Finished Renaming Generated Nets : Time (s): cpu = 00:00:36 ; elapsed = 00:01:22 . Memory (MB): peak = 904.582 ; gain = 528.000
---------------------------------------------------------------------------------
---------------------------------------------------------------------------------
Start Writing Synthesis Report
---------------------------------------------------------------------------------

Report BlackBoxes: 
+------+---------------+----------+
|      |BlackBox name  |Instances |
+------+---------------+----------+
|1     |fir_bd_fir_1_0 |         1|
+------+---------------+----------+

Report Cell Usage: 
+------+---------------+------+
|      |Cell           |Count |
+------+---------------+------+
|1     |fir_bd_fir_1_0 |     1|
+------+---------------+------+

Report Instance Areas: 
+------+-----------+-------+------+
|      |Instance   |Module |Cells |
+------+-----------+-------+------+
|1     |top        |       |    43|
|2     |  fir_bd_i |fir_bd |    43|
+------+-----------+-------+------+
---------------------------------------------------------------------------------
Finished Writing Synthesis Report : Time (s): cpu = 00:00:36 ; elapsed = 00:01:22 . Memory (MB): peak = 904.582 ; gain = 528.000
---------------------------------------------------------------------------------
Synthesis finished with 0 errors, 0 critical warnings and 0 warnings.
Synthesis Optimization Runtime : Time (s): cpu = 00:00:21 ; elapsed = 00:00:58 . Memory (MB): peak = 904.582 ; gain = 221.926
Synthesis Optimization Complete : Time (s): cpu = 00:00:36 ; elapsed = 00:01:23 . Memory (MB): peak = 904.582 ; gain = 528.000
INFO: [Project 1-571] Translating synthesized netlist
INFO: [Project 1-570] Preparing netlist for logic optimization
INFO: [Opt 31-138] Pushed 0 inverter(s) to 0 load pin(s).
Netlist sorting complete. Time (s): cpu = 00:00:00 ; elapsed = 00:00:00 . Memory (MB): peak = 922.766 ; gain = 0.000
INFO: [Project 1-111] Unisim Transformation Summary:
No Unisim elements were transformed.

INFO: [Common 17-83] Releasing license: Synthesis
18 Infos, 1 Warnings, 0 Critical Warnings and 0 Errors encountered.
synth_design completed successfully
synth_design: Time (s): cpu = 00:00:40 ; elapsed = 00:01:33 . Memory (MB): peak = 922.953 ; gain = 557.840
Netlist sorting complete. Time (s): cpu = 00:00:00 ; elapsed = 00:00:00.001 . Memory (MB): peak = 922.953 ; gain = 0.000
WARNING: [Constraints 18-5210] No constraints selected for write.
Resolution: This message can indicate that there are no constraints for the design, or it can indicate that the used_in flags are set such that the constraints are ignored. This later case is used when running synth_design to not write synthesis constraints to the resulting checkpoint. Instead, project constraints are read when the synthesized design is opened.
INFO: [Common 17-1381] The checkpoint 'G:/a_max/max_xilinx/max/System_Generator/FIR/FIR3/par/ip_catalog/fir.runs/synth_1/fir_bd_wrapper.dcp' has been generated.
INFO: [runtcl-4] Executing : report_utilization -file fir_bd_wrapper_utilization_synth.rpt -pb fir_bd_wrapper_utilization_synth.pb
INFO: [Common 17-206] Exiting Vivado at Wed Jul  8 22:25:14 2020...
[Wed Jul  8 22:25:26 2020] synth_1 finished
wait_on_run: Time (s): cpu = 00:00:00 ; elapsed = 00:06:59 . Memory (MB): peak = 580.422 ; gain = 0.000
INFO: SG_Analyzer -- Timing paths data will be collected from the post-synthesis design ...
INFO: [Timing 38-35] Done setting XDC timing constraints.
WARNING: [Timing 38-242] The property HD.CLK_SRC of clock port "clk" is not set. In out-of-context mode, this prevents timing estimation for clock delay/skew
Resolution: Set the HD.CLK_SRC property of the out-of-context port to the location of the clock buffer instance in the top-level design
get_timing_paths: Time (s): cpu = 00:00:18 ; elapsed = 00:00:37 . Memory (MB): peak = 1523.191 ; gain = 604.621
WARNING: [Common 17-673] Cannot get value of property 'ULTRA_RAMS' because this property is not valid in conjunction with other property setting on this object.
INFO: Setting More Options property of synthesis to empty string.
INFO: For IP Catalog flow the top module is reverted back to fir_bd_wrapper after collecting results for analysis.
INFO: SG_Analyzer -- Collected Vivado timing paths and resource utilization information ...
INFO: [Common 17-206] Exiting Vivado at Wed Jul  8 22:27:08 2020...
