#-----------------------------------------------------------
# Vivado v2018.3 (64-bit)
# SW Build 2405991 on Thu Dec  6 23:38:27 MST 2018
# IP Build 2404404 on Fri Dec  7 01:43:56 MST 2018
# Start of session at: Wed Jul 22 22:07:19 2020
# Process ID: 4860
# Current directory: G:/a_max/max_xilinx/opendv/4_gpio_interrupt
# Command line: vivado.exe -gui_launcher_event rodinguilauncherevent18376 G:\a_max\max_xilinx\opendv\4_gpio_interrupt\4_gpio_interrupt.xpr
# Log file: G:/a_max/max_xilinx/opendv/4_gpio_interrupt/vivado.log
# Journal file: G:/a_max/max_xilinx/opendv/4_gpio_interrupt\vivado.jou
#-----------------------------------------------------------
start_gui
open_project G:/a_max/max_xilinx/opendv/4_gpio_interrupt/4_gpio_interrupt.xpr
Scanning sources...
Finished scanning sources
INFO: [IP_Flow 19-234] Refreshing IP repositories
INFO: [IP_Flow 19-1704] No user IP repositories specified
INFO: [IP_Flow 19-2313] Loaded Vivado IP repository 'G:/vivado/Vivado/2018.3/data/ip'.
open_project: Time (s): cpu = 00:00:17 ; elapsed = 00:00:13 . Memory (MB): peak = 775.598 ; gain = 169.359
update_compile_order -fileset sources_1
launch_sdk -workspace G:/a_max/max_xilinx/opendv/4_gpio_interrupt/4_gpio_interrupt.sdk -hwspec G:/a_max/max_xilinx/opendv/4_gpio_interrupt/4_gpio_interrupt.sdk/system_wrapper.hdf
INFO: [Vivado 12-393] Launching SDK...
INFO: [Vivado 12-417] Running xsdk -workspace G:/a_max/max_xilinx/opendv/4_gpio_interrupt/4_gpio_interrupt.sdk -hwspec G:/a_max/max_xilinx/opendv/4_gpio_interrupt/4_gpio_interrupt.sdk/system_wrapper.hdf
INFO: [Vivado 12-3157] SDK launch initiated. Please check console for any further messages.
exit
INFO: [Common 17-206] Exiting Vivado at Wed Jul 22 23:43:37 2020...
