15:25:24 INFO  : Registering command handlers for SDK TCF services
15:25:25 INFO  : Launching XSCT server: xsct.bat -interactive E:\PS\ov5640_gray_lcd\ov5640_gray_lcd.sdk\temp_xsdb_launch_script.tcl
15:25:27 INFO  : XSCT server has started successfully.
15:25:27 INFO  : Successfully done setting XSCT server connection channel  
15:25:27 INFO  : Successfully done setting SDK workspace  
15:25:27 INFO  : Processing command line option -hwspec E:/PS/ov5640_gray_lcd/ov5640_gray_lcd.sdk/design_1_wrapper.hdf.
15:26:24 INFO  : Connected to target on host '127.0.0.1' and port '3121'.
15:26:25 INFO  : 'targets -set -filter {jtag_cable_name =~ "Digilent JTAG-HS1 210512180081" && level==0} -index 1' command is executed.
15:26:27 INFO  : FPGA configured successfully with bitstream "E:/PS/ov5640_gray_lcd/ov5640_gray_lcd.sdk/design_1_wrapper_hw_platform_0/design_1_wrapper.bit"
15:26:33 INFO  : 'targets -set -filter {jtag_cable_name =~ "Digilent JTAG-HS1 210512180081" && level==0} -index 1' command is executed.
15:26:33 INFO  : 'fpga -state' command is executed.
15:26:33 INFO  : Connected to target on host '127.0.0.1' and port '3121'.
15:26:33 INFO  : Jtag cable 'Digilent JTAG-HS1 210512180081' is selected.
15:26:33 INFO  : 'jtag frequency' command is executed.
15:26:33 INFO  : Sourcing of 'E:/PS/ov5640_gray_lcd/ov5640_gray_lcd.sdk/design_1_wrapper_hw_platform_0/ps7_init.tcl' is done.
15:26:33 INFO  : Context for 'APU' is selected.
15:26:33 INFO  : Hardware design information is loaded from 'E:/PS/ov5640_gray_lcd/ov5640_gray_lcd.sdk/design_1_wrapper_hw_platform_0/system.hdf'.
15:26:33 INFO  : 'configparams force-mem-access 1' command is executed.
15:26:33 INFO  : Context for 'APU' is selected.
15:26:33 INFO  : 'stop' command is executed.
15:26:33 INFO  : 'ps7_init' command is executed.
15:26:33 INFO  : 'ps7_post_config' command is executed.
15:26:33 INFO  : Context for processor 'ps7_cortexa9_0' is selected.
15:26:33 INFO  : Processor reset is completed for 'ps7_cortexa9_0'.
15:26:33 INFO  : Context for processor 'ps7_cortexa9_0' is selected.
15:26:34 INFO  : The application 'E:/PS/ov5640_gray_lcd/ov5640_gray_lcd.sdk/ov5640_gray_lcd/Debug/ov5640_gray_lcd.elf' is downloaded to processor 'ps7_cortexa9_0'.
15:26:34 INFO  : 'configparams force-mem-access 0' command is executed.
15:26:34 INFO  : ----------------XSDB Script----------------
connect -url tcp:127.0.0.1:3121
source E:/PS/ov5640_gray_lcd/ov5640_gray_lcd.sdk/design_1_wrapper_hw_platform_0/ps7_init.tcl
targets -set -nocase -filter {name =~"APU*" && jtag_cable_name =~ "Digilent JTAG-HS1 210512180081"} -index 0
loadhw -hw E:/PS/ov5640_gray_lcd/ov5640_gray_lcd.sdk/design_1_wrapper_hw_platform_0/system.hdf -mem-ranges [list {0x40000000 0xbfffffff}]
configparams force-mem-access 1
targets -set -nocase -filter {name =~"APU*" && jtag_cable_name =~ "Digilent JTAG-HS1 210512180081"} -index 0
stop
ps7_init
ps7_post_config
targets -set -nocase -filter {name =~ "ARM*#0" && jtag_cable_name =~ "Digilent JTAG-HS1 210512180081"} -index 0
rst -processor
targets -set -nocase -filter {name =~ "ARM*#0" && jtag_cable_name =~ "Digilent JTAG-HS1 210512180081"} -index 0
dow E:/PS/ov5640_gray_lcd/ov5640_gray_lcd.sdk/ov5640_gray_lcd/Debug/ov5640_gray_lcd.elf
configparams force-mem-access 0
----------------End of Script----------------

15:26:34 INFO  : Memory regions updated for context APU
15:26:34 INFO  : Context for processor 'ps7_cortexa9_0' is selected.
15:26:34 INFO  : 'con' command is executed.
15:26:34 INFO  : ----------------XSDB Script (After Launch)----------------
targets -set -nocase -filter {name =~ "ARM*#0" && jtag_cable_name =~ "Digilent JTAG-HS1 210512180081"} -index 0
con
----------------End of Script----------------

15:26:34 INFO  : Launch script is exported to file 'E:\PS\ov5640_gray_lcd\ov5640_gray_lcd.sdk\.sdk\launch_scripts\xilinx_c-c++_application_(system_debugger)\system_debugger_using_debug_ov5640_gray_lcd.elf_on_local.tcl'
15:26:43 INFO  : Disconnected from the channel tcfchan#1.
10:07:58 INFO  : Launching XSCT server: xsct.bat -interactive C:\a_max\max\xlinx\opendv\25_ov7725_gray_lcd\ov5640_gray_lcd.sdk\temp_xsdb_launch_script.tcl
10:08:03 INFO  : XSCT server has started successfully.
10:08:05 INFO  : Successfully done setting XSCT server connection channel  
10:08:05 INFO  : Successfully done setting SDK workspace  
10:08:14 INFO  : Registering command handlers for SDK TCF services
10:08:14 INFO  : Processing command line option -hwspec C:/a_max/max/xlinx/opendv/25_ov7725_gray_lcd/ov5640_gray_lcd.sdk/design_1_wrapper.hdf.
10:10:23 INFO  : 'targets -set -filter {jtag_cable_name =~ "Digilent JTAG-HS1 210512180081" && level==0} -index 1' command is executed.
10:10:23 INFO  : 'fpga -state' command is executed.
10:10:23 INFO  : Connected to target on host '127.0.0.1' and port '3121'.
10:10:23 INFO  : Jtag cable 'Digilent JTAG-HS1 210512180081' is selected.
10:10:23 INFO  : 'jtag frequency' command is executed.
10:10:23 INFO  : Sourcing of 'C:/a_max/max/xlinx/opendv/25_ov7725_gray_lcd/ov5640_gray_lcd.sdk/design_1_wrapper_hw_platform_0/ps7_init.tcl' is done.
10:10:23 INFO  : Context for 'APU' is selected.
10:10:24 INFO  : Hardware design information is loaded from 'C:/a_max/max/xlinx/opendv/25_ov7725_gray_lcd/ov5640_gray_lcd.sdk/design_1_wrapper_hw_platform_0/system.hdf'.
10:10:24 INFO  : 'configparams force-mem-access 1' command is executed.
10:10:24 INFO  : Context for 'APU' is selected.
10:10:24 INFO  : 'stop' command is executed.
10:10:24 INFO  : 'ps7_init' command is executed.
10:10:24 INFO  : 'ps7_post_config' command is executed.
10:10:24 INFO  : Context for processor 'ps7_cortexa9_0' is selected.
10:10:24 INFO  : Processor reset is completed for 'ps7_cortexa9_0'.
10:10:24 INFO  : Context for processor 'ps7_cortexa9_0' is selected.
10:10:25 INFO  : The application 'C:/a_max/max/xlinx/opendv/25_ov7725_gray_lcd/ov5640_gray_lcd.sdk/ov5640_gray_lcd/Debug/ov5640_gray_lcd.elf' is downloaded to processor 'ps7_cortexa9_0'.
10:10:25 INFO  : 'configparams force-mem-access 0' command is executed.
10:10:25 INFO  : ----------------XSDB Script----------------
connect -url tcp:127.0.0.1:3121
source C:/a_max/max/xlinx/opendv/25_ov7725_gray_lcd/ov5640_gray_lcd.sdk/design_1_wrapper_hw_platform_0/ps7_init.tcl
targets -set -nocase -filter {name =~"APU*" && jtag_cable_name =~ "Digilent JTAG-HS1 210512180081"} -index 0
loadhw -hw C:/a_max/max/xlinx/opendv/25_ov7725_gray_lcd/ov5640_gray_lcd.sdk/design_1_wrapper_hw_platform_0/system.hdf -mem-ranges [list {0x40000000 0xbfffffff}]
configparams force-mem-access 1
targets -set -nocase -filter {name =~"APU*" && jtag_cable_name =~ "Digilent JTAG-HS1 210512180081"} -index 0
stop
ps7_init
ps7_post_config
targets -set -nocase -filter {name =~ "ARM*#0" && jtag_cable_name =~ "Digilent JTAG-HS1 210512180081"} -index 0
rst -processor
targets -set -nocase -filter {name =~ "ARM*#0" && jtag_cable_name =~ "Digilent JTAG-HS1 210512180081"} -index 0
dow C:/a_max/max/xlinx/opendv/25_ov7725_gray_lcd/ov5640_gray_lcd.sdk/ov5640_gray_lcd/Debug/ov5640_gray_lcd.elf
configparams force-mem-access 0
----------------End of Script----------------

10:10:25 INFO  : Memory regions updated for context APU
10:10:25 INFO  : Context for processor 'ps7_cortexa9_0' is selected.
10:10:25 INFO  : 'con' command is executed.
10:10:25 INFO  : ----------------XSDB Script (After Launch)----------------
targets -set -nocase -filter {name =~ "ARM*#0" && jtag_cable_name =~ "Digilent JTAG-HS1 210512180081"} -index 0
con
----------------End of Script----------------

10:10:25 INFO  : Launch script is exported to file 'C:\a_max\max\xlinx\opendv\25_ov7725_gray_lcd\ov5640_gray_lcd.sdk\.sdk\launch_scripts\xilinx_c-c++_application_(system_debugger)\system_debugger_using_debug_ov5640_gray_lcd.elf_on_local.tcl'
10:12:52 INFO  : Disconnected from the channel tcfchan#1.
