15:23:50 INFO  : Registering command handlers for SDK TCF services
15:23:51 INFO  : Launching XSCT server: xsct.bat -interactive C:\a_max\max\xlinx\opendv\1_hello_world\hello_word.sdk\temp_xsdb_launch_script.tcl
15:23:57 INFO  : XSCT server has started successfully.
15:23:58 INFO  : Successfully done setting XSCT server connection channel  
15:23:58 INFO  : Successfully done setting SDK workspace  
15:23:58 INFO  : Processing command line option -hwspec C:/a_max/max/xlinx/opendv/1_hello_world/hello_word.sdk/hello_word_wrapper.hdf.
15:47:09 INFO  : Connected to target on host '127.0.0.1' and port '3121'.
15:47:10 INFO  : Jtag cable 'Digilent JTAG-HS1 210512180081' is selected.
15:47:10 INFO  : 'jtag frequency' command is executed.
15:47:10 INFO  : Sourcing of 'C:/a_max/max/xlinx/opendv/1_hello_world/hello_word.sdk/hello_word_wrapper_hw_platform_0/ps7_init.tcl' is done.
15:47:10 INFO  : Context for 'APU' is selected.
15:47:10 INFO  : Hardware design information is loaded from 'C:/a_max/max/xlinx/opendv/1_hello_world/hello_word.sdk/hello_word_wrapper_hw_platform_0/system.hdf'.
15:47:10 INFO  : 'configparams force-mem-access 1' command is executed.
15:47:10 INFO  : Context for 'APU' is selected.
15:47:10 INFO  : 'stop' command is executed.
15:47:10 INFO  : 'ps7_init' command is executed.
15:47:10 INFO  : 'ps7_post_config' command is executed.
15:47:10 INFO  : Context for processor 'ps7_cortexa9_0' is selected.
15:47:10 INFO  : Processor reset is completed for 'ps7_cortexa9_0'.
15:47:11 INFO  : Context for processor 'ps7_cortexa9_0' is selected.
15:47:11 INFO  : The application 'C:/a_max/max/xlinx/opendv/1_hello_world/hello_word.sdk/hello_word/Debug/hello_word.elf' is downloaded to processor 'ps7_cortexa9_0'.
15:47:11 INFO  : 'configparams force-mem-access 0' command is executed.
15:47:11 INFO  : ----------------XSDB Script----------------
connect -url tcp:127.0.0.1:3121
source C:/a_max/max/xlinx/opendv/1_hello_world/hello_word.sdk/hello_word_wrapper_hw_platform_0/ps7_init.tcl
targets -set -nocase -filter {name =~"APU*" && jtag_cable_name =~ "Digilent JTAG-HS1 210512180081"} -index 0
loadhw -hw C:/a_max/max/xlinx/opendv/1_hello_world/hello_word.sdk/hello_word_wrapper_hw_platform_0/system.hdf -mem-ranges [list {0x40000000 0xbfffffff}]
configparams force-mem-access 1
targets -set -nocase -filter {name =~"APU*" && jtag_cable_name =~ "Digilent JTAG-HS1 210512180081"} -index 0
stop
ps7_init
ps7_post_config
targets -set -nocase -filter {name =~ "ARM*#0" && jtag_cable_name =~ "Digilent JTAG-HS1 210512180081"} -index 0
rst -processor
targets -set -nocase -filter {name =~ "ARM*#0" && jtag_cable_name =~ "Digilent JTAG-HS1 210512180081"} -index 0
dow C:/a_max/max/xlinx/opendv/1_hello_world/hello_word.sdk/hello_word/Debug/hello_word.elf
configparams force-mem-access 0
----------------End of Script----------------

15:47:11 INFO  : Context for processor 'ps7_cortexa9_0' is selected.
15:47:11 INFO  : 'con' command is executed.
15:47:11 INFO  : ----------------XSDB Script (After Launch)----------------
targets -set -nocase -filter {name =~ "ARM*#0" && jtag_cable_name =~ "Digilent JTAG-HS1 210512180081"} -index 0
con
----------------End of Script----------------

15:47:11 INFO  : Launch script is exported to file 'C:\a_max\max\xlinx\opendv\1_hello_world\hello_word.sdk\.sdk\launch_scripts\xilinx_c-c++_application_(system_debugger)\system_debugger_using_debug_hello_word.elf_on_local.tcl'
15:47:54 INFO  : Disconnected from the channel tcfchan#1.
15:47:55 INFO  : Connected to target on host '127.0.0.1' and port '3121'.
15:47:55 INFO  : Jtag cable 'Digilent JTAG-HS1 210512180081' is selected.
15:47:55 INFO  : 'jtag frequency' command is executed.
15:47:55 INFO  : Sourcing of 'C:/a_max/max/xlinx/opendv/1_hello_world/hello_word.sdk/hello_word_wrapper_hw_platform_0/ps7_init.tcl' is done.
15:47:55 INFO  : Context for 'APU' is selected.
15:47:57 INFO  : Hardware design information is loaded from 'C:/a_max/max/xlinx/opendv/1_hello_world/hello_word.sdk/hello_word_wrapper_hw_platform_0/system.hdf'.
15:47:57 INFO  : 'configparams force-mem-access 1' command is executed.
15:47:57 INFO  : Context for 'APU' is selected.
15:47:57 INFO  : 'stop' command is executed.
15:47:57 INFO  : 'ps7_init' command is executed.
15:47:57 INFO  : 'ps7_post_config' command is executed.
15:47:57 INFO  : Context for processor 'ps7_cortexa9_0' is selected.
15:47:57 INFO  : Processor reset is completed for 'ps7_cortexa9_0'.
15:47:57 INFO  : Context for processor 'ps7_cortexa9_0' is selected.
15:47:57 INFO  : The application 'C:/a_max/max/xlinx/opendv/1_hello_world/hello_word.sdk/hello_word/Debug/hello_word.elf' is downloaded to processor 'ps7_cortexa9_0'.
15:47:57 INFO  : 'configparams force-mem-access 0' command is executed.
15:47:57 INFO  : ----------------XSDB Script----------------
connect -url tcp:127.0.0.1:3121
source C:/a_max/max/xlinx/opendv/1_hello_world/hello_word.sdk/hello_word_wrapper_hw_platform_0/ps7_init.tcl
targets -set -nocase -filter {name =~"APU*" && jtag_cable_name =~ "Digilent JTAG-HS1 210512180081"} -index 0
loadhw -hw C:/a_max/max/xlinx/opendv/1_hello_world/hello_word.sdk/hello_word_wrapper_hw_platform_0/system.hdf -mem-ranges [list {0x40000000 0xbfffffff}]
configparams force-mem-access 1
targets -set -nocase -filter {name =~"APU*" && jtag_cable_name =~ "Digilent JTAG-HS1 210512180081"} -index 0
stop
ps7_init
ps7_post_config
targets -set -nocase -filter {name =~ "ARM*#0" && jtag_cable_name =~ "Digilent JTAG-HS1 210512180081"} -index 0
rst -processor
targets -set -nocase -filter {name =~ "ARM*#0" && jtag_cable_name =~ "Digilent JTAG-HS1 210512180081"} -index 0
dow C:/a_max/max/xlinx/opendv/1_hello_world/hello_word.sdk/hello_word/Debug/hello_word.elf
configparams force-mem-access 0
----------------End of Script----------------

15:47:57 INFO  : Context for processor 'ps7_cortexa9_0' is selected.
15:47:57 INFO  : 'con' command is executed.
15:47:57 INFO  : ----------------XSDB Script (After Launch)----------------
targets -set -nocase -filter {name =~ "ARM*#0" && jtag_cable_name =~ "Digilent JTAG-HS1 210512180081"} -index 0
con
----------------End of Script----------------

15:47:57 INFO  : Launch script is exported to file 'C:\a_max\max\xlinx\opendv\1_hello_world\hello_word.sdk\.sdk\launch_scripts\xilinx_c-c++_application_(system_debugger)\system_debugger_using_debug_hello_word.elf_on_local.tcl'
15:48:49 INFO  : Disconnected from the channel tcfchan#2.
15:48:50 INFO  : Connected to target on host '127.0.0.1' and port '3121'.
15:48:51 INFO  : Jtag cable 'Digilent JTAG-HS1 210512180081' is selected.
15:48:51 INFO  : 'jtag frequency' command is executed.
15:48:51 INFO  : Sourcing of 'C:/a_max/max/xlinx/opendv/1_hello_world/hello_word.sdk/hello_word_wrapper_hw_platform_0/ps7_init.tcl' is done.
15:48:51 INFO  : Context for 'APU' is selected.
15:48:53 INFO  : Hardware design information is loaded from 'C:/a_max/max/xlinx/opendv/1_hello_world/hello_word.sdk/hello_word_wrapper_hw_platform_0/system.hdf'.
15:48:53 INFO  : 'configparams force-mem-access 1' command is executed.
15:48:53 INFO  : Context for 'APU' is selected.
15:48:53 INFO  : 'stop' command is executed.
15:48:54 INFO  : 'ps7_init' command is executed.
15:48:54 INFO  : 'ps7_post_config' command is executed.
15:48:54 INFO  : Context for processor 'ps7_cortexa9_0' is selected.
15:48:54 INFO  : Processor reset is completed for 'ps7_cortexa9_0'.
15:48:54 INFO  : Context for processor 'ps7_cortexa9_0' is selected.
15:48:54 INFO  : The application 'C:/a_max/max/xlinx/opendv/1_hello_world/hello_word.sdk/hello_word/Debug/hello_word.elf' is downloaded to processor 'ps7_cortexa9_0'.
15:48:54 INFO  : 'configparams force-mem-access 0' command is executed.
15:48:54 INFO  : ----------------XSDB Script----------------
connect -url tcp:127.0.0.1:3121
source C:/a_max/max/xlinx/opendv/1_hello_world/hello_word.sdk/hello_word_wrapper_hw_platform_0/ps7_init.tcl
targets -set -nocase -filter {name =~"APU*" && jtag_cable_name =~ "Digilent JTAG-HS1 210512180081"} -index 0
loadhw -hw C:/a_max/max/xlinx/opendv/1_hello_world/hello_word.sdk/hello_word_wrapper_hw_platform_0/system.hdf -mem-ranges [list {0x40000000 0xbfffffff}]
configparams force-mem-access 1
targets -set -nocase -filter {name =~"APU*" && jtag_cable_name =~ "Digilent JTAG-HS1 210512180081"} -index 0
stop
ps7_init
ps7_post_config
targets -set -nocase -filter {name =~ "ARM*#0" && jtag_cable_name =~ "Digilent JTAG-HS1 210512180081"} -index 0
rst -processor
targets -set -nocase -filter {name =~ "ARM*#0" && jtag_cable_name =~ "Digilent JTAG-HS1 210512180081"} -index 0
dow C:/a_max/max/xlinx/opendv/1_hello_world/hello_word.sdk/hello_word/Debug/hello_word.elf
configparams force-mem-access 0
----------------End of Script----------------

15:48:54 INFO  : Context for processor 'ps7_cortexa9_0' is selected.
15:48:54 INFO  : 'con' command is executed.
15:48:54 INFO  : ----------------XSDB Script (After Launch)----------------
targets -set -nocase -filter {name =~ "ARM*#0" && jtag_cable_name =~ "Digilent JTAG-HS1 210512180081"} -index 0
con
----------------End of Script----------------

15:48:54 INFO  : Launch script is exported to file 'C:\a_max\max\xlinx\opendv\1_hello_world\hello_word.sdk\.sdk\launch_scripts\xilinx_c-c++_application_(system_debugger)\system_debugger_using_debug_hello_word.elf_on_local.tcl'
15:49:09 INFO  : Disconnected from the channel tcfchan#3.
