
****** PlanAhead v14.7 (64-bit)
  **** Build 321239 by xbuild on Fri Sep 27 19:29:51 MDT 2013
    ** Copyright 1986-1999, 2001-2013 Xilinx, Inc. All Rights Reserved.

INFO: [Common 17-78] Attempting to get a license: PlanAhead
INFO: [Common 17-290] Got license for PlanAhead
INFO: [Common 17-86] Your PlanAhead license expires in -1198 day(s)
INFO: [Device 21-36] Loading parts and site information from C:/ISE14.7/14.7/ISE_DS/PlanAhead/data/parts/arch.xml
Parsing RTL primitives file [C:/ISE14.7/14.7/ISE_DS/PlanAhead/data/parts/xilinx/rtl/prims/rtl_prims.xml]
Finished parsing RTL primitives file [C:/ISE14.7/14.7/ISE_DS/PlanAhead/data/parts/xilinx/rtl/prims/rtl_prims.xml]
start_gui
source C:/a_max/davy_DSP_FPGA/FPGA_endat/spi_slave/par/pa.fromHdl.tcl
# create_project -name SPI -dir "C:/a_max/davy_DSP_FPGA/FPGA_endat/spi_slave/par/planAhead_run_1" -part xc3s50atq144-4
# set_param project.pinAheadLayout yes
# set srcset [get_property srcset [current_run -impl]]
# set_property target_constrs_file "spi_top.ucf" [current_fileset -constrset]
Adding file 'C:/a_max/davy_DSP_FPGA/FPGA_endat/spi_slave/par/spi_top.ucf' to fileset 'constrs_1'
# set hdlfile [add_files [list {../rtl/spi_slave.v}]]
# set_property file_type Verilog $hdlfile
# set_property library work $hdlfile
# set hdlfile [add_files [list {spi_top.vf}]]
# set_property file_type Verilog $hdlfile
# set_property library work $hdlfile
# set_property top spi_top $srcset
# add_files [list {spi_top.ucf}] -fileset [get_property constrset [current_run]]
# open_rtl_design -part xc3s50atq144-4
Using Verific elaboration
Parsing VHDL file "C:/ISE14.7/14.7/ISE_DS/PlanAhead/data/parts/xilinx/rtl/lib/synplify/synattr.vhd" into library synplify
Analyzing Verilog file "C:/a_max/davy_DSP_FPGA/FPGA_endat/spi_slave/rtl/spi_slave.v" into library work
Analyzing Verilog file "C:/a_max/davy_DSP_FPGA/FPGA_endat/spi_slave/par/spi_top.vf" into library work
INFO: [Designutils 20-910] Reading macro library C:/ISE14.7/14.7/ISE_DS/PlanAhead/data\./parts/xilinx/spartan3a/hd_int_macros.edn
Parsing EDIF File [C:/ISE14.7/14.7/ISE_DS/PlanAhead/data\./parts/xilinx/spartan3a/hd_int_macros.edn]
Finished Parsing EDIF File [C:/ISE14.7/14.7/ISE_DS/PlanAhead/data\./parts/xilinx/spartan3a/hd_int_macros.edn]
Loading clock regions from C:/ISE14.7/14.7/ISE_DS/PlanAhead/data\parts/xilinx/spartan3a/spartan3a/xc3s50a/ClockRegion.xml
Loading clock buffers from C:/ISE14.7/14.7/ISE_DS/PlanAhead/data\parts/xilinx/spartan3a/spartan3a/xc3s50a/ClockBuffers.xml
Loading package from C:/ISE14.7/14.7/ISE_DS/PlanAhead/data\parts/xilinx/spartan3a/spartan3a/xc3s50a/tq144/Package.xml
Loading io standards from C:/ISE14.7/14.7/ISE_DS/PlanAhead/data\./parts/xilinx/spartan3a/IOStandards.xml
INFO: [Device 21-19] Loading pkg sso from C:/ISE14.7/14.7/ISE_DS/PlanAhead/data\parts/xilinx/spartan3a/spartan3a/xc3s50a/tq144/SSORules.xml
Loading list of drcs for the architecture : C:/ISE14.7/14.7/ISE_DS/PlanAhead/data\./parts/xilinx/spartan3a/drc.xml
INFO: [Timing 38-77] Reading timing library C:/ISE14.7/14.7/ISE_DS/PlanAhead/data\parts/xilinx/spartan3a/spartan3a/spartan3a-4.lib.
INFO: [Timing 38-34] Done reading timing library C:/ISE14.7/14.7/ISE_DS/PlanAhead/data\parts/xilinx/spartan3a/spartan3a/spartan3a-4.lib.
Parsing UCF File [C:/a_max/davy_DSP_FPGA/FPGA_endat/spi_slave/par/spi_top.ucf]
Finished Parsing UCF File [C:/a_max/davy_DSP_FPGA/FPGA_endat/spi_slave/par/spi_top.ucf]
INFO: [Project 1-111] Unisim Transformation Summary:
No Unisim elements were transformed.

Phase 0 | Netlist Checksum: cdc4a95e
open_rtl_design: Time (s): elapsed = 00:00:06 . Memory (MB): peak = 606.258 ; gain = 162.516
update_compile_order -fileset sim_1
startgroup
set_property package_pin P59 [get_ports scl]
endgroup
startgroup
set_property package_pin P83 [get_ports cs_n]
endgroup
startgroup
set_property package_pin P48 [get_ports so]
endgroup
save_constraints
exit
ERROR: [Common 17-39] 'stop_gui' failed due to earlier errors.
INFO: [Common 17-206] Exiting PlanAhead at Sun Apr 12 14:35:36 2020...
INFO: [Common 17-83] Releasing license: PlanAhead
