#-----------------------------------------------------------
# Vivado v2018.3 (64-bit)
# SW Build 2405991 on Thu Dec  6 23:38:27 MST 2018
# IP Build 2404404 on Fri Dec  7 01:43:56 MST 2018
# Start of session at: Wed Jul 22 22:18:42 2020
# Process ID: 4856
# Current directory: G:/a_max/max_xilinx/opendv/3_gpio_emio
# Command line: vivado.exe -gui_launcher_event rodinguilauncherevent11888 G:\a_max\max_xilinx\opendv\3_gpio_emio\3_gpio_emio.xpr
# Log file: G:/a_max/max_xilinx/opendv/3_gpio_emio/vivado.log
# Journal file: G:/a_max/max_xilinx/opendv/3_gpio_emio\vivado.jou
#-----------------------------------------------------------
start_gui
open_project G:/a_max/max_xilinx/opendv/3_gpio_emio/3_gpio_emio.xpr
Scanning sources...
Finished scanning sources
INFO: [IP_Flow 19-234] Refreshing IP repositories
INFO: [IP_Flow 19-1704] No user IP repositories specified
INFO: [IP_Flow 19-2313] Loaded Vivado IP repository 'G:/vivado/Vivado/2018.3/data/ip'.
open_project: Time (s): cpu = 00:00:17 ; elapsed = 00:00:17 . Memory (MB): peak = 813.230 ; gain = 201.375
update_compile_order -fileset sources_1
launch_sdk -workspace G:/a_max/max_xilinx/opendv/3_gpio_emio/3_gpio_emio.sdk -hwspec G:/a_max/max_xilinx/opendv/3_gpio_emio/3_gpio_emio.sdk/system_wrapper.hdf
INFO: [Vivado 12-393] Launching SDK...
INFO: [Vivado 12-417] Running xsdk -workspace G:/a_max/max_xilinx/opendv/3_gpio_emio/3_gpio_emio.sdk -hwspec G:/a_max/max_xilinx/opendv/3_gpio_emio/3_gpio_emio.sdk/system_wrapper.hdf
INFO: [Vivado 12-3157] SDK launch initiated. Please check console for any further messages.
exit
INFO: [Common 17-206] Exiting Vivado at Wed Jul 22 22:37:46 2020...
