12:45:24 INFO  : Registering command handlers for SDK TCF services
12:45:26 INFO  : Launching XSCT server: xsct.bat -interactive G:\a_max\max_xilinx\opendv\3_gpio_emio\3_gpio_emio.sdk\temp_xsdb_launch_script.tcl
12:45:32 INFO  : XSCT server has started successfully.
12:45:33 INFO  : Successfully done setting XSCT server connection channel  
12:45:33 INFO  : Processing command line option -hwspec G:/a_max/max_xilinx/opendv/3_gpio_emio/3_gpio_emio.sdk/system_wrapper.hdf.
12:45:33 INFO  : Successfully done setting SDK workspace  
18:43:42 INFO  : Registering command handlers for SDK TCF services
18:43:44 INFO  : Launching XSCT server: xsct.bat -interactive G:\a_max\max_xilinx\opendv\3_gpio_emio\3_gpio_emio.sdk\temp_xsdb_launch_script.tcl
18:43:54 INFO  : XSCT server has started successfully.
18:43:55 INFO  : Successfully done setting XSCT server connection channel  
18:43:55 INFO  : Successfully done setting SDK workspace  
18:43:55 INFO  : Processing command line option -hwspec G:/a_max/max_xilinx/opendv/3_gpio_emio/3_gpio_emio.sdk/system_wrapper.hdf.
18:43:55 INFO  : Checking for hwspec changes in the project system_wrapper_hw_platform_0.
18:45:34 INFO  : Connected to target on host '127.0.0.1' and port '3121'.
18:45:35 INFO  : Jtag cable 'Digilent JTAG-HS1 210512180081' is selected.
18:45:35 INFO  : 'jtag frequency' command is executed.
18:45:35 INFO  : Sourcing of 'G:/a_max/max_xilinx/opendv/3_gpio_emio/3_gpio_emio.sdk/system_wrapper_hw_platform_0/ps7_init.tcl' is done.
18:45:35 INFO  : Context for 'APU' is selected.
18:45:35 INFO  : Hardware design information is loaded from 'G:/a_max/max_xilinx/opendv/3_gpio_emio/3_gpio_emio.sdk/system_wrapper_hw_platform_0/system.hdf'.
18:45:35 INFO  : 'configparams force-mem-access 1' command is executed.
18:45:35 INFO  : Context for 'APU' is selected.
18:45:35 INFO  : 'stop' command is executed.
18:45:35 INFO  : 'ps7_init' command is executed.
18:45:35 INFO  : 'ps7_post_config' command is executed.
18:45:35 INFO  : Context for processor 'ps7_cortexa9_0' is selected.
18:45:35 INFO  : Processor reset is completed for 'ps7_cortexa9_0'.
18:45:36 INFO  : Context for processor 'ps7_cortexa9_0' is selected.
18:45:36 INFO  : The application 'G:/a_max/max_xilinx/opendv/3_gpio_emio/3_gpio_emio.sdk/3_gpio_emio/Debug/3_gpio_emio.elf' is downloaded to processor 'ps7_cortexa9_0'.
18:45:36 INFO  : 'configparams force-mem-access 0' command is executed.
18:45:36 INFO  : ----------------XSDB Script----------------
connect -url tcp:127.0.0.1:3121
source G:/a_max/max_xilinx/opendv/3_gpio_emio/3_gpio_emio.sdk/system_wrapper_hw_platform_0/ps7_init.tcl
targets -set -nocase -filter {name =~"APU*" && jtag_cable_name =~ "Digilent JTAG-HS1 210512180081"} -index 0
loadhw -hw G:/a_max/max_xilinx/opendv/3_gpio_emio/3_gpio_emio.sdk/system_wrapper_hw_platform_0/system.hdf -mem-ranges [list {0x40000000 0xbfffffff}]
configparams force-mem-access 1
targets -set -nocase -filter {name =~"APU*" && jtag_cable_name =~ "Digilent JTAG-HS1 210512180081"} -index 0
stop
ps7_init
ps7_post_config
targets -set -nocase -filter {name =~ "ARM*#0" && jtag_cable_name =~ "Digilent JTAG-HS1 210512180081"} -index 0
rst -processor
targets -set -nocase -filter {name =~ "ARM*#0" && jtag_cable_name =~ "Digilent JTAG-HS1 210512180081"} -index 0
dow G:/a_max/max_xilinx/opendv/3_gpio_emio/3_gpio_emio.sdk/3_gpio_emio/Debug/3_gpio_emio.elf
configparams force-mem-access 0
----------------End of Script----------------

18:45:36 INFO  : Context for processor 'ps7_cortexa9_0' is selected.
18:45:36 INFO  : 'con' command is executed.
18:45:36 INFO  : ----------------XSDB Script (After Launch)----------------
targets -set -nocase -filter {name =~ "ARM*#0" && jtag_cable_name =~ "Digilent JTAG-HS1 210512180081"} -index 0
con
----------------End of Script----------------

18:45:36 INFO  : Launch script is exported to file 'G:\a_max\max_xilinx\opendv\3_gpio_emio\3_gpio_emio.sdk\.sdk\launch_scripts\xilinx_c-c++_application_(system_debugger)\system_debugger_using_debug_3_gpio_emio.elf_on_local.tcl'
18:51:52 INFO  : Disconnected from the channel tcfchan#1.
18:51:53 INFO  : Connected to target on host '127.0.0.1' and port '3121'.
18:51:54 INFO  : Jtag cable 'Digilent JTAG-HS1 210512180081' is selected.
18:51:54 INFO  : 'jtag frequency' command is executed.
18:51:54 INFO  : Sourcing of 'G:/a_max/max_xilinx/opendv/3_gpio_emio/3_gpio_emio.sdk/system_wrapper_hw_platform_0/ps7_init.tcl' is done.
18:51:54 INFO  : Context for 'APU' is selected.
18:51:56 INFO  : Hardware design information is loaded from 'G:/a_max/max_xilinx/opendv/3_gpio_emio/3_gpio_emio.sdk/system_wrapper_hw_platform_0/system.hdf'.
18:51:56 INFO  : 'configparams force-mem-access 1' command is executed.
18:51:56 INFO  : Context for 'APU' is selected.
18:51:56 INFO  : 'stop' command is executed.
18:51:56 INFO  : 'ps7_init' command is executed.
18:51:56 INFO  : 'ps7_post_config' command is executed.
18:51:56 INFO  : Context for processor 'ps7_cortexa9_0' is selected.
18:51:56 INFO  : Processor reset is completed for 'ps7_cortexa9_0'.
18:51:56 INFO  : Context for processor 'ps7_cortexa9_0' is selected.
18:51:56 INFO  : The application 'G:/a_max/max_xilinx/opendv/3_gpio_emio/3_gpio_emio.sdk/3_gpio_emio/Debug/3_gpio_emio.elf' is downloaded to processor 'ps7_cortexa9_0'.
18:51:56 INFO  : 'configparams force-mem-access 0' command is executed.
18:51:56 INFO  : ----------------XSDB Script----------------
connect -url tcp:127.0.0.1:3121
source G:/a_max/max_xilinx/opendv/3_gpio_emio/3_gpio_emio.sdk/system_wrapper_hw_platform_0/ps7_init.tcl
targets -set -nocase -filter {name =~"APU*" && jtag_cable_name =~ "Digilent JTAG-HS1 210512180081"} -index 0
loadhw -hw G:/a_max/max_xilinx/opendv/3_gpio_emio/3_gpio_emio.sdk/system_wrapper_hw_platform_0/system.hdf -mem-ranges [list {0x40000000 0xbfffffff}]
configparams force-mem-access 1
targets -set -nocase -filter {name =~"APU*" && jtag_cable_name =~ "Digilent JTAG-HS1 210512180081"} -index 0
stop
ps7_init
ps7_post_config
targets -set -nocase -filter {name =~ "ARM*#0" && jtag_cable_name =~ "Digilent JTAG-HS1 210512180081"} -index 0
rst -processor
targets -set -nocase -filter {name =~ "ARM*#0" && jtag_cable_name =~ "Digilent JTAG-HS1 210512180081"} -index 0
dow G:/a_max/max_xilinx/opendv/3_gpio_emio/3_gpio_emio.sdk/3_gpio_emio/Debug/3_gpio_emio.elf
configparams force-mem-access 0
----------------End of Script----------------

18:51:57 INFO  : Context for processor 'ps7_cortexa9_0' is selected.
18:51:57 INFO  : 'con' command is executed.
18:51:57 INFO  : ----------------XSDB Script (After Launch)----------------
targets -set -nocase -filter {name =~ "ARM*#0" && jtag_cable_name =~ "Digilent JTAG-HS1 210512180081"} -index 0
con
----------------End of Script----------------

18:51:57 INFO  : Launch script is exported to file 'G:\a_max\max_xilinx\opendv\3_gpio_emio\3_gpio_emio.sdk\.sdk\launch_scripts\xilinx_c-c++_application_(system_debugger)\system_debugger_using_debug_3_gpio_emio.elf_on_local.tcl'
18:53:41 INFO  : Disconnected from the channel tcfchan#2.
18:53:42 INFO  : Connected to target on host '127.0.0.1' and port '3121'.
18:53:42 INFO  : Jtag cable 'Digilent JTAG-HS1 210512180081' is selected.
18:53:42 INFO  : 'jtag frequency' command is executed.
18:53:42 INFO  : Sourcing of 'G:/a_max/max_xilinx/opendv/3_gpio_emio/3_gpio_emio.sdk/system_wrapper_hw_platform_0/ps7_init.tcl' is done.
18:53:42 INFO  : Context for 'APU' is selected.
18:53:44 INFO  : Hardware design information is loaded from 'G:/a_max/max_xilinx/opendv/3_gpio_emio/3_gpio_emio.sdk/system_wrapper_hw_platform_0/system.hdf'.
18:53:44 INFO  : 'configparams force-mem-access 1' command is executed.
18:53:44 INFO  : Context for 'APU' is selected.
18:53:44 INFO  : 'stop' command is executed.
18:53:44 INFO  : 'ps7_init' command is executed.
18:53:44 INFO  : 'ps7_post_config' command is executed.
18:53:44 INFO  : Context for processor 'ps7_cortexa9_0' is selected.
18:53:44 INFO  : Processor reset is completed for 'ps7_cortexa9_0'.
18:53:44 INFO  : Context for processor 'ps7_cortexa9_0' is selected.
18:53:44 INFO  : The application 'G:/a_max/max_xilinx/opendv/3_gpio_emio/3_gpio_emio.sdk/3_gpio_emio/Debug/3_gpio_emio.elf' is downloaded to processor 'ps7_cortexa9_0'.
18:53:44 INFO  : 'configparams force-mem-access 0' command is executed.
18:53:44 INFO  : ----------------XSDB Script----------------
connect -url tcp:127.0.0.1:3121
source G:/a_max/max_xilinx/opendv/3_gpio_emio/3_gpio_emio.sdk/system_wrapper_hw_platform_0/ps7_init.tcl
targets -set -nocase -filter {name =~"APU*" && jtag_cable_name =~ "Digilent JTAG-HS1 210512180081"} -index 0
loadhw -hw G:/a_max/max_xilinx/opendv/3_gpio_emio/3_gpio_emio.sdk/system_wrapper_hw_platform_0/system.hdf -mem-ranges [list {0x40000000 0xbfffffff}]
configparams force-mem-access 1
targets -set -nocase -filter {name =~"APU*" && jtag_cable_name =~ "Digilent JTAG-HS1 210512180081"} -index 0
stop
ps7_init
ps7_post_config
targets -set -nocase -filter {name =~ "ARM*#0" && jtag_cable_name =~ "Digilent JTAG-HS1 210512180081"} -index 0
rst -processor
targets -set -nocase -filter {name =~ "ARM*#0" && jtag_cable_name =~ "Digilent JTAG-HS1 210512180081"} -index 0
dow G:/a_max/max_xilinx/opendv/3_gpio_emio/3_gpio_emio.sdk/3_gpio_emio/Debug/3_gpio_emio.elf
configparams force-mem-access 0
----------------End of Script----------------

18:53:45 INFO  : Context for processor 'ps7_cortexa9_0' is selected.
18:53:45 INFO  : 'con' command is executed.
18:53:45 INFO  : ----------------XSDB Script (After Launch)----------------
targets -set -nocase -filter {name =~ "ARM*#0" && jtag_cable_name =~ "Digilent JTAG-HS1 210512180081"} -index 0
con
----------------End of Script----------------

18:53:45 INFO  : Launch script is exported to file 'G:\a_max\max_xilinx\opendv\3_gpio_emio\3_gpio_emio.sdk\.sdk\launch_scripts\xilinx_c-c++_application_(system_debugger)\system_debugger_using_debug_3_gpio_emio.elf_on_local.tcl'
18:54:25 INFO  : Disconnected from the channel tcfchan#3.
18:54:26 INFO  : Connected to target on host '127.0.0.1' and port '3121'.
18:54:26 INFO  : Jtag cable 'Digilent JTAG-HS1 210512180081' is selected.
18:54:26 INFO  : 'jtag frequency' command is executed.
18:54:26 INFO  : Sourcing of 'G:/a_max/max_xilinx/opendv/3_gpio_emio/3_gpio_emio.sdk/system_wrapper_hw_platform_0/ps7_init.tcl' is done.
18:54:26 INFO  : Context for 'APU' is selected.
18:54:28 INFO  : Hardware design information is loaded from 'G:/a_max/max_xilinx/opendv/3_gpio_emio/3_gpio_emio.sdk/system_wrapper_hw_platform_0/system.hdf'.
18:54:28 INFO  : 'configparams force-mem-access 1' command is executed.
18:54:28 INFO  : Context for 'APU' is selected.
18:54:28 INFO  : 'stop' command is executed.
18:54:29 INFO  : 'ps7_init' command is executed.
18:54:29 INFO  : 'ps7_post_config' command is executed.
18:54:29 INFO  : Context for processor 'ps7_cortexa9_0' is selected.
18:54:29 INFO  : Processor reset is completed for 'ps7_cortexa9_0'.
18:54:29 INFO  : Context for processor 'ps7_cortexa9_0' is selected.
18:54:29 INFO  : The application 'G:/a_max/max_xilinx/opendv/3_gpio_emio/3_gpio_emio.sdk/3_gpio_emio/Debug/3_gpio_emio.elf' is downloaded to processor 'ps7_cortexa9_0'.
18:54:29 INFO  : 'configparams force-mem-access 0' command is executed.
18:54:29 INFO  : ----------------XSDB Script----------------
connect -url tcp:127.0.0.1:3121
source G:/a_max/max_xilinx/opendv/3_gpio_emio/3_gpio_emio.sdk/system_wrapper_hw_platform_0/ps7_init.tcl
targets -set -nocase -filter {name =~"APU*" && jtag_cable_name =~ "Digilent JTAG-HS1 210512180081"} -index 0
loadhw -hw G:/a_max/max_xilinx/opendv/3_gpio_emio/3_gpio_emio.sdk/system_wrapper_hw_platform_0/system.hdf -mem-ranges [list {0x40000000 0xbfffffff}]
configparams force-mem-access 1
targets -set -nocase -filter {name =~"APU*" && jtag_cable_name =~ "Digilent JTAG-HS1 210512180081"} -index 0
stop
ps7_init
ps7_post_config
targets -set -nocase -filter {name =~ "ARM*#0" && jtag_cable_name =~ "Digilent JTAG-HS1 210512180081"} -index 0
rst -processor
targets -set -nocase -filter {name =~ "ARM*#0" && jtag_cable_name =~ "Digilent JTAG-HS1 210512180081"} -index 0
dow G:/a_max/max_xilinx/opendv/3_gpio_emio/3_gpio_emio.sdk/3_gpio_emio/Debug/3_gpio_emio.elf
configparams force-mem-access 0
----------------End of Script----------------

18:54:29 INFO  : Context for processor 'ps7_cortexa9_0' is selected.
18:54:29 INFO  : 'con' command is executed.
18:54:29 INFO  : ----------------XSDB Script (After Launch)----------------
targets -set -nocase -filter {name =~ "ARM*#0" && jtag_cable_name =~ "Digilent JTAG-HS1 210512180081"} -index 0
con
----------------End of Script----------------

18:54:29 INFO  : Launch script is exported to file 'G:\a_max\max_xilinx\opendv\3_gpio_emio\3_gpio_emio.sdk\.sdk\launch_scripts\xilinx_c-c++_application_(system_debugger)\system_debugger_using_debug_3_gpio_emio.elf_on_local.tcl'
19:48:46 INFO  : SDK has detected change in the last modified timestamps for source hardware specification file Source:1595159283187,  Project:1595133896489
19:48:46 INFO  : Project system_wrapper_hw_platform_0's source hardware specification located at G:/a_max/max_xilinx/opendv/3_gpio_emio/3_gpio_emio.sdk/system_wrapper.hdf is now different from the local copy.
		 The local copy will be replaced with the source specification and your workspace will be updated.
19:48:58 INFO  : Copied contents of G:/a_max/max_xilinx/opendv/3_gpio_emio/3_gpio_emio.sdk/system_wrapper.hdf into \system_wrapper_hw_platform_0\system.hdf.
19:49:08 INFO  : Synchronizing projects in the workspace with the hardware platform specification changes.
19:49:20 INFO  : 
19:49:21 INFO  : Updating hardware inferred compiler options for 3_gpio_emio.
19:49:21 INFO  : Clearing existing target manager status.
19:49:21 INFO  : Closing and re-opening the MSS file of ther project 3_gpio_emio_bsp
19:49:23 INFO  : Workspace synchronized with the new hardware specification file. Cleaning dependent projects...
19:49:31 WARN  : Linker script will not be updated automatically. Users need to update it manually.
19:57:33 INFO  : Disconnected from the channel tcfchan#4.
19:57:38 INFO  : 'targets -set -filter {jtag_cable_name =~ "Digilent JTAG-HS1 210512180081" && level==0} -index 1' command is executed.
19:57:38 INFO  : 'fpga -state' command is executed.
19:57:38 INFO  : Connected to target on host '127.0.0.1' and port '3121'.
19:57:39 INFO  : Jtag cable 'Digilent JTAG-HS1 210512180081' is selected.
19:57:40 INFO  : 'jtag frequency' command is executed.
19:57:40 INFO  : Sourcing of 'G:/a_max/max_xilinx/opendv/3_gpio_emio/3_gpio_emio.sdk/system_wrapper_hw_platform_0/ps7_init.tcl' is done.
19:57:40 INFO  : Context for 'APU' is selected.
19:57:40 INFO  : Hardware design information is loaded from 'G:/a_max/max_xilinx/opendv/3_gpio_emio/3_gpio_emio.sdk/system_wrapper_hw_platform_0/system.hdf'.
19:57:40 INFO  : 'configparams force-mem-access 1' command is executed.
19:57:40 INFO  : Context for 'APU' is selected.
19:57:41 INFO  : 'stop' command is executed.
19:57:42 INFO  : 'ps7_init' command is executed.
19:57:42 INFO  : 'ps7_post_config' command is executed.
19:57:42 INFO  : Context for processor 'ps7_cortexa9_0' is selected.
19:57:42 INFO  : Processor reset is completed for 'ps7_cortexa9_0'.
19:57:42 INFO  : Context for processor 'ps7_cortexa9_0' is selected.
19:57:42 INFO  : The application 'G:/a_max/max_xilinx/opendv/3_gpio_emio/3_gpio_emio.sdk/3_gpio_emio/Debug/3_gpio_emio.elf' is downloaded to processor 'ps7_cortexa9_0'.
19:57:42 INFO  : 'configparams force-mem-access 0' command is executed.
19:57:42 INFO  : ----------------XSDB Script----------------
connect -url tcp:127.0.0.1:3121
source G:/a_max/max_xilinx/opendv/3_gpio_emio/3_gpio_emio.sdk/system_wrapper_hw_platform_0/ps7_init.tcl
targets -set -nocase -filter {name =~"APU*" && jtag_cable_name =~ "Digilent JTAG-HS1 210512180081"} -index 0
loadhw -hw G:/a_max/max_xilinx/opendv/3_gpio_emio/3_gpio_emio.sdk/system_wrapper_hw_platform_0/system.hdf -mem-ranges [list {0x40000000 0xbfffffff}]
configparams force-mem-access 1
targets -set -nocase -filter {name =~"APU*" && jtag_cable_name =~ "Digilent JTAG-HS1 210512180081"} -index 0
stop
ps7_init
ps7_post_config
targets -set -nocase -filter {name =~ "ARM*#0" && jtag_cable_name =~ "Digilent JTAG-HS1 210512180081"} -index 0
rst -processor
targets -set -nocase -filter {name =~ "ARM*#0" && jtag_cable_name =~ "Digilent JTAG-HS1 210512180081"} -index 0
dow G:/a_max/max_xilinx/opendv/3_gpio_emio/3_gpio_emio.sdk/3_gpio_emio/Debug/3_gpio_emio.elf
configparams force-mem-access 0
----------------End of Script----------------

19:57:43 INFO  : Memory regions updated for context APU
19:57:43 INFO  : Context for processor 'ps7_cortexa9_0' is selected.
19:57:43 INFO  : 'con' command is executed.
19:57:43 INFO  : ----------------XSDB Script (After Launch)----------------
targets -set -nocase -filter {name =~ "ARM*#0" && jtag_cable_name =~ "Digilent JTAG-HS1 210512180081"} -index 0
con
----------------End of Script----------------

19:57:43 INFO  : Launch script is exported to file 'G:\a_max\max_xilinx\opendv\3_gpio_emio\3_gpio_emio.sdk\.sdk\launch_scripts\xilinx_c-c++_application_(system_debugger)\system_debugger_using_debug_3_gpio_emio.elf_on_local.tcl'
19:59:08 INFO  : Connected to target on host '127.0.0.1' and port '3121'.
19:59:09 INFO  : 'targets -set -filter {jtag_cable_name =~ "Digilent JTAG-HS1 210512180081" && level==0} -index 1' command is executed.
19:59:13 INFO  : FPGA configured successfully with bitstream "G:/a_max/max_xilinx/opendv/3_gpio_emio/3_gpio_emio.sdk/system_wrapper_hw_platform_0/system_wrapper.bit"
19:59:55 INFO  : Connected to target on host '127.0.0.1' and port '3121'.
19:59:56 INFO  : 'targets -set -filter {jtag_cable_name =~ "Digilent JTAG-HS1 210512180081" && level==0} -index 1' command is executed.
20:00:01 INFO  : FPGA configured successfully with bitstream "G:/a_max/max_xilinx/opendv/3_gpio_emio/3_gpio_emio.sdk/system_wrapper_hw_platform_0/system_wrapper.bit"
20:00:33 INFO  : Disconnected from the channel tcfchan#5.
20:00:35 INFO  : 'targets -set -filter {jtag_cable_name =~ "Digilent JTAG-HS1 210512180081" && level==0} -index 1' command is executed.
20:00:35 INFO  : 'fpga -state' command is executed.
20:00:35 INFO  : Connected to target on host '127.0.0.1' and port '3121'.
20:00:36 INFO  : Jtag cable 'Digilent JTAG-HS1 210512180081' is selected.
20:00:36 INFO  : 'jtag frequency' command is executed.
20:00:36 INFO  : Sourcing of 'G:/a_max/max_xilinx/opendv/3_gpio_emio/3_gpio_emio.sdk/system_wrapper_hw_platform_0/ps7_init.tcl' is done.
20:00:36 INFO  : Context for 'APU' is selected.
20:00:42 INFO  : Hardware design information is loaded from 'G:/a_max/max_xilinx/opendv/3_gpio_emio/3_gpio_emio.sdk/system_wrapper_hw_platform_0/system.hdf'.
20:00:42 INFO  : 'configparams force-mem-access 1' command is executed.
20:00:44 INFO  : Context for 'APU' is selected.
20:00:44 INFO  : 'stop' command is executed.
20:00:45 INFO  : 'ps7_init' command is executed.
20:00:45 INFO  : 'ps7_post_config' command is executed.
20:00:45 INFO  : Context for processor 'ps7_cortexa9_0' is selected.
20:00:45 INFO  : Processor reset is completed for 'ps7_cortexa9_0'.
20:00:46 INFO  : Context for processor 'ps7_cortexa9_0' is selected.
20:00:46 INFO  : The application 'G:/a_max/max_xilinx/opendv/3_gpio_emio/3_gpio_emio.sdk/3_gpio_emio/Debug/3_gpio_emio.elf' is downloaded to processor 'ps7_cortexa9_0'.
20:00:46 INFO  : 'configparams force-mem-access 0' command is executed.
20:00:46 INFO  : ----------------XSDB Script----------------
connect -url tcp:127.0.0.1:3121
source G:/a_max/max_xilinx/opendv/3_gpio_emio/3_gpio_emio.sdk/system_wrapper_hw_platform_0/ps7_init.tcl
targets -set -nocase -filter {name =~"APU*" && jtag_cable_name =~ "Digilent JTAG-HS1 210512180081"} -index 0
loadhw -hw G:/a_max/max_xilinx/opendv/3_gpio_emio/3_gpio_emio.sdk/system_wrapper_hw_platform_0/system.hdf -mem-ranges [list {0x40000000 0xbfffffff}]
configparams force-mem-access 1
targets -set -nocase -filter {name =~"APU*" && jtag_cable_name =~ "Digilent JTAG-HS1 210512180081"} -index 0
stop
ps7_init
ps7_post_config
targets -set -nocase -filter {name =~ "ARM*#0" && jtag_cable_name =~ "Digilent JTAG-HS1 210512180081"} -index 0
rst -processor
targets -set -nocase -filter {name =~ "ARM*#0" && jtag_cable_name =~ "Digilent JTAG-HS1 210512180081"} -index 0
dow G:/a_max/max_xilinx/opendv/3_gpio_emio/3_gpio_emio.sdk/3_gpio_emio/Debug/3_gpio_emio.elf
configparams force-mem-access 0
----------------End of Script----------------

20:00:46 INFO  : Memory regions updated for context APU
20:00:46 INFO  : Context for processor 'ps7_cortexa9_0' is selected.
20:00:47 INFO  : 'con' command is executed.
20:00:47 INFO  : ----------------XSDB Script (After Launch)----------------
targets -set -nocase -filter {name =~ "ARM*#0" && jtag_cable_name =~ "Digilent JTAG-HS1 210512180081"} -index 0
con
----------------End of Script----------------

20:00:47 INFO  : Launch script is exported to file 'G:\a_max\max_xilinx\opendv\3_gpio_emio\3_gpio_emio.sdk\.sdk\launch_scripts\xilinx_c-c++_application_(system_debugger)\system_debugger_using_debug_3_gpio_emio.elf_on_local.tcl'
20:06:13 INFO  : Disconnected from the channel tcfchan#6.
21:07:49 INFO  : Registering command handlers for SDK TCF services
21:07:52 INFO  : Launching XSCT server: xsct.bat -interactive G:\a_max\max_xilinx\opendv\3_gpio_emio\3_gpio_emio.sdk\temp_xsdb_launch_script.tcl
21:08:06 INFO  : XSCT server has started successfully.
21:08:07 INFO  : Successfully done setting XSCT server connection channel  
21:08:07 INFO  : Successfully done setting SDK workspace  
21:08:07 INFO  : Processing command line option -hwspec G:/a_max/max_xilinx/opendv/3_gpio_emio/3_gpio_emio.sdk/system_wrapper.hdf.
21:08:07 INFO  : Checking for hwspec changes in the project system_wrapper_hw_platform_0.
22:19:44 INFO  : Registering command handlers for SDK TCF services
22:19:46 INFO  : Launching XSCT server: xsct.bat -interactive G:\a_max\max_xilinx\opendv\3_gpio_emio\3_gpio_emio.sdk\temp_xsdb_launch_script.tcl
22:19:54 INFO  : XSCT server has started successfully.
22:19:54 INFO  : Successfully done setting XSCT server connection channel  
22:19:54 INFO  : Successfully done setting SDK workspace  
22:19:54 INFO  : Processing command line option -hwspec G:/a_max/max_xilinx/opendv/3_gpio_emio/3_gpio_emio.sdk/system_wrapper.hdf.
22:19:54 INFO  : Checking for hwspec changes in the project system_wrapper_hw_platform_0.
21:28:00 INFO  : Registering command handlers for SDK TCF services
21:28:05 INFO  : Launching XSCT server: xsct.bat -interactive G:\a_max\max_xilinx\opendv\4_gpio_interrupt\4_gpio_interrupt.sdk\temp_xsdb_launch_script.tcl
21:28:31 INFO  : XSCT server has started successfully.
21:28:38 INFO  : Processing command line option -hwspec G:/a_max/max_xilinx/opendv/4_gpio_interrupt/4_gpio_interrupt.sdk/system_wrapper.hdf.
21:28:39 INFO  : Successfully done setting XSCT server connection channel  
21:29:04 INFO  : Successfully done setting SDK workspace  
21:55:54 INFO  : Connected to target on host '127.0.0.1' and port '3121'.
21:55:55 INFO  : 'targets -set -filter {jtag_cable_name =~ "Digilent JTAG-HS1 210512180081" && level==0} -index 1' command is executed.
21:55:57 INFO  : FPGA configured successfully with bitstream "G:/a_max/max_xilinx/opendv/4_gpio_interrupt/4_gpio_interrupt.sdk/system_wrapper_hw_platform_0/system_wrapper.bit"
21:56:06 INFO  : 'targets -set -filter {jtag_cable_name =~ "Digilent JTAG-HS1 210512180081" && level==0} -index 1' command is executed.
21:56:06 INFO  : 'fpga -state' command is executed.
21:56:06 INFO  : Connected to target on host '127.0.0.1' and port '3121'.
21:56:06 INFO  : Jtag cable 'Digilent JTAG-HS1 210512180081' is selected.
21:56:06 INFO  : 'jtag frequency' command is executed.
21:56:06 INFO  : Sourcing of 'G:/a_max/max_xilinx/opendv/4_gpio_interrupt/4_gpio_interrupt.sdk/system_wrapper_hw_platform_0/ps7_init.tcl' is done.
21:56:06 INFO  : Context for 'APU' is selected.
21:56:06 INFO  : Hardware design information is loaded from 'G:/a_max/max_xilinx/opendv/4_gpio_interrupt/4_gpio_interrupt.sdk/system_wrapper_hw_platform_0/system.hdf'.
21:56:06 INFO  : 'configparams force-mem-access 1' command is executed.
21:56:06 INFO  : Context for 'APU' is selected.
21:56:06 INFO  : 'stop' command is executed.
21:56:07 INFO  : 'ps7_init' command is executed.
21:56:07 INFO  : 'ps7_post_config' command is executed.
21:56:07 INFO  : Context for processor 'ps7_cortexa9_0' is selected.
21:56:07 INFO  : Processor reset is completed for 'ps7_cortexa9_0'.
21:56:07 INFO  : Context for processor 'ps7_cortexa9_0' is selected.
21:56:07 INFO  : The application 'G:/a_max/max_xilinx/opendv/4_gpio_interrupt/4_gpio_interrupt.sdk/3_gpio_emio/Debug/3_gpio_emio.elf' is downloaded to processor 'ps7_cortexa9_0'.
21:56:07 INFO  : 'configparams force-mem-access 0' command is executed.
21:56:07 INFO  : ----------------XSDB Script----------------
connect -url tcp:127.0.0.1:3121
source G:/a_max/max_xilinx/opendv/4_gpio_interrupt/4_gpio_interrupt.sdk/system_wrapper_hw_platform_0/ps7_init.tcl
targets -set -nocase -filter {name =~"APU*" && jtag_cable_name =~ "Digilent JTAG-HS1 210512180081"} -index 0
loadhw -hw G:/a_max/max_xilinx/opendv/4_gpio_interrupt/4_gpio_interrupt.sdk/system_wrapper_hw_platform_0/system.hdf -mem-ranges [list {0x40000000 0xbfffffff}]
configparams force-mem-access 1
targets -set -nocase -filter {name =~"APU*" && jtag_cable_name =~ "Digilent JTAG-HS1 210512180081"} -index 0
stop
ps7_init
ps7_post_config
targets -set -nocase -filter {name =~ "ARM*#0" && jtag_cable_name =~ "Digilent JTAG-HS1 210512180081"} -index 0
rst -processor
targets -set -nocase -filter {name =~ "ARM*#0" && jtag_cable_name =~ "Digilent JTAG-HS1 210512180081"} -index 0
dow G:/a_max/max_xilinx/opendv/4_gpio_interrupt/4_gpio_interrupt.sdk/3_gpio_emio/Debug/3_gpio_emio.elf
configparams force-mem-access 0
----------------End of Script----------------

21:56:07 INFO  : Memory regions updated for context APU
21:56:07 INFO  : Context for processor 'ps7_cortexa9_0' is selected.
21:56:07 INFO  : 'con' command is executed.
21:56:07 INFO  : ----------------XSDB Script (After Launch)----------------
targets -set -nocase -filter {name =~ "ARM*#0" && jtag_cable_name =~ "Digilent JTAG-HS1 210512180081"} -index 0
con
----------------End of Script----------------

21:56:07 INFO  : Launch script is exported to file 'G:\a_max\max_xilinx\opendv\4_gpio_interrupt\4_gpio_interrupt.sdk\.sdk\launch_scripts\xilinx_c-c++_application_(system_debugger)\system_debugger_using_debug_3_gpio_emio.elf_on_local.tcl'
22:35:41 INFO  : Disconnected from the channel tcfchan#1.
22:35:43 INFO  : 'targets -set -filter {jtag_cable_name =~ "Digilent JTAG-HS1 210512180081" && level==0} -index 1' command is executed.
22:35:43 INFO  : 'fpga -state' command is executed.
22:35:43 INFO  : Connected to target on host '127.0.0.1' and port '3121'.
22:35:43 INFO  : Jtag cable 'Digilent JTAG-HS1 210512180081' is selected.
22:35:43 INFO  : 'jtag frequency' command is executed.
22:35:43 INFO  : Sourcing of 'G:/a_max/max_xilinx/opendv/4_gpio_interrupt/4_gpio_interrupt.sdk/system_wrapper_hw_platform_0/ps7_init.tcl' is done.
22:35:43 INFO  : Context for 'APU' is selected.
22:35:46 INFO  : Hardware design information is loaded from 'G:/a_max/max_xilinx/opendv/4_gpio_interrupt/4_gpio_interrupt.sdk/system_wrapper_hw_platform_0/system.hdf'.
22:35:46 INFO  : 'configparams force-mem-access 1' command is executed.
22:35:46 INFO  : Context for 'APU' is selected.
22:35:47 INFO  : 'stop' command is executed.
22:35:47 INFO  : 'ps7_init' command is executed.
22:35:47 INFO  : 'ps7_post_config' command is executed.
22:35:47 INFO  : Context for processor 'ps7_cortexa9_0' is selected.
22:35:47 INFO  : Processor reset is completed for 'ps7_cortexa9_0'.
22:35:47 INFO  : Context for processor 'ps7_cortexa9_0' is selected.
22:35:47 INFO  : The application 'G:/a_max/max_xilinx/opendv/4_gpio_interrupt/4_gpio_interrupt.sdk/4_gpio_interrupt/Debug/4_gpio_interrupt.elf' is downloaded to processor 'ps7_cortexa9_0'.
22:35:47 INFO  : 'configparams force-mem-access 0' command is executed.
22:35:47 INFO  : ----------------XSDB Script----------------
connect -url tcp:127.0.0.1:3121
source G:/a_max/max_xilinx/opendv/4_gpio_interrupt/4_gpio_interrupt.sdk/system_wrapper_hw_platform_0/ps7_init.tcl
targets -set -nocase -filter {name =~"APU*" && jtag_cable_name =~ "Digilent JTAG-HS1 210512180081"} -index 0
loadhw -hw G:/a_max/max_xilinx/opendv/4_gpio_interrupt/4_gpio_interrupt.sdk/system_wrapper_hw_platform_0/system.hdf -mem-ranges [list {0x40000000 0xbfffffff}]
configparams force-mem-access 1
targets -set -nocase -filter {name =~"APU*" && jtag_cable_name =~ "Digilent JTAG-HS1 210512180081"} -index 0
stop
ps7_init
ps7_post_config
targets -set -nocase -filter {name =~ "ARM*#0" && jtag_cable_name =~ "Digilent JTAG-HS1 210512180081"} -index 0
rst -processor
targets -set -nocase -filter {name =~ "ARM*#0" && jtag_cable_name =~ "Digilent JTAG-HS1 210512180081"} -index 0
dow G:/a_max/max_xilinx/opendv/4_gpio_interrupt/4_gpio_interrupt.sdk/4_gpio_interrupt/Debug/4_gpio_interrupt.elf
configparams force-mem-access 0
----------------End of Script----------------

22:35:48 INFO  : Memory regions updated for context APU
22:35:48 INFO  : Context for processor 'ps7_cortexa9_0' is selected.
22:35:48 INFO  : 'con' command is executed.
22:35:48 INFO  : ----------------XSDB Script (After Launch)----------------
targets -set -nocase -filter {name =~ "ARM*#0" && jtag_cable_name =~ "Digilent JTAG-HS1 210512180081"} -index 0
con
----------------End of Script----------------

22:35:48 INFO  : Launch script is exported to file 'G:\a_max\max_xilinx\opendv\4_gpio_interrupt\4_gpio_interrupt.sdk\.sdk\launch_scripts\xilinx_c-c++_application_(system_debugger)\system_debugger_using_debug_4_gpio_interrupt.elf_on_local.tcl'
22:36:06 INFO  : Connected to target on host '127.0.0.1' and port '3121'.
22:36:06 INFO  : 'targets -set -filter {jtag_cable_name =~ "Digilent JTAG-HS1 210512180081" && level==0} -index 1' command is executed.
22:36:09 INFO  : FPGA configured successfully with bitstream "G:/a_max/max_xilinx/opendv/4_gpio_interrupt/4_gpio_interrupt.sdk/system_wrapper_hw_platform_0/system_wrapper.bit"
22:36:17 INFO  : Disconnected from the channel tcfchan#2.
22:36:18 INFO  : 'targets -set -filter {jtag_cable_name =~ "Digilent JTAG-HS1 210512180081" && level==0} -index 1' command is executed.
22:36:18 INFO  : 'fpga -state' command is executed.
22:36:18 INFO  : Connected to target on host '127.0.0.1' and port '3121'.
22:36:18 INFO  : Jtag cable 'Digilent JTAG-HS1 210512180081' is selected.
22:36:18 INFO  : 'jtag frequency' command is executed.
22:36:18 INFO  : Sourcing of 'G:/a_max/max_xilinx/opendv/4_gpio_interrupt/4_gpio_interrupt.sdk/system_wrapper_hw_platform_0/ps7_init.tcl' is done.
22:36:19 INFO  : Context for 'APU' is selected.
22:36:22 INFO  : Hardware design information is loaded from 'G:/a_max/max_xilinx/opendv/4_gpio_interrupt/4_gpio_interrupt.sdk/system_wrapper_hw_platform_0/system.hdf'.
22:36:22 INFO  : 'configparams force-mem-access 1' command is executed.
22:36:22 INFO  : Context for 'APU' is selected.
22:36:22 INFO  : 'stop' command is executed.
22:36:22 ERROR : Memory read error at 0xF8007080. AHB AP transaction error, DAP status f0000021
22:36:22 INFO  : ----------------XSDB Script----------------
connect -url tcp:127.0.0.1:3121
source G:/a_max/max_xilinx/opendv/4_gpio_interrupt/4_gpio_interrupt.sdk/system_wrapper_hw_platform_0/ps7_init.tcl
targets -set -nocase -filter {name =~"APU*" && jtag_cable_name =~ "Digilent JTAG-HS1 210512180081"} -index 0
loadhw -hw G:/a_max/max_xilinx/opendv/4_gpio_interrupt/4_gpio_interrupt.sdk/system_wrapper_hw_platform_0/system.hdf -mem-ranges [list {0x40000000 0xbfffffff}]
configparams force-mem-access 1
targets -set -nocase -filter {name =~"APU*" && jtag_cable_name =~ "Digilent JTAG-HS1 210512180081"} -index 0
stop
ps7_init
----------------End of Script----------------

22:36:33 INFO  : 'targets -set -filter {jtag_cable_name =~ "Digilent JTAG-HS1 210512180081" && level==0} -index 1' command is executed.
22:36:33 INFO  : 'fpga -state' command is executed.
22:36:33 INFO  : Connected to target on host '127.0.0.1' and port '3121'.
22:36:34 INFO  : Jtag cable 'Digilent JTAG-HS1 210512180081' is selected.
22:36:34 INFO  : 'jtag frequency' command is executed.
22:36:34 INFO  : Sourcing of 'G:/a_max/max_xilinx/opendv/4_gpio_interrupt/4_gpio_interrupt.sdk/system_wrapper_hw_platform_0/ps7_init.tcl' is done.
22:36:34 INFO  : Context for 'APU' is selected.
22:36:34 INFO  : Hardware design information is loaded from 'G:/a_max/max_xilinx/opendv/4_gpio_interrupt/4_gpio_interrupt.sdk/system_wrapper_hw_platform_0/system.hdf'.
22:36:34 INFO  : 'configparams force-mem-access 1' command is executed.
22:36:34 INFO  : Context for 'APU' is selected.
22:36:34 INFO  : 'stop' command is executed.
22:36:34 ERROR : Memory read error at 0xF8007080. AHB AP transaction error, DAP status f0000021
22:36:34 INFO  : ----------------XSDB Script----------------
connect -url tcp:127.0.0.1:3121
source G:/a_max/max_xilinx/opendv/4_gpio_interrupt/4_gpio_interrupt.sdk/system_wrapper_hw_platform_0/ps7_init.tcl
targets -set -nocase -filter {name =~"APU*" && jtag_cable_name =~ "Digilent JTAG-HS1 210512180081"} -index 0
loadhw -hw G:/a_max/max_xilinx/opendv/4_gpio_interrupt/4_gpio_interrupt.sdk/system_wrapper_hw_platform_0/system.hdf -mem-ranges [list {0x40000000 0xbfffffff}]
configparams force-mem-access 1
targets -set -nocase -filter {name =~"APU*" && jtag_cable_name =~ "Digilent JTAG-HS1 210512180081"} -index 0
stop
ps7_init
----------------End of Script----------------

22:36:42 INFO  : Connected to target on host '127.0.0.1' and port '3121'.
22:36:42 INFO  : 'targets -set -filter {jtag_cable_name =~ "Digilent JTAG-HS1 210512180081" && level==0} -index 1' command is executed.
22:36:46 ERROR : fpga configuration failed. DONE PIN is not HIGH
22:37:06 INFO  : Connected to target on host '127.0.0.1' and port '3121'.
22:37:07 INFO  : 'targets -set -filter {jtag_cable_name =~ "Digilent JTAG-HS1 210512180081" && level==0} -index 1' command is executed.
22:37:09 INFO  : FPGA configured successfully with bitstream "G:/a_max/max_xilinx/opendv/4_gpio_interrupt/4_gpio_interrupt.sdk/system_wrapper_hw_platform_0/system_wrapper.bit"
22:37:14 INFO  : 'targets -set -filter {jtag_cable_name =~ "Digilent JTAG-HS1 210512180081" && level==0} -index 1' command is executed.
22:37:14 INFO  : 'fpga -state' command is executed.
22:37:14 INFO  : Connected to target on host '127.0.0.1' and port '3121'.
22:37:15 INFO  : Jtag cable 'Digilent JTAG-HS1 210512180081' is selected.
22:37:15 INFO  : 'jtag frequency' command is executed.
22:37:15 INFO  : Sourcing of 'G:/a_max/max_xilinx/opendv/4_gpio_interrupt/4_gpio_interrupt.sdk/system_wrapper_hw_platform_0/ps7_init.tcl' is done.
22:37:15 INFO  : Context for 'APU' is selected.
22:37:15 INFO  : Hardware design information is loaded from 'G:/a_max/max_xilinx/opendv/4_gpio_interrupt/4_gpio_interrupt.sdk/system_wrapper_hw_platform_0/system.hdf'.
22:37:15 INFO  : 'configparams force-mem-access 1' command is executed.
22:37:15 INFO  : Context for 'APU' is selected.
22:37:15 INFO  : 'stop' command is executed.
22:37:15 ERROR : AP transaction error, DAP status f0000021
22:37:15 INFO  : ----------------XSDB Script----------------
connect -url tcp:127.0.0.1:3121
source G:/a_max/max_xilinx/opendv/4_gpio_interrupt/4_gpio_interrupt.sdk/system_wrapper_hw_platform_0/ps7_init.tcl
targets -set -nocase -filter {name =~"APU*" && jtag_cable_name =~ "Digilent JTAG-HS1 210512180081"} -index 0
loadhw -hw G:/a_max/max_xilinx/opendv/4_gpio_interrupt/4_gpio_interrupt.sdk/system_wrapper_hw_platform_0/system.hdf -mem-ranges [list {0x40000000 0xbfffffff}]
configparams force-mem-access 1
targets -set -nocase -filter {name =~"APU*" && jtag_cable_name =~ "Digilent JTAG-HS1 210512180081"} -index 0
stop
ps7_init
----------------End of Script----------------

22:37:31 INFO  : 'targets -set -filter {jtag_cable_name =~ "Digilent JTAG-HS1 210512180081" && level==0} -index 1' command is executed.
22:37:31 INFO  : 'fpga -state' command is executed.
22:37:31 INFO  : Connected to target on host '127.0.0.1' and port '3121'.
22:37:31 INFO  : Jtag cable 'Digilent JTAG-HS1 210512180081' is selected.
22:37:31 INFO  : 'jtag frequency' command is executed.
22:37:31 INFO  : Sourcing of 'G:/a_max/max_xilinx/opendv/4_gpio_interrupt/4_gpio_interrupt.sdk/system_wrapper_hw_platform_0/ps7_init.tcl' is done.
22:37:31 INFO  : Context for 'APU' is selected.
22:37:31 INFO  : Hardware design information is loaded from 'G:/a_max/max_xilinx/opendv/4_gpio_interrupt/4_gpio_interrupt.sdk/system_wrapper_hw_platform_0/system.hdf'.
22:37:31 INFO  : 'configparams force-mem-access 1' command is executed.
22:37:31 INFO  : Context for 'APU' is selected.
22:37:31 INFO  : 'stop' command is executed.
22:37:31 ERROR : AP transaction error, DAP status f0000021
22:37:31 INFO  : ----------------XSDB Script----------------
connect -url tcp:127.0.0.1:3121
source G:/a_max/max_xilinx/opendv/4_gpio_interrupt/4_gpio_interrupt.sdk/system_wrapper_hw_platform_0/ps7_init.tcl
targets -set -nocase -filter {name =~"APU*" && jtag_cable_name =~ "Digilent JTAG-HS1 210512180081"} -index 0
loadhw -hw G:/a_max/max_xilinx/opendv/4_gpio_interrupt/4_gpio_interrupt.sdk/system_wrapper_hw_platform_0/system.hdf -mem-ranges [list {0x40000000 0xbfffffff}]
configparams force-mem-access 1
targets -set -nocase -filter {name =~"APU*" && jtag_cable_name =~ "Digilent JTAG-HS1 210512180081"} -index 0
stop
ps7_init
----------------End of Script----------------

22:37:50 INFO  : 'targets -set -filter {jtag_cable_name =~ "Digilent JTAG-HS1 210512180081" && level==0} -index 1' command is executed.
22:37:50 INFO  : 'fpga -state' command is executed.
22:37:50 INFO  : Connected to target on host '127.0.0.1' and port '3121'.
22:37:50 INFO  : Jtag cable 'Digilent JTAG-HS1 210512180081' is selected.
22:37:50 INFO  : 'jtag frequency' command is executed.
22:37:50 INFO  : Sourcing of 'G:/a_max/max_xilinx/opendv/4_gpio_interrupt/4_gpio_interrupt.sdk/system_wrapper_hw_platform_0/ps7_init.tcl' is done.
22:37:50 INFO  : Context for 'APU' is selected.
22:37:50 INFO  : Hardware design information is loaded from 'G:/a_max/max_xilinx/opendv/4_gpio_interrupt/4_gpio_interrupt.sdk/system_wrapper_hw_platform_0/system.hdf'.
22:37:50 INFO  : 'configparams force-mem-access 1' command is executed.
22:37:50 INFO  : Context for 'APU' is selected.
22:37:50 INFO  : 'stop' command is executed.
22:37:50 ERROR : AP transaction error, DAP status f0000021
22:37:50 INFO  : ----------------XSDB Script----------------
connect -url tcp:127.0.0.1:3121
source G:/a_max/max_xilinx/opendv/4_gpio_interrupt/4_gpio_interrupt.sdk/system_wrapper_hw_platform_0/ps7_init.tcl
targets -set -nocase -filter {name =~"APU*" && jtag_cable_name =~ "Digilent JTAG-HS1 210512180081"} -index 0
loadhw -hw G:/a_max/max_xilinx/opendv/4_gpio_interrupt/4_gpio_interrupt.sdk/system_wrapper_hw_platform_0/system.hdf -mem-ranges [list {0x40000000 0xbfffffff}]
configparams force-mem-access 1
targets -set -nocase -filter {name =~"APU*" && jtag_cable_name =~ "Digilent JTAG-HS1 210512180081"} -index 0
stop
ps7_init
----------------End of Script----------------

22:38:43 INFO  : Connected to target on host '127.0.0.1' and port '3121'.
22:38:43 INFO  : 'targets -set -filter {jtag_cable_name =~ "Digilent JTAG-HS1 210512180081" && level==0} -index 1' command is executed.
22:38:45 INFO  : FPGA configured successfully with bitstream "G:/a_max/max_xilinx/opendv/4_gpio_interrupt/4_gpio_interrupt.sdk/system_wrapper_hw_platform_0/system_wrapper.bit"
22:38:52 INFO  : 'targets -set -filter {jtag_cable_name =~ "Digilent JTAG-HS1 210512180081" && level==0} -index 1' command is executed.
22:38:52 INFO  : 'fpga -state' command is executed.
22:38:52 INFO  : Connected to target on host '127.0.0.1' and port '3121'.
22:38:52 INFO  : Jtag cable 'Digilent JTAG-HS1 210512180081' is selected.
22:38:52 INFO  : 'jtag frequency' command is executed.
22:38:52 INFO  : Sourcing of 'G:/a_max/max_xilinx/opendv/4_gpio_interrupt/4_gpio_interrupt.sdk/system_wrapper_hw_platform_0/ps7_init.tcl' is done.
22:38:52 INFO  : Context for 'APU' is selected.
22:38:52 INFO  : Hardware design information is loaded from 'G:/a_max/max_xilinx/opendv/4_gpio_interrupt/4_gpio_interrupt.sdk/system_wrapper_hw_platform_0/system.hdf'.
22:38:52 INFO  : 'configparams force-mem-access 1' command is executed.
22:38:52 INFO  : Context for 'APU' is selected.
22:38:52 INFO  : 'stop' command is executed.
22:38:53 INFO  : 'ps7_init' command is executed.
22:38:53 INFO  : 'ps7_post_config' command is executed.
22:38:53 INFO  : Context for processor 'ps7_cortexa9_0' is selected.
22:38:53 INFO  : Processor reset is completed for 'ps7_cortexa9_0'.
22:38:53 INFO  : Context for processor 'ps7_cortexa9_0' is selected.
22:38:53 INFO  : The application 'G:/a_max/max_xilinx/opendv/4_gpio_interrupt/4_gpio_interrupt.sdk/4_gpio_interrupt/Debug/4_gpio_interrupt.elf' is downloaded to processor 'ps7_cortexa9_0'.
22:38:53 INFO  : 'configparams force-mem-access 0' command is executed.
22:38:53 INFO  : ----------------XSDB Script----------------
connect -url tcp:127.0.0.1:3121
source G:/a_max/max_xilinx/opendv/4_gpio_interrupt/4_gpio_interrupt.sdk/system_wrapper_hw_platform_0/ps7_init.tcl
targets -set -nocase -filter {name =~"APU*" && jtag_cable_name =~ "Digilent JTAG-HS1 210512180081"} -index 0
loadhw -hw G:/a_max/max_xilinx/opendv/4_gpio_interrupt/4_gpio_interrupt.sdk/system_wrapper_hw_platform_0/system.hdf -mem-ranges [list {0x40000000 0xbfffffff}]
configparams force-mem-access 1
targets -set -nocase -filter {name =~"APU*" && jtag_cable_name =~ "Digilent JTAG-HS1 210512180081"} -index 0
stop
ps7_init
ps7_post_config
targets -set -nocase -filter {name =~ "ARM*#0" && jtag_cable_name =~ "Digilent JTAG-HS1 210512180081"} -index 0
rst -processor
targets -set -nocase -filter {name =~ "ARM*#0" && jtag_cable_name =~ "Digilent JTAG-HS1 210512180081"} -index 0
dow G:/a_max/max_xilinx/opendv/4_gpio_interrupt/4_gpio_interrupt.sdk/4_gpio_interrupt/Debug/4_gpio_interrupt.elf
configparams force-mem-access 0
----------------End of Script----------------

22:38:53 INFO  : Memory regions updated for context APU
22:38:53 INFO  : Context for processor 'ps7_cortexa9_0' is selected.
22:38:53 INFO  : 'con' command is executed.
22:38:53 INFO  : ----------------XSDB Script (After Launch)----------------
targets -set -nocase -filter {name =~ "ARM*#0" && jtag_cable_name =~ "Digilent JTAG-HS1 210512180081"} -index 0
con
----------------End of Script----------------

22:38:53 INFO  : Launch script is exported to file 'G:\a_max\max_xilinx\opendv\4_gpio_interrupt\4_gpio_interrupt.sdk\.sdk\launch_scripts\xilinx_c-c++_application_(system_debugger)\system_debugger_using_debug_4_gpio_interrupt.elf_on_local.tcl'
22:40:10 INFO  : Disconnected from the channel tcfchan#3.
22:40:11 INFO  : 'targets -set -filter {jtag_cable_name =~ "Digilent JTAG-HS1 210512180081" && level==0} -index 1' command is executed.
22:40:12 INFO  : 'fpga -state' command is executed.
22:40:12 INFO  : Connected to target on host '127.0.0.1' and port '3121'.
22:40:12 INFO  : Jtag cable 'Digilent JTAG-HS1 210512180081' is selected.
22:40:12 INFO  : 'jtag frequency' command is executed.
22:40:12 INFO  : Sourcing of 'G:/a_max/max_xilinx/opendv/4_gpio_interrupt/4_gpio_interrupt.sdk/system_wrapper_hw_platform_0/ps7_init.tcl' is done.
22:40:12 INFO  : Context for 'APU' is selected.
22:40:14 INFO  : Hardware design information is loaded from 'G:/a_max/max_xilinx/opendv/4_gpio_interrupt/4_gpio_interrupt.sdk/system_wrapper_hw_platform_0/system.hdf'.
22:40:14 INFO  : 'configparams force-mem-access 1' command is executed.
22:40:15 INFO  : Context for 'APU' is selected.
22:40:15 INFO  : 'stop' command is executed.
22:40:15 INFO  : 'ps7_init' command is executed.
22:40:15 INFO  : 'ps7_post_config' command is executed.
22:40:15 INFO  : Context for processor 'ps7_cortexa9_0' is selected.
22:40:15 INFO  : Processor reset is completed for 'ps7_cortexa9_0'.
22:40:15 INFO  : Context for processor 'ps7_cortexa9_0' is selected.
22:40:16 INFO  : The application 'G:/a_max/max_xilinx/opendv/4_gpio_interrupt/4_gpio_interrupt.sdk/4_gpio_interrupt/Debug/4_gpio_interrupt.elf' is downloaded to processor 'ps7_cortexa9_0'.
22:40:16 INFO  : 'configparams force-mem-access 0' command is executed.
22:40:16 INFO  : ----------------XSDB Script----------------
connect -url tcp:127.0.0.1:3121
source G:/a_max/max_xilinx/opendv/4_gpio_interrupt/4_gpio_interrupt.sdk/system_wrapper_hw_platform_0/ps7_init.tcl
targets -set -nocase -filter {name =~"APU*" && jtag_cable_name =~ "Digilent JTAG-HS1 210512180081"} -index 0
loadhw -hw G:/a_max/max_xilinx/opendv/4_gpio_interrupt/4_gpio_interrupt.sdk/system_wrapper_hw_platform_0/system.hdf -mem-ranges [list {0x40000000 0xbfffffff}]
configparams force-mem-access 1
targets -set -nocase -filter {name =~"APU*" && jtag_cable_name =~ "Digilent JTAG-HS1 210512180081"} -index 0
stop
ps7_init
ps7_post_config
targets -set -nocase -filter {name =~ "ARM*#0" && jtag_cable_name =~ "Digilent JTAG-HS1 210512180081"} -index 0
rst -processor
targets -set -nocase -filter {name =~ "ARM*#0" && jtag_cable_name =~ "Digilent JTAG-HS1 210512180081"} -index 0
dow G:/a_max/max_xilinx/opendv/4_gpio_interrupt/4_gpio_interrupt.sdk/4_gpio_interrupt/Debug/4_gpio_interrupt.elf
configparams force-mem-access 0
----------------End of Script----------------

22:40:16 INFO  : Memory regions updated for context APU
22:40:16 INFO  : Context for processor 'ps7_cortexa9_0' is selected.
22:40:16 INFO  : 'con' command is executed.
22:40:16 INFO  : ----------------XSDB Script (After Launch)----------------
targets -set -nocase -filter {name =~ "ARM*#0" && jtag_cable_name =~ "Digilent JTAG-HS1 210512180081"} -index 0
con
----------------End of Script----------------

22:40:16 INFO  : Launch script is exported to file 'G:\a_max\max_xilinx\opendv\4_gpio_interrupt\4_gpio_interrupt.sdk\.sdk\launch_scripts\xilinx_c-c++_application_(system_debugger)\system_debugger_using_debug_4_gpio_interrupt.elf_on_local.tcl'
22:47:14 INFO  : Disconnected from the channel tcfchan#4.
22:47:15 INFO  : 'targets -set -filter {jtag_cable_name =~ "Digilent JTAG-HS1 210512180081" && level==0} -index 1' command is executed.
22:47:15 INFO  : 'fpga -state' command is executed.
22:47:15 INFO  : Connected to target on host '127.0.0.1' and port '3121'.
22:47:16 INFO  : Jtag cable 'Digilent JTAG-HS1 210512180081' is selected.
22:47:16 INFO  : 'jtag frequency' command is executed.
22:47:16 INFO  : Sourcing of 'G:/a_max/max_xilinx/opendv/4_gpio_interrupt/4_gpio_interrupt.sdk/system_wrapper_hw_platform_0/ps7_init.tcl' is done.
22:47:16 INFO  : Context for 'APU' is selected.
22:47:17 INFO  : Hardware design information is loaded from 'G:/a_max/max_xilinx/opendv/4_gpio_interrupt/4_gpio_interrupt.sdk/system_wrapper_hw_platform_0/system.hdf'.
22:47:17 INFO  : 'configparams force-mem-access 1' command is executed.
22:47:17 INFO  : Context for 'APU' is selected.
22:47:17 INFO  : 'stop' command is executed.
22:47:18 INFO  : 'ps7_init' command is executed.
22:47:18 INFO  : 'ps7_post_config' command is executed.
22:47:18 INFO  : Context for processor 'ps7_cortexa9_0' is selected.
22:47:18 INFO  : Processor reset is completed for 'ps7_cortexa9_0'.
22:47:18 INFO  : Context for processor 'ps7_cortexa9_0' is selected.
22:47:18 INFO  : The application 'G:/a_max/max_xilinx/opendv/4_gpio_interrupt/4_gpio_interrupt.sdk/4_gpio_interrupt/Debug/4_gpio_interrupt.elf' is downloaded to processor 'ps7_cortexa9_0'.
22:47:18 INFO  : 'configparams force-mem-access 0' command is executed.
22:47:18 INFO  : ----------------XSDB Script----------------
connect -url tcp:127.0.0.1:3121
source G:/a_max/max_xilinx/opendv/4_gpio_interrupt/4_gpio_interrupt.sdk/system_wrapper_hw_platform_0/ps7_init.tcl
targets -set -nocase -filter {name =~"APU*" && jtag_cable_name =~ "Digilent JTAG-HS1 210512180081"} -index 0
loadhw -hw G:/a_max/max_xilinx/opendv/4_gpio_interrupt/4_gpio_interrupt.sdk/system_wrapper_hw_platform_0/system.hdf -mem-ranges [list {0x40000000 0xbfffffff}]
configparams force-mem-access 1
targets -set -nocase -filter {name =~"APU*" && jtag_cable_name =~ "Digilent JTAG-HS1 210512180081"} -index 0
stop
ps7_init
ps7_post_config
targets -set -nocase -filter {name =~ "ARM*#0" && jtag_cable_name =~ "Digilent JTAG-HS1 210512180081"} -index 0
rst -processor
targets -set -nocase -filter {name =~ "ARM*#0" && jtag_cable_name =~ "Digilent JTAG-HS1 210512180081"} -index 0
dow G:/a_max/max_xilinx/opendv/4_gpio_interrupt/4_gpio_interrupt.sdk/4_gpio_interrupt/Debug/4_gpio_interrupt.elf
configparams force-mem-access 0
----------------End of Script----------------

22:47:18 INFO  : Memory regions updated for context APU
22:47:18 INFO  : Context for processor 'ps7_cortexa9_0' is selected.
22:47:18 INFO  : 'con' command is executed.
22:47:18 INFO  : ----------------XSDB Script (After Launch)----------------
targets -set -nocase -filter {name =~ "ARM*#0" && jtag_cable_name =~ "Digilent JTAG-HS1 210512180081"} -index 0
con
----------------End of Script----------------

22:47:18 INFO  : Launch script is exported to file 'G:\a_max\max_xilinx\opendv\4_gpio_interrupt\4_gpio_interrupt.sdk\.sdk\launch_scripts\xilinx_c-c++_application_(system_debugger)\system_debugger_using_debug_4_gpio_interrupt.elf_on_local.tcl'
22:47:58 INFO  : Disconnected from the channel tcfchan#5.
23:42:12 INFO  : Registering command handlers for SDK TCF services
23:42:13 INFO  : Launching XSCT server: xsct.bat -interactive G:\a_max\max_xilinx\opendv\4_gpio_interrupt\4_gpio_interrupt.sdk\temp_xsdb_launch_script.tcl
23:42:20 INFO  : XSCT server has started successfully.
23:42:21 INFO  : Successfully done setting XSCT server connection channel  
23:42:21 INFO  : Processing command line option -hwspec G:/a_max/max_xilinx/opendv/4_gpio_interrupt/4_gpio_interrupt.sdk/system_wrapper.hdf.
23:42:26 INFO  : Successfully done setting SDK workspace  
23:43:05 INFO  : 'targets -set -filter {jtag_cable_name =~ "Digilent JTAG-HS1 210512180081" && level==0} -index 1' command is executed.
23:43:05 INFO  : 'fpga -state' command is executed.
23:43:05 INFO  : Connected to target on host '127.0.0.1' and port '3121'.
23:43:05 INFO  : Jtag cable 'Digilent JTAG-HS1 210512180081' is selected.
23:43:05 INFO  : 'jtag frequency' command is executed.
23:43:05 INFO  : Sourcing of 'G:/a_max/max_xilinx/opendv/4_gpio_interrupt/4_gpio_interrupt.sdk/system_wrapper_hw_platform_0/ps7_init.tcl' is done.
23:43:05 INFO  : Context for 'APU' is selected.
23:43:05 INFO  : Hardware design information is loaded from 'G:/a_max/max_xilinx/opendv/4_gpio_interrupt/4_gpio_interrupt.sdk/system_wrapper_hw_platform_0/system.hdf'.
23:43:05 INFO  : 'configparams force-mem-access 1' command is executed.
23:43:05 INFO  : Context for 'APU' is selected.
23:43:06 INFO  : 'stop' command is executed.
23:43:06 INFO  : 'ps7_init' command is executed.
23:43:06 INFO  : 'ps7_post_config' command is executed.
23:43:06 INFO  : Context for processor 'ps7_cortexa9_0' is selected.
23:43:06 INFO  : Processor reset is completed for 'ps7_cortexa9_0'.
23:43:06 INFO  : Context for processor 'ps7_cortexa9_0' is selected.
23:43:06 INFO  : The application 'G:/a_max/max_xilinx/opendv/4_gpio_interrupt/4_gpio_interrupt.sdk/4_gpio_interrupt/Debug/4_gpio_interrupt.elf' is downloaded to processor 'ps7_cortexa9_0'.
23:43:06 INFO  : 'configparams force-mem-access 0' command is executed.
23:43:06 INFO  : ----------------XSDB Script----------------
connect -url tcp:127.0.0.1:3121
source G:/a_max/max_xilinx/opendv/4_gpio_interrupt/4_gpio_interrupt.sdk/system_wrapper_hw_platform_0/ps7_init.tcl
targets -set -nocase -filter {name =~"APU*" && jtag_cable_name =~ "Digilent JTAG-HS1 210512180081"} -index 0
loadhw -hw G:/a_max/max_xilinx/opendv/4_gpio_interrupt/4_gpio_interrupt.sdk/system_wrapper_hw_platform_0/system.hdf -mem-ranges [list {0x40000000 0xbfffffff}]
configparams force-mem-access 1
targets -set -nocase -filter {name =~"APU*" && jtag_cable_name =~ "Digilent JTAG-HS1 210512180081"} -index 0
stop
ps7_init
ps7_post_config
targets -set -nocase -filter {name =~ "ARM*#0" && jtag_cable_name =~ "Digilent JTAG-HS1 210512180081"} -index 0
rst -processor
targets -set -nocase -filter {name =~ "ARM*#0" && jtag_cable_name =~ "Digilent JTAG-HS1 210512180081"} -index 0
dow G:/a_max/max_xilinx/opendv/4_gpio_interrupt/4_gpio_interrupt.sdk/4_gpio_interrupt/Debug/4_gpio_interrupt.elf
configparams force-mem-access 0
----------------End of Script----------------

23:43:06 INFO  : Memory regions updated for context APU
23:43:06 INFO  : Context for processor 'ps7_cortexa9_0' is selected.
23:43:06 INFO  : 'con' command is executed.
23:43:06 INFO  : ----------------XSDB Script (After Launch)----------------
targets -set -nocase -filter {name =~ "ARM*#0" && jtag_cable_name =~ "Digilent JTAG-HS1 210512180081"} -index 0
con
----------------End of Script----------------

23:43:06 INFO  : Launch script is exported to file 'G:\a_max\max_xilinx\opendv\4_gpio_interrupt\4_gpio_interrupt.sdk\.sdk\launch_scripts\xilinx_c-c++_application_(system_debugger)\system_debugger_using_debug_4_gpio_interrupt.elf_on_local.tcl'
23:45:28 INFO  : Disconnected from the channel tcfchan#1.
23:45:30 INFO  : 'targets -set -filter {jtag_cable_name =~ "Digilent JTAG-HS1 210512180081" && level==0} -index 1' command is executed.
23:45:30 INFO  : 'fpga -state' command is executed.
23:45:30 INFO  : Connected to target on host '127.0.0.1' and port '3121'.
23:45:30 INFO  : Jtag cable 'Digilent JTAG-HS1 210512180081' is selected.
23:45:30 INFO  : 'jtag frequency' command is executed.
23:45:30 INFO  : Sourcing of 'G:/a_max/max_xilinx/opendv/4_gpio_interrupt/4_gpio_interrupt.sdk/system_wrapper_hw_platform_0/ps7_init.tcl' is done.
23:45:30 INFO  : Context for 'APU' is selected.
23:45:32 INFO  : Hardware design information is loaded from 'G:/a_max/max_xilinx/opendv/4_gpio_interrupt/4_gpio_interrupt.sdk/system_wrapper_hw_platform_0/system.hdf'.
23:45:32 INFO  : 'configparams force-mem-access 1' command is executed.
23:45:32 INFO  : Context for 'APU' is selected.
23:45:32 INFO  : 'stop' command is executed.
23:45:33 INFO  : 'ps7_init' command is executed.
23:45:33 INFO  : 'ps7_post_config' command is executed.
23:45:33 INFO  : Context for processor 'ps7_cortexa9_0' is selected.
23:45:33 INFO  : Processor reset is completed for 'ps7_cortexa9_0'.
23:45:33 INFO  : Context for processor 'ps7_cortexa9_0' is selected.
23:45:33 INFO  : The application 'G:/a_max/max_xilinx/opendv/4_gpio_interrupt/4_gpio_interrupt.sdk/4_gpio_interrupt/Debug/4_gpio_interrupt.elf' is downloaded to processor 'ps7_cortexa9_0'.
23:45:33 INFO  : 'configparams force-mem-access 0' command is executed.
23:45:33 INFO  : ----------------XSDB Script----------------
connect -url tcp:127.0.0.1:3121
source G:/a_max/max_xilinx/opendv/4_gpio_interrupt/4_gpio_interrupt.sdk/system_wrapper_hw_platform_0/ps7_init.tcl
targets -set -nocase -filter {name =~"APU*" && jtag_cable_name =~ "Digilent JTAG-HS1 210512180081"} -index 0
loadhw -hw G:/a_max/max_xilinx/opendv/4_gpio_interrupt/4_gpio_interrupt.sdk/system_wrapper_hw_platform_0/system.hdf -mem-ranges [list {0x40000000 0xbfffffff}]
configparams force-mem-access 1
targets -set -nocase -filter {name =~"APU*" && jtag_cable_name =~ "Digilent JTAG-HS1 210512180081"} -index 0
stop
ps7_init
ps7_post_config
targets -set -nocase -filter {name =~ "ARM*#0" && jtag_cable_name =~ "Digilent JTAG-HS1 210512180081"} -index 0
rst -processor
targets -set -nocase -filter {name =~ "ARM*#0" && jtag_cable_name =~ "Digilent JTAG-HS1 210512180081"} -index 0
dow G:/a_max/max_xilinx/opendv/4_gpio_interrupt/4_gpio_interrupt.sdk/4_gpio_interrupt/Debug/4_gpio_interrupt.elf
configparams force-mem-access 0
----------------End of Script----------------

23:45:33 INFO  : Memory regions updated for context APU
23:45:33 INFO  : Context for processor 'ps7_cortexa9_0' is selected.
23:45:33 INFO  : 'con' command is executed.
23:45:33 INFO  : ----------------XSDB Script (After Launch)----------------
targets -set -nocase -filter {name =~ "ARM*#0" && jtag_cable_name =~ "Digilent JTAG-HS1 210512180081"} -index 0
con
----------------End of Script----------------

23:45:33 INFO  : Launch script is exported to file 'G:\a_max\max_xilinx\opendv\4_gpio_interrupt\4_gpio_interrupt.sdk\.sdk\launch_scripts\xilinx_c-c++_application_(system_debugger)\system_debugger_using_debug_4_gpio_interrupt.elf_on_local.tcl'
23:49:05 INFO  : Disconnected from the channel tcfchan#2.
23:49:06 INFO  : 'targets -set -filter {jtag_cable_name =~ "Digilent JTAG-HS1 210512180081" && level==0} -index 1' command is executed.
23:49:06 INFO  : 'fpga -state' command is executed.
23:49:06 INFO  : Connected to target on host '127.0.0.1' and port '3121'.
23:49:06 INFO  : Jtag cable 'Digilent JTAG-HS1 210512180081' is selected.
23:49:06 INFO  : 'jtag frequency' command is executed.
23:49:06 INFO  : Sourcing of 'G:/a_max/max_xilinx/opendv/4_gpio_interrupt/4_gpio_interrupt.sdk/system_wrapper_hw_platform_0/ps7_init.tcl' is done.
23:49:06 INFO  : Context for 'APU' is selected.
23:49:08 INFO  : Hardware design information is loaded from 'G:/a_max/max_xilinx/opendv/4_gpio_interrupt/4_gpio_interrupt.sdk/system_wrapper_hw_platform_0/system.hdf'.
23:49:08 INFO  : 'configparams force-mem-access 1' command is executed.
23:49:08 INFO  : Context for 'APU' is selected.
23:49:08 INFO  : 'stop' command is executed.
23:49:08 INFO  : 'ps7_init' command is executed.
23:49:08 INFO  : 'ps7_post_config' command is executed.
23:49:08 INFO  : Context for processor 'ps7_cortexa9_0' is selected.
23:49:08 INFO  : Processor reset is completed for 'ps7_cortexa9_0'.
23:49:08 INFO  : Context for processor 'ps7_cortexa9_0' is selected.
23:49:09 INFO  : The application 'G:/a_max/max_xilinx/opendv/4_gpio_interrupt/4_gpio_interrupt.sdk/4_gpio_interrupt/Debug/4_gpio_interrupt.elf' is downloaded to processor 'ps7_cortexa9_0'.
23:49:09 INFO  : 'configparams force-mem-access 0' command is executed.
23:49:09 INFO  : ----------------XSDB Script----------------
connect -url tcp:127.0.0.1:3121
source G:/a_max/max_xilinx/opendv/4_gpio_interrupt/4_gpio_interrupt.sdk/system_wrapper_hw_platform_0/ps7_init.tcl
targets -set -nocase -filter {name =~"APU*" && jtag_cable_name =~ "Digilent JTAG-HS1 210512180081"} -index 0
loadhw -hw G:/a_max/max_xilinx/opendv/4_gpio_interrupt/4_gpio_interrupt.sdk/system_wrapper_hw_platform_0/system.hdf -mem-ranges [list {0x40000000 0xbfffffff}]
configparams force-mem-access 1
targets -set -nocase -filter {name =~"APU*" && jtag_cable_name =~ "Digilent JTAG-HS1 210512180081"} -index 0
stop
ps7_init
ps7_post_config
targets -set -nocase -filter {name =~ "ARM*#0" && jtag_cable_name =~ "Digilent JTAG-HS1 210512180081"} -index 0
rst -processor
targets -set -nocase -filter {name =~ "ARM*#0" && jtag_cable_name =~ "Digilent JTAG-HS1 210512180081"} -index 0
dow G:/a_max/max_xilinx/opendv/4_gpio_interrupt/4_gpio_interrupt.sdk/4_gpio_interrupt/Debug/4_gpio_interrupt.elf
configparams force-mem-access 0
----------------End of Script----------------

23:49:09 INFO  : Memory regions updated for context APU
23:49:09 INFO  : Context for processor 'ps7_cortexa9_0' is selected.
23:49:09 INFO  : 'con' command is executed.
23:49:09 INFO  : ----------------XSDB Script (After Launch)----------------
targets -set -nocase -filter {name =~ "ARM*#0" && jtag_cable_name =~ "Digilent JTAG-HS1 210512180081"} -index 0
con
----------------End of Script----------------

23:49:09 INFO  : Launch script is exported to file 'G:\a_max\max_xilinx\opendv\4_gpio_interrupt\4_gpio_interrupt.sdk\.sdk\launch_scripts\xilinx_c-c++_application_(system_debugger)\system_debugger_using_debug_4_gpio_interrupt.elf_on_local.tcl'
00:01:50 INFO  : Disconnected from the channel tcfchan#3.
00:01:51 INFO  : 'targets -set -filter {jtag_cable_name =~ "Digilent JTAG-HS1 210512180081" && level==0} -index 1' command is executed.
00:01:51 INFO  : 'fpga -state' command is executed.
00:01:51 INFO  : Connected to target on host '127.0.0.1' and port '3121'.
00:01:51 INFO  : Jtag cable 'Digilent JTAG-HS1 210512180081' is selected.
00:01:51 INFO  : 'jtag frequency' command is executed.
00:01:51 INFO  : Sourcing of 'G:/a_max/max_xilinx/opendv/4_gpio_interrupt/4_gpio_interrupt.sdk/system_wrapper_hw_platform_0/ps7_init.tcl' is done.
00:01:51 INFO  : Context for 'APU' is selected.
00:01:54 INFO  : Hardware design information is loaded from 'G:/a_max/max_xilinx/opendv/4_gpio_interrupt/4_gpio_interrupt.sdk/system_wrapper_hw_platform_0/system.hdf'.
00:01:54 INFO  : 'configparams force-mem-access 1' command is executed.
00:01:54 INFO  : Context for 'APU' is selected.
00:01:54 INFO  : 'stop' command is executed.
00:01:54 INFO  : 'ps7_init' command is executed.
00:01:54 INFO  : 'ps7_post_config' command is executed.
00:01:54 INFO  : Context for processor 'ps7_cortexa9_0' is selected.
00:01:54 INFO  : Processor reset is completed for 'ps7_cortexa9_0'.
00:01:54 INFO  : Context for processor 'ps7_cortexa9_0' is selected.
00:01:55 INFO  : The application 'G:/a_max/max_xilinx/opendv/4_gpio_interrupt/4_gpio_interrupt.sdk/4_gpio_interrupt/Debug/4_gpio_interrupt.elf' is downloaded to processor 'ps7_cortexa9_0'.
00:01:55 INFO  : 'configparams force-mem-access 0' command is executed.
00:01:55 INFO  : ----------------XSDB Script----------------
connect -url tcp:127.0.0.1:3121
source G:/a_max/max_xilinx/opendv/4_gpio_interrupt/4_gpio_interrupt.sdk/system_wrapper_hw_platform_0/ps7_init.tcl
targets -set -nocase -filter {name =~"APU*" && jtag_cable_name =~ "Digilent JTAG-HS1 210512180081"} -index 0
loadhw -hw G:/a_max/max_xilinx/opendv/4_gpio_interrupt/4_gpio_interrupt.sdk/system_wrapper_hw_platform_0/system.hdf -mem-ranges [list {0x40000000 0xbfffffff}]
configparams force-mem-access 1
targets -set -nocase -filter {name =~"APU*" && jtag_cable_name =~ "Digilent JTAG-HS1 210512180081"} -index 0
stop
ps7_init
ps7_post_config
targets -set -nocase -filter {name =~ "ARM*#0" && jtag_cable_name =~ "Digilent JTAG-HS1 210512180081"} -index 0
rst -processor
targets -set -nocase -filter {name =~ "ARM*#0" && jtag_cable_name =~ "Digilent JTAG-HS1 210512180081"} -index 0
dow G:/a_max/max_xilinx/opendv/4_gpio_interrupt/4_gpio_interrupt.sdk/4_gpio_interrupt/Debug/4_gpio_interrupt.elf
configparams force-mem-access 0
----------------End of Script----------------

00:01:55 INFO  : Memory regions updated for context APU
00:01:55 INFO  : Context for processor 'ps7_cortexa9_0' is selected.
00:01:55 INFO  : 'con' command is executed.
00:01:55 INFO  : ----------------XSDB Script (After Launch)----------------
targets -set -nocase -filter {name =~ "ARM*#0" && jtag_cable_name =~ "Digilent JTAG-HS1 210512180081"} -index 0
con
----------------End of Script----------------

00:01:55 INFO  : Launch script is exported to file 'G:\a_max\max_xilinx\opendv\4_gpio_interrupt\4_gpio_interrupt.sdk\.sdk\launch_scripts\xilinx_c-c++_application_(system_debugger)\system_debugger_using_debug_4_gpio_interrupt.elf_on_local.tcl'
00:07:36 INFO  : Disconnected from the channel tcfchan#4.
00:07:52 INFO  : Registering command handlers for SDK TCF services
00:07:53 INFO  : Launching XSCT server: xsct.bat -interactive G:\a_max\max_xilinx\opendv\4_gpio_interrupt\4_gpio_interrupt.sdk\temp_xsdb_launch_script.tcl
00:07:57 INFO  : XSCT server has started successfully.
00:07:57 INFO  : Successfully done setting XSCT server connection channel  
00:07:57 INFO  : Processing command line option -hwspec G:/a_max/max_xilinx/opendv/4_gpio_interrupt/4_gpio_interrupt.sdk/system_wrapper.hdf.
00:07:57 INFO  : Successfully done setting SDK workspace  
00:10:39 INFO  : 'targets -set -filter {jtag_cable_name =~ "Digilent JTAG-HS1 210512180081" && level==0} -index 1' command is executed.
00:10:39 INFO  : 'fpga -state' command is executed.
00:10:39 INFO  : Connected to target on host '127.0.0.1' and port '3121'.
00:10:39 INFO  : Jtag cable 'Digilent JTAG-HS1 210512180081' is selected.
00:10:39 INFO  : 'jtag frequency' command is executed.
00:10:39 INFO  : Sourcing of 'G:/a_max/max_xilinx/opendv/4_gpio_interrupt/4_gpio_interrupt.sdk/system_wrapper_hw_platform_0/ps7_init.tcl' is done.
00:10:39 INFO  : Context for 'APU' is selected.
00:10:39 INFO  : Hardware design information is loaded from 'G:/a_max/max_xilinx/opendv/4_gpio_interrupt/4_gpio_interrupt.sdk/system_wrapper_hw_platform_0/system.hdf'.
00:10:39 INFO  : 'configparams force-mem-access 1' command is executed.
00:10:39 INFO  : Context for 'APU' is selected.
00:10:39 INFO  : 'stop' command is executed.
00:10:40 INFO  : 'ps7_init' command is executed.
00:10:40 INFO  : 'ps7_post_config' command is executed.
00:10:40 INFO  : Context for processor 'ps7_cortexa9_0' is selected.
00:10:40 INFO  : Processor reset is completed for 'ps7_cortexa9_0'.
00:10:40 INFO  : Context for processor 'ps7_cortexa9_0' is selected.
00:10:40 INFO  : The application 'G:/a_max/max_xilinx/opendv/4_gpio_interrupt/4_gpio_interrupt.sdk/4_gpio_interrupt/Debug/4_gpio_interrupt.elf' is downloaded to processor 'ps7_cortexa9_0'.
00:10:40 INFO  : 'configparams force-mem-access 0' command is executed.
00:10:40 INFO  : ----------------XSDB Script----------------
connect -url tcp:127.0.0.1:3121
source G:/a_max/max_xilinx/opendv/4_gpio_interrupt/4_gpio_interrupt.sdk/system_wrapper_hw_platform_0/ps7_init.tcl
targets -set -nocase -filter {name =~"APU*" && jtag_cable_name =~ "Digilent JTAG-HS1 210512180081"} -index 0
loadhw -hw G:/a_max/max_xilinx/opendv/4_gpio_interrupt/4_gpio_interrupt.sdk/system_wrapper_hw_platform_0/system.hdf -mem-ranges [list {0x40000000 0xbfffffff}]
configparams force-mem-access 1
targets -set -nocase -filter {name =~"APU*" && jtag_cable_name =~ "Digilent JTAG-HS1 210512180081"} -index 0
stop
ps7_init
ps7_post_config
targets -set -nocase -filter {name =~ "ARM*#0" && jtag_cable_name =~ "Digilent JTAG-HS1 210512180081"} -index 0
rst -processor
targets -set -nocase -filter {name =~ "ARM*#0" && jtag_cable_name =~ "Digilent JTAG-HS1 210512180081"} -index 0
dow G:/a_max/max_xilinx/opendv/4_gpio_interrupt/4_gpio_interrupt.sdk/4_gpio_interrupt/Debug/4_gpio_interrupt.elf
configparams force-mem-access 0
----------------End of Script----------------

00:10:40 INFO  : Memory regions updated for context APU
00:10:40 INFO  : Context for processor 'ps7_cortexa9_0' is selected.
00:10:40 INFO  : 'con' command is executed.
00:10:40 INFO  : ----------------XSDB Script (After Launch)----------------
targets -set -nocase -filter {name =~ "ARM*#0" && jtag_cable_name =~ "Digilent JTAG-HS1 210512180081"} -index 0
con
----------------End of Script----------------

00:10:40 INFO  : Launch script is exported to file 'G:\a_max\max_xilinx\opendv\4_gpio_interrupt\4_gpio_interrupt.sdk\.sdk\launch_scripts\xilinx_c-c++_application_(system_debugger)\system_debugger_using_debug_4_gpio_interrupt.elf_on_local.tcl'
00:12:11 INFO  : Disconnected from the channel tcfchan#1.
00:12:12 INFO  : 'targets -set -filter {jtag_cable_name =~ "Digilent JTAG-HS1 210512180081" && level==0} -index 1' command is executed.
00:12:12 INFO  : 'fpga -state' command is executed.
00:12:12 INFO  : Connected to target on host '127.0.0.1' and port '3121'.
00:12:13 INFO  : Jtag cable 'Digilent JTAG-HS1 210512180081' is selected.
00:12:13 INFO  : 'jtag frequency' command is executed.
00:12:13 INFO  : Sourcing of 'G:/a_max/max_xilinx/opendv/4_gpio_interrupt/4_gpio_interrupt.sdk/system_wrapper_hw_platform_0/ps7_init.tcl' is done.
00:12:13 INFO  : Context for 'APU' is selected.
00:12:14 INFO  : Hardware design information is loaded from 'G:/a_max/max_xilinx/opendv/4_gpio_interrupt/4_gpio_interrupt.sdk/system_wrapper_hw_platform_0/system.hdf'.
00:12:14 INFO  : 'configparams force-mem-access 1' command is executed.
00:12:14 INFO  : Context for 'APU' is selected.
00:12:15 INFO  : 'stop' command is executed.
00:12:15 INFO  : 'ps7_init' command is executed.
00:12:15 INFO  : 'ps7_post_config' command is executed.
00:12:15 INFO  : Context for processor 'ps7_cortexa9_0' is selected.
00:12:15 INFO  : Processor reset is completed for 'ps7_cortexa9_0'.
00:12:15 INFO  : Context for processor 'ps7_cortexa9_0' is selected.
00:12:15 INFO  : The application 'G:/a_max/max_xilinx/opendv/4_gpio_interrupt/4_gpio_interrupt.sdk/4_gpio_interrupt/Debug/4_gpio_interrupt.elf' is downloaded to processor 'ps7_cortexa9_0'.
00:12:15 INFO  : 'configparams force-mem-access 0' command is executed.
00:12:15 INFO  : ----------------XSDB Script----------------
connect -url tcp:127.0.0.1:3121
source G:/a_max/max_xilinx/opendv/4_gpio_interrupt/4_gpio_interrupt.sdk/system_wrapper_hw_platform_0/ps7_init.tcl
targets -set -nocase -filter {name =~"APU*" && jtag_cable_name =~ "Digilent JTAG-HS1 210512180081"} -index 0
loadhw -hw G:/a_max/max_xilinx/opendv/4_gpio_interrupt/4_gpio_interrupt.sdk/system_wrapper_hw_platform_0/system.hdf -mem-ranges [list {0x40000000 0xbfffffff}]
configparams force-mem-access 1
targets -set -nocase -filter {name =~"APU*" && jtag_cable_name =~ "Digilent JTAG-HS1 210512180081"} -index 0
stop
ps7_init
ps7_post_config
targets -set -nocase -filter {name =~ "ARM*#0" && jtag_cable_name =~ "Digilent JTAG-HS1 210512180081"} -index 0
rst -processor
targets -set -nocase -filter {name =~ "ARM*#0" && jtag_cable_name =~ "Digilent JTAG-HS1 210512180081"} -index 0
dow G:/a_max/max_xilinx/opendv/4_gpio_interrupt/4_gpio_interrupt.sdk/4_gpio_interrupt/Debug/4_gpio_interrupt.elf
configparams force-mem-access 0
----------------End of Script----------------

00:12:15 INFO  : Memory regions updated for context APU
00:12:15 INFO  : Context for processor 'ps7_cortexa9_0' is selected.
00:12:15 INFO  : 'con' command is executed.
00:12:15 INFO  : ----------------XSDB Script (After Launch)----------------
targets -set -nocase -filter {name =~ "ARM*#0" && jtag_cable_name =~ "Digilent JTAG-HS1 210512180081"} -index 0
con
----------------End of Script----------------

00:12:15 INFO  : Launch script is exported to file 'G:\a_max\max_xilinx\opendv\4_gpio_interrupt\4_gpio_interrupt.sdk\.sdk\launch_scripts\xilinx_c-c++_application_(system_debugger)\system_debugger_using_debug_4_gpio_interrupt.elf_on_local.tcl'
00:12:42 INFO  : Disconnected from the channel tcfchan#2.
00:12:43 INFO  : 'targets -set -filter {jtag_cable_name =~ "Digilent JTAG-HS1 210512180081" && level==0} -index 1' command is executed.
00:12:43 INFO  : 'fpga -state' command is executed.
00:12:43 INFO  : Connected to target on host '127.0.0.1' and port '3121'.
00:12:43 INFO  : Jtag cable 'Digilent JTAG-HS1 210512180081' is selected.
00:12:43 INFO  : 'jtag frequency' command is executed.
00:12:43 INFO  : Sourcing of 'G:/a_max/max_xilinx/opendv/4_gpio_interrupt/4_gpio_interrupt.sdk/system_wrapper_hw_platform_0/ps7_init.tcl' is done.
00:12:43 INFO  : Context for 'APU' is selected.
00:12:45 INFO  : Hardware design information is loaded from 'G:/a_max/max_xilinx/opendv/4_gpio_interrupt/4_gpio_interrupt.sdk/system_wrapper_hw_platform_0/system.hdf'.
00:12:45 INFO  : 'configparams force-mem-access 1' command is executed.
00:12:45 INFO  : Context for 'APU' is selected.
00:12:45 INFO  : 'stop' command is executed.
00:12:45 INFO  : 'ps7_init' command is executed.
00:12:45 INFO  : 'ps7_post_config' command is executed.
00:12:45 INFO  : Context for processor 'ps7_cortexa9_0' is selected.
00:12:46 INFO  : Processor reset is completed for 'ps7_cortexa9_0'.
00:12:46 INFO  : Context for processor 'ps7_cortexa9_0' is selected.
00:12:46 INFO  : The application 'G:/a_max/max_xilinx/opendv/4_gpio_interrupt/4_gpio_interrupt.sdk/4_gpio_interrupt/Debug/4_gpio_interrupt.elf' is downloaded to processor 'ps7_cortexa9_0'.
00:12:46 INFO  : 'configparams force-mem-access 0' command is executed.
00:12:46 INFO  : ----------------XSDB Script----------------
connect -url tcp:127.0.0.1:3121
source G:/a_max/max_xilinx/opendv/4_gpio_interrupt/4_gpio_interrupt.sdk/system_wrapper_hw_platform_0/ps7_init.tcl
targets -set -nocase -filter {name =~"APU*" && jtag_cable_name =~ "Digilent JTAG-HS1 210512180081"} -index 0
loadhw -hw G:/a_max/max_xilinx/opendv/4_gpio_interrupt/4_gpio_interrupt.sdk/system_wrapper_hw_platform_0/system.hdf -mem-ranges [list {0x40000000 0xbfffffff}]
configparams force-mem-access 1
targets -set -nocase -filter {name =~"APU*" && jtag_cable_name =~ "Digilent JTAG-HS1 210512180081"} -index 0
stop
ps7_init
ps7_post_config
targets -set -nocase -filter {name =~ "ARM*#0" && jtag_cable_name =~ "Digilent JTAG-HS1 210512180081"} -index 0
rst -processor
targets -set -nocase -filter {name =~ "ARM*#0" && jtag_cable_name =~ "Digilent JTAG-HS1 210512180081"} -index 0
dow G:/a_max/max_xilinx/opendv/4_gpio_interrupt/4_gpio_interrupt.sdk/4_gpio_interrupt/Debug/4_gpio_interrupt.elf
configparams force-mem-access 0
----------------End of Script----------------

00:12:46 INFO  : Memory regions updated for context APU
00:12:46 INFO  : Context for processor 'ps7_cortexa9_0' is selected.
00:12:46 INFO  : 'con' command is executed.
00:12:46 INFO  : ----------------XSDB Script (After Launch)----------------
targets -set -nocase -filter {name =~ "ARM*#0" && jtag_cable_name =~ "Digilent JTAG-HS1 210512180081"} -index 0
con
----------------End of Script----------------

00:12:46 INFO  : Launch script is exported to file 'G:\a_max\max_xilinx\opendv\4_gpio_interrupt\4_gpio_interrupt.sdk\.sdk\launch_scripts\xilinx_c-c++_application_(system_debugger)\system_debugger_using_debug_4_gpio_interrupt.elf_on_local.tcl'
00:14:39 INFO  : Disconnected from the channel tcfchan#3.
00:14:40 INFO  : 'targets -set -filter {jtag_cable_name =~ "Digilent JTAG-HS1 210512180081" && level==0} -index 1' command is executed.
00:14:40 INFO  : 'fpga -state' command is executed.
00:14:40 INFO  : Connected to target on host '127.0.0.1' and port '3121'.
00:14:40 INFO  : Jtag cable 'Digilent JTAG-HS1 210512180081' is selected.
00:14:40 INFO  : 'jtag frequency' command is executed.
00:14:40 INFO  : Sourcing of 'G:/a_max/max_xilinx/opendv/4_gpio_interrupt/4_gpio_interrupt.sdk/system_wrapper_hw_platform_0/ps7_init.tcl' is done.
00:14:40 INFO  : Context for 'APU' is selected.
00:14:42 INFO  : Hardware design information is loaded from 'G:/a_max/max_xilinx/opendv/4_gpio_interrupt/4_gpio_interrupt.sdk/system_wrapper_hw_platform_0/system.hdf'.
00:14:42 INFO  : 'configparams force-mem-access 1' command is executed.
00:14:42 INFO  : Context for 'APU' is selected.
00:14:42 INFO  : 'stop' command is executed.
00:14:43 INFO  : 'ps7_init' command is executed.
00:14:43 INFO  : 'ps7_post_config' command is executed.
00:14:43 INFO  : Context for processor 'ps7_cortexa9_0' is selected.
00:14:43 INFO  : Processor reset is completed for 'ps7_cortexa9_0'.
00:14:43 INFO  : Context for processor 'ps7_cortexa9_0' is selected.
00:14:43 INFO  : The application 'G:/a_max/max_xilinx/opendv/4_gpio_interrupt/4_gpio_interrupt.sdk/4_gpio_interrupt/Debug/4_gpio_interrupt.elf' is downloaded to processor 'ps7_cortexa9_0'.
00:14:43 INFO  : 'configparams force-mem-access 0' command is executed.
00:14:43 INFO  : ----------------XSDB Script----------------
connect -url tcp:127.0.0.1:3121
source G:/a_max/max_xilinx/opendv/4_gpio_interrupt/4_gpio_interrupt.sdk/system_wrapper_hw_platform_0/ps7_init.tcl
targets -set -nocase -filter {name =~"APU*" && jtag_cable_name =~ "Digilent JTAG-HS1 210512180081"} -index 0
loadhw -hw G:/a_max/max_xilinx/opendv/4_gpio_interrupt/4_gpio_interrupt.sdk/system_wrapper_hw_platform_0/system.hdf -mem-ranges [list {0x40000000 0xbfffffff}]
configparams force-mem-access 1
targets -set -nocase -filter {name =~"APU*" && jtag_cable_name =~ "Digilent JTAG-HS1 210512180081"} -index 0
stop
ps7_init
ps7_post_config
targets -set -nocase -filter {name =~ "ARM*#0" && jtag_cable_name =~ "Digilent JTAG-HS1 210512180081"} -index 0
rst -processor
targets -set -nocase -filter {name =~ "ARM*#0" && jtag_cable_name =~ "Digilent JTAG-HS1 210512180081"} -index 0
dow G:/a_max/max_xilinx/opendv/4_gpio_interrupt/4_gpio_interrupt.sdk/4_gpio_interrupt/Debug/4_gpio_interrupt.elf
configparams force-mem-access 0
----------------End of Script----------------

00:14:43 INFO  : Memory regions updated for context APU
00:14:43 INFO  : Context for processor 'ps7_cortexa9_0' is selected.
00:14:43 INFO  : 'con' command is executed.
00:14:43 INFO  : ----------------XSDB Script (After Launch)----------------
targets -set -nocase -filter {name =~ "ARM*#0" && jtag_cable_name =~ "Digilent JTAG-HS1 210512180081"} -index 0
con
----------------End of Script----------------

00:14:43 INFO  : Launch script is exported to file 'G:\a_max\max_xilinx\opendv\4_gpio_interrupt\4_gpio_interrupt.sdk\.sdk\launch_scripts\xilinx_c-c++_application_(system_debugger)\system_debugger_using_debug_4_gpio_interrupt.elf_on_local.tcl'
