
*** Running vivado
    with args -log design_1_rgb2ycbcr_1_0.vds -m64 -product Vivado -mode batch -messageDb vivado.pb -notrace -source design_1_rgb2ycbcr_1_0.tcl


****** Vivado v2018.3 (64-bit)
  **** SW Build 2405991 on Thu Dec  6 23:38:27 MST 2018
  **** IP Build 2404404 on Fri Dec  7 01:43:56 MST 2018
    ** Copyright 1986-2018 Xilinx, Inc. All Rights Reserved.

source design_1_rgb2ycbcr_1_0.tcl -notrace
INFO: [IP_Flow 19-234] Refreshing IP repositories
INFO: [IP_Flow 19-1700] Loaded user IP repository 'f:/lfas/edge/23_ov5640_lcd/ip_repo'.
INFO: [IP_Flow 19-1700] Loaded user IP repository 'e:/PS/ov5640_gray_lcd/ip_repo/rgb2ycbcr'.
INFO: [IP_Flow 19-2313] Loaded Vivado IP repository 'C:/Xilinx/Vivado/2018.3/data/ip'.
Command: synth_design -top design_1_rgb2ycbcr_1_0 -part xc7z010clg400-1 -mode out_of_context
Starting synth_design
Attempting to get a license for feature 'Synthesis' and/or device 'xc7z010'
INFO: [Common 17-349] Got license for feature 'Synthesis' and/or device 'xc7z010'
INFO: Launching helper process for spawning children vivado processes
INFO: Helper process launched with PID 9084 
---------------------------------------------------------------------------------
Starting RTL Elaboration : Time (s): cpu = 00:00:02 ; elapsed = 00:00:03 . Memory (MB): peak = 400.559 ; gain = 96.074
---------------------------------------------------------------------------------
INFO: [Synth 8-6157] synthesizing module 'design_1_rgb2ycbcr_1_0' [e:/PS/ov5640_gray_lcd/ov5640_gray_lcd.srcs/sources_1/bd/design_1/ip/design_1_rgb2ycbcr_1_0/synth/design_1_rgb2ycbcr_1_0.v:57]
INFO: [Synth 8-6157] synthesizing module 'rgb2ycbcr' [e:/PS/ov5640_gray_lcd/ov5640_gray_lcd.srcs/sources_1/bd/design_1/ipshared/4265/src/rgb2ycbcr.v:22]
WARNING: [Synth 8-6014] Unused sequential element rgb_r_m1_reg was removed.  [e:/PS/ov5640_gray_lcd/ov5640_gray_lcd.srcs/sources_1/bd/design_1/ipshared/4265/src/rgb2ycbcr.v:103]
WARNING: [Synth 8-6014] Unused sequential element rgb_r_m2_reg was removed.  [e:/PS/ov5640_gray_lcd/ov5640_gray_lcd.srcs/sources_1/bd/design_1/ipshared/4265/src/rgb2ycbcr.v:104]
WARNING: [Synth 8-6014] Unused sequential element rgb_g_m1_reg was removed.  [e:/PS/ov5640_gray_lcd/ov5640_gray_lcd.srcs/sources_1/bd/design_1/ipshared/4265/src/rgb2ycbcr.v:106]
WARNING: [Synth 8-6014] Unused sequential element rgb_g_m2_reg was removed.  [e:/PS/ov5640_gray_lcd/ov5640_gray_lcd.srcs/sources_1/bd/design_1/ipshared/4265/src/rgb2ycbcr.v:107]
WARNING: [Synth 8-6014] Unused sequential element rgb_b_m1_reg was removed.  [e:/PS/ov5640_gray_lcd/ov5640_gray_lcd.srcs/sources_1/bd/design_1/ipshared/4265/src/rgb2ycbcr.v:109]
WARNING: [Synth 8-6014] Unused sequential element rgb_b_m2_reg was removed.  [e:/PS/ov5640_gray_lcd/ov5640_gray_lcd.srcs/sources_1/bd/design_1/ipshared/4265/src/rgb2ycbcr.v:110]
WARNING: [Synth 8-6014] Unused sequential element img_cb0_reg was removed.  [e:/PS/ov5640_gray_lcd/ov5640_gray_lcd.srcs/sources_1/bd/design_1/ipshared/4265/src/rgb2ycbcr.v:129]
WARNING: [Synth 8-6014] Unused sequential element img_cr0_reg was removed.  [e:/PS/ov5640_gray_lcd/ov5640_gray_lcd.srcs/sources_1/bd/design_1/ipshared/4265/src/rgb2ycbcr.v:130]
WARNING: [Synth 8-6014] Unused sequential element img_cb1_reg was removed.  [e:/PS/ov5640_gray_lcd/ov5640_gray_lcd.srcs/sources_1/bd/design_1/ipshared/4265/src/rgb2ycbcr.v:78]
WARNING: [Synth 8-6014] Unused sequential element img_cr1_reg was removed.  [e:/PS/ov5640_gray_lcd/ov5640_gray_lcd.srcs/sources_1/bd/design_1/ipshared/4265/src/rgb2ycbcr.v:79]
INFO: [Synth 8-6155] done synthesizing module 'rgb2ycbcr' (1#1) [e:/PS/ov5640_gray_lcd/ov5640_gray_lcd.srcs/sources_1/bd/design_1/ipshared/4265/src/rgb2ycbcr.v:22]
INFO: [Synth 8-6155] done synthesizing module 'design_1_rgb2ycbcr_1_0' (2#1) [e:/PS/ov5640_gray_lcd/ov5640_gray_lcd.srcs/sources_1/bd/design_1/ip/design_1_rgb2ycbcr_1_0/synth/design_1_rgb2ycbcr_1_0.v:57]
---------------------------------------------------------------------------------
Finished RTL Elaboration : Time (s): cpu = 00:00:02 ; elapsed = 00:00:03 . Memory (MB): peak = 453.176 ; gain = 148.691
---------------------------------------------------------------------------------

Report Check Netlist: 
+------+------------------+-------+---------+-------+------------------+
|      |Item              |Errors |Warnings |Status |Description       |
+------+------------------+-------+---------+-------+------------------+
|1     |multi_driven_nets |      0|        0|Passed |Multi driven nets |
+------+------------------+-------+---------+-------+------------------+
---------------------------------------------------------------------------------
Start Handling Custom Attributes
---------------------------------------------------------------------------------
---------------------------------------------------------------------------------
Finished Handling Custom Attributes : Time (s): cpu = 00:00:02 ; elapsed = 00:00:04 . Memory (MB): peak = 453.176 ; gain = 148.691
---------------------------------------------------------------------------------
---------------------------------------------------------------------------------
Finished RTL Optimization Phase 1 : Time (s): cpu = 00:00:02 ; elapsed = 00:00:04 . Memory (MB): peak = 453.176 ; gain = 148.691
---------------------------------------------------------------------------------
INFO: [Device 21-403] Loading part xc7z010clg400-1
INFO: [Project 1-570] Preparing netlist for logic optimization

Processing XDC Constraints
Initializing timing engine
Completed Processing XDC Constraints

Netlist sorting complete. Time (s): cpu = 00:00:00 ; elapsed = 00:00:00 . Memory (MB): peak = 766.086 ; gain = 0.000
INFO: [Project 1-111] Unisim Transformation Summary:
No Unisim elements were transformed.

Netlist sorting complete. Time (s): cpu = 00:00:00 ; elapsed = 00:00:00 . Memory (MB): peak = 766.086 ; gain = 0.000
WARNING: [Constraints 18-5210] No constraints selected for write.
Resolution: This message can indicate that there are no constraints for the design, or it can indicate that the used_in flags are set such that the constraints are ignored. This later case is used when running synth_design to not write synthesis constraints to the resulting checkpoint. Instead, project constraints are read when the synthesized design is opened.
Constraint Validation Runtime : Time (s): cpu = 00:00:00 ; elapsed = 00:00:00.050 . Memory (MB): peak = 768.102 ; gain = 2.016
---------------------------------------------------------------------------------
Finished Constraint Validation : Time (s): cpu = 00:00:09 ; elapsed = 00:00:11 . Memory (MB): peak = 768.102 ; gain = 463.617
---------------------------------------------------------------------------------
---------------------------------------------------------------------------------
Start Loading Part and Timing Information
---------------------------------------------------------------------------------
Loading part: xc7z010clg400-1
---------------------------------------------------------------------------------
Finished Loading Part and Timing Information : Time (s): cpu = 00:00:09 ; elapsed = 00:00:11 . Memory (MB): peak = 768.102 ; gain = 463.617
---------------------------------------------------------------------------------
---------------------------------------------------------------------------------
Start Applying 'set_property' XDC Constraints
---------------------------------------------------------------------------------
---------------------------------------------------------------------------------
Finished applying 'set_property' XDC Constraints : Time (s): cpu = 00:00:09 ; elapsed = 00:00:11 . Memory (MB): peak = 768.102 ; gain = 463.617
---------------------------------------------------------------------------------
---------------------------------------------------------------------------------
Finished RTL Optimization Phase 2 : Time (s): cpu = 00:00:09 ; elapsed = 00:00:11 . Memory (MB): peak = 768.102 ; gain = 463.617
---------------------------------------------------------------------------------

Report RTL Partitions: 
+-+--------------+------------+----------+
| |RTL Partition |Replication |Instances |
+-+--------------+------------+----------+
+-+--------------+------------+----------+
---------------------------------------------------------------------------------
Start RTL Component Statistics 
---------------------------------------------------------------------------------
Detailed RTL Component Info : 
+---Adders : 
	   3 Input     16 Bit       Adders := 1     
+---Registers : 
	               16 Bit    Registers := 4     
	                8 Bit    Registers := 1     
	                3 Bit    Registers := 3     
---------------------------------------------------------------------------------
Finished RTL Component Statistics 
---------------------------------------------------------------------------------
---------------------------------------------------------------------------------
Start RTL Hierarchical Component Statistics 
---------------------------------------------------------------------------------
Hierarchical RTL Component report 
Module rgb2ycbcr 
Detailed RTL Component Info : 
+---Adders : 
	   3 Input     16 Bit       Adders := 1     
+---Registers : 
	               16 Bit    Registers := 4     
	                8 Bit    Registers := 1     
	                3 Bit    Registers := 3     
---------------------------------------------------------------------------------
Finished RTL Hierarchical Component Statistics
---------------------------------------------------------------------------------
---------------------------------------------------------------------------------
Start Part Resource Summary
---------------------------------------------------------------------------------
Part Resources:
DSPs: 80 (col length:40)
BRAMs: 120 (col length: RAMB18 40 RAMB36 20)
---------------------------------------------------------------------------------
Finished Part Resource Summary
---------------------------------------------------------------------------------
---------------------------------------------------------------------------------
Start Cross Boundary and Area Optimization
---------------------------------------------------------------------------------
Warning: Parallel synthesis criteria is not met 
DSP Report: Generating DSP inst/rgb_g_m00, operation Mode is: A*(B:0x96).
DSP Report: operator inst/rgb_g_m00 is absorbed into DSP inst/rgb_g_m00.
DSP Report: Generating DSP inst/rgb_b_m00, operation Mode is: A*(B:0x1d).
DSP Report: operator inst/rgb_b_m00 is absorbed into DSP inst/rgb_b_m00.
DSP Report: Generating DSP inst/rgb_r_m00, operation Mode is: A*(B:0x4d).
DSP Report: operator inst/rgb_r_m00 is absorbed into DSP inst/rgb_r_m00.
INFO: [Synth 8-3886] merging instance 'inst/rgb_b_m0_reg[13]' (FDC) to 'inst/rgb_b_m0_reg[15]'
INFO: [Synth 8-3886] merging instance 'inst/rgb_b_m0_reg[14]' (FDC) to 'inst/rgb_b_m0_reg[15]'
INFO: [Synth 8-3886] merging instance 'inst/rgb_r_m0_reg[15]' (FDC) to 'inst/rgb_b_m0_reg[15]'
INFO: [Synth 8-3333] propagating constant 0 across sequential element (\inst/rgb_b_m0_reg[15] )
---------------------------------------------------------------------------------
Finished Cross Boundary and Area Optimization : Time (s): cpu = 00:00:10 ; elapsed = 00:00:12 . Memory (MB): peak = 768.102 ; gain = 463.617
---------------------------------------------------------------------------------
---------------------------------------------------------------------------------
Start ROM, RAM, DSP and Shift Register Reporting
---------------------------------------------------------------------------------

DSP: Preliminary Mapping  Report (see note below)
+------------+-------------+--------+--------+--------+--------+--------+------+------+------+------+-------+------+------+
|Module Name | DSP Mapping | A Size | B Size | C Size | D Size | P Size | AREG | BREG | CREG | DREG | ADREG | MREG | PREG | 
+------------+-------------+--------+--------+--------+--------+--------+------+------+------+------+-------+------+------+
|rgb2ycbcr   | A*(B:0x96)  | 8      | 8      | -      | -      | 16     | 0    | 0    | -    | -    | -     | 0    | 0    | 
|rgb2ycbcr   | A*(B:0x1d)  | 8      | 5      | -      | -      | 13     | 0    | 0    | -    | -    | -     | 0    | 0    | 
|rgb2ycbcr   | A*(B:0x4d)  | 8      | 7      | -      | -      | 15     | 0    | 0    | -    | -    | -     | 0    | 0    | 
+------------+-------------+--------+--------+--------+--------+--------+------+------+------+------+-------+------+------+

Note: The table above is a preliminary report that shows the DSPs inferred at the current stage of the synthesis flow. Some DSP may be reimplemented as non DSP primitives later in the synthesis flow. Multiple instantiated DSPs are reported only once.
---------------------------------------------------------------------------------
Finished ROM, RAM, DSP and Shift Register Reporting
---------------------------------------------------------------------------------

Report RTL Partitions: 
+-+--------------+------------+----------+
| |RTL Partition |Replication |Instances |
+-+--------------+------------+----------+
+-+--------------+------------+----------+
---------------------------------------------------------------------------------
Start Applying XDC Timing Constraints
---------------------------------------------------------------------------------
---------------------------------------------------------------------------------
Finished Applying XDC Timing Constraints : Time (s): cpu = 00:00:21 ; elapsed = 00:00:23 . Memory (MB): peak = 809.125 ; gain = 504.641
---------------------------------------------------------------------------------
---------------------------------------------------------------------------------
Start Timing Optimization
---------------------------------------------------------------------------------
---------------------------------------------------------------------------------
Finished Timing Optimization : Time (s): cpu = 00:00:21 ; elapsed = 00:00:23 . Memory (MB): peak = 809.219 ; gain = 504.734
---------------------------------------------------------------------------------

Report RTL Partitions: 
+-+--------------+------------+----------+
| |RTL Partition |Replication |Instances |
+-+--------------+------------+----------+
+-+--------------+------------+----------+
---------------------------------------------------------------------------------
Start Technology Mapping
---------------------------------------------------------------------------------
INFO: [Synth 8-5844] Detected registers with asynchronous reset at DSP/BRAM block boundary. Consider using synchronous reset for optimal packing [e:/PS/ov5640_gray_lcd/ov5640_gray_lcd.srcs/sources_1/bd/design_1/ipshared/4265/src/rgb2ycbcr.v:105]
INFO: [Synth 8-5844] Detected registers with asynchronous reset at DSP/BRAM block boundary. Consider using synchronous reset for optimal packing [e:/PS/ov5640_gray_lcd/ov5640_gray_lcd.srcs/sources_1/bd/design_1/ipshared/4265/src/rgb2ycbcr.v:108]
INFO: [Synth 8-5844] Detected registers with asynchronous reset at DSP/BRAM block boundary. Consider using synchronous reset for optimal packing [e:/PS/ov5640_gray_lcd/ov5640_gray_lcd.srcs/sources_1/bd/design_1/ipshared/4265/src/rgb2ycbcr.v:102]
INFO: [Synth 8-3886] merging instance 'i_153' (FDC) to 'i_167'
INFO: [Synth 8-3886] merging instance 'i_136' (FDC) to 'i_167'
---------------------------------------------------------------------------------
Finished Technology Mapping : Time (s): cpu = 00:00:21 ; elapsed = 00:00:23 . Memory (MB): peak = 819.410 ; gain = 514.926
---------------------------------------------------------------------------------

Report RTL Partitions: 
+-+--------------+------------+----------+
| |RTL Partition |Replication |Instances |
+-+--------------+------------+----------+
+-+--------------+------------+----------+
---------------------------------------------------------------------------------
Start IO Insertion
---------------------------------------------------------------------------------
---------------------------------------------------------------------------------
Start Flattening Before IO Insertion
---------------------------------------------------------------------------------
---------------------------------------------------------------------------------
Finished Flattening Before IO Insertion
---------------------------------------------------------------------------------
---------------------------------------------------------------------------------
Start Final Netlist Cleanup
---------------------------------------------------------------------------------
---------------------------------------------------------------------------------
Finished Final Netlist Cleanup
---------------------------------------------------------------------------------
---------------------------------------------------------------------------------
Finished IO Insertion : Time (s): cpu = 00:00:22 ; elapsed = 00:00:24 . Memory (MB): peak = 819.410 ; gain = 514.926
---------------------------------------------------------------------------------

Report Check Netlist: 
+------+------------------+-------+---------+-------+------------------+
|      |Item              |Errors |Warnings |Status |Description       |
+------+------------------+-------+---------+-------+------------------+
|1     |multi_driven_nets |      0|        0|Passed |Multi driven nets |
+------+------------------+-------+---------+-------+------------------+
---------------------------------------------------------------------------------
Start Renaming Generated Instances
---------------------------------------------------------------------------------
---------------------------------------------------------------------------------
Finished Renaming Generated Instances : Time (s): cpu = 00:00:22 ; elapsed = 00:00:24 . Memory (MB): peak = 819.410 ; gain = 514.926
---------------------------------------------------------------------------------

Report RTL Partitions: 
+-+--------------+------------+----------+
| |RTL Partition |Replication |Instances |
+-+--------------+------------+----------+
+-+--------------+------------+----------+
---------------------------------------------------------------------------------
Start Rebuilding User Hierarchy
---------------------------------------------------------------------------------
---------------------------------------------------------------------------------
Finished Rebuilding User Hierarchy : Time (s): cpu = 00:00:22 ; elapsed = 00:00:24 . Memory (MB): peak = 819.410 ; gain = 514.926
---------------------------------------------------------------------------------
---------------------------------------------------------------------------------
Start Renaming Generated Ports
---------------------------------------------------------------------------------
---------------------------------------------------------------------------------
Finished Renaming Generated Ports : Time (s): cpu = 00:00:22 ; elapsed = 00:00:24 . Memory (MB): peak = 819.410 ; gain = 514.926
---------------------------------------------------------------------------------
---------------------------------------------------------------------------------
Start Handling Custom Attributes
---------------------------------------------------------------------------------
---------------------------------------------------------------------------------
Finished Handling Custom Attributes : Time (s): cpu = 00:00:22 ; elapsed = 00:00:24 . Memory (MB): peak = 819.410 ; gain = 514.926
---------------------------------------------------------------------------------
---------------------------------------------------------------------------------
Start Renaming Generated Nets
---------------------------------------------------------------------------------
---------------------------------------------------------------------------------
Finished Renaming Generated Nets : Time (s): cpu = 00:00:22 ; elapsed = 00:00:24 . Memory (MB): peak = 819.410 ; gain = 514.926
---------------------------------------------------------------------------------
---------------------------------------------------------------------------------
Start Writing Synthesis Report
---------------------------------------------------------------------------------

Report BlackBoxes: 
+-+--------------+----------+
| |BlackBox name |Instances |
+-+--------------+----------+
+-+--------------+----------+

Report Cell Usage: 
+------+--------+------+
|      |Cell    |Count |
+------+--------+------+
|1     |CARRY4  |     4|
|2     |DSP48E1 |     3|
|3     |LUT1    |     1|
|4     |LUT2    |     8|
|5     |LUT3    |     1|
|6     |LUT4    |    15|
|7     |LUT5    |    13|
|8     |LUT6    |     1|
|9     |FDCE    |    26|
+------+--------+------+

Report Instance Areas: 
+------+---------+----------+------+
|      |Instance |Module    |Cells |
+------+---------+----------+------+
|1     |top      |          |    72|
|2     |  inst   |rgb2ycbcr |    71|
+------+---------+----------+------+
---------------------------------------------------------------------------------
Finished Writing Synthesis Report : Time (s): cpu = 00:00:22 ; elapsed = 00:00:24 . Memory (MB): peak = 819.410 ; gain = 514.926
---------------------------------------------------------------------------------
Synthesis finished with 0 errors, 0 critical warnings and 0 warnings.
Synthesis Optimization Runtime : Time (s): cpu = 00:00:15 ; elapsed = 00:00:19 . Memory (MB): peak = 819.410 ; gain = 200.000
Synthesis Optimization Complete : Time (s): cpu = 00:00:22 ; elapsed = 00:00:24 . Memory (MB): peak = 819.410 ; gain = 514.926
INFO: [Project 1-571] Translating synthesized netlist
INFO: [Netlist 29-17] Analyzing 7 Unisim elements for replacement
INFO: [Netlist 29-28] Unisim Transformation completed in 0 CPU seconds
INFO: [Project 1-570] Preparing netlist for logic optimization
INFO: [Opt 31-138] Pushed 0 inverter(s) to 0 load pin(s).
Netlist sorting complete. Time (s): cpu = 00:00:00 ; elapsed = 00:00:00 . Memory (MB): peak = 827.199 ; gain = 0.000
INFO: [Project 1-111] Unisim Transformation Summary:
No Unisim elements were transformed.

INFO: [Common 17-83] Releasing license: Synthesis
28 Infos, 11 Warnings, 0 Critical Warnings and 0 Errors encountered.
synth_design completed successfully
synth_design: Time (s): cpu = 00:00:24 ; elapsed = 00:00:26 . Memory (MB): peak = 827.199 ; gain = 534.184
Netlist sorting complete. Time (s): cpu = 00:00:00 ; elapsed = 00:00:00 . Memory (MB): peak = 827.199 ; gain = 0.000
WARNING: [Constraints 18-5210] No constraints selected for write.
Resolution: This message can indicate that there are no constraints for the design, or it can indicate that the used_in flags are set such that the constraints are ignored. This later case is used when running synth_design to not write synthesis constraints to the resulting checkpoint. Instead, project constraints are read when the synthesized design is opened.
INFO: [Common 17-1381] The checkpoint 'E:/PS/ov5640_gray_lcd/ov5640_gray_lcd.runs/design_1_rgb2ycbcr_1_0_synth_1/design_1_rgb2ycbcr_1_0.dcp' has been generated.
INFO: [Coretcl 2-1648] Added synthesis output to IP cache for IP design_1_rgb2ycbcr_1_0, cache-ID = bb85260f80d628ff
Netlist sorting complete. Time (s): cpu = 00:00:00 ; elapsed = 00:00:00 . Memory (MB): peak = 828.398 ; gain = 0.000
WARNING: [Constraints 18-5210] No constraints selected for write.
Resolution: This message can indicate that there are no constraints for the design, or it can indicate that the used_in flags are set such that the constraints are ignored. This later case is used when running synth_design to not write synthesis constraints to the resulting checkpoint. Instead, project constraints are read when the synthesized design is opened.
INFO: [Common 17-1381] The checkpoint 'E:/PS/ov5640_gray_lcd/ov5640_gray_lcd.runs/design_1_rgb2ycbcr_1_0_synth_1/design_1_rgb2ycbcr_1_0.dcp' has been generated.
INFO: [runtcl-4] Executing : report_utilization -file design_1_rgb2ycbcr_1_0_utilization_synth.rpt -pb design_1_rgb2ycbcr_1_0_utilization_synth.pb
INFO: [Common 17-206] Exiting Vivado at Sun Jan 19 15:11:41 2020...
