#-----------------------------------------------------------
# Vivado v2018.3 (64-bit)
# SW Build 2405991 on Thu Dec  6 23:38:27 MST 2018
# IP Build 2404404 on Fri Dec  7 01:43:56 MST 2018
# Start of session at: Wed Jul  8 22:56:39 2020
# Process ID: 13824
# Current directory: G:/a_max/max_xilinx/max/System_Generator/FIR/FIR3/par/ip_catalog
# Command line: vivado.exe -gui_launcher_event rodinguilauncherevent1224 G:\a_max\max_xilinx\max\System_Generator\FIR\FIR3\par\ip_catalog\fir.xpr
# Log file: G:/a_max/max_xilinx/max/System_Generator/FIR/FIR3/par/ip_catalog/vivado.log
# Journal file: G:/a_max/max_xilinx/max/System_Generator/FIR/FIR3/par/ip_catalog\vivado.jou
#-----------------------------------------------------------
start_gui
open_project G:/a_max/max_xilinx/max/System_Generator/FIR/FIR3/par/ip_catalog/fir.xpr
Scanning sources...
Finished scanning sources
INFO: [IP_Flow 19-234] Refreshing IP repositories
INFO: [IP_Flow 19-1700] Loaded user IP repository 'g:/a_max/max_xilinx/max/System_Generator/FIR/FIR3/par/ip'.
WARNING: [IP_Flow 19-3656] If you move the project, the path for repository 'g:/a_max/max_xilinx/max/System_Generator/FIR/FIR3/par/ip' may become invalid. A better location for the repository would be in a path adjacent to the project. (Current project location is 'g:/a_max/max_xilinx/max/System_Generator/FIR/FIR3/par/ip_catalog'.)
INFO: [IP_Flow 19-2313] Loaded Vivado IP repository 'G:/vivado/Vivado/2018.3/data/ip'.
open_project: Time (s): cpu = 00:00:18 ; elapsed = 00:00:22 . Memory (MB): peak = 779.473 ; gain = 198.117
create_run impl_2 -parent_run synth_1 -flow {Vivado Implementation 2018} -strategy {Vivado Implementation Defaults} -report_strategy {Vivado Implementation Default Reports}
Run is defaulting to parent run srcset: sources_1
Run is defaulting to parent run constrset: constrs_1
Run is defaulting to parent run part: xc7k325tfbg676-3
current_run [get_runs impl_2]
set_property part xc7z010clg400-1 [current_project]
WARNING: [IP_Flow 19-2162] IP 'fir_0' is locked:
* IP 'fir_0' does not support the current project part 'xc7z010clg400-1'. Note that part differences may result in undefined behavior.
* IP 'fir_0' contains one or more locked subcores.
Please select 'Report IP Status' from the 'Tools/Report' menu or run Tcl command 'report_ip_status' for more information.
WARNING: [IP_Flow 19-2162] IP 'fir_bd_fir_1_0' is locked:
* IP 'fir_bd_fir_1_0' does not support the current project part 'xc7z010clg400-1'. Note that part differences may result in undefined behavior.
* IP 'fir_bd_fir_1_0' contains one or more locked subcores.
Please select 'Report IP Status' from the 'Tools/Report' menu or run Tcl command 'report_ip_status' for more information.
open_bd_design {G:/a_max/max_xilinx/max/System_Generator/FIR/FIR3/par/ip_catalog/fir.srcs/sources_1/bd/fir_bd/fir_bd.bd}
Adding cell -- User_Company:SysGen:fir:1.0 - fir_1
Successfully read diagram <fir_bd> from BD file <G:/a_max/max_xilinx/max/System_Generator/FIR/FIR3/par/ip_catalog/fir.srcs/sources_1/bd/fir_bd/fir_bd.bd>
open_bd_design: Time (s): cpu = 00:00:05 ; elapsed = 00:00:06 . Memory (MB): peak = 838.613 ; gain = 0.895
exit
INFO: [Common 17-206] Exiting Vivado at Wed Jul  8 23:00:55 2020...
