
*** Running vivado
    with args -log demo_sg.vdi -applog -m64 -product Vivado -messageDb vivado.pb -mode batch -source demo_sg.tcl -notrace


****** Vivado v2017.4 (64-bit)
  **** SW Build 2086221 on Fri Dec 15 20:55:39 MST 2017
  **** IP Build 2085800 on Fri Dec 15 22:25:07 MST 2017
    ** Copyright 1986-2017 Xilinx, Inc. All Rights Reserved.

source demo_sg.tcl -notrace
Command: link_design -top demo_sg -part xc7z020clg400-2
Design is defaulting to srcset: sources_1
Design is defaulting to constrset: constrs_1
INFO: [Project 1-454] Reading design checkpoint 'e:/Bilibili_FPGA/N2_Project/VIVADO/demo_v1/hdl_netlist/demo_sg.srcs/sources_1/ip/ila_0/ila_0.dcp' for cell 'ila_inst'
INFO: [Project 1-454] Reading design checkpoint 'e:/Bilibili_FPGA/N2_Project/VIVADO/demo_v1/hdl_netlist/demo_sg.srcs/sources_1/ip/demo_sg_c_addsub_v12_0_i0/demo_sg_c_addsub_v12_0_i0.dcp' for cell 'demo_sg_struct/addsub/comp0.core_instance0'
INFO: [Project 1-454] Reading design checkpoint 'e:/Bilibili_FPGA/N2_Project/VIVADO/demo_v1/hdl_netlist/demo_sg.srcs/sources_1/ip/demo_sg_mult_gen_v12_0_i0/demo_sg_mult_gen_v12_0_i0.dcp' for cell 'demo_sg_struct/cmult/comp0.core_instance0'
INFO: [Project 1-454] Reading design checkpoint 'e:/Bilibili_FPGA/N2_Project/VIVADO/demo_v1/hdl_netlist/demo_sg.srcs/sources_1/ip/demo_sg_c_counter_binary_v12_0_i0/demo_sg_c_counter_binary_v12_0_i0.dcp' for cell 'demo_sg_struct/counter/comp0.core_instance0'
INFO: [Project 1-454] Reading design checkpoint 'e:/Bilibili_FPGA/N2_Project/VIVADO/demo_v1/hdl_netlist/demo_sg.srcs/sources_1/ip/demo_sg_blk_mem_gen_i0/demo_sg_blk_mem_gen_i0.dcp' for cell 'demo_sg_struct/rom/comp0.core_instance0'
INFO: [Netlist 29-17] Analyzing 113 Unisim elements for replacement
INFO: [Netlist 29-28] Unisim Transformation completed in 0 CPU seconds
INFO: [Project 1-479] Netlist was created with Vivado 2017.4
INFO: [Device 21-403] Loading part xc7z020clg400-2
INFO: [Project 1-570] Preparing netlist for logic optimization
INFO: [Chipscope 16-324] Core: ila_inst UUID: b65d52e4-76d5-562d-b429-2afca0f6d0a3 
Parsing XDC File [e:/Bilibili_FPGA/N2_Project/VIVADO/demo_v1/hdl_netlist/demo_sg.srcs/sources_1/ip/ila_0/ila_v6_2/constraints/ila_impl.xdc] for cell 'ila_inst/inst'
Finished Parsing XDC File [e:/Bilibili_FPGA/N2_Project/VIVADO/demo_v1/hdl_netlist/demo_sg.srcs/sources_1/ip/ila_0/ila_v6_2/constraints/ila_impl.xdc] for cell 'ila_inst/inst'
Parsing XDC File [e:/Bilibili_FPGA/N2_Project/VIVADO/demo_v1/hdl_netlist/demo_sg.srcs/sources_1/ip/ila_0/ila_v6_2/constraints/ila.xdc] for cell 'ila_inst/inst'
Finished Parsing XDC File [e:/Bilibili_FPGA/N2_Project/VIVADO/demo_v1/hdl_netlist/demo_sg.srcs/sources_1/ip/ila_0/ila_v6_2/constraints/ila.xdc] for cell 'ila_inst/inst'
Parsing XDC File [E:/Bilibili_FPGA/N2_Project/VIVADO/demo_v1/hdl_netlist/demo_sg.srcs/constrs_1/imports/sysgen/demo_sg_clock.xdc]
Finished Parsing XDC File [E:/Bilibili_FPGA/N2_Project/VIVADO/demo_v1/hdl_netlist/demo_sg.srcs/constrs_1/imports/sysgen/demo_sg_clock.xdc]
Parsing XDC File [E:/Bilibili_FPGA/N2_Project/VIVADO/demo_v1/hdl_netlist/demo_sg.srcs/constrs_1/imports/sysgen/demo_sg.xdc]
Finished Parsing XDC File [E:/Bilibili_FPGA/N2_Project/VIVADO/demo_v1/hdl_netlist/demo_sg.srcs/constrs_1/imports/sysgen/demo_sg.xdc]
INFO: [Opt 31-138] Pushed 0 inverter(s) to 0 load pin(s).
INFO: [Project 1-111] Unisim Transformation Summary:
  A total of 60 instances were transformed.
  CFGLUT5 => CFGLUT5 (SRLC32E, SRL16E): 60 instances

13 Infos, 0 Warnings, 0 Critical Warnings and 0 Errors encountered.
link_design completed successfully
link_design: Time (s): cpu = 00:00:11 ; elapsed = 00:00:12 . Memory (MB): peak = 711.813 ; gain = 382.801
Command: opt_design
Attempting to get a license for feature 'Implementation' and/or device 'xc7z020'
INFO: [Common 17-349] Got license for feature 'Implementation' and/or device 'xc7z020'
Running DRC as a precondition to command opt_design

Starting DRC Task
INFO: [DRC 23-27] Running DRC with 2 threads
INFO: [Project 1-461] DRC finished with 0 Errors
INFO: [Project 1-462] Please refer to the DRC report (report_drc) for more information.

Time (s): cpu = 00:00:01 ; elapsed = 00:00:00.707 . Memory (MB): peak = 722.500 ; gain = 10.688
INFO: [Timing 38-35] Done setting XDC timing constraints.

Starting Logic Optimization Task

Phase 1 Generate And Synthesize Debug Cores
INFO: [Chipscope 16-318] Generating core instance : dbg_hub
INFO: [IP_Flow 19-3806] Processing IP xilinx.com:ip:xsdbm:3.0 for cell dbg_hub_CV.
INFO: [Netlist 29-17] Analyzing 66 Unisim elements for replacement
INFO: [Netlist 29-28] Unisim Transformation completed in 0 CPU seconds
Netlist sorting complete. Time (s): cpu = 00:00:00 ; elapsed = 00:00:00.010 . Memory (MB): peak = 1303.250 ; gain = 0.000
Phase 1 Generate And Synthesize Debug Cores | Checksum: 1f88aded1

Time (s): cpu = 00:00:01 ; elapsed = 00:01:35 . Memory (MB): peak = 1303.250 ; gain = 29.152

Phase 2 Retarget
INFO: [Opt 31-138] Pushed 0 inverter(s) to 0 load pin(s).
INFO: [Opt 31-49] Retargeted 0 cell(s).
Phase 2 Retarget | Checksum: 178d9ce7d

Time (s): cpu = 00:00:02 ; elapsed = 00:01:35 . Memory (MB): peak = 1303.250 ; gain = 29.152
INFO: [Opt 31-389] Phase Retarget created 4 cells and removed 28 cells

Phase 3 Constant propagation
INFO: [Opt 31-138] Pushed 0 inverter(s) to 0 load pin(s).
Phase 3 Constant propagation | Checksum: c407b313

Time (s): cpu = 00:00:02 ; elapsed = 00:01:35 . Memory (MB): peak = 1303.250 ; gain = 29.152
INFO: [Opt 31-389] Phase Constant propagation created 3 cells and removed 124 cells

Phase 4 Sweep
Phase 4 Sweep | Checksum: 1aad40dfe

Time (s): cpu = 00:00:02 ; elapsed = 00:01:36 . Memory (MB): peak = 1303.250 ; gain = 29.152
INFO: [Opt 31-389] Phase Sweep created 0 cells and removed 47 cells

Phase 5 BUFG optimization
Phase 5 BUFG optimization | Checksum: 1aad40dfe

Time (s): cpu = 00:00:02 ; elapsed = 00:01:36 . Memory (MB): peak = 1303.250 ; gain = 29.152
INFO: [Opt 31-389] Phase BUFG optimization created 0 cells and removed 0 cells

Phase 6 Shift Register Optimization
Phase 6 Shift Register Optimization | Checksum: 1aad40dfe

Time (s): cpu = 00:00:03 ; elapsed = 00:01:36 . Memory (MB): peak = 1303.250 ; gain = 29.152
INFO: [Opt 31-389] Phase Shift Register Optimization created 0 cells and removed 0 cells

Starting Connectivity Check Task

Time (s): cpu = 00:00:00 ; elapsed = 00:00:00.010 . Memory (MB): peak = 1303.250 ; gain = 0.000
Ending Logic Optimization Task | Checksum: 1aad40dfe

Time (s): cpu = 00:00:03 ; elapsed = 00:01:36 . Memory (MB): peak = 1303.250 ; gain = 29.152

Starting Power Optimization Task
INFO: [Pwropt 34-132] Skipping clock gating for clocks with a period < 2.00 ns.
INFO: [Pwropt 34-9] Applying IDT optimizations ...
INFO: [Timing 38-35] Done setting XDC timing constraints.
INFO: [Pwropt 34-10] Applying ODC optimizations ...
INFO: [Physopt 32-619] Estimated Timing Summary | WNS=12.527 | TNS=0.000 |
Running Vector-less Activity Propagation...

Finished Running Vector-less Activity Propagation


Starting PowerOpt Patch Enables Task
INFO: [Pwropt 34-162] WRITE_MODE attribute of 0 BRAM(s) out of a total of 3 has been updated to save power. Run report_power_opt to get a complete listing of the BRAMs updated.
INFO: [Pwropt 34-201] Structural ODC has moved 0 WE to EN ports
Number of BRAM Ports augmented: 2 newly gated: 0 Total Ports: 6
Ending PowerOpt Patch Enables Task | Checksum: 6a3ad287

Time (s): cpu = 00:00:00 ; elapsed = 00:00:00.036 . Memory (MB): peak = 1483.348 ; gain = 0.000
Ending Power Optimization Task | Checksum: 6a3ad287

Time (s): cpu = 00:00:03 ; elapsed = 00:00:02 . Memory (MB): peak = 1483.348 ; gain = 180.098
INFO: [Common 17-83] Releasing license: Implementation
41 Infos, 0 Warnings, 0 Critical Warnings and 0 Errors encountered.
opt_design completed successfully
opt_design: Time (s): cpu = 00:00:19 ; elapsed = 00:01:53 . Memory (MB): peak = 1483.348 ; gain = 771.535
Writing placer database...
Writing XDEF routing.
Writing XDEF routing logical nets.
Writing XDEF routing special nets.
Write XDEF Complete: Time (s): cpu = 00:00:00 ; elapsed = 00:00:00.060 . Memory (MB): peak = 1483.348 ; gain = 0.000
INFO: [Common 17-1381] The checkpoint 'E:/Bilibili_FPGA/N2_Project/VIVADO/demo_v1/hdl_netlist/demo_sg.runs/impl_1/demo_sg_opt.dcp' has been generated.
INFO: [runtcl-4] Executing : report_drc -file demo_sg_drc_opted.rpt -pb demo_sg_drc_opted.pb -rpx demo_sg_drc_opted.rpx
Command: report_drc -file demo_sg_drc_opted.rpt -pb demo_sg_drc_opted.pb -rpx demo_sg_drc_opted.rpx
INFO: [IP_Flow 19-1839] IP Catalog is up to date.
INFO: [DRC 23-27] Running DRC with 2 threads
INFO: [Coretcl 2-168] The results of DRC are in file E:/Bilibili_FPGA/N2_Project/VIVADO/demo_v1/hdl_netlist/demo_sg.runs/impl_1/demo_sg_drc_opted.rpt.
report_drc completed successfully
INFO: [Chipscope 16-240] Debug cores have already been implemented
Command: place_design
Attempting to get a license for feature 'Implementation' and/or device 'xc7z020'
INFO: [Common 17-349] Got license for feature 'Implementation' and/or device 'xc7z020'
INFO: [DRC 23-27] Running DRC with 2 threads
INFO: [Vivado_Tcl 4-198] DRC finished with 0 Errors
INFO: [Vivado_Tcl 4-199] Please refer to the DRC report (report_drc) for more information.
Running DRC as a precondition to command place_design
INFO: [DRC 23-27] Running DRC with 2 threads
INFO: [Vivado_Tcl 4-198] DRC finished with 0 Errors
INFO: [Vivado_Tcl 4-199] Please refer to the DRC report (report_drc) for more information.

Starting Placer Task
INFO: [Place 30-611] Multithreading enabled for place_design using a maximum of 2 CPUs

Phase 1 Placer Initialization

Phase 1.1 Placer Initialization Netlist Sorting
Netlist sorting complete. Time (s): cpu = 00:00:00 ; elapsed = 00:00:00.010 . Memory (MB): peak = 1483.348 ; gain = 0.000
Phase 1.1 Placer Initialization Netlist Sorting | Checksum: 61c00b24

Time (s): cpu = 00:00:00 ; elapsed = 00:00:00.019 . Memory (MB): peak = 1483.348 ; gain = 0.000
INFO: [Timing 38-35] Done setting XDC timing constraints.
INFO: [Opt 31-138] Pushed 0 inverter(s) to 0 load pin(s).
Netlist sorting complete. Time (s): cpu = 00:00:00 ; elapsed = 00:00:00.009 . Memory (MB): peak = 1483.348 ; gain = 0.000

Phase 1.2 IO Placement/ Clock Placement/ Build Placer Device
INFO: [Timing 38-35] Done setting XDC timing constraints.
Phase 1.2 IO Placement/ Clock Placement/ Build Placer Device | Checksum: 18dc28fce

Time (s): cpu = 00:00:02 ; elapsed = 00:00:02 . Memory (MB): peak = 1483.348 ; gain = 0.000

Phase 1.3 Build Placer Netlist Model
Phase 1.3 Build Placer Netlist Model | Checksum: 1fdefa50a

Time (s): cpu = 00:00:04 ; elapsed = 00:00:03 . Memory (MB): peak = 1483.348 ; gain = 0.000

Phase 1.4 Constrain Clocks/Macros
Phase 1.4 Constrain Clocks/Macros | Checksum: 1fdefa50a

Time (s): cpu = 00:00:04 ; elapsed = 00:00:03 . Memory (MB): peak = 1483.348 ; gain = 0.000
Phase 1 Placer Initialization | Checksum: 1fdefa50a

Time (s): cpu = 00:00:04 ; elapsed = 00:00:03 . Memory (MB): peak = 1483.348 ; gain = 0.000

Phase 2 Global Placement
Phase 2 Global Placement | Checksum: 1333b75f3

Time (s): cpu = 00:00:08 ; elapsed = 00:00:05 . Memory (MB): peak = 1483.348 ; gain = 0.000

Phase 3 Detail Placement

Phase 3.1 Commit Multi Column Macros
Phase 3.1 Commit Multi Column Macros | Checksum: 1333b75f3

Time (s): cpu = 00:00:08 ; elapsed = 00:00:05 . Memory (MB): peak = 1483.348 ; gain = 0.000

Phase 3.2 Commit Most Macros & LUTRAMs
Phase 3.2 Commit Most Macros & LUTRAMs | Checksum: 13895503b

Time (s): cpu = 00:00:09 ; elapsed = 00:00:05 . Memory (MB): peak = 1483.348 ; gain = 0.000

Phase 3.3 Area Swap Optimization
Phase 3.3 Area Swap Optimization | Checksum: 1d74d6904

Time (s): cpu = 00:00:09 ; elapsed = 00:00:06 . Memory (MB): peak = 1483.348 ; gain = 0.000

Phase 3.4 Pipeline Register Optimization
Phase 3.4 Pipeline Register Optimization | Checksum: 146f4e3c2

Time (s): cpu = 00:00:09 ; elapsed = 00:00:06 . Memory (MB): peak = 1483.348 ; gain = 0.000

Phase 3.5 Small Shape Detail Placement
Phase 3.5 Small Shape Detail Placement | Checksum: 1b8115ede

Time (s): cpu = 00:00:10 ; elapsed = 00:00:07 . Memory (MB): peak = 1483.348 ; gain = 0.000

Phase 3.6 Re-assign LUT pins
Phase 3.6 Re-assign LUT pins | Checksum: 206a91a4f

Time (s): cpu = 00:00:10 ; elapsed = 00:00:07 . Memory (MB): peak = 1483.348 ; gain = 0.000

Phase 3.7 Pipeline Register Optimization
Phase 3.7 Pipeline Register Optimization | Checksum: 206a91a4f

Time (s): cpu = 00:00:10 ; elapsed = 00:00:07 . Memory (MB): peak = 1483.348 ; gain = 0.000
Phase 3 Detail Placement | Checksum: 206a91a4f

Time (s): cpu = 00:00:10 ; elapsed = 00:00:07 . Memory (MB): peak = 1483.348 ; gain = 0.000

Phase 4 Post Placement Optimization and Clean-Up

Phase 4.1 Post Commit Optimization
INFO: [Timing 38-35] Done setting XDC timing constraints.

Phase 4.1.1 Post Placement Optimization
Post Placement Optimization Initialization | Checksum: 1bce10ff4

Phase 4.1.1.1 BUFG Insertion
INFO: [Physopt 32-721] Multithreading enabled for phys_opt_design using a maximum of 2 CPUs
INFO: [Place 46-31] BUFG insertion identified 0 candidate nets, 0 success, 0 skipped for placement/routing, 0 skipped for timing, 0 skipped for netlist change reason.
Phase 4.1.1.1 BUFG Insertion | Checksum: 1bce10ff4

Time (s): cpu = 00:00:11 ; elapsed = 00:00:07 . Memory (MB): peak = 1483.348 ; gain = 0.000
INFO: [Place 30-746] Post Placement Timing Summary WNS=11.585. For the most accurate timing information please run report_timing.
Phase 4.1.1 Post Placement Optimization | Checksum: 224fecedd

Time (s): cpu = 00:00:11 ; elapsed = 00:00:07 . Memory (MB): peak = 1483.348 ; gain = 0.000
Phase 4.1 Post Commit Optimization | Checksum: 224fecedd

Time (s): cpu = 00:00:11 ; elapsed = 00:00:07 . Memory (MB): peak = 1483.348 ; gain = 0.000

Phase 4.2 Post Placement Cleanup
Phase 4.2 Post Placement Cleanup | Checksum: 224fecedd

Time (s): cpu = 00:00:11 ; elapsed = 00:00:07 . Memory (MB): peak = 1483.348 ; gain = 0.000

Phase 4.3 Placer Reporting
Phase 4.3 Placer Reporting | Checksum: 224fecedd

Time (s): cpu = 00:00:11 ; elapsed = 00:00:08 . Memory (MB): peak = 1483.348 ; gain = 0.000

Phase 4.4 Final Placement Cleanup
Phase 4.4 Final Placement Cleanup | Checksum: 238c25ecb

Time (s): cpu = 00:00:11 ; elapsed = 00:00:08 . Memory (MB): peak = 1483.348 ; gain = 0.000
Phase 4 Post Placement Optimization and Clean-Up | Checksum: 238c25ecb

Time (s): cpu = 00:00:11 ; elapsed = 00:00:08 . Memory (MB): peak = 1483.348 ; gain = 0.000
Ending Placer Task | Checksum: 16b8548a5

Time (s): cpu = 00:00:11 ; elapsed = 00:00:08 . Memory (MB): peak = 1483.348 ; gain = 0.000
INFO: [Common 17-83] Releasing license: Implementation
63 Infos, 0 Warnings, 0 Critical Warnings and 0 Errors encountered.
place_design completed successfully
place_design: Time (s): cpu = 00:00:12 ; elapsed = 00:00:08 . Memory (MB): peak = 1483.348 ; gain = 0.000
Writing placer database...
Writing XDEF routing.
Writing XDEF routing logical nets.
Writing XDEF routing special nets.
Write XDEF Complete: Time (s): cpu = 00:00:01 ; elapsed = 00:00:00.399 . Memory (MB): peak = 1483.348 ; gain = 0.000
INFO: [Common 17-1381] The checkpoint 'E:/Bilibili_FPGA/N2_Project/VIVADO/demo_v1/hdl_netlist/demo_sg.runs/impl_1/demo_sg_placed.dcp' has been generated.
INFO: [runtcl-4] Executing : report_io -file demo_sg_io_placed.rpt
report_io: Time (s): cpu = 00:00:00 ; elapsed = 00:00:00.049 . Memory (MB): peak = 1483.348 ; gain = 0.000
INFO: [runtcl-4] Executing : report_utilization -file demo_sg_utilization_placed.rpt -pb demo_sg_utilization_placed.pb
report_utilization: Time (s): cpu = 00:00:00 ; elapsed = 00:00:00.078 . Memory (MB): peak = 1483.348 ; gain = 0.000
INFO: [runtcl-4] Executing : report_control_sets -verbose -file demo_sg_control_sets_placed.rpt
report_control_sets: Time (s): cpu = 00:00:00 ; elapsed = 00:00:00.017 . Memory (MB): peak = 1483.348 ; gain = 0.000
Command: route_design
Attempting to get a license for feature 'Implementation' and/or device 'xc7z020'
INFO: [Common 17-349] Got license for feature 'Implementation' and/or device 'xc7z020'
Running DRC as a precondition to command route_design
INFO: [DRC 23-27] Running DRC with 2 threads
INFO: [Vivado_Tcl 4-198] DRC finished with 0 Errors
INFO: [Vivado_Tcl 4-199] Please refer to the DRC report (report_drc) for more information.


Starting Routing Task
INFO: [Route 35-254] Multithreading enabled for route_design using a maximum of 2 CPUs
Checksum: PlaceDB: 7aeffa6b ConstDB: 0 ShapeSum: f0954e3a RouteDB: 0

Phase 1 Build RT Design
Phase 1 Build RT Design | Checksum: 1afa3c492

Time (s): cpu = 00:00:36 ; elapsed = 00:00:32 . Memory (MB): peak = 1483.348 ; gain = 0.000
Post Restoration Checksum: NetGraph: b69c6011 NumContArr: f9076481 Constraints: 0 Timing: 0

Phase 2 Router Initialization

Phase 2.1 Create Timer
Phase 2.1 Create Timer | Checksum: 1afa3c492

Time (s): cpu = 00:00:36 ; elapsed = 00:00:32 . Memory (MB): peak = 1483.348 ; gain = 0.000

Phase 2.2 Fix Topology Constraints
Phase 2.2 Fix Topology Constraints | Checksum: 1afa3c492

Time (s): cpu = 00:00:36 ; elapsed = 00:00:32 . Memory (MB): peak = 1483.348 ; gain = 0.000

Phase 2.3 Pre Route Cleanup
Phase 2.3 Pre Route Cleanup | Checksum: 1afa3c492

Time (s): cpu = 00:00:36 ; elapsed = 00:00:32 . Memory (MB): peak = 1483.348 ; gain = 0.000
 Number of Nodes with overlaps = 0

Phase 2.4 Update Timing
Phase 2.4 Update Timing | Checksum: ce426d53

Time (s): cpu = 00:00:38 ; elapsed = 00:00:33 . Memory (MB): peak = 1483.348 ; gain = 0.000
INFO: [Route 35-416] Intermediate Timing Summary | WNS=11.692 | TNS=0.000  | WHS=-0.239 | THS=-142.085|

Phase 2 Router Initialization | Checksum: 16b154b27

Time (s): cpu = 00:00:38 ; elapsed = 00:00:33 . Memory (MB): peak = 1483.348 ; gain = 0.000

Phase 3 Initial Routing
Phase 3 Initial Routing | Checksum: 156c43150

Time (s): cpu = 00:00:39 ; elapsed = 00:00:34 . Memory (MB): peak = 1483.348 ; gain = 0.000

Phase 4 Rip-up And Reroute

Phase 4.1 Global Iteration 0
 Number of Nodes with overlaps = 183
 Number of Nodes with overlaps = 0
INFO: [Route 35-416] Intermediate Timing Summary | WNS=11.156 | TNS=0.000  | WHS=N/A    | THS=N/A    |

Phase 4.1 Global Iteration 0 | Checksum: 2582068a9

Time (s): cpu = 00:00:40 ; elapsed = 00:00:35 . Memory (MB): peak = 1483.348 ; gain = 0.000
Phase 4 Rip-up And Reroute | Checksum: 2582068a9

Time (s): cpu = 00:00:40 ; elapsed = 00:00:35 . Memory (MB): peak = 1483.348 ; gain = 0.000

Phase 5 Delay and Skew Optimization

Phase 5.1 Delay CleanUp
Phase 5.1 Delay CleanUp | Checksum: 2582068a9

Time (s): cpu = 00:00:40 ; elapsed = 00:00:35 . Memory (MB): peak = 1483.348 ; gain = 0.000

Phase 5.2 Clock Skew Optimization
Phase 5.2 Clock Skew Optimization | Checksum: 2582068a9

Time (s): cpu = 00:00:40 ; elapsed = 00:00:35 . Memory (MB): peak = 1483.348 ; gain = 0.000
Phase 5 Delay and Skew Optimization | Checksum: 2582068a9

Time (s): cpu = 00:00:40 ; elapsed = 00:00:35 . Memory (MB): peak = 1483.348 ; gain = 0.000

Phase 6 Post Hold Fix

Phase 6.1 Hold Fix Iter

Phase 6.1.1 Update Timing
Phase 6.1.1 Update Timing | Checksum: 27ea0f586

Time (s): cpu = 00:00:41 ; elapsed = 00:00:35 . Memory (MB): peak = 1483.348 ; gain = 0.000
INFO: [Route 35-416] Intermediate Timing Summary | WNS=11.168 | TNS=0.000  | WHS=0.071  | THS=0.000  |

Phase 6.1 Hold Fix Iter | Checksum: 27ea0f586

Time (s): cpu = 00:00:41 ; elapsed = 00:00:35 . Memory (MB): peak = 1483.348 ; gain = 0.000
Phase 6 Post Hold Fix | Checksum: 27ea0f586

Time (s): cpu = 00:00:41 ; elapsed = 00:00:35 . Memory (MB): peak = 1483.348 ; gain = 0.000

Phase 7 Route finalize

Router Utilization Summary
  Global Vertical Routing Utilization    = 0.364968 %
  Global Horizontal Routing Utilization  = 0.490957 %
  Routable Net Status*
  *Does not include unroutable nets such as driverless and loadless.
  Run report_route_status for detailed report.
  Number of Failed Nets               = 0
  Number of Unrouted Nets             = 0
  Number of Partially Routed Nets     = 0
  Number of Node Overlaps             = 0

Phase 7 Route finalize | Checksum: 1d1d0a92f

Time (s): cpu = 00:00:41 ; elapsed = 00:00:35 . Memory (MB): peak = 1483.348 ; gain = 0.000

Phase 8 Verifying routed nets

 Verification completed successfully
Phase 8 Verifying routed nets | Checksum: 1d1d0a92f

Time (s): cpu = 00:00:41 ; elapsed = 00:00:35 . Memory (MB): peak = 1483.348 ; gain = 0.000

Phase 9 Depositing Routes
Phase 9 Depositing Routes | Checksum: 1ec490ce3

Time (s): cpu = 00:00:41 ; elapsed = 00:00:35 . Memory (MB): peak = 1483.348 ; gain = 0.000

Phase 10 Post Router Timing
INFO: [Route 35-57] Estimated Timing Summary | WNS=11.168 | TNS=0.000  | WHS=0.071  | THS=0.000  |

INFO: [Route 35-327] The final timing numbers are based on the router estimated timing analysis. For a complete and accurate timing signoff, please run report_timing_summary.
Phase 10 Post Router Timing | Checksum: 1ec490ce3

Time (s): cpu = 00:00:41 ; elapsed = 00:00:35 . Memory (MB): peak = 1483.348 ; gain = 0.000
INFO: [Route 35-16] Router Completed Successfully

Time (s): cpu = 00:00:41 ; elapsed = 00:00:35 . Memory (MB): peak = 1483.348 ; gain = 0.000

Routing Is Done.
INFO: [Common 17-83] Releasing license: Implementation
79 Infos, 0 Warnings, 0 Critical Warnings and 0 Errors encountered.
route_design completed successfully
route_design: Time (s): cpu = 00:00:43 ; elapsed = 00:00:36 . Memory (MB): peak = 1483.348 ; gain = 0.000
Writing placer database...
Writing XDEF routing.
Writing XDEF routing logical nets.
Writing XDEF routing special nets.
Write XDEF Complete: Time (s): cpu = 00:00:02 ; elapsed = 00:00:00.425 . Memory (MB): peak = 1483.348 ; gain = 0.000
INFO: [Common 17-1381] The checkpoint 'E:/Bilibili_FPGA/N2_Project/VIVADO/demo_v1/hdl_netlist/demo_sg.runs/impl_1/demo_sg_routed.dcp' has been generated.
INFO: [runtcl-4] Executing : report_drc -file demo_sg_drc_routed.rpt -pb demo_sg_drc_routed.pb -rpx demo_sg_drc_routed.rpx
Command: report_drc -file demo_sg_drc_routed.rpt -pb demo_sg_drc_routed.pb -rpx demo_sg_drc_routed.rpx
INFO: [IP_Flow 19-1839] IP Catalog is up to date.
INFO: [DRC 23-27] Running DRC with 2 threads
INFO: [Coretcl 2-168] The results of DRC are in file E:/Bilibili_FPGA/N2_Project/VIVADO/demo_v1/hdl_netlist/demo_sg.runs/impl_1/demo_sg_drc_routed.rpt.
report_drc completed successfully
INFO: [runtcl-4] Executing : report_methodology -file demo_sg_methodology_drc_routed.rpt -pb demo_sg_methodology_drc_routed.pb -rpx demo_sg_methodology_drc_routed.rpx
Command: report_methodology -file demo_sg_methodology_drc_routed.rpt -pb demo_sg_methodology_drc_routed.pb -rpx demo_sg_methodology_drc_routed.rpx
INFO: [Timing 38-35] Done setting XDC timing constraints.
INFO: [Timing 38-35] Done setting XDC timing constraints.
INFO: [DRC 23-133] Running Methodology with 2 threads
INFO: [Coretcl 2-1520] The results of Report Methodology are in file E:/Bilibili_FPGA/N2_Project/VIVADO/demo_v1/hdl_netlist/demo_sg.runs/impl_1/demo_sg_methodology_drc_routed.rpt.
report_methodology completed successfully
INFO: [runtcl-4] Executing : report_power -file demo_sg_power_routed.rpt -pb demo_sg_power_summary_routed.pb -rpx demo_sg_power_routed.rpx
Command: report_power -file demo_sg_power_routed.rpt -pb demo_sg_power_summary_routed.pb -rpx demo_sg_power_routed.rpx
INFO: [Timing 38-35] Done setting XDC timing constraints.
Running Vector-less Activity Propagation...

Finished Running Vector-less Activity Propagation
91 Infos, 0 Warnings, 0 Critical Warnings and 0 Errors encountered.
report_power completed successfully
INFO: [runtcl-4] Executing : report_route_status -file demo_sg_route_status.rpt -pb demo_sg_route_status.pb
INFO: [runtcl-4] Executing : report_timing_summary -max_paths 10 -file demo_sg_timing_summary_routed.rpt -rpx demo_sg_timing_summary_routed.rpx -warn_on_violation 
INFO: [Timing 38-91] UpdateTimingParams: Speed grade: -2, Delay Type: min_max.
INFO: [Timing 38-191] Multithreading enabled for timing update using a maximum of 2 CPUs
INFO: [runtcl-4] Executing : report_incremental_reuse -file demo_sg_incremental_reuse_routed.rpt
INFO: [Vivado_Tcl 4-545] No incremental reuse to report, no incremental placement and routing data was found.
INFO: [runtcl-4] Executing : report_clock_utilization -file demo_sg_clock_utilization_routed.rpt
Command: write_bitstream -force demo_sg.bit
Attempting to get a license for feature 'Implementation' and/or device 'xc7z020'
INFO: [Common 17-349] Got license for feature 'Implementation' and/or device 'xc7z020'
Running DRC as a precondition to command write_bitstream
INFO: [IP_Flow 19-1839] IP Catalog is up to date.
INFO: [DRC 23-27] Running DRC with 2 threads
WARNING: [DRC RTSTAT-10] No routable loads: 21 net(s) have no routable loads. The problem bus(es) and/or net(s) are dbg_hub/inst/BSCANID.u_xsdbm_id/CORE_XSDB.UUT_MASTER/U_ICON_INTERFACE/U_CMD6_RD/U_RD_FIFO/SUBCORE_FIFO.xsdbm_v3_0_0_rdfifo_inst/inst_fifo_gen/gconvfifo.rf/grf.rf/gntv_or_sync_fifo.gl0.rd/gr1.gr1_int.rfwft/aempty_fwft_i, dbg_hub/inst/BSCANID.u_xsdbm_id/CORE_XSDB.UUT_MASTER/U_ICON_INTERFACE/U_CMD7_CTL/ctl_reg[2:0], dbg_hub/inst/BSCANID.u_xsdbm_id/CORE_XSDB.UUT_MASTER/U_ICON_INTERFACE/U_CMD7_CTL/ctl_reg_en_2[1], dbg_hub/inst/BSCANID.u_xsdbm_id/CORE_XSDB.UUT_MASTER/U_ICON_INTERFACE/U_CMD1/ctl_reg_en_2[1], dbg_hub/inst/BSCANID.u_xsdbm_id/SWITCH_N_EXT_BSCAN.bscan_switch/m_bscan_capture[0], dbg_hub/inst/BSCANID.u_xsdbm_id/SWITCH_N_EXT_BSCAN.bscan_switch/m_bscan_drck[0], dbg_hub/inst/BSCANID.u_xsdbm_id/SWITCH_N_EXT_BSCAN.bscan_switch/m_bscan_runtest[0], dbg_hub/inst/BSCANID.u_xsdbm_id/CORE_XSDB.UUT_MASTER/U_ICON_INTERFACE/U_CMD6_RD/U_RD_FIFO/SUBCORE_FIFO.xsdbm_v3_0_0_rdfifo_inst/inst_fifo_gen/gconvfifo.rf/grf.rf/gntv_or_sync_fifo.gl0.rd/gras.rsts/ram_empty_i, dbg_hub/inst/BSCANID.u_xsdbm_id/CORE_XSDB.UUT_MASTER/U_ICON_INTERFACE/U_CMD6_WR/U_WR_FIFO/SUBCORE_FIFO.xsdbm_v3_0_0_wrfifo_inst/inst_fifo_gen/gconvfifo.rf/grf.rf/gntv_or_sync_fifo.gl0.wr/gwas.wsts/ram_full_i, dbg_hub/inst/BSCANID.u_xsdbm_id/CORE_XSDB.UUT_MASTER/U_ICON_INTERFACE/U_CMD6_WR/U_WR_FIFO/SUBCORE_FIFO.xsdbm_v3_0_0_wrfifo_inst/inst_fifo_gen/gconvfifo.rf/grf.rf/rstblk/rd_rst_reg[0], dbg_hub/inst/BSCANID.u_xsdbm_id/SWITCH_N_EXT_BSCAN.bscan_inst/s_bscan_tms, ila_inst/inst/ila_core_inst/u_ila_regs/U_XSDB_SLAVE/s_daddr_o[13], ila_inst/inst/ila_core_inst/u_ila_regs/U_XSDB_SLAVE/s_daddr_o[14], ila_inst/inst/ila_core_inst/u_ila_regs/U_XSDB_SLAVE/s_daddr_o[15], ila_inst/inst/ila_core_inst/u_ila_regs/U_XSDB_SLAVE/s_daddr_o[16]... and (the first 15 of 19 listed).
WARNING: [DRC ZPS7-1] PS7 block required: The PS7 cell must be used in this Zynq design in order to enable correct default configuration.
INFO: [Vivado 12-3199] DRC finished with 0 Errors, 2 Warnings
INFO: [Vivado 12-3200] Please refer to the DRC report (report_drc) for more information.
INFO: [Project 1-821] Please set project.enableDesignId to be 'true'.
INFO: [Designutils 20-2272] Running write_bitstream with 2 threads.
Loading data files...
Loading site data...
Loading route data...
Processing options...
Creating bitmap...
Creating bitstream...
Writing bitstream ./demo_sg.bit...
INFO: [Vivado 12-1842] Bitgen Completed Successfully.
INFO: [Project 1-120] WebTalk data collection is mandatory when using a WebPACK part without a full Vivado license. To see the specific WebTalk data collected for your design, open the usage_statistics_webtalk.html or usage_statistics_webtalk.xml file in the implementation directory.
INFO: [Common 17-83] Releasing license: Implementation
108 Infos, 2 Warnings, 0 Critical Warnings and 0 Errors encountered.
write_bitstream completed successfully
write_bitstream: Time (s): cpu = 00:00:20 ; elapsed = 00:00:19 . Memory (MB): peak = 1937.727 ; gain = 432.879
INFO: [Common 17-206] Exiting Vivado at Mon Jul 13 19:16:10 2020...
