14:44:25 INFO  : Registering command handlers for SDK TCF services
14:44:26 INFO  : Launching XSCT server: xsct.bat -interactive E:\25_ov7725_hdmi_sobel\ov7725_hdmi_sobel.sdk\temp_xsdb_launch_script.tcl
14:44:28 INFO  : XSCT server has started successfully.
14:44:28 INFO  : Successfully done setting XSCT server connection channel  
14:44:28 INFO  : Successfully done setting SDK workspace  
14:44:28 INFO  : Processing command line option -hwspec E:/25_ov7725_hdmi_sobel/ov7725_hdmi_sobel.sdk/design_1_wrapper.hdf.
14:46:05 INFO  : Connected to target on host '127.0.0.1' and port '3121'.
14:46:06 INFO  : 'targets -set -filter {jtag_cable_name =~ "Digilent JTAG-HS1 210512180081" && level==0} -index 1' command is executed.
14:46:09 INFO  : FPGA configured successfully with bitstream "E:/25_ov7725_hdmi_sobel/ov7725_hdmi_sobel.sdk/design_1_wrapper_hw_platform_0/design_1_wrapper.bit"
14:46:16 INFO  : 'targets -set -filter {jtag_cable_name =~ "Digilent JTAG-HS1 210512180081" && level==0} -index 1' command is executed.
14:46:16 INFO  : 'fpga -state' command is executed.
14:46:16 INFO  : Connected to target on host '127.0.0.1' and port '3121'.
14:46:16 INFO  : Jtag cable 'Digilent JTAG-HS1 210512180081' is selected.
14:46:16 INFO  : 'jtag frequency' command is executed.
14:46:17 INFO  : Sourcing of 'E:/25_ov7725_hdmi_sobel/ov7725_hdmi_sobel.sdk/design_1_wrapper_hw_platform_0/ps7_init.tcl' is done.
14:46:17 INFO  : Context for 'APU' is selected.
14:46:17 INFO  : Hardware design information is loaded from 'E:/25_ov7725_hdmi_sobel/ov7725_hdmi_sobel.sdk/design_1_wrapper_hw_platform_0/system.hdf'.
14:46:17 INFO  : 'configparams force-mem-access 1' command is executed.
14:46:17 INFO  : Context for 'APU' is selected.
14:46:17 INFO  : 'stop' command is executed.
14:46:17 INFO  : 'ps7_init' command is executed.
14:46:17 INFO  : 'ps7_post_config' command is executed.
14:46:17 INFO  : Context for processor 'ps7_cortexa9_0' is selected.
14:46:17 INFO  : Processor reset is completed for 'ps7_cortexa9_0'.
14:46:17 INFO  : Context for processor 'ps7_cortexa9_0' is selected.
14:46:17 INFO  : The application 'E:/25_ov7725_hdmi_sobel/ov7725_hdmi_sobel.sdk/ov7725_hdmi_sobel/Debug/ov7725_hdmi_sobel.elf' is downloaded to processor 'ps7_cortexa9_0'.
14:46:17 INFO  : 'configparams force-mem-access 0' command is executed.
14:46:17 INFO  : ----------------XSDB Script----------------
connect -url tcp:127.0.0.1:3121
source E:/25_ov7725_hdmi_sobel/ov7725_hdmi_sobel.sdk/design_1_wrapper_hw_platform_0/ps7_init.tcl
targets -set -nocase -filter {name =~"APU*" && jtag_cable_name =~ "Digilent JTAG-HS1 210512180081"} -index 0
loadhw -hw E:/25_ov7725_hdmi_sobel/ov7725_hdmi_sobel.sdk/design_1_wrapper_hw_platform_0/system.hdf -mem-ranges [list {0x40000000 0xbfffffff}]
configparams force-mem-access 1
targets -set -nocase -filter {name =~"APU*" && jtag_cable_name =~ "Digilent JTAG-HS1 210512180081"} -index 0
stop
ps7_init
ps7_post_config
targets -set -nocase -filter {name =~ "ARM*#0" && jtag_cable_name =~ "Digilent JTAG-HS1 210512180081"} -index 0
rst -processor
targets -set -nocase -filter {name =~ "ARM*#0" && jtag_cable_name =~ "Digilent JTAG-HS1 210512180081"} -index 0
dow E:/25_ov7725_hdmi_sobel/ov7725_hdmi_sobel.sdk/ov7725_hdmi_sobel/Debug/ov7725_hdmi_sobel.elf
configparams force-mem-access 0
----------------End of Script----------------

14:46:18 INFO  : Memory regions updated for context APU
14:46:18 INFO  : Context for processor 'ps7_cortexa9_0' is selected.
14:46:18 INFO  : 'con' command is executed.
14:46:18 INFO  : ----------------XSDB Script (After Launch)----------------
targets -set -nocase -filter {name =~ "ARM*#0" && jtag_cable_name =~ "Digilent JTAG-HS1 210512180081"} -index 0
con
----------------End of Script----------------

14:46:18 INFO  : Launch script is exported to file 'E:\25_ov7725_hdmi_sobel\ov7725_hdmi_sobel.sdk\.sdk\launch_scripts\xilinx_c-c++_application_(system_debugger)\system_debugger_using_debug_ov7725_hdmi_sobel.elf_on_local.tcl'
14:48:54 INFO  : Disconnected from the channel tcfchan#1.
